<?xml version="1.0" encoding="UTF-8"?>
<testsuite name="com.example.Schedulle.SchedulleApplicationTests" tests="1" skipped="0" failures="0" errors="0" timestamp="2021-03-14T13:46:10" hostname="DESKTOP-1EUIVHN" time="0.52">
  <properties/>
  <testcase name="contextLoads()" classname="com.example.Schedulle.SchedulleApplicationTests" time="0.52"/>
  <system-out><![CDATA[22:45:55.471 [Test worker] DEBUG org.springframework.test.context.BootstrapUtils - Instantiating CacheAwareContextLoaderDelegate from class [org.springframework.test.context.cache.DefaultCacheAwareContextLoaderDelegate]
22:45:55.518 [Test worker] DEBUG org.springframework.test.context.BootstrapUtils - Instantiating BootstrapContext using constructor [public org.springframework.test.context.support.DefaultBootstrapContext(java.lang.Class,org.springframework.test.context.CacheAwareContextLoaderDelegate)]
22:45:55.602 [Test worker] DEBUG org.springframework.test.context.BootstrapUtils - Instantiating TestContextBootstrapper for test class [com.example.Schedulle.SchedulleApplicationTests] from class [org.springframework.boot.test.context.SpringBootTestContextBootstrapper]
22:45:55.635 [Test worker] INFO org.springframework.boot.test.context.SpringBootTestContextBootstrapper - Neither @ContextConfiguration nor @ContextHierarchy found for test class [com.example.Schedulle.SchedulleApplicationTests], using SpringBootContextLoader
22:45:55.649 [Test worker] DEBUG org.springframework.test.context.support.AbstractContextLoader - Did not detect default resource location for test class [com.example.Schedulle.SchedulleApplicationTests]: class path resource [com/example/Schedulle/SchedulleApplicationTests-context.xml] does not exist
22:45:55.653 [Test worker] DEBUG org.springframework.test.context.support.AbstractContextLoader - Did not detect default resource location for test class [com.example.Schedulle.SchedulleApplicationTests]: class path resource [com/example/Schedulle/SchedulleApplicationTestsContext.groovy] does not exist
22:45:55.658 [Test worker] INFO org.springframework.test.context.support.AbstractContextLoader - Could not detect default resource locations for test class [com.example.Schedulle.SchedulleApplicationTests]: no resource found for suffixes {-context.xml, Context.groovy}.
22:45:55.661 [Test worker] INFO org.springframework.test.context.support.AnnotationConfigContextLoaderUtils - Could not detect default configuration classes for test class [com.example.Schedulle.SchedulleApplicationTests]: SchedulleApplicationTests does not declare any static, non-private, non-final, nested classes annotated with @Configuration.
22:45:55.801 [Test worker] DEBUG org.springframework.test.context.support.ActiveProfilesUtils - Could not find an 'annotation declaring class' for annotation type [org.springframework.test.context.ActiveProfiles] and class [com.example.Schedulle.SchedulleApplicationTests]
22:45:55.980 [Test worker] DEBUG org.springframework.context.annotation.ClassPathScanningCandidateComponentProvider - Identified candidate component class: file [C:\WorkSpace\workspace_eclipse\SpringBoot\ShiftManager\build\classes\java\main\com\example\Schedulle\SchedulleApplication.class]
22:45:55.984 [Test worker] INFO org.springframework.boot.test.context.SpringBootTestContextBootstrapper - Found @SpringBootConfiguration com.example.Schedulle.SchedulleApplication for test class com.example.Schedulle.SchedulleApplicationTests
22:45:56.329 [Test worker] DEBUG org.springframework.boot.test.context.SpringBootTestContextBootstrapper - @TestExecutionListeners is not present for class [com.example.Schedulle.SchedulleApplicationTests]: using defaults.
22:45:56.331 [Test worker] INFO org.springframework.boot.test.context.SpringBootTestContextBootstrapper - Loaded default TestExecutionListener class names from location [META-INF/spring.factories]: [org.springframework.security.test.context.support.WithSecurityContextTestExecutionListener, org.springframework.security.test.context.support.ReactorContextTestExecutionListener, org.springframework.boot.test.autoconfigure.restdocs.RestDocsTestExecutionListener, org.springframework.boot.test.autoconfigure.web.client.MockRestServiceServerResetTestExecutionListener, org.springframework.boot.test.autoconfigure.web.servlet.MockMvcPrintOnlyOnFailureTestExecutionListener, org.springframework.boot.test.autoconfigure.web.servlet.WebDriverTestExecutionListener, org.springframework.boot.test.autoconfigure.webservices.client.MockWebServiceServerTestExecutionListener, org.springframework.boot.test.mock.mockito.MockitoTestExecutionListener, org.springframework.boot.test.mock.mockito.ResetMocksTestExecutionListener, org.springframework.test.context.web.ServletTestExecutionListener, org.springframework.test.context.support.DirtiesContextBeforeModesTestExecutionListener, org.springframework.test.context.event.ApplicationEventsTestExecutionListener, org.springframework.test.context.support.DependencyInjectionTestExecutionListener, org.springframework.test.context.support.DirtiesContextTestExecutionListener, org.springframework.test.context.transaction.TransactionalTestExecutionListener, org.springframework.test.context.jdbc.SqlScriptsTestExecutionListener, org.springframework.test.context.event.EventPublishingTestExecutionListener]
22:45:56.394 [Test worker] INFO org.springframework.boot.test.context.SpringBootTestContextBootstrapper - Using TestExecutionListeners: [org.springframework.test.context.web.ServletTestExecutionListener@1d17935f, org.springframework.test.context.support.DirtiesContextBeforeModesTestExecutionListener@15354184, org.springframework.test.context.event.ApplicationEventsTestExecutionListener@54f105a1, org.springframework.boot.test.mock.mockito.MockitoTestExecutionListener@313f6dca, org.springframework.boot.test.autoconfigure.SpringBootDependencyInjectionTestExecutionListener@10939dd9, org.springframework.test.context.support.DirtiesContextTestExecutionListener@2f15d72e, org.springframework.test.context.transaction.TransactionalTestExecutionListener@73150360, org.springframework.test.context.jdbc.SqlScriptsTestExecutionListener@390e71f5, org.springframework.security.test.context.support.WithSecurityContextTestExecutionListener@357f4e58, org.springframework.test.context.event.EventPublishingTestExecutionListener@3452537e, org.springframework.security.test.context.support.ReactorContextTestExecutionListener@6f075897, org.springframework.boot.test.autoconfigure.restdocs.RestDocsTestExecutionListener@254c0d5b, org.springframework.boot.test.autoconfigure.web.client.MockRestServiceServerResetTestExecutionListener@6a0e9a24, org.springframework.boot.test.autoconfigure.web.servlet.MockMvcPrintOnlyOnFailureTestExecutionListener@4c61edb8, org.springframework.boot.test.autoconfigure.web.servlet.WebDriverTestExecutionListener@19f7c743, org.springframework.boot.test.autoconfigure.webservices.client.MockWebServiceServerTestExecutionListener@5c1437f3, org.springframework.boot.test.mock.mockito.ResetMocksTestExecutionListener@425549ef]
22:45:56.402 [Test worker] DEBUG org.springframework.test.context.support.AbstractDirtiesContextTestExecutionListener - Before test class: context [DefaultTestContext@7dd05235 testClass = SchedulleApplicationTests, testInstance = [null], testMethod = [null], testException = [null], mergedContextConfiguration = [WebMergedContextConfiguration@a7a137b testClass = SchedulleApplicationTests, locations = '{}', classes = '{class com.example.Schedulle.SchedulleApplication}', contextInitializerClasses = '[]', activeProfiles = '{}', propertySourceLocations = '{}', propertySourceProperties = '{org.springframework.boot.test.context.SpringBootTestContextBootstrapper=true}', contextCustomizers = set[org.springframework.boot.test.autoconfigure.actuate.metrics.MetricsExportContextCustomizerFactory$DisableMetricExportContextCustomizer@586e936f, org.springframework.boot.test.autoconfigure.properties.PropertyMappingContextCustomizer@0, org.springframework.boot.test.autoconfigure.web.servlet.WebDriverContextCustomizerFactory$Customizer@17b4ab04, org.springframework.boot.test.context.filter.ExcludeFilterContextCustomizer@3d53040c, org.springframework.boot.test.json.DuplicateJsonObjectContextCustomizerFactory$DuplicateJsonObjectContextCustomizer@443c06d7, org.springframework.boot.test.mock.mockito.MockitoContextCustomizer@0, org.springframework.boot.test.web.client.TestRestTemplateContextCustomizer@c8b218d, org.springframework.boot.test.context.SpringBootTestArgs@1, org.springframework.boot.test.context.SpringBootTestWebEnvironment@35b75873], resourceBasePath = 'src/main/webapp', contextLoader = 'org.springframework.boot.test.context.SpringBootContextLoader', parent = [null]], attributes = map['org.springframework.test.context.web.ServletTestExecutionListener.activateListener' -> true]], class annotated with @DirtiesContext [false] with mode [null].
22:45:56.506 [Test worker] DEBUG org.springframework.test.context.support.TestPropertySourceUtils - Adding inlined properties to environment: {spring.jmx.enabled=false, org.springframework.boot.test.context.SpringBootTestContextBootstrapper=true}

  .   ____          _            __ _ _
 /\\ / ___'_ __ _ _(_)_ __  __ _ \ \ \ \
( ( )\___ | '_ | '_| | '_ \/ _` | \ \ \ \
 \\/  ___)| |_)| | | | | || (_| |  ) ) ) )
  '  |____| .__|_| |_|_| |_\__, | / / / /
 =========|_|==============|___/=/_/_/_/
 :: Spring Boot ::                (v2.4.3)

2021-03-14 22:45:57.347  INFO 6824 --- [    Test worker] c.e.Schedulle.SchedulleApplicationTests  : Starting SchedulleApplicationTests using Java 14.0.1 on DESKTOP-1EUIVHN with PID 6824 (started by жде in C:\WorkSpace\workspace_eclipse\SpringBoot\ShiftManager)
2021-03-14 22:45:57.349 DEBUG 6824 --- [    Test worker] c.e.Schedulle.SchedulleApplicationTests  : Running with Spring Boot v2.4.3, Spring v5.3.4
2021-03-14 22:45:57.353  INFO 6824 --- [    Test worker] c.e.Schedulle.SchedulleApplicationTests  : No active profile set, falling back to default profiles: default
2021-03-14 22:45:57.354 DEBUG 6824 --- [    Test worker] o.s.boot.SpringApplication               : Loading source class com.example.Schedulle.SchedulleApplication
2021-03-14 22:45:57.464 DEBUG 6824 --- [    Test worker] o.s.w.c.s.GenericWebApplicationContext   : Refreshing org.springframework.web.context.support.GenericWebApplicationContext@7ed24826
2021-03-14 22:45:57.568 DEBUG 6824 --- [    Test worker] o.s.b.f.s.DefaultListableBeanFactory     : Creating shared instance of singleton bean 'org.springframework.context.annotation.internalConfigurationAnnotationProcessor'
2021-03-14 22:45:57.642 DEBUG 6824 --- [    Test worker] o.s.b.f.s.DefaultListableBeanFactory     : Creating shared instance of singleton bean 'org.springframework.boot.autoconfigure.internalCachingMetadataReaderFactory'
2021-03-14 22:45:57.848 DEBUG 6824 --- [    Test worker] o.s.c.a.ClassPathBeanDefinitionScanner   : Identified candidate component class: file [C:\WorkSpace\workspace_eclipse\SpringBoot\ShiftManager\build\classes\java\main\com\example\Schedulle\APi\ApiConfig.class]
2021-03-14 22:45:57.880 DEBUG 6824 --- [    Test worker] o.s.c.a.ClassPathBeanDefinitionScanner   : Identified candidate component class: file [C:\WorkSpace\workspace_eclipse\SpringBoot\ShiftManager\build\classes\java\main\com\example\Schedulle\APi\JobController.class]
2021-03-14 22:45:57.898 DEBUG 6824 --- [    Test worker] o.s.c.a.ClassPathBeanDefinitionScanner   : Identified candidate component class: file [C:\WorkSpace\workspace_eclipse\SpringBoot\ShiftManager\build\classes\java\main\com\example\Schedulle\APi\JobService.class]
2021-03-14 22:45:57.919 DEBUG 6824 --- [    Test worker] o.s.c.a.ClassPathBeanDefinitionScanner   : Identified candidate component class: file [C:\WorkSpace\workspace_eclipse\SpringBoot\ShiftManager\build\classes\java\main\com\example\Schedulle\Config\SchedulleRegistController.class]
2021-03-14 22:45:57.921 DEBUG 6824 --- [    Test worker] o.s.c.a.ClassPathBeanDefinitionScanner   : Identified candidate component class: file [C:\WorkSpace\workspace_eclipse\SpringBoot\ShiftManager\build\classes\java\main\com\example\Schedulle\Config\WebSecurityConfig.class]
2021-03-14 22:45:57.933 DEBUG 6824 --- [    Test worker] o.s.c.a.ClassPathBeanDefinitionScanner   : Identified candidate component class: file [C:\WorkSpace\workspace_eclipse\SpringBoot\ShiftManager\build\classes\java\main\com\example\Schedulle\auth\LoginController.class]
2021-03-14 22:45:57.949 DEBUG 6824 --- [    Test worker] o.s.c.a.ClassPathBeanDefinitionScanner   : Identified candidate component class: file [C:\WorkSpace\workspace_eclipse\SpringBoot\ShiftManager\build\classes\java\main\com\example\Schedulle\auth\UserService.class]
2021-03-14 22:45:57.952 DEBUG 6824 --- [    Test worker] o.s.c.a.ClassPathBeanDefinitionScanner   : Identified candidate component class: file [C:\WorkSpace\workspace_eclipse\SpringBoot\ShiftManager\build\classes\java\main\com\example\Schedulle\auth\account\ProfileEditController.class]
2021-03-14 22:45:57.961 DEBUG 6824 --- [    Test worker] o.s.c.a.ClassPathBeanDefinitionScanner   : Identified candidate component class: file [C:\WorkSpace\workspace_eclipse\SpringBoot\ShiftManager\build\classes\java\main\com\example\Schedulle\auth\account\ProfileService.class]
2021-03-14 22:45:57.965 DEBUG 6824 --- [    Test worker] o.s.c.a.ClassPathBeanDefinitionScanner   : Identified candidate component class: file [C:\WorkSpace\workspace_eclipse\SpringBoot\ShiftManager\build\classes\java\main\com\example\Schedulle\common\MypageController.class]
2021-03-14 22:45:57.986 DEBUG 6824 --- [    Test worker] o.s.c.a.ClassPathBeanDefinitionScanner   : Identified candidate component class: file [C:\WorkSpace\workspace_eclipse\SpringBoot\ShiftManager\build\classes\java\main\com\example\Schedulle\common\schedulle\MonthMapService.class]
2021-03-14 22:45:58.016 DEBUG 6824 --- [    Test worker] o.s.c.a.ClassPathBeanDefinitionScanner   : Identified candidate component class: file [C:\WorkSpace\workspace_eclipse\SpringBoot\ShiftManager\build\classes\java\main\com\example\Schedulle\common\schedulle\SchedulleService.class]
2021-03-14 22:45:58.765 DEBUG 6824 --- [    Test worker] o.s.c.e.PropertySourcesPropertyResolver  : Found key 'spring.jmx.enabled' in PropertySource 'configurationProperties' with value of type String
2021-03-14 22:45:58.982 DEBUG 6824 --- [    Test worker] o.s.c.e.PropertySourcesPropertyResolver  : Found key 'spring.jmx.enabled' in PropertySource 'configurationProperties' with value of type String
2021-03-14 22:45:58.984 DEBUG 6824 --- [    Test worker] o.s.c.e.PropertySourcesPropertyResolver  : Found key 'spring.datasource.url' in PropertySource 'configurationProperties' with value of type String
2021-03-14 22:45:59.855  INFO 6824 --- [    Test worker] .s.d.r.c.RepositoryConfigurationDelegate : Bootstrapping Spring Data JPA repositories in DEFAULT mode.
2021-03-14 22:45:59.872 DEBUG 6824 --- [    Test worker] o.s.b.f.s.DefaultListableBeanFactory     : Creating shared instance of singleton bean 'org.springframework.boot.autoconfigure.AutoConfigurationPackages'
2021-03-14 22:45:59.878 DEBUG 6824 --- [    Test worker] .s.d.r.c.RepositoryConfigurationDelegate : Scanning for JPA repositories in packages com.example.Schedulle.
2021-03-14 22:45:59.911 DEBUG 6824 --- [    Test worker] o.s.d.r.c.RepositoryComponentProvider    : Identified candidate component class: file [C:\WorkSpace\workspace_eclipse\SpringBoot\ShiftManager\build\classes\java\main\com\example\Schedulle\auth\UserRepostitory.class]
2021-03-14 22:45:59.915 DEBUG 6824 --- [    Test worker] o.s.d.r.c.RepositoryComponentProvider    : Identified candidate component class: file [C:\WorkSpace\workspace_eclipse\SpringBoot\ShiftManager\build\classes\java\main\com\example\Schedulle\common\schedulle\SchedulleRepository.class]
2021-03-14 22:46:00.048  INFO 6824 --- [    Test worker] .s.d.r.c.RepositoryConfigurationDelegate : Finished Spring Data repository scanning in 168 ms. Found 2 JPA repository interfaces.
2021-03-14 22:46:00.556 DEBUG 6824 --- [    Test worker] o.s.b.f.s.DefaultListableBeanFactory     : Creating shared instance of singleton bean 'propertySourcesPlaceholderConfigurer'
2021-03-14 22:46:00.569 DEBUG 6824 --- [    Test worker] o.s.b.f.s.DefaultListableBeanFactory     : Creating shared instance of singleton bean 'org.springframework.boot.test.mock.mockito.MockitoPostProcessor'
2021-03-14 22:46:00.586 DEBUG 6824 --- [    Test worker] o.s.b.f.s.DefaultListableBeanFactory     : Creating shared instance of singleton bean 'emBeanDefinitionRegistrarPostProcessor'
2021-03-14 22:46:00.660 DEBUG 6824 --- [    Test worker] o.s.b.f.s.DefaultListableBeanFactory     : Creating shared instance of singleton bean 'org.springframework.context.event.internalEventListenerProcessor'
2021-03-14 22:46:00.665 DEBUG 6824 --- [    Test worker] o.s.b.f.s.DefaultListableBeanFactory     : Creating shared instance of singleton bean 'preserveErrorControllerTargetClassPostProcessor'
2021-03-14 22:46:00.665 DEBUG 6824 --- [    Test worker] o.s.b.f.s.DefaultListableBeanFactory     : Creating shared instance of singleton bean 'conversionServicePostProcessor'
2021-03-14 22:46:00.670 DEBUG 6824 --- [    Test worker] o.s.b.f.s.DefaultListableBeanFactory     : Creating shared instance of singleton bean 'org.springframework.context.event.internalEventListenerFactory'
2021-03-14 22:46:00.670 DEBUG 6824 --- [    Test worker] o.s.b.f.s.DefaultListableBeanFactory     : Creating shared instance of singleton bean 'org.springframework.transaction.config.internalTransactionalEventListenerFactory'
2021-03-14 22:46:00.701 DEBUG 6824 --- [    Test worker] o.s.b.f.s.DefaultListableBeanFactory     : Creating shared instance of singleton bean 'org.springframework.boot.test.mock.mockito.MockitoPostProcessor$SpyPostProcessor'
2021-03-14 22:46:00.703 DEBUG 6824 --- [    Test worker] o.s.b.f.s.DefaultListableBeanFactory     : Creating shared instance of singleton bean 'org.springframework.context.annotation.internalAutowiredAnnotationProcessor'
2021-03-14 22:46:00.706 DEBUG 6824 --- [    Test worker] o.s.b.f.s.DefaultListableBeanFactory     : Creating shared instance of singleton bean 'org.springframework.context.annotation.internalCommonAnnotationProcessor'
2021-03-14 22:46:00.718 DEBUG 6824 --- [    Test worker] o.s.b.f.s.DefaultListableBeanFactory     : Creating shared instance of singleton bean 'org.springframework.context.annotation.internalPersistenceAnnotationProcessor'
2021-03-14 22:46:00.719 DEBUG 6824 --- [    Test worker] o.s.b.f.s.DefaultListableBeanFactory     : Creating shared instance of singleton bean 'org.springframework.boot.context.properties.ConfigurationPropertiesBindingPostProcessor'
2021-03-14 22:46:00.719 DEBUG 6824 --- [    Test worker] o.s.b.f.s.DefaultListableBeanFactory     : Creating shared instance of singleton bean 'org.springframework.boot.context.internalConfigurationPropertiesBinder'
2021-03-14 22:46:00.719 DEBUG 6824 --- [    Test worker] o.s.b.f.s.DefaultListableBeanFactory     : Creating shared instance of singleton bean 'org.springframework.boot.context.internalConfigurationPropertiesBinderFactory'
2021-03-14 22:46:00.726 DEBUG 6824 --- [    Test worker] o.s.b.f.s.DefaultListableBeanFactory     : Creating shared instance of singleton bean 'org.springframework.aop.config.internalAutoProxyCreator'
2021-03-14 22:46:00.818 DEBUG 6824 --- [    Test worker] o.s.b.f.s.DefaultListableBeanFactory     : Creating shared instance of singleton bean 'dataSourceInitializerPostProcessor'
2021-03-14 22:46:00.829 DEBUG 6824 --- [    Test worker] o.s.b.f.s.DefaultListableBeanFactory     : Creating shared instance of singleton bean 'persistenceExceptionTranslationPostProcessor'
2021-03-14 22:46:00.854 DEBUG 6824 --- [    Test worker] o.s.b.f.s.DefaultListableBeanFactory     : Autowiring by type from bean name 'persistenceExceptionTranslationPostProcessor' via factory method to bean named 'environment'
2021-03-14 22:46:00.882 DEBUG 6824 --- [    Test worker] o.s.b.f.s.DefaultListableBeanFactory     : Creating shared instance of singleton bean 'webServerFactoryCustomizerBeanPostProcessor'
2021-03-14 22:46:00.887 DEBUG 6824 --- [    Test worker] o.s.b.f.s.DefaultListableBeanFactory     : Creating shared instance of singleton bean 'errorPageRegistrarBeanPostProcessor'
2021-03-14 22:46:00.897 DEBUG 6824 --- [    Test worker] o.s.b.f.s.DefaultListableBeanFactory     : Creating shared instance of singleton bean 'dataSourceInitializedPublisher'
2021-03-14 22:46:00.905 DEBUG 6824 --- [    Test worker] o.s.b.f.s.DefaultListableBeanFactory     : Creating shared instance of singleton bean 'projectingArgumentResolverBeanPostProcessor'
2021-03-14 22:46:00.915 DEBUG 6824 --- [    Test worker] o.s.b.f.s.DefaultListableBeanFactory     : Creating shared instance of singleton bean 'org.springframework.transaction.config.internalTransactionAdvisor'
2021-03-14 22:46:00.916 DEBUG 6824 --- [    Test worker] o.s.b.f.s.DefaultListableBeanFactory     : Creating shared instance of singleton bean 'org.springframework.transaction.annotation.ProxyTransactionManagementConfiguration'
2021-03-14 22:46:00.954 DEBUG 6824 --- [    Test worker] o.s.b.f.s.DefaultListableBeanFactory     : Creating shared instance of singleton bean 'transactionAttributeSource'
2021-03-14 22:46:00.970 DEBUG 6824 --- [    Test worker] o.s.b.f.s.DefaultListableBeanFactory     : Creating shared instance of singleton bean 'transactionInterceptor'
2021-03-14 22:46:00.972 DEBUG 6824 --- [    Test worker] o.s.b.f.s.DefaultListableBeanFactory     : Autowiring by type from bean name 'transactionInterceptor' via factory method to bean named 'transactionAttributeSource'
2021-03-14 22:46:01.014 DEBUG 6824 --- [    Test worker] o.s.b.f.s.DefaultListableBeanFactory     : Autowiring by type from bean name 'org.springframework.transaction.config.internalTransactionAdvisor' via factory method to bean named 'transactionAttributeSource'
2021-03-14 22:46:01.015 DEBUG 6824 --- [    Test worker] o.s.b.f.s.DefaultListableBeanFactory     : Autowiring by type from bean name 'org.springframework.transaction.config.internalTransactionAdvisor' via factory method to bean named 'transactionInterceptor'
2021-03-14 22:46:01.149 DEBUG 6824 --- [    Test worker] o.s.u.c.s.UiApplicationContextUtils      : Unable to locate ThemeSource with name 'themeSource': using default [org.springframework.ui.context.support.ResourceBundleThemeSource@6b83dfac]
2021-03-14 22:46:01.151 DEBUG 6824 --- [    Test worker] o.s.b.f.s.DefaultListableBeanFactory     : Creating shared instance of singleton bean 'entityManagerFactory'
2021-03-14 22:46:01.152 DEBUG 6824 --- [    Test worker] o.s.b.f.s.DefaultListableBeanFactory     : Creating shared instance of singleton bean 'org.springframework.boot.autoconfigure.orm.jpa.HibernateJpaConfiguration'
2021-03-14 22:46:01.153 DEBUG 6824 --- [    Test worker] o.s.b.f.s.DefaultListableBeanFactory     : Creating shared instance of singleton bean 'dataSource'
2021-03-14 22:46:01.154 DEBUG 6824 --- [    Test worker] o.s.b.f.s.DefaultListableBeanFactory     : Creating shared instance of singleton bean 'org.springframework.boot.autoconfigure.jdbc.DataSourceConfiguration$Hikari'
2021-03-14 22:46:01.167 DEBUG 6824 --- [    Test worker] o.s.b.f.s.DefaultListableBeanFactory     : Creating shared instance of singleton bean 'spring.datasource-org.springframework.boot.autoconfigure.jdbc.DataSourceProperties'
2021-03-14 22:46:01.196 DEBUG 6824 --- [    Test worker] o.s.b.f.s.DefaultListableBeanFactory     : Creating shared instance of singleton bean 'org.springframework.boot.context.properties.BoundConfigurationProperties'
2021-03-14 22:46:01.236 DEBUG 6824 --- [    Test worker] o.s.b.f.s.DefaultListableBeanFactory     : Autowiring by type from bean name 'dataSource' via factory method to bean named 'spring.datasource-org.springframework.boot.autoconfigure.jdbc.DataSourceProperties'
2021-03-14 22:46:01.285 DEBUG 6824 --- [    Test worker] com.zaxxer.hikari.HikariConfig           : Driver class org.postgresql.Driver found in Thread context class loader jdk.internal.loader.ClassLoaders$AppClassLoader@15db9742
2021-03-14 22:46:01.354 DEBUG 6824 --- [    Test worker] o.s.b.f.s.DefaultListableBeanFactory     : Creating shared instance of singleton bean 'org.springframework.boot.autoconfigure.jdbc.DataSourceInitializerInvoker'
2021-03-14 22:46:01.360 DEBUG 6824 --- [    Test worker] o.s.b.f.s.DefaultListableBeanFactory     : Autowiring by type from bean name 'org.springframework.boot.autoconfigure.jdbc.DataSourceInitializerInvoker' via constructor to bean named 'spring.datasource-org.springframework.boot.autoconfigure.jdbc.DataSourceProperties'
2021-03-14 22:46:01.361 DEBUG 6824 --- [    Test worker] o.s.b.f.s.DefaultListableBeanFactory     : Autowiring by type from bean name 'org.springframework.boot.autoconfigure.jdbc.DataSourceInitializerInvoker' via constructor to bean named 'org.springframework.web.context.support.GenericWebApplicationContext@7ed24826'
2021-03-14 22:46:01.385 DEBUG 6824 --- [    Test worker] o.s.b.f.s.DefaultListableBeanFactory     : Creating shared instance of singleton bean 'spring.jpa-org.springframework.boot.autoconfigure.orm.jpa.JpaProperties'
2021-03-14 22:46:01.405 DEBUG 6824 --- [    Test worker] o.s.b.f.s.DefaultListableBeanFactory     : Creating shared instance of singleton bean 'spring.jpa.hibernate-org.springframework.boot.autoconfigure.orm.jpa.HibernateProperties'
2021-03-14 22:46:01.418 DEBUG 6824 --- [    Test worker] o.s.b.f.s.DefaultListableBeanFactory     : Autowiring by type from bean name 'org.springframework.boot.autoconfigure.orm.jpa.HibernateJpaConfiguration' via constructor to bean named 'dataSource'
2021-03-14 22:46:01.418 DEBUG 6824 --- [    Test worker] o.s.b.f.s.DefaultListableBeanFactory     : Autowiring by type from bean name 'org.springframework.boot.autoconfigure.orm.jpa.HibernateJpaConfiguration' via constructor to bean named 'spring.jpa-org.springframework.boot.autoconfigure.orm.jpa.JpaProperties'
2021-03-14 22:46:01.419 DEBUG 6824 --- [    Test worker] o.s.b.f.s.DefaultListableBeanFactory     : Autowiring by type from bean name 'org.springframework.boot.autoconfigure.orm.jpa.HibernateJpaConfiguration' via constructor to bean named 'org.springframework.beans.factory.support.DefaultListableBeanFactory@205f3a18'
2021-03-14 22:46:01.419 DEBUG 6824 --- [    Test worker] o.s.b.f.s.DefaultListableBeanFactory     : Autowiring by type from bean name 'org.springframework.boot.autoconfigure.orm.jpa.HibernateJpaConfiguration' via constructor to bean named 'spring.jpa.hibernate-org.springframework.boot.autoconfigure.orm.jpa.HibernateProperties'
2021-03-14 22:46:01.422 DEBUG 6824 --- [    Test worker] o.s.b.f.s.DefaultListableBeanFactory     : Creating shared instance of singleton bean 'hikariPoolDataSourceMetadataProvider'
2021-03-14 22:46:01.422 DEBUG 6824 --- [    Test worker] o.s.b.f.s.DefaultListableBeanFactory     : Creating shared instance of singleton bean 'org.springframework.boot.autoconfigure.jdbc.metadata.DataSourcePoolMetadataProvidersConfiguration$HikariPoolDataSourceMetadataProviderConfiguration'
2021-03-14 22:46:01.459 DEBUG 6824 --- [    Test worker] o.s.b.f.s.DefaultListableBeanFactory     : Creating shared instance of singleton bean 'entityManagerFactoryBuilder'
2021-03-14 22:46:01.466 DEBUG 6824 --- [    Test worker] o.s.b.f.s.DefaultListableBeanFactory     : Creating shared instance of singleton bean 'jpaVendorAdapter'
2021-03-14 22:46:01.600 DEBUG 6824 --- [    Test worker] org.jboss.logging                        : Logging Provider: org.jboss.logging.Log4j2LoggerProvider
2021-03-14 22:46:01.618 DEBUG 6824 --- [    Test worker] o.s.b.f.s.DefaultListableBeanFactory     : Autowiring by type from bean name 'entityManagerFactoryBuilder' via factory method to bean named 'jpaVendorAdapter'
2021-03-14 22:46:01.627 DEBUG 6824 --- [    Test worker] o.s.b.f.s.DefaultListableBeanFactory     : Autowiring by type from bean name 'entityManagerFactory' via factory method to bean named 'entityManagerFactoryBuilder'
2021-03-14 22:46:01.752 DEBUG 6824 --- [    Test worker] j.LocalContainerEntityManagerFactoryBean : Building JPA container EntityManagerFactory for persistence unit 'default'
2021-03-14 22:46:01.805 DEBUG 6824 --- [    Test worker] o.hibernate.jpa.internal.util.LogHelper  : PersistenceUnitInfo [
	name: default
	persistence provider classname: null
	classloader: jdk.internal.loader.ClassLoaders$AppClassLoader@15db9742
	excludeUnlistedClasses: true
	JTA datasource: null
	Non JTA datasource: HikariDataSource (null)
	Transaction type: RESOURCE_LOCAL
	PU root URL: file:/C:/WorkSpace/workspace_eclipse/SpringBoot/ShiftManager/build/classes/java/test/
	Shared Cache Mode: UNSPECIFIED
	Validation Mode: AUTO
	Jar files URLs []
	Managed classes names [
		com.example.Schedulle.BaseEntity
		com.example.Schedulle.auth.UserEntity
		com.example.Schedulle.common.schedulle.SchedulleEntity]
	Mapping files names []
	Properties []
2021-03-14 22:46:01.836 DEBUG 6824 --- [    Test worker] o.h.i.internal.IntegratorServiceImpl     : Adding Integrator [org.hibernate.cfg.beanvalidation.BeanValidationIntegrator].
2021-03-14 22:46:01.840 DEBUG 6824 --- [    Test worker] o.h.i.internal.IntegratorServiceImpl     : Adding Integrator [org.hibernate.secure.spi.JaccIntegrator].
2021-03-14 22:46:01.849 DEBUG 6824 --- [    Test worker] o.h.i.internal.IntegratorServiceImpl     : Adding Integrator [org.hibernate.cache.internal.CollectionCacheInvalidator].
2021-03-14 22:46:01.937  INFO 6824 --- [    Test worker] org.hibernate.Version                    : HHH000412: Hibernate ORM core version 5.4.28.Final
2021-03-14 22:46:01.941 DEBUG 6824 --- [    Test worker] org.hibernate.cfg.Environment            : HHH000206: hibernate.properties not found
2021-03-14 22:46:02.205 DEBUG 6824 --- [    Test worker] o.hibernate.service.spi.ServiceBinding   : Overriding existing service binding [org.hibernate.secure.spi.JaccService]
2021-03-14 22:46:02.236 DEBUG 6824 --- [    Test worker] o.h.c.internal.RegionFactoryInitiator    : Cannot default RegionFactory based on registered strategies as `[]` RegionFactory strategies were registered
2021-03-14 22:46:02.238 DEBUG 6824 --- [    Test worker] o.h.c.internal.RegionFactoryInitiator    : Cache region factory : org.hibernate.cache.internal.NoCachingRegionFactory
2021-03-14 22:46:02.276  INFO 6824 --- [    Test worker] o.hibernate.annotations.common.Version   : HCANN000001: Hibernate Commons Annotations {5.1.2.Final}
2021-03-14 22:46:02.370 DEBUG 6824 --- [    Test worker] org.hibernate.type.BasicTypeRegistry     : Adding type registration boolean -> org.hibernate.type.BooleanType@40ad273c
2021-03-14 22:46:02.371 DEBUG 6824 --- [    Test worker] org.hibernate.type.BasicTypeRegistry     : Adding type registration boolean -> org.hibernate.type.BooleanType@40ad273c
2021-03-14 22:46:02.372 DEBUG 6824 --- [    Test worker] org.hibernate.type.BasicTypeRegistry     : Adding type registration java.lang.Boolean -> org.hibernate.type.BooleanType@40ad273c
2021-03-14 22:46:02.374 DEBUG 6824 --- [    Test worker] org.hibernate.type.BasicTypeRegistry     : Adding type registration numeric_boolean -> org.hibernate.type.NumericBooleanType@22222498
2021-03-14 22:46:02.375 DEBUG 6824 --- [    Test worker] org.hibernate.type.BasicTypeRegistry     : Adding type registration true_false -> org.hibernate.type.TrueFalseType@7565a61
2021-03-14 22:46:02.380 DEBUG 6824 --- [    Test worker] org.hibernate.type.BasicTypeRegistry     : Adding type registration yes_no -> org.hibernate.type.YesNoType@4411c5e6
2021-03-14 22:46:02.384 DEBUG 6824 --- [    Test worker] org.hibernate.type.BasicTypeRegistry     : Adding type registration byte -> org.hibernate.type.ByteType@5dc9d2bc
2021-03-14 22:46:02.385 DEBUG 6824 --- [    Test worker] org.hibernate.type.BasicTypeRegistry     : Adding type registration byte -> org.hibernate.type.ByteType@5dc9d2bc
2021-03-14 22:46:02.386 DEBUG 6824 --- [    Test worker] org.hibernate.type.BasicTypeRegistry     : Adding type registration java.lang.Byte -> org.hibernate.type.ByteType@5dc9d2bc
2021-03-14 22:46:02.388 DEBUG 6824 --- [    Test worker] org.hibernate.type.BasicTypeRegistry     : Adding type registration character -> org.hibernate.type.CharacterType@63fa199c
2021-03-14 22:46:02.389 DEBUG 6824 --- [    Test worker] org.hibernate.type.BasicTypeRegistry     : Adding type registration char -> org.hibernate.type.CharacterType@63fa199c
2021-03-14 22:46:02.390 DEBUG 6824 --- [    Test worker] org.hibernate.type.BasicTypeRegistry     : Adding type registration java.lang.Character -> org.hibernate.type.CharacterType@63fa199c
2021-03-14 22:46:02.396 DEBUG 6824 --- [    Test worker] org.hibernate.type.BasicTypeRegistry     : Adding type registration short -> org.hibernate.type.ShortType@7817bb9e
2021-03-14 22:46:02.398 DEBUG 6824 --- [    Test worker] org.hibernate.type.BasicTypeRegistry     : Adding type registration short -> org.hibernate.type.ShortType@7817bb9e
2021-03-14 22:46:02.399 DEBUG 6824 --- [    Test worker] org.hibernate.type.BasicTypeRegistry     : Adding type registration java.lang.Short -> org.hibernate.type.ShortType@7817bb9e
2021-03-14 22:46:02.401 DEBUG 6824 --- [    Test worker] org.hibernate.type.BasicTypeRegistry     : Adding type registration integer -> org.hibernate.type.IntegerType@bb83b6
2021-03-14 22:46:02.401 DEBUG 6824 --- [    Test worker] org.hibernate.type.BasicTypeRegistry     : Adding type registration int -> org.hibernate.type.IntegerType@bb83b6
2021-03-14 22:46:02.402 DEBUG 6824 --- [    Test worker] org.hibernate.type.BasicTypeRegistry     : Adding type registration java.lang.Integer -> org.hibernate.type.IntegerType@bb83b6
2021-03-14 22:46:02.404 DEBUG 6824 --- [    Test worker] org.hibernate.type.BasicTypeRegistry     : Adding type registration long -> org.hibernate.type.LongType@4b92eb26
2021-03-14 22:46:02.405 DEBUG 6824 --- [    Test worker] org.hibernate.type.BasicTypeRegistry     : Adding type registration long -> org.hibernate.type.LongType@4b92eb26
2021-03-14 22:46:02.405 DEBUG 6824 --- [    Test worker] org.hibernate.type.BasicTypeRegistry     : Adding type registration java.lang.Long -> org.hibernate.type.LongType@4b92eb26
2021-03-14 22:46:02.407 DEBUG 6824 --- [    Test worker] org.hibernate.type.BasicTypeRegistry     : Adding type registration float -> org.hibernate.type.FloatType@2b05b54c
2021-03-14 22:46:02.407 DEBUG 6824 --- [    Test worker] org.hibernate.type.BasicTypeRegistry     : Adding type registration float -> org.hibernate.type.FloatType@2b05b54c
2021-03-14 22:46:02.407 DEBUG 6824 --- [    Test worker] org.hibernate.type.BasicTypeRegistry     : Adding type registration java.lang.Float -> org.hibernate.type.FloatType@2b05b54c
2021-03-14 22:46:02.411 DEBUG 6824 --- [    Test worker] org.hibernate.type.BasicTypeRegistry     : Adding type registration double -> org.hibernate.type.DoubleType@5ee32b5b
2021-03-14 22:46:02.412 DEBUG 6824 --- [    Test worker] org.hibernate.type.BasicTypeRegistry     : Adding type registration double -> org.hibernate.type.DoubleType@5ee32b5b
2021-03-14 22:46:02.413 DEBUG 6824 --- [    Test worker] org.hibernate.type.BasicTypeRegistry     : Adding type registration java.lang.Double -> org.hibernate.type.DoubleType@5ee32b5b
2021-03-14 22:46:02.417 DEBUG 6824 --- [    Test worker] org.hibernate.type.BasicTypeRegistry     : Adding type registration big_decimal -> org.hibernate.type.BigDecimalType@6d245e8
2021-03-14 22:46:02.418 DEBUG 6824 --- [    Test worker] org.hibernate.type.BasicTypeRegistry     : Adding type registration java.math.BigDecimal -> org.hibernate.type.BigDecimalType@6d245e8
2021-03-14 22:46:02.420 DEBUG 6824 --- [    Test worker] org.hibernate.type.BasicTypeRegistry     : Adding type registration big_integer -> org.hibernate.type.BigIntegerType@1272f323
2021-03-14 22:46:02.420 DEBUG 6824 --- [    Test worker] org.hibernate.type.BasicTypeRegistry     : Adding type registration java.math.BigInteger -> org.hibernate.type.BigIntegerType@1272f323
2021-03-14 22:46:02.421 DEBUG 6824 --- [    Test worker] org.hibernate.type.BasicTypeRegistry     : Adding type registration string -> org.hibernate.type.StringType@7fe49030
2021-03-14 22:46:02.422 DEBUG 6824 --- [    Test worker] org.hibernate.type.BasicTypeRegistry     : Adding type registration java.lang.String -> org.hibernate.type.StringType@7fe49030
2021-03-14 22:46:02.423 DEBUG 6824 --- [    Test worker] org.hibernate.type.BasicTypeRegistry     : Adding type registration nstring -> org.hibernate.type.StringNVarcharType@5767539d
2021-03-14 22:46:02.424 DEBUG 6824 --- [    Test worker] org.hibernate.type.BasicTypeRegistry     : Adding type registration ncharacter -> org.hibernate.type.CharacterNCharType@71beec03
2021-03-14 22:46:02.426 DEBUG 6824 --- [    Test worker] org.hibernate.type.BasicTypeRegistry     : Adding type registration url -> org.hibernate.type.UrlType@2dafd906
2021-03-14 22:46:02.426 DEBUG 6824 --- [    Test worker] org.hibernate.type.BasicTypeRegistry     : Adding type registration java.net.URL -> org.hibernate.type.UrlType@2dafd906
2021-03-14 22:46:02.430 DEBUG 6824 --- [    Test worker] org.hibernate.type.BasicTypeRegistry     : Adding type registration Duration -> org.hibernate.type.DurationType@49071343
2021-03-14 22:46:02.431 DEBUG 6824 --- [    Test worker] org.hibernate.type.BasicTypeRegistry     : Adding type registration java.time.Duration -> org.hibernate.type.DurationType@49071343
2021-03-14 22:46:02.433 DEBUG 6824 --- [    Test worker] org.hibernate.type.BasicTypeRegistry     : Adding type registration Instant -> org.hibernate.type.InstantType@32259796
2021-03-14 22:46:02.434 DEBUG 6824 --- [    Test worker] org.hibernate.type.BasicTypeRegistry     : Adding type registration java.time.Instant -> org.hibernate.type.InstantType@32259796
2021-03-14 22:46:02.435 DEBUG 6824 --- [    Test worker] org.hibernate.type.BasicTypeRegistry     : Adding type registration LocalDateTime -> org.hibernate.type.LocalDateTimeType@58e294a6
2021-03-14 22:46:02.436 DEBUG 6824 --- [    Test worker] org.hibernate.type.BasicTypeRegistry     : Adding type registration java.time.LocalDateTime -> org.hibernate.type.LocalDateTimeType@58e294a6
2021-03-14 22:46:02.437 DEBUG 6824 --- [    Test worker] org.hibernate.type.BasicTypeRegistry     : Adding type registration LocalDate -> org.hibernate.type.LocalDateType@463620c8
2021-03-14 22:46:02.438 DEBUG 6824 --- [    Test worker] org.hibernate.type.BasicTypeRegistry     : Adding type registration java.time.LocalDate -> org.hibernate.type.LocalDateType@463620c8
2021-03-14 22:46:02.439 DEBUG 6824 --- [    Test worker] org.hibernate.type.BasicTypeRegistry     : Adding type registration LocalTime -> org.hibernate.type.LocalTimeType@27d0551f
2021-03-14 22:46:02.440 DEBUG 6824 --- [    Test worker] org.hibernate.type.BasicTypeRegistry     : Adding type registration java.time.LocalTime -> org.hibernate.type.LocalTimeType@27d0551f
2021-03-14 22:46:02.446 DEBUG 6824 --- [    Test worker] org.hibernate.type.BasicTypeRegistry     : Adding type registration OffsetDateTime -> org.hibernate.type.OffsetDateTimeType@6b29f8bf
2021-03-14 22:46:02.448 DEBUG 6824 --- [    Test worker] org.hibernate.type.BasicTypeRegistry     : Adding type registration java.time.OffsetDateTime -> org.hibernate.type.OffsetDateTimeType@6b29f8bf
2021-03-14 22:46:02.450 DEBUG 6824 --- [    Test worker] org.hibernate.type.BasicTypeRegistry     : Adding type registration OffsetTime -> org.hibernate.type.OffsetTimeType@1d4a126b
2021-03-14 22:46:02.451 DEBUG 6824 --- [    Test worker] org.hibernate.type.BasicTypeRegistry     : Adding type registration java.time.OffsetTime -> org.hibernate.type.OffsetTimeType@1d4a126b
2021-03-14 22:46:02.463 DEBUG 6824 --- [    Test worker] org.hibernate.type.BasicTypeRegistry     : Adding type registration ZonedDateTime -> org.hibernate.type.ZonedDateTimeType@2c627091
2021-03-14 22:46:02.464 DEBUG 6824 --- [    Test worker] org.hibernate.type.BasicTypeRegistry     : Adding type registration java.time.ZonedDateTime -> org.hibernate.type.ZonedDateTimeType@2c627091
2021-03-14 22:46:02.466 DEBUG 6824 --- [    Test worker] org.hibernate.type.BasicTypeRegistry     : Adding type registration date -> org.hibernate.type.DateType@42080e73
2021-03-14 22:46:02.466 DEBUG 6824 --- [    Test worker] org.hibernate.type.BasicTypeRegistry     : Adding type registration java.sql.Date -> org.hibernate.type.DateType@42080e73
2021-03-14 22:46:02.468 DEBUG 6824 --- [    Test worker] org.hibernate.type.BasicTypeRegistry     : Adding type registration time -> org.hibernate.type.TimeType@1c1ba98a
2021-03-14 22:46:02.469 DEBUG 6824 --- [    Test worker] org.hibernate.type.BasicTypeRegistry     : Adding type registration java.sql.Time -> org.hibernate.type.TimeType@1c1ba98a
2021-03-14 22:46:02.470 DEBUG 6824 --- [    Test worker] org.hibernate.type.BasicTypeRegistry     : Adding type registration timestamp -> org.hibernate.type.TimestampType@116bc5e7
2021-03-14 22:46:02.471 DEBUG 6824 --- [    Test worker] org.hibernate.type.BasicTypeRegistry     : Adding type registration java.sql.Timestamp -> org.hibernate.type.TimestampType@116bc5e7
2021-03-14 22:46:02.471 DEBUG 6824 --- [    Test worker] org.hibernate.type.BasicTypeRegistry     : Adding type registration java.util.Date -> org.hibernate.type.TimestampType@116bc5e7
2021-03-14 22:46:02.473 DEBUG 6824 --- [    Test worker] org.hibernate.type.BasicTypeRegistry     : Adding type registration dbtimestamp -> org.hibernate.type.DbTimestampType@71228b08
2021-03-14 22:46:02.478 DEBUG 6824 --- [    Test worker] org.hibernate.type.BasicTypeRegistry     : Adding type registration calendar -> org.hibernate.type.CalendarType@12b4ee5c
2021-03-14 22:46:02.479 DEBUG 6824 --- [    Test worker] org.hibernate.type.BasicTypeRegistry     : Adding type registration java.util.Calendar -> org.hibernate.type.CalendarType@12b4ee5c
2021-03-14 22:46:02.482 DEBUG 6824 --- [    Test worker] org.hibernate.type.BasicTypeRegistry     : Adding type registration java.util.GregorianCalendar -> org.hibernate.type.CalendarType@12b4ee5c
2021-03-14 22:46:02.484 DEBUG 6824 --- [    Test worker] org.hibernate.type.BasicTypeRegistry     : Adding type registration calendar_date -> org.hibernate.type.CalendarDateType@4e394140
2021-03-14 22:46:02.486 DEBUG 6824 --- [    Test worker] org.hibernate.type.BasicTypeRegistry     : Adding type registration calendar_time -> org.hibernate.type.CalendarTimeType@739f95e9
2021-03-14 22:46:02.488 DEBUG 6824 --- [    Test worker] org.hibernate.type.BasicTypeRegistry     : Adding type registration locale -> org.hibernate.type.LocaleType@45742119
2021-03-14 22:46:02.488 DEBUG 6824 --- [    Test worker] org.hibernate.type.BasicTypeRegistry     : Adding type registration java.util.Locale -> org.hibernate.type.LocaleType@45742119
2021-03-14 22:46:02.490 DEBUG 6824 --- [    Test worker] org.hibernate.type.BasicTypeRegistry     : Adding type registration currency -> org.hibernate.type.CurrencyType@7a3124f4
2021-03-14 22:46:02.491 DEBUG 6824 --- [    Test worker] org.hibernate.type.BasicTypeRegistry     : Adding type registration java.util.Currency -> org.hibernate.type.CurrencyType@7a3124f4
2021-03-14 22:46:02.495 DEBUG 6824 --- [    Test worker] org.hibernate.type.BasicTypeRegistry     : Adding type registration timezone -> org.hibernate.type.TimeZoneType@160b4d1e
2021-03-14 22:46:02.496 DEBUG 6824 --- [    Test worker] org.hibernate.type.BasicTypeRegistry     : Adding type registration java.util.TimeZone -> org.hibernate.type.TimeZoneType@160b4d1e
2021-03-14 22:46:02.499 DEBUG 6824 --- [    Test worker] org.hibernate.type.BasicTypeRegistry     : Adding type registration class -> org.hibernate.type.ClassType@15a6fe71
2021-03-14 22:46:02.500 DEBUG 6824 --- [    Test worker] org.hibernate.type.BasicTypeRegistry     : Adding type registration java.lang.Class -> org.hibernate.type.ClassType@15a6fe71
2021-03-14 22:46:02.502 DEBUG 6824 --- [    Test worker] org.hibernate.type.BasicTypeRegistry     : Adding type registration uuid-binary -> org.hibernate.type.UUIDBinaryType@6d2d6e22
2021-03-14 22:46:02.502 DEBUG 6824 --- [    Test worker] org.hibernate.type.BasicTypeRegistry     : Adding type registration java.util.UUID -> org.hibernate.type.UUIDBinaryType@6d2d6e22
2021-03-14 22:46:02.503 DEBUG 6824 --- [    Test worker] org.hibernate.type.BasicTypeRegistry     : Adding type registration uuid-char -> org.hibernate.type.UUIDCharType@73f143d4
2021-03-14 22:46:02.506 DEBUG 6824 --- [    Test worker] org.hibernate.type.BasicTypeRegistry     : Adding type registration binary -> org.hibernate.type.BinaryType@4849b157
2021-03-14 22:46:02.506 DEBUG 6824 --- [    Test worker] org.hibernate.type.BasicTypeRegistry     : Adding type registration byte[] -> org.hibernate.type.BinaryType@4849b157
2021-03-14 22:46:02.506 DEBUG 6824 --- [    Test worker] org.hibernate.type.BasicTypeRegistry     : Adding type registration [B -> org.hibernate.type.BinaryType@4849b157
2021-03-14 22:46:02.508 DEBUG 6824 --- [    Test worker] org.hibernate.type.BasicTypeRegistry     : Adding type registration wrapper-binary -> org.hibernate.type.WrapperBinaryType@573b2a70
2021-03-14 22:46:02.509 DEBUG 6824 --- [    Test worker] org.hibernate.type.BasicTypeRegistry     : Adding type registration Byte[] -> org.hibernate.type.WrapperBinaryType@573b2a70
2021-03-14 22:46:02.511 DEBUG 6824 --- [    Test worker] org.hibernate.type.BasicTypeRegistry     : Adding type registration [Ljava.lang.Byte; -> org.hibernate.type.WrapperBinaryType@573b2a70
2021-03-14 22:46:02.515 DEBUG 6824 --- [    Test worker] org.hibernate.type.BasicTypeRegistry     : Adding type registration row_version -> org.hibernate.type.RowVersionType@4bf0d8f
2021-03-14 22:46:02.516 DEBUG 6824 --- [    Test worker] org.hibernate.type.BasicTypeRegistry     : Adding type registration image -> org.hibernate.type.ImageType@38015752
2021-03-14 22:46:02.518 DEBUG 6824 --- [    Test worker] org.hibernate.type.BasicTypeRegistry     : Adding type registration characters -> org.hibernate.type.CharArrayType@1dd6679d
2021-03-14 22:46:02.518 DEBUG 6824 --- [    Test worker] org.hibernate.type.BasicTypeRegistry     : Adding type registration char[] -> org.hibernate.type.CharArrayType@1dd6679d
2021-03-14 22:46:02.519 DEBUG 6824 --- [    Test worker] org.hibernate.type.BasicTypeRegistry     : Adding type registration [C -> org.hibernate.type.CharArrayType@1dd6679d
2021-03-14 22:46:02.521 DEBUG 6824 --- [    Test worker] org.hibernate.type.BasicTypeRegistry     : Adding type registration wrapper-characters -> org.hibernate.type.CharacterArrayType@30dc08df
2021-03-14 22:46:02.522 DEBUG 6824 --- [    Test worker] org.hibernate.type.BasicTypeRegistry     : Adding type registration [Ljava.lang.Character; -> org.hibernate.type.CharacterArrayType@30dc08df
2021-03-14 22:46:02.522 DEBUG 6824 --- [    Test worker] org.hibernate.type.BasicTypeRegistry     : Adding type registration Character[] -> org.hibernate.type.CharacterArrayType@30dc08df
2021-03-14 22:46:02.523 DEBUG 6824 --- [    Test worker] org.hibernate.type.BasicTypeRegistry     : Adding type registration text -> org.hibernate.type.TextType@58e99572
2021-03-14 22:46:02.525 DEBUG 6824 --- [    Test worker] org.hibernate.type.BasicTypeRegistry     : Adding type registration ntext -> org.hibernate.type.NTextType@6f935433
2021-03-14 22:46:02.532 DEBUG 6824 --- [    Test worker] org.hibernate.type.BasicTypeRegistry     : Adding type registration blob -> org.hibernate.type.BlobType@7e83d138
2021-03-14 22:46:02.533 DEBUG 6824 --- [    Test worker] org.hibernate.type.BasicTypeRegistry     : Adding type registration java.sql.Blob -> org.hibernate.type.BlobType@7e83d138
2021-03-14 22:46:02.534 DEBUG 6824 --- [    Test worker] org.hibernate.type.BasicTypeRegistry     : Adding type registration materialized_blob -> org.hibernate.type.MaterializedBlobType@766fe0fc
2021-03-14 22:46:02.537 DEBUG 6824 --- [    Test worker] org.hibernate.type.BasicTypeRegistry     : Adding type registration clob -> org.hibernate.type.ClobType@5121aa1c
2021-03-14 22:46:02.537 DEBUG 6824 --- [    Test worker] org.hibernate.type.BasicTypeRegistry     : Adding type registration java.sql.Clob -> org.hibernate.type.ClobType@5121aa1c
2021-03-14 22:46:02.540 DEBUG 6824 --- [    Test worker] org.hibernate.type.BasicTypeRegistry     : Adding type registration nclob -> org.hibernate.type.NClobType@3ab864a9
2021-03-14 22:46:02.540 DEBUG 6824 --- [    Test worker] org.hibernate.type.BasicTypeRegistry     : Adding type registration java.sql.NClob -> org.hibernate.type.NClobType@3ab864a9
2021-03-14 22:46:02.541 DEBUG 6824 --- [    Test worker] org.hibernate.type.BasicTypeRegistry     : Adding type registration materialized_clob -> org.hibernate.type.MaterializedClobType@49eb3ed
2021-03-14 22:46:02.543 DEBUG 6824 --- [    Test worker] org.hibernate.type.BasicTypeRegistry     : Adding type registration materialized_nclob -> org.hibernate.type.MaterializedNClobType@5d23c2fb
2021-03-14 22:46:02.547 DEBUG 6824 --- [    Test worker] org.hibernate.type.BasicTypeRegistry     : Adding type registration serializable -> org.hibernate.type.SerializableType@6b1ed733
2021-03-14 22:46:02.552 DEBUG 6824 --- [    Test worker] org.hibernate.type.BasicTypeRegistry     : Adding type registration object -> org.hibernate.type.ObjectType@1f18282b
2021-03-14 22:46:02.553 DEBUG 6824 --- [    Test worker] org.hibernate.type.BasicTypeRegistry     : Adding type registration java.lang.Object -> org.hibernate.type.ObjectType@1f18282b
2021-03-14 22:46:02.554 DEBUG 6824 --- [    Test worker] org.hibernate.type.BasicTypeRegistry     : Adding type registration imm_date -> org.hibernate.type.AdaptedImmutableType@1e97d5bb
2021-03-14 22:46:02.554 DEBUG 6824 --- [    Test worker] org.hibernate.type.BasicTypeRegistry     : Adding type registration imm_time -> org.hibernate.type.AdaptedImmutableType@3bea47c0
2021-03-14 22:46:02.555 DEBUG 6824 --- [    Test worker] org.hibernate.type.BasicTypeRegistry     : Adding type registration imm_timestamp -> org.hibernate.type.AdaptedImmutableType@3608fcc4
2021-03-14 22:46:02.555 DEBUG 6824 --- [    Test worker] org.hibernate.type.BasicTypeRegistry     : Adding type registration imm_dbtimestamp -> org.hibernate.type.AdaptedImmutableType@7178b903
2021-03-14 22:46:02.555 DEBUG 6824 --- [    Test worker] org.hibernate.type.BasicTypeRegistry     : Adding type registration imm_calendar -> org.hibernate.type.AdaptedImmutableType@5162809a
2021-03-14 22:46:02.555 DEBUG 6824 --- [    Test worker] org.hibernate.type.BasicTypeRegistry     : Adding type registration imm_calendar_date -> org.hibernate.type.AdaptedImmutableType@385f1931
2021-03-14 22:46:02.556 DEBUG 6824 --- [    Test worker] org.hibernate.type.BasicTypeRegistry     : Adding type registration imm_binary -> org.hibernate.type.AdaptedImmutableType@49403c22
2021-03-14 22:46:02.557 DEBUG 6824 --- [    Test worker] org.hibernate.type.BasicTypeRegistry     : Adding type registration imm_serializable -> org.hibernate.type.AdaptedImmutableType@7d4424a8
2021-03-14 22:46:02.599 DEBUG 6824 --- [    Test worker] o.h.boot.internal.BootstrapContextImpl   : Injecting JPA temp ClassLoader [org.springframework.instrument.classloading.SimpleThrowawayClassLoader@446fceb2] into BootstrapContext; was [null]
2021-03-14 22:46:02.601 DEBUG 6824 --- [    Test worker] o.h.boot.internal.ClassLoaderAccessImpl  : ClassLoaderAccessImpl#injectTempClassLoader(org.springframework.instrument.classloading.SimpleThrowawayClassLoader@446fceb2) [was null]
2021-03-14 22:46:02.607 DEBUG 6824 --- [    Test worker] o.h.boot.internal.BootstrapContextImpl   : Injecting ScanEnvironment [org.hibernate.jpa.boot.internal.StandardJpaScanEnvironmentImpl@12d47ea9] into BootstrapContext; was [null]
2021-03-14 22:46:02.607 DEBUG 6824 --- [    Test worker] o.h.boot.internal.BootstrapContextImpl   : Injecting ScanOptions [org.hibernate.boot.archive.scan.internal.StandardScanOptions@7ddc1fa9] into BootstrapContext; was [org.hibernate.boot.archive.scan.internal.StandardScanOptions@470d3a30]
2021-03-14 22:46:02.654 DEBUG 6824 --- [    Test worker] o.h.boot.internal.BootstrapContextImpl   : Injecting JPA temp ClassLoader [null] into BootstrapContext; was [org.springframework.instrument.classloading.SimpleThrowawayClassLoader@446fceb2]
2021-03-14 22:46:02.658 DEBUG 6824 --- [    Test worker] o.h.boot.internal.ClassLoaderAccessImpl  : ClassLoaderAccessImpl#injectTempClassLoader(null) [was org.springframework.instrument.classloading.SimpleThrowawayClassLoader@446fceb2]
2021-03-14 22:46:02.700 DEBUG 6824 --- [    Test worker] .i.f.i.DefaultIdentifierGeneratorFactory : Registering IdentifierGenerator strategy [uuid2] -> [org.hibernate.id.UUIDGenerator]
2021-03-14 22:46:02.704 DEBUG 6824 --- [    Test worker] .i.f.i.DefaultIdentifierGeneratorFactory : Registering IdentifierGenerator strategy [guid] -> [org.hibernate.id.GUIDGenerator]
2021-03-14 22:46:02.713 DEBUG 6824 --- [    Test worker] .i.f.i.DefaultIdentifierGeneratorFactory : Registering IdentifierGenerator strategy [uuid] -> [org.hibernate.id.UUIDHexGenerator]
2021-03-14 22:46:02.721 DEBUG 6824 --- [    Test worker] .i.f.i.DefaultIdentifierGeneratorFactory : Registering IdentifierGenerator strategy [uuid.hex] -> [org.hibernate.id.UUIDHexGenerator]
2021-03-14 22:46:02.723 DEBUG 6824 --- [    Test worker] .i.f.i.DefaultIdentifierGeneratorFactory : Registering IdentifierGenerator strategy [assigned] -> [org.hibernate.id.Assigned]
2021-03-14 22:46:02.741 DEBUG 6824 --- [    Test worker] .i.f.i.DefaultIdentifierGeneratorFactory : Registering IdentifierGenerator strategy [identity] -> [org.hibernate.id.IdentityGenerator]
2021-03-14 22:46:02.745 DEBUG 6824 --- [    Test worker] .i.f.i.DefaultIdentifierGeneratorFactory : Registering IdentifierGenerator strategy [select] -> [org.hibernate.id.SelectGenerator]
2021-03-14 22:46:02.750 DEBUG 6824 --- [    Test worker] .i.f.i.DefaultIdentifierGeneratorFactory : Registering IdentifierGenerator strategy [sequence] -> [org.hibernate.id.enhanced.SequenceStyleGenerator]
2021-03-14 22:46:02.751 DEBUG 6824 --- [    Test worker] .i.f.i.DefaultIdentifierGeneratorFactory : Registering IdentifierGenerator strategy [seqhilo] -> [org.hibernate.id.SequenceHiLoGenerator]
2021-03-14 22:46:02.753 DEBUG 6824 --- [    Test worker] .i.f.i.DefaultIdentifierGeneratorFactory : Registering IdentifierGenerator strategy [increment] -> [org.hibernate.id.IncrementGenerator]
2021-03-14 22:46:02.754 DEBUG 6824 --- [    Test worker] .i.f.i.DefaultIdentifierGeneratorFactory : Registering IdentifierGenerator strategy [foreign] -> [org.hibernate.id.ForeignGenerator]
2021-03-14 22:46:02.755 DEBUG 6824 --- [    Test worker] .i.f.i.DefaultIdentifierGeneratorFactory : Registering IdentifierGenerator strategy [sequence-identity] -> [org.hibernate.id.SequenceIdentityGenerator]
2021-03-14 22:46:02.755 DEBUG 6824 --- [    Test worker] .i.f.i.DefaultIdentifierGeneratorFactory : Registering IdentifierGenerator strategy [enhanced-sequence] -> [org.hibernate.id.enhanced.SequenceStyleGenerator]
2021-03-14 22:46:02.757 DEBUG 6824 --- [    Test worker] .i.f.i.DefaultIdentifierGeneratorFactory : Registering IdentifierGenerator strategy [enhanced-table] -> [org.hibernate.id.enhanced.TableGenerator]
2021-03-14 22:46:02.772 DEBUG 6824 --- [    Test worker] com.zaxxer.hikari.HikariConfig           : HikariPool-1 - configuration:
2021-03-14 22:46:02.775 DEBUG 6824 --- [    Test worker] com.zaxxer.hikari.HikariConfig           : allowPoolSuspension.............false
2021-03-14 22:46:02.776 DEBUG 6824 --- [    Test worker] com.zaxxer.hikari.HikariConfig           : autoCommit......................true
2021-03-14 22:46:02.776 DEBUG 6824 --- [    Test worker] com.zaxxer.hikari.HikariConfig           : catalog.........................none
2021-03-14 22:46:02.776 DEBUG 6824 --- [    Test worker] com.zaxxer.hikari.HikariConfig           : connectionInitSql...............none
2021-03-14 22:46:02.777 DEBUG 6824 --- [    Test worker] com.zaxxer.hikari.HikariConfig           : connectionTestQuery.............none
2021-03-14 22:46:02.777 DEBUG 6824 --- [    Test worker] com.zaxxer.hikari.HikariConfig           : connectionTimeout...............30000
2021-03-14 22:46:02.778 DEBUG 6824 --- [    Test worker] com.zaxxer.hikari.HikariConfig           : dataSource......................none
2021-03-14 22:46:02.782 DEBUG 6824 --- [    Test worker] com.zaxxer.hikari.HikariConfig           : dataSourceClassName.............none
2021-03-14 22:46:02.783 DEBUG 6824 --- [    Test worker] com.zaxxer.hikari.HikariConfig           : dataSourceJNDI..................none
2021-03-14 22:46:02.785 DEBUG 6824 --- [    Test worker] com.zaxxer.hikari.HikariConfig           : dataSourceProperties............{password=<masked>}
2021-03-14 22:46:02.785 DEBUG 6824 --- [    Test worker] com.zaxxer.hikari.HikariConfig           : driverClassName................."org.postgresql.Driver"
2021-03-14 22:46:02.786 DEBUG 6824 --- [    Test worker] com.zaxxer.hikari.HikariConfig           : exceptionOverrideClassName......none
2021-03-14 22:46:02.787 DEBUG 6824 --- [    Test worker] com.zaxxer.hikari.HikariConfig           : healthCheckProperties...........{}
2021-03-14 22:46:02.787 DEBUG 6824 --- [    Test worker] com.zaxxer.hikari.HikariConfig           : healthCheckRegistry.............none
2021-03-14 22:46:02.787 DEBUG 6824 --- [    Test worker] com.zaxxer.hikari.HikariConfig           : idleTimeout.....................600000
2021-03-14 22:46:02.788 DEBUG 6824 --- [    Test worker] com.zaxxer.hikari.HikariConfig           : initializationFailTimeout.......1
2021-03-14 22:46:02.788 DEBUG 6824 --- [    Test worker] com.zaxxer.hikari.HikariConfig           : isolateInternalQueries..........false
2021-03-14 22:46:02.789 DEBUG 6824 --- [    Test worker] com.zaxxer.hikari.HikariConfig           : jdbcUrl.........................jdbc:postgresql://localhost:5432/Schedulle
2021-03-14 22:46:02.790 DEBUG 6824 --- [    Test worker] com.zaxxer.hikari.HikariConfig           : leakDetectionThreshold..........0
2021-03-14 22:46:02.790 DEBUG 6824 --- [    Test worker] com.zaxxer.hikari.HikariConfig           : maxLifetime.....................1800000
2021-03-14 22:46:02.791 DEBUG 6824 --- [    Test worker] com.zaxxer.hikari.HikariConfig           : maximumPoolSize.................10
2021-03-14 22:46:02.791 DEBUG 6824 --- [    Test worker] com.zaxxer.hikari.HikariConfig           : metricRegistry..................none
2021-03-14 22:46:02.791 DEBUG 6824 --- [    Test worker] com.zaxxer.hikari.HikariConfig           : metricsTrackerFactory...........none
2021-03-14 22:46:02.792 DEBUG 6824 --- [    Test worker] com.zaxxer.hikari.HikariConfig           : minimumIdle.....................10
2021-03-14 22:46:02.792 DEBUG 6824 --- [    Test worker] com.zaxxer.hikari.HikariConfig           : password........................<masked>
2021-03-14 22:46:02.792 DEBUG 6824 --- [    Test worker] com.zaxxer.hikari.HikariConfig           : poolName........................"HikariPool-1"
2021-03-14 22:46:02.792 DEBUG 6824 --- [    Test worker] com.zaxxer.hikari.HikariConfig           : readOnly........................false
2021-03-14 22:46:02.794 DEBUG 6824 --- [    Test worker] com.zaxxer.hikari.HikariConfig           : registerMbeans..................false
2021-03-14 22:46:02.797 DEBUG 6824 --- [    Test worker] com.zaxxer.hikari.HikariConfig           : scheduledExecutor...............none
2021-03-14 22:46:02.798 DEBUG 6824 --- [    Test worker] com.zaxxer.hikari.HikariConfig           : schema..........................none
2021-03-14 22:46:02.799 DEBUG 6824 --- [    Test worker] com.zaxxer.hikari.HikariConfig           : threadFactory...................internal
2021-03-14 22:46:02.800 DEBUG 6824 --- [    Test worker] com.zaxxer.hikari.HikariConfig           : transactionIsolation............default
2021-03-14 22:46:02.800 DEBUG 6824 --- [    Test worker] com.zaxxer.hikari.HikariConfig           : username........................"postgres"
2021-03-14 22:46:02.800 DEBUG 6824 --- [    Test worker] com.zaxxer.hikari.HikariConfig           : validationTimeout...............5000
2021-03-14 22:46:02.801  INFO 6824 --- [    Test worker] com.zaxxer.hikari.HikariDataSource       : HikariPool-1 - Starting...
2021-03-14 22:46:02.827 DEBUG 6824 --- [    Test worker] org.postgresql.Driver                    : Loading driver configuration via classloader jdk.internal.loader.ClassLoaders$AppClassLoader@15db9742
2021-03-14 22:46:02.829 DEBUG 6824 --- [    Test worker] org.postgresql.Driver                    : Connecting with URL: jdbc:postgresql://localhost:5432/Schedulle
2021-03-14 22:46:02.840 DEBUG 6824 --- [    Test worker] org.postgresql.jdbc.PgConnection         : PostgreSQL JDBC Driver 42.2.18
2021-03-14 22:46:02.842 DEBUG 6824 --- [    Test worker] org.postgresql.jdbc.PgConnection         :   setDefaultFetchSize = 0
2021-03-14 22:46:02.842 DEBUG 6824 --- [    Test worker] org.postgresql.jdbc.PgConnection         :   setPrepareThreshold = 5
2021-03-14 22:46:02.854 DEBUG 6824 --- [    Test worker] o.p.core.v3.ConnectionFactoryImpl        : Trying to establish a protocol version 3 connection to localhost:5432
2021-03-14 22:46:02.875 DEBUG 6824 --- [    Test worker] o.p.core.v3.ConnectionFactoryImpl        : Receive Buffer Size is 65,536
2021-03-14 22:46:02.877 DEBUG 6824 --- [    Test worker] o.p.core.v3.ConnectionFactoryImpl        : Send Buffer Size is 65,536
2021-03-14 22:46:03.067 DEBUG 6824 --- [    Test worker] com.zaxxer.hikari.pool.HikariPool        : HikariPool-1 - Added connection org.postgresql.jdbc.PgConnection@454b378a
2021-03-14 22:46:03.070  INFO 6824 --- [    Test worker] com.zaxxer.hikari.HikariDataSource       : HikariPool-1 - Start completed.
2021-03-14 22:46:03.086 DEBUG 6824 --- [    Test worker] o.h.e.j.e.i.JdbcEnvironmentInitiator     : Database ->
       name : PostgreSQL
    version : 11.2
      major : 11
      minor : 2
2021-03-14 22:46:03.086 DEBUG 6824 --- [    Test worker] o.h.e.j.e.i.JdbcEnvironmentInitiator     : Driver ->
       name : PostgreSQL JDBC Driver
    version : 42.2.18
      major : 42
      minor : 2
2021-03-14 22:46:03.088 DEBUG 6824 --- [    Test worker] o.h.e.j.e.i.JdbcEnvironmentInitiator     : JDBC version : 4.2
2021-03-14 22:46:03.109  INFO 6824 --- [    Test worker] org.hibernate.dialect.Dialect            : HHH000400: Using dialect: org.hibernate.dialect.PostgreSQL95Dialect
2021-03-14 22:46:03.140 DEBUG 6824 --- [    Test worker] o.h.e.j.env.spi.IdentifierHelperBuilder  : JDBC driver metadata reported database stores quoted identifiers in neither upper, lower nor mixed case
2021-03-14 22:46:03.183 DEBUG 6824 --- [l-1 housekeeper] com.zaxxer.hikari.pool.HikariPool        : HikariPool-1 - Pool stats (total=1, active=1, idle=0, waiting=0)
2021-03-14 22:46:03.186 DEBUG 6824 --- [onnection adder] org.postgresql.Driver                    : Connecting with URL: jdbc:postgresql://localhost:5432/Schedulle
2021-03-14 22:46:03.189 DEBUG 6824 --- [onnection adder] org.postgresql.jdbc.PgConnection         : PostgreSQL JDBC Driver 42.2.18
2021-03-14 22:46:03.200 DEBUG 6824 --- [onnection adder] org.postgresql.jdbc.PgConnection         :   setDefaultFetchSize = 0
2021-03-14 22:46:03.219 DEBUG 6824 --- [onnection adder] org.postgresql.jdbc.PgConnection         :   setPrepareThreshold = 5
2021-03-14 22:46:03.219 DEBUG 6824 --- [onnection adder] o.p.core.v3.ConnectionFactoryImpl        : Trying to establish a protocol version 3 connection to localhost:5432
2021-03-14 22:46:03.222 DEBUG 6824 --- [onnection adder] o.p.core.v3.ConnectionFactoryImpl        : Receive Buffer Size is 65,536
2021-03-14 22:46:03.222 DEBUG 6824 --- [onnection adder] o.p.core.v3.ConnectionFactoryImpl        : Send Buffer Size is 65,536
2021-03-14 22:46:03.297 DEBUG 6824 --- [    Test worker] o.h.boot.model.relational.Namespace      : Created database namespace [logicalName=Name{catalog=null, schema=null}, physicalName=Name{catalog=null, schema=null}]
2021-03-14 22:46:03.303 DEBUG 6824 --- [    Test worker] org.hibernate.type.BasicTypeRegistry     : Adding type registration pg-uuid -> org.hibernate.type.PostgresUUIDType@68ed6f81
2021-03-14 22:46:03.303 DEBUG 6824 --- [    Test worker] org.hibernate.type.BasicTypeRegistry     : Adding type registration java.util.UUID -> org.hibernate.type.PostgresUUIDType@68ed6f81
2021-03-14 22:46:03.304 DEBUG 6824 --- [    Test worker] org.hibernate.type.BasicTypeRegistry     : HHH000270: Type registration [java.util.UUID] overrides previous : org.hibernate.type.UUIDBinaryType@6d2d6e22
2021-03-14 22:46:03.311 DEBUG 6824 --- [    Test worker] o.h.type.spi.TypeConfiguration$Scope     : Scoping TypeConfiguration [org.hibernate.type.spi.TypeConfiguration@6807f47f] to MetadataBuildingContext [org.hibernate.boot.internal.MetadataBuildingContextRootImpl@25fc7d34]
2021-03-14 22:46:03.393 DEBUG 6824 --- [onnection adder] com.zaxxer.hikari.pool.HikariPool        : HikariPool-1 - Added connection org.postgresql.jdbc.PgConnection@45e039ce
2021-03-14 22:46:03.393 DEBUG 6824 --- [onnection adder] org.postgresql.Driver                    : Connecting with URL: jdbc:postgresql://localhost:5432/Schedulle
2021-03-14 22:46:03.393 DEBUG 6824 --- [onnection adder] org.postgresql.jdbc.PgConnection         : PostgreSQL JDBC Driver 42.2.18
2021-03-14 22:46:03.394 DEBUG 6824 --- [onnection adder] org.postgresql.jdbc.PgConnection         :   setDefaultFetchSize = 0
2021-03-14 22:46:03.395 DEBUG 6824 --- [onnection adder] org.postgresql.jdbc.PgConnection         :   setPrepareThreshold = 5
2021-03-14 22:46:03.396 DEBUG 6824 --- [onnection adder] o.p.core.v3.ConnectionFactoryImpl        : Trying to establish a protocol version 3 connection to localhost:5432
2021-03-14 22:46:03.400 DEBUG 6824 --- [onnection adder] o.p.core.v3.ConnectionFactoryImpl        : Receive Buffer Size is 65,536
2021-03-14 22:46:03.400 DEBUG 6824 --- [onnection adder] o.p.core.v3.ConnectionFactoryImpl        : Send Buffer Size is 65,536
2021-03-14 22:46:03.484 DEBUG 6824 --- [    Test worker] org.hibernate.cfg.AnnotationBinder       : Binding entity from annotated class: com.example.Schedulle.auth.UserEntity
2021-03-14 22:46:03.532 DEBUG 6824 --- [onnection adder] com.zaxxer.hikari.pool.HikariPool        : HikariPool-1 - Added connection org.postgresql.jdbc.PgConnection@4b27df02
2021-03-14 22:46:03.533 DEBUG 6824 --- [onnection adder] org.postgresql.Driver                    : Connecting with URL: jdbc:postgresql://localhost:5432/Schedulle
2021-03-14 22:46:03.533 DEBUG 6824 --- [onnection adder] org.postgresql.jdbc.PgConnection         : PostgreSQL JDBC Driver 42.2.18
2021-03-14 22:46:03.533 DEBUG 6824 --- [onnection adder] org.postgresql.jdbc.PgConnection         :   setDefaultFetchSize = 0
2021-03-14 22:46:03.533 DEBUG 6824 --- [onnection adder] org.postgresql.jdbc.PgConnection         :   setPrepareThreshold = 5
2021-03-14 22:46:03.533 DEBUG 6824 --- [onnection adder] o.p.core.v3.ConnectionFactoryImpl        : Trying to establish a protocol version 3 connection to localhost:5432
2021-03-14 22:46:03.534 DEBUG 6824 --- [    Test worker] org.hibernate.cfg.Ejb3Column             : Binding column: Ejb3DiscriminatorColumn{logicalColumnName'DTYPE', discriminatorTypeName='string'}
2021-03-14 22:46:03.534 DEBUG 6824 --- [onnection adder] o.p.core.v3.ConnectionFactoryImpl        : Receive Buffer Size is 65,536
2021-03-14 22:46:03.535 DEBUG 6824 --- [onnection adder] o.p.core.v3.ConnectionFactoryImpl        : Send Buffer Size is 65,536
2021-03-14 22:46:03.551 DEBUG 6824 --- [    Test worker] o.h.cfg.annotations.EntityBinder         : Import with entity name UserEntity
2021-03-14 22:46:03.554 DEBUG 6824 --- [    Test worker] o.h.boot.model.relational.Namespace      : Created database namespace [logicalName=Name{catalog=null, schema=public}, physicalName=Name{catalog=null, schema=public}]
2021-03-14 22:46:03.567 DEBUG 6824 --- [    Test worker] o.h.cfg.annotations.EntityBinder         : Bind entity com.example.Schedulle.auth.UserEntity on table user
2021-03-14 22:46:03.633 DEBUG 6824 --- [    Test worker] org.hibernate.cfg.Ejb3Column             : Binding column: Ejb3Column{table=org.hibernate.mapping.Table(public.user), mappingColumn=id, insertable=true, updatable=true, unique=false}
2021-03-14 22:46:03.641 DEBUG 6824 --- [onnection adder] com.zaxxer.hikari.pool.HikariPool        : HikariPool-1 - Added connection org.postgresql.jdbc.PgConnection@4f1852be
2021-03-14 22:46:03.642 DEBUG 6824 --- [onnection adder] org.postgresql.Driver                    : Connecting with URL: jdbc:postgresql://localhost:5432/Schedulle
2021-03-14 22:46:03.642 DEBUG 6824 --- [onnection adder] org.postgresql.jdbc.PgConnection         : PostgreSQL JDBC Driver 42.2.18
2021-03-14 22:46:03.642 DEBUG 6824 --- [onnection adder] org.postgresql.jdbc.PgConnection         :   setDefaultFetchSize = 0
2021-03-14 22:46:03.642 DEBUG 6824 --- [onnection adder] org.postgresql.jdbc.PgConnection         :   setPrepareThreshold = 5
2021-03-14 22:46:03.643 DEBUG 6824 --- [onnection adder] o.p.core.v3.ConnectionFactoryImpl        : Trying to establish a protocol version 3 connection to localhost:5432
2021-03-14 22:46:03.644 DEBUG 6824 --- [onnection adder] o.p.core.v3.ConnectionFactoryImpl        : Receive Buffer Size is 65,536
2021-03-14 22:46:03.644 DEBUG 6824 --- [onnection adder] o.p.core.v3.ConnectionFactoryImpl        : Send Buffer Size is 65,536
2021-03-14 22:46:03.647 DEBUG 6824 --- [    Test worker] o.h.boot.internal.ClassLoaderAccessImpl  : Not known whether passed class name [com.example.Schedulle.auth.UserEntity] is safe
2021-03-14 22:46:03.647 DEBUG 6824 --- [    Test worker] o.h.boot.internal.ClassLoaderAccessImpl  : No temp ClassLoader provided; using live ClassLoader for loading potentially unsafe class : com.example.Schedulle.auth.UserEntity
2021-03-14 22:46:03.650 DEBUG 6824 --- [    Test worker] o.h.cfg.annotations.PropertyBinder       : MetadataSourceProcessor property id with lazy=false
2021-03-14 22:46:03.654 DEBUG 6824 --- [    Test worker] o.hibernate.cfg.AbstractPropertyHolder   : Attempting to locate auto-apply AttributeConverter for property [com.example.Schedulle.auth.UserEntity:id]
2021-03-14 22:46:03.657 DEBUG 6824 --- [    Test worker] o.h.cfg.annotations.SimpleValueBinder    : building SimpleValue for id
2021-03-14 22:46:03.666 DEBUG 6824 --- [    Test worker] o.h.cfg.annotations.PropertyBinder       : Building property id
2021-03-14 22:46:03.672 DEBUG 6824 --- [    Test worker] org.hibernate.cfg.BinderHelper           : #makeIdGenerator(org.hibernate.mapping.SimpleValue([org.hibernate.mapping.Column(id)]), id, identity, , ...)
2021-03-14 22:46:03.673 DEBUG 6824 --- [    Test worker] org.hibernate.cfg.Ejb3Column             : Binding column: Ejb3Column{table=org.hibernate.mapping.Table(public.user), mappingColumn=created_at, insertable=true, updatable=true, unique=false}
2021-03-14 22:46:03.674 DEBUG 6824 --- [    Test worker] o.h.cfg.annotations.PropertyBinder       : MetadataSourceProcessor property createdAt with lazy=false
2021-03-14 22:46:03.674 DEBUG 6824 --- [    Test worker] o.hibernate.cfg.AbstractPropertyHolder   : Attempting to locate auto-apply AttributeConverter for property [com.example.Schedulle.auth.UserEntity:createdAt]
2021-03-14 22:46:03.675 DEBUG 6824 --- [    Test worker] o.h.cfg.annotations.SimpleValueBinder    : building SimpleValue for createdAt
2021-03-14 22:46:03.675 DEBUG 6824 --- [    Test worker] o.h.cfg.annotations.PropertyBinder       : Building property createdAt
2021-03-14 22:46:03.677 DEBUG 6824 --- [    Test worker] org.hibernate.cfg.Ejb3Column             : Binding column: Ejb3Column{table=org.hibernate.mapping.Table(public.user), mappingColumn=file_name, insertable=true, updatable=true, unique=false}
2021-03-14 22:46:03.678 DEBUG 6824 --- [    Test worker] o.h.cfg.annotations.PropertyBinder       : MetadataSourceProcessor property fileName with lazy=false
2021-03-14 22:46:03.678 DEBUG 6824 --- [    Test worker] o.hibernate.cfg.AbstractPropertyHolder   : Attempting to locate auto-apply AttributeConverter for property [com.example.Schedulle.auth.UserEntity:fileName]
2021-03-14 22:46:03.678 DEBUG 6824 --- [    Test worker] o.h.cfg.annotations.SimpleValueBinder    : building SimpleValue for fileName
2021-03-14 22:46:03.678 DEBUG 6824 --- [    Test worker] o.h.cfg.annotations.PropertyBinder       : Building property fileName
2021-03-14 22:46:03.679 DEBUG 6824 --- [    Test worker] org.hibernate.cfg.Ejb3Column             : Binding column: Ejb3Column{table=org.hibernate.mapping.Table(public.user), mappingColumn=mail, insertable=true, updatable=true, unique=false}
2021-03-14 22:46:03.680 DEBUG 6824 --- [    Test worker] o.h.cfg.annotations.PropertyBinder       : MetadataSourceProcessor property mail with lazy=false
2021-03-14 22:46:03.681 DEBUG 6824 --- [    Test worker] o.hibernate.cfg.AbstractPropertyHolder   : Attempting to locate auto-apply AttributeConverter for property [com.example.Schedulle.auth.UserEntity:mail]
2021-03-14 22:46:03.681 DEBUG 6824 --- [    Test worker] o.h.cfg.annotations.SimpleValueBinder    : building SimpleValue for mail
2021-03-14 22:46:03.681 DEBUG 6824 --- [    Test worker] o.h.cfg.annotations.PropertyBinder       : Building property mail
2021-03-14 22:46:03.683 DEBUG 6824 --- [    Test worker] org.hibernate.cfg.Ejb3Column             : Binding column: Ejb3Column{table=org.hibernate.mapping.Table(public.user), mappingColumn=name, insertable=true, updatable=true, unique=false}
2021-03-14 22:46:03.684 DEBUG 6824 --- [    Test worker] o.h.cfg.annotations.PropertyBinder       : MetadataSourceProcessor property name with lazy=false
2021-03-14 22:46:03.685 DEBUG 6824 --- [    Test worker] o.hibernate.cfg.AbstractPropertyHolder   : Attempting to locate auto-apply AttributeConverter for property [com.example.Schedulle.auth.UserEntity:name]
2021-03-14 22:46:03.697 DEBUG 6824 --- [    Test worker] o.h.cfg.annotations.SimpleValueBinder    : building SimpleValue for name
2021-03-14 22:46:03.698 DEBUG 6824 --- [    Test worker] o.h.cfg.annotations.PropertyBinder       : Building property name
2021-03-14 22:46:03.699 DEBUG 6824 --- [    Test worker] org.hibernate.cfg.Ejb3Column             : Binding column: Ejb3Column{table=org.hibernate.mapping.Table(public.user), mappingColumn=password, insertable=true, updatable=true, unique=false}
2021-03-14 22:46:03.699 DEBUG 6824 --- [    Test worker] o.h.cfg.annotations.PropertyBinder       : MetadataSourceProcessor property password with lazy=false
2021-03-14 22:46:03.701 DEBUG 6824 --- [    Test worker] o.hibernate.cfg.AbstractPropertyHolder   : Attempting to locate auto-apply AttributeConverter for property [com.example.Schedulle.auth.UserEntity:password]
2021-03-14 22:46:03.702 DEBUG 6824 --- [    Test worker] o.h.cfg.annotations.SimpleValueBinder    : building SimpleValue for password
2021-03-14 22:46:03.703 DEBUG 6824 --- [    Test worker] o.h.cfg.annotations.PropertyBinder       : Building property password
2021-03-14 22:46:03.706 DEBUG 6824 --- [    Test worker] org.hibernate.cfg.AnnotationBinder       : Binding entity from annotated class: com.example.Schedulle.common.schedulle.SchedulleEntity
2021-03-14 22:46:03.706 DEBUG 6824 --- [    Test worker] org.hibernate.cfg.Ejb3Column             : Binding column: Ejb3DiscriminatorColumn{logicalColumnName'DTYPE', discriminatorTypeName='string'}
2021-03-14 22:46:03.707 DEBUG 6824 --- [    Test worker] o.h.cfg.annotations.EntityBinder         : Import with entity name SchedulleEntity
2021-03-14 22:46:03.707 DEBUG 6824 --- [    Test worker] o.h.cfg.annotations.EntityBinder         : Bind entity com.example.Schedulle.common.schedulle.SchedulleEntity on table schedulle
2021-03-14 22:46:03.734 DEBUG 6824 --- [    Test worker] org.hibernate.cfg.Ejb3Column             : Binding column: Ejb3Column{table=org.hibernate.mapping.Table(public.schedulle), mappingColumn=id, insertable=true, updatable=true, unique=false}
2021-03-14 22:46:03.735 DEBUG 6824 --- [    Test worker] o.h.boot.internal.ClassLoaderAccessImpl  : Not known whether passed class name [com.example.Schedulle.common.schedulle.SchedulleEntity] is safe
2021-03-14 22:46:03.738 DEBUG 6824 --- [    Test worker] o.h.boot.internal.ClassLoaderAccessImpl  : No temp ClassLoader provided; using live ClassLoader for loading potentially unsafe class : com.example.Schedulle.common.schedulle.SchedulleEntity
2021-03-14 22:46:03.740 DEBUG 6824 --- [    Test worker] o.h.cfg.annotations.PropertyBinder       : MetadataSourceProcessor property id with lazy=false
2021-03-14 22:46:03.740 DEBUG 6824 --- [    Test worker] o.hibernate.cfg.AbstractPropertyHolder   : Attempting to locate auto-apply AttributeConverter for property [com.example.Schedulle.common.schedulle.SchedulleEntity:id]
2021-03-14 22:46:03.742 DEBUG 6824 --- [    Test worker] o.h.cfg.annotations.SimpleValueBinder    : building SimpleValue for id
2021-03-14 22:46:03.775 DEBUG 6824 --- [    Test worker] o.h.cfg.annotations.PropertyBinder       : Building property id
2021-03-14 22:46:03.775 DEBUG 6824 --- [    Test worker] org.hibernate.cfg.BinderHelper           : #makeIdGenerator(org.hibernate.mapping.SimpleValue([org.hibernate.mapping.Column(id)]), id, identity, , ...)
2021-03-14 22:46:03.780 DEBUG 6824 --- [    Test worker] org.hibernate.cfg.Ejb3Column             : Binding column: Ejb3Column{table=org.hibernate.mapping.Table(public.schedulle), mappingColumn=date, insertable=true, updatable=true, unique=false}
2021-03-14 22:46:03.782 DEBUG 6824 --- [    Test worker] o.h.cfg.annotations.PropertyBinder       : MetadataSourceProcessor property date with lazy=false
2021-03-14 22:46:03.783 DEBUG 6824 --- [    Test worker] o.hibernate.cfg.AbstractPropertyHolder   : Attempting to locate auto-apply AttributeConverter for property [com.example.Schedulle.common.schedulle.SchedulleEntity:date]
2021-03-14 22:46:03.784 DEBUG 6824 --- [    Test worker] o.h.cfg.annotations.SimpleValueBinder    : building SimpleValue for date
2021-03-14 22:46:03.784 DEBUG 6824 --- [    Test worker] o.h.cfg.annotations.PropertyBinder       : Building property date
2021-03-14 22:46:03.785 DEBUG 6824 --- [    Test worker] org.hibernate.cfg.Ejb3Column             : Binding column: Ejb3Column{table=org.hibernate.mapping.Table(public.schedulle), mappingColumn=e_date, insertable=true, updatable=true, unique=false}
2021-03-14 22:46:03.785 DEBUG 6824 --- [    Test worker] o.h.cfg.annotations.PropertyBinder       : MetadataSourceProcessor property eDate with lazy=false
2021-03-14 22:46:03.785 DEBUG 6824 --- [    Test worker] o.hibernate.cfg.AbstractPropertyHolder   : Attempting to locate auto-apply AttributeConverter for property [com.example.Schedulle.common.schedulle.SchedulleEntity:eDate]
2021-03-14 22:46:03.785 DEBUG 6824 --- [    Test worker] o.h.cfg.annotations.SimpleValueBinder    : building SimpleValue for eDate
2021-03-14 22:46:03.786 DEBUG 6824 --- [    Test worker] o.h.cfg.annotations.PropertyBinder       : Building property eDate
2021-03-14 22:46:03.786 DEBUG 6824 --- [    Test worker] org.hibernate.cfg.Ejb3Column             : Binding column: Ejb3Column{table=org.hibernate.mapping.Table(public.schedulle), mappingColumn=month_value, insertable=true, updatable=true, unique=false}
2021-03-14 22:46:03.786 DEBUG 6824 --- [    Test worker] o.h.cfg.annotations.PropertyBinder       : MetadataSourceProcessor property monthValue with lazy=false
2021-03-14 22:46:03.787 DEBUG 6824 --- [    Test worker] o.hibernate.cfg.AbstractPropertyHolder   : Attempting to locate auto-apply AttributeConverter for property [com.example.Schedulle.common.schedulle.SchedulleEntity:monthValue]
2021-03-14 22:46:03.787 DEBUG 6824 --- [    Test worker] o.h.cfg.annotations.SimpleValueBinder    : building SimpleValue for monthValue
2021-03-14 22:46:03.787 DEBUG 6824 --- [    Test worker] o.h.cfg.annotations.PropertyBinder       : Building property monthValue
2021-03-14 22:46:03.787 DEBUG 6824 --- [    Test worker] org.hibernate.cfg.Ejb3Column             : Binding column: Ejb3Column{table=org.hibernate.mapping.Table(public.schedulle), mappingColumn=s_date, insertable=true, updatable=true, unique=false}
2021-03-14 22:46:03.788 DEBUG 6824 --- [    Test worker] o.h.cfg.annotations.PropertyBinder       : MetadataSourceProcessor property sDate with lazy=false
2021-03-14 22:46:03.788 DEBUG 6824 --- [    Test worker] o.hibernate.cfg.AbstractPropertyHolder   : Attempting to locate auto-apply AttributeConverter for property [com.example.Schedulle.common.schedulle.SchedulleEntity:sDate]
2021-03-14 22:46:03.788 DEBUG 6824 --- [    Test worker] o.h.cfg.annotations.SimpleValueBinder    : building SimpleValue for sDate
2021-03-14 22:46:03.788 DEBUG 6824 --- [    Test worker] o.h.cfg.annotations.PropertyBinder       : Building property sDate
2021-03-14 22:46:03.789 DEBUG 6824 --- [    Test worker] org.hibernate.cfg.Ejb3Column             : Binding column: Ejb3Column{table=org.hibernate.mapping.Table(public.schedulle), mappingColumn=user_id, insertable=true, updatable=true, unique=false}
2021-03-14 22:46:03.789 DEBUG 6824 --- [    Test worker] o.h.cfg.annotations.PropertyBinder       : MetadataSourceProcessor property userId with lazy=false
2021-03-14 22:46:03.789 DEBUG 6824 --- [    Test worker] o.hibernate.cfg.AbstractPropertyHolder   : Attempting to locate auto-apply AttributeConverter for property [com.example.Schedulle.common.schedulle.SchedulleEntity:userId]
2021-03-14 22:46:03.790 DEBUG 6824 --- [    Test worker] o.h.cfg.annotations.SimpleValueBinder    : building SimpleValue for userId
2021-03-14 22:46:03.790 DEBUG 6824 --- [    Test worker] o.h.cfg.annotations.PropertyBinder       : Building property userId
2021-03-14 22:46:03.794 DEBUG 6824 --- [    Test worker] o.h.cfg.annotations.SimpleValueBinder    : Starting fillSimpleValue for id
2021-03-14 22:46:03.795 DEBUG 6824 --- [    Test worker] o.h.cfg.annotations.SimpleValueBinder    : Starting fillSimpleValue for createdAt
2021-03-14 22:46:03.796 DEBUG 6824 --- [    Test worker] o.h.cfg.annotations.SimpleValueBinder    : Starting fillSimpleValue for fileName
2021-03-14 22:46:03.797 DEBUG 6824 --- [    Test worker] o.h.cfg.annotations.SimpleValueBinder    : Starting fillSimpleValue for mail
2021-03-14 22:46:03.797 DEBUG 6824 --- [    Test worker] o.h.cfg.annotations.SimpleValueBinder    : Starting fillSimpleValue for name
2021-03-14 22:46:03.798 DEBUG 6824 --- [    Test worker] o.h.cfg.annotations.SimpleValueBinder    : Starting fillSimpleValue for password
2021-03-14 22:46:03.799 DEBUG 6824 --- [    Test worker] o.h.cfg.annotations.SimpleValueBinder    : Starting fillSimpleValue for id
2021-03-14 22:46:03.800 DEBUG 6824 --- [    Test worker] o.h.cfg.annotations.SimpleValueBinder    : Starting fillSimpleValue for date
2021-03-14 22:46:03.800 DEBUG 6824 --- [    Test worker] o.h.cfg.annotations.SimpleValueBinder    : Starting fillSimpleValue for eDate
2021-03-14 22:46:03.800 DEBUG 6824 --- [    Test worker] o.h.cfg.annotations.SimpleValueBinder    : Starting fillSimpleValue for monthValue
2021-03-14 22:46:03.801 DEBUG 6824 --- [    Test worker] o.h.cfg.annotations.SimpleValueBinder    : Starting fillSimpleValue for sDate
2021-03-14 22:46:03.801 DEBUG 6824 --- [    Test worker] o.h.cfg.annotations.SimpleValueBinder    : Starting fillSimpleValue for userId
2021-03-14 22:46:03.803 DEBUG 6824 --- [    Test worker] org.hibernate.mapping.PrimaryKey         : Forcing column [id] to be non-null as it is part of the primary key for table [user]
2021-03-14 22:46:03.803 DEBUG 6824 --- [    Test worker] org.hibernate.mapping.PrimaryKey         : Forcing column [id] to be non-null as it is part of the primary key for table [schedulle]
2021-03-14 22:46:03.917 DEBUG 6824 --- [onnection adder] com.zaxxer.hikari.pool.HikariPool        : HikariPool-1 - Added connection org.postgresql.jdbc.PgConnection@a1ad539
2021-03-14 22:46:03.917 DEBUG 6824 --- [onnection adder] org.postgresql.Driver                    : Connecting with URL: jdbc:postgresql://localhost:5432/Schedulle
2021-03-14 22:46:03.917 DEBUG 6824 --- [onnection adder] org.postgresql.jdbc.PgConnection         : PostgreSQL JDBC Driver 42.2.18
2021-03-14 22:46:03.917 DEBUG 6824 --- [onnection adder] org.postgresql.jdbc.PgConnection         :   setDefaultFetchSize = 0
2021-03-14 22:46:03.918 DEBUG 6824 --- [onnection adder] org.postgresql.jdbc.PgConnection         :   setPrepareThreshold = 5
2021-03-14 22:46:03.918 DEBUG 6824 --- [onnection adder] o.p.core.v3.ConnectionFactoryImpl        : Trying to establish a protocol version 3 connection to localhost:5432
2021-03-14 22:46:03.919 DEBUG 6824 --- [onnection adder] o.p.core.v3.ConnectionFactoryImpl        : Receive Buffer Size is 65,536
2021-03-14 22:46:03.919 DEBUG 6824 --- [onnection adder] o.p.core.v3.ConnectionFactoryImpl        : Send Buffer Size is 65,536
2021-03-14 22:46:03.975 DEBUG 6824 --- [    Test worker] o.hibernate.internal.SessionFactoryImpl  : Building session factory
2021-03-14 22:46:03.984 DEBUG 6824 --- [    Test worker] org.hibernate.cfg.Settings               : SessionFactory name : null
2021-03-14 22:46:03.986 DEBUG 6824 --- [    Test worker] org.hibernate.cfg.Settings               : Automatic flush during beforeCompletion(): enabled
2021-03-14 22:46:03.987 DEBUG 6824 --- [    Test worker] org.hibernate.cfg.Settings               : Automatic session close at end of transaction: disabled
2021-03-14 22:46:03.989 DEBUG 6824 --- [    Test worker] org.hibernate.cfg.Settings               : Statistics: disabled
2021-03-14 22:46:03.989 DEBUG 6824 --- [    Test worker] org.hibernate.cfg.Settings               : Deleted entity synthetic identifier rollback: disabled
2021-03-14 22:46:03.990 DEBUG 6824 --- [    Test worker] org.hibernate.cfg.Settings               : Default entity-mode: pojo
2021-03-14 22:46:03.990 DEBUG 6824 --- [    Test worker] org.hibernate.cfg.Settings               : Check Nullability in Core (should be disabled when Bean Validation is on): enabled
2021-03-14 22:46:03.991 DEBUG 6824 --- [    Test worker] org.hibernate.cfg.Settings               : Allow initialization of lazy state outside session : disabled
2021-03-14 22:46:03.991 DEBUG 6824 --- [    Test worker] org.hibernate.cfg.Settings               : Using BatchFetchStyle : LEGACY
2021-03-14 22:46:03.992 DEBUG 6824 --- [    Test worker] org.hibernate.cfg.Settings               : Default batch fetch size: -1
2021-03-14 22:46:03.992 DEBUG 6824 --- [    Test worker] org.hibernate.cfg.Settings               : Maximum outer join fetch depth: null
2021-03-14 22:46:03.992 DEBUG 6824 --- [    Test worker] org.hibernate.cfg.Settings               : Default null ordering: NONE
2021-03-14 22:46:03.996 DEBUG 6824 --- [    Test worker] org.hibernate.cfg.Settings               : Order SQL updates by primary key: disabled
2021-03-14 22:46:04.000 DEBUG 6824 --- [    Test worker] org.hibernate.cfg.Settings               : Order SQL inserts for batching: disabled
2021-03-14 22:46:04.000 DEBUG 6824 --- [    Test worker] org.hibernate.cfg.Settings               : multi-tenancy strategy : NONE
2021-03-14 22:46:04.000 DEBUG 6824 --- [    Test worker] org.hibernate.cfg.Settings               : JTA Track by Thread: enabled
2021-03-14 22:46:04.000 DEBUG 6824 --- [    Test worker] org.hibernate.cfg.Settings               : Query language substitutions: {}
2021-03-14 22:46:04.001 DEBUG 6824 --- [    Test worker] org.hibernate.cfg.Settings               : Named query checking : enabled
2021-03-14 22:46:04.001 DEBUG 6824 --- [    Test worker] org.hibernate.cfg.Settings               : Second-level cache: disabled
2021-03-14 22:46:04.002 DEBUG 6824 --- [    Test worker] org.hibernate.cfg.Settings               : Second-level query cache: disabled
2021-03-14 22:46:04.002 DEBUG 6824 --- [    Test worker] org.hibernate.cfg.Settings               : Second-level query cache factory: null
2021-03-14 22:46:04.002 DEBUG 6824 --- [    Test worker] org.hibernate.cfg.Settings               : Second-level cache region prefix: null
2021-03-14 22:46:04.003 DEBUG 6824 --- [    Test worker] org.hibernate.cfg.Settings               : Optimize second-level cache for minimal puts: disabled
2021-03-14 22:46:04.003 DEBUG 6824 --- [    Test worker] org.hibernate.cfg.Settings               : Structured second-level cache entries: disabled
2021-03-14 22:46:04.003 DEBUG 6824 --- [    Test worker] org.hibernate.cfg.Settings               : Second-level cache direct-reference entries: disabled
2021-03-14 22:46:04.003 DEBUG 6824 --- [    Test worker] org.hibernate.cfg.Settings               : Automatic eviction of collection cache: disabled
2021-03-14 22:46:04.004 DEBUG 6824 --- [    Test worker] org.hibernate.cfg.Settings               : JDBC batch size: 15
2021-03-14 22:46:04.004 DEBUG 6824 --- [    Test worker] org.hibernate.cfg.Settings               : JDBC batch updates for versioned data: enabled
2021-03-14 22:46:04.005 DEBUG 6824 --- [    Test worker] org.hibernate.cfg.Settings               : Scrollable result sets: enabled
2021-03-14 22:46:04.006 DEBUG 6824 --- [    Test worker] org.hibernate.cfg.Settings               : Wrap result sets: disabled
2021-03-14 22:46:04.006 DEBUG 6824 --- [    Test worker] org.hibernate.cfg.Settings               : JDBC3 getGeneratedKeys(): enabled
2021-03-14 22:46:04.007 DEBUG 6824 --- [    Test worker] org.hibernate.cfg.Settings               : JDBC result set fetch size: null
2021-03-14 22:46:04.008 DEBUG 6824 --- [    Test worker] org.hibernate.cfg.Settings               : Connection release mode: ON_CLOSE
2021-03-14 22:46:04.008 DEBUG 6824 --- [    Test worker] org.hibernate.cfg.Settings               : Generate SQL with comments: disabled
2021-03-14 22:46:04.009 DEBUG 6824 --- [    Test worker] org.hibernate.cfg.Settings               : JPA compliance - query : disabled
2021-03-14 22:46:04.010 DEBUG 6824 --- [    Test worker] org.hibernate.cfg.Settings               : JPA compliance - closed-handling : disabled
2021-03-14 22:46:04.012 DEBUG 6824 --- [    Test worker] org.hibernate.cfg.Settings               : JPA compliance - lists : disabled
2021-03-14 22:46:04.013 DEBUG 6824 --- [    Test worker] org.hibernate.cfg.Settings               : JPA compliance - transactions : disabled
2021-03-14 22:46:04.039 DEBUG 6824 --- [onnection adder] com.zaxxer.hikari.pool.HikariPool        : HikariPool-1 - Added connection org.postgresql.jdbc.PgConnection@4ef0b3fd
2021-03-14 22:46:04.039 DEBUG 6824 --- [onnection adder] org.postgresql.Driver                    : Connecting with URL: jdbc:postgresql://localhost:5432/Schedulle
2021-03-14 22:46:04.039 DEBUG 6824 --- [onnection adder] org.postgresql.jdbc.PgConnection         : PostgreSQL JDBC Driver 42.2.18
2021-03-14 22:46:04.039 DEBUG 6824 --- [onnection adder] org.postgresql.jdbc.PgConnection         :   setDefaultFetchSize = 0
2021-03-14 22:46:04.040 DEBUG 6824 --- [onnection adder] org.postgresql.jdbc.PgConnection         :   setPrepareThreshold = 5
2021-03-14 22:46:04.040 DEBUG 6824 --- [onnection adder] o.p.core.v3.ConnectionFactoryImpl        : Trying to establish a protocol version 3 connection to localhost:5432
2021-03-14 22:46:04.041 DEBUG 6824 --- [onnection adder] o.p.core.v3.ConnectionFactoryImpl        : Receive Buffer Size is 65,536
2021-03-14 22:46:04.041 DEBUG 6824 --- [onnection adder] o.p.core.v3.ConnectionFactoryImpl        : Send Buffer Size is 65,536
2021-03-14 22:46:04.116 DEBUG 6824 --- [onnection adder] com.zaxxer.hikari.pool.HikariPool        : HikariPool-1 - Added connection org.postgresql.jdbc.PgConnection@3b5abaee
2021-03-14 22:46:04.116 DEBUG 6824 --- [onnection adder] org.postgresql.Driver                    : Connecting with URL: jdbc:postgresql://localhost:5432/Schedulle
2021-03-14 22:46:04.116 DEBUG 6824 --- [onnection adder] org.postgresql.jdbc.PgConnection         : PostgreSQL JDBC Driver 42.2.18
2021-03-14 22:46:04.117 DEBUG 6824 --- [onnection adder] org.postgresql.jdbc.PgConnection         :   setDefaultFetchSize = 0
2021-03-14 22:46:04.117 DEBUG 6824 --- [onnection adder] org.postgresql.jdbc.PgConnection         :   setPrepareThreshold = 5
2021-03-14 22:46:04.117 DEBUG 6824 --- [onnection adder] o.p.core.v3.ConnectionFactoryImpl        : Trying to establish a protocol version 3 connection to localhost:5432
2021-03-14 22:46:04.119 DEBUG 6824 --- [onnection adder] o.p.core.v3.ConnectionFactoryImpl        : Receive Buffer Size is 65,536
2021-03-14 22:46:04.120 DEBUG 6824 --- [onnection adder] o.p.core.v3.ConnectionFactoryImpl        : Send Buffer Size is 65,536
2021-03-14 22:46:04.182 DEBUG 6824 --- [    Test worker] o.h.j.e.i.CallbackBuilderLegacyImpl      : Adding prePersist as PrePersist callback for entity com.example.Schedulle.auth.UserEntity
2021-03-14 22:46:04.214 DEBUG 6824 --- [    Test worker] o.hibernate.internal.SessionFactoryImpl  : Session factory constructed with filter configurations : {}
2021-03-14 22:46:04.216 DEBUG 6824 --- [    Test worker] o.hibernate.internal.SessionFactoryImpl  : Instantiating session factory with properties: {hibernate.id.new_generator_mappings=true, java.specification.version=14, sun.cpu.isalist=amd64, hibernate.resource.beans.container=org.springframework.orm.hibernate5.SpringBeanContainer@528ea4f0, hibernate.connection.handling_mode=DELAYED_ACQUISITION_AND_HOLD, sun.jnu.encoding=MS932, hibernate.dialect=org.hibernate.dialect.PostgreSQL95Dialect, org.gradle.test.worker=1, hibernate.implicit_naming_strategy=org.springframework.boot.orm.jpa.hibernate.SpringImplicitNamingStrategy, java.class.path=C:\\Users\\жде\\.gradle\\caches\\6.8.3\\workerMain\\gradle-worker.jar;C:\\WorkSpace\\workspace_eclipse\\SpringBoot\\ShiftManager\\build\\classes\\java\\test;C:\\WorkSpace\\workspace_eclipse\\SpringBoot\\ShiftManager\\build\\resources\\test;C:\\WorkSpace\\workspace_eclipse\\SpringBoot\\ShiftManager\\build\\classes\\java\\main;C:\\WorkSpace\\workspace_eclipse\\SpringBoot\\ShiftManager\\build\\resources\\main;C:\\Users\\жде\\.gradle\\caches\\modules-2\\files-2.1\\org.springframework.boot\\spring-boot-starter-data-jpa\\2.4.3\\356d18d4bb10915f3d13c845fc38b5c068f2e075\\spring-boot-starter-data-jpa-2.4.3.jar;C:\\Users\\жде\\.gradle\\caches\\modules-2\\files-2.1\\org.springframework.boot\\spring-boot-starter-thymeleaf\\2.4.3\\64fdb078f965cba7e5ec1f04c9fdeee87a4b788d\\spring-boot-starter-thymeleaf-2.4.3.jar;C:\\Users\\жде\\.gradle\\caches\\modules-2\\files-2.1\\org.springframework.boot\\spring-boot-starter-web\\2.4.3\\4f5554ea183af87e52d8c31bb82aada0d74c40b0\\spring-boot-starter-web-2.4.3.jar;C:\\Users\\жде\\.gradle\\caches\\modules-2\\files-2.1\\org.springframework.boot\\spring-boot-starter-security\\2.4.3\\1279b678adb2c991797cec49f83d8f6b8ce14df9\\spring-boot-starter-security-2.4.3.jar;C:\\Users\\жде\\.gradle\\caches\\modules-2\\files-2.1\\org.thymeleaf.extras\\thymeleaf-extras-springsecurity5\\3.0.4.RELEASE\\88bb10bf73ce285208dd848e8eb17f897ebb02d4\\thymeleaf-extras-springsecurity5-3.0.4.RELEASE.jar;C:\\Users\\жде\\.gradle\\caches\\modules-2\\files-2.1\\org.postgresql\\postgresql\\42.2.18\\a0a9c1d43c7727eeaf1b729477891185d3c71751\\postgresql-42.2.18.jar;C:\\Users\\жде\\.gradle\\caches\\modules-2\\files-2.1\\org.springframework.boot\\spring-boot-starter-test\\2.4.3\\f155e7f93ea993031a31aa9f8b6536d2f1102c36\\spring-boot-starter-test-2.4.3.jar;C:\\Users\\жде\\.gradle\\caches\\modules-2\\files-2.1\\org.springframework.security\\spring-security-test\\5.4.5\\af4016e3f149b22e0f6f661b8675e3885f6dbee2\\spring-security-test-5.4.5.jar;C:\\Users\\жде\\.gradle\\caches\\modules-2\\files-2.1\\org.springframework.boot\\spring-boot-starter-aop\\2.4.3\\333593abae74bf7ecc883460751dcc69afb82604\\spring-boot-starter-aop-2.4.3.jar;C:\\Users\\жде\\.gradle\\caches\\modules-2\\files-2.1\\org.springframework.boot\\spring-boot-starter-jdbc\\2.4.3\\2c5853339333cd2b545816d57f12f9d0a0fe6932\\spring-boot-starter-jdbc-2.4.3.jar;C:\\Users\\жде\\.gradle\\caches\\modules-2\\files-2.1\\jakarta.transaction\\jakarta.transaction-api\\1.3.3\\c4179d48720a1e87202115fbed6089bdc4195405\\jakarta.transaction-api-1.3.3.jar;C:\\Users\\жде\\.gradle\\caches\\modules-2\\files-2.1\\jakarta.persistence\\jakarta.persistence-api\\2.2.3\\8f6ea5daedc614f07a3654a455660145286f024e\\jakarta.persistence-api-2.2.3.jar;C:\\Users\\жде\\.gradle\\caches\\modules-2\\files-2.1\\org.hibernate\\hibernate-core\\5.4.28.Final\\c096dbb27f83655ec252165340b532733c58e8fb\\hibernate-core-5.4.28.Final.jar;C:\\Users\\жде\\.gradle\\caches\\modules-2\\files-2.1\\org.springframework.data\\spring-data-jpa\\2.4.5\\73596ed30853bf9338fd8358ec804f0097b6d73b\\spring-data-jpa-2.4.5.jar;C:\\Users\\жде\\.gradle\\caches\\modules-2\\files-2.1\\org.springframework\\spring-aspects\\5.3.4\\ddbef9615d0c71c44e48dc466781963f24fa27cf\\spring-aspects-5.3.4.jar;C:\\Users\\жде\\.gradle\\caches\\modules-2\\files-2.1\\org.springframework.boot\\spring-boot-starter-json\\2.4.3\\7b26abb0a0379a00b58a2a50e010b29cf4f16b80\\spring-boot-starter-json-2.4.3.jar;C:\\Users\\жде\\.gradle\\caches\\modules-2\\files-2.1\\org.springframework.boot\\spring-boot-starter\\2.4.3\\fd8bc0fb5f5aaefb4d6c8b77eb61563aab840c11\\spring-boot-starter-2.4.3.jar;C:\\Users\\жде\\.gradle\\caches\\modules-2\\files-2.1\\org.thymeleaf\\thymeleaf-spring5\\3.0.12.RELEASE\\aa640b214411978a23cbe271c3fb9569d1bda608\\thymeleaf-spring5-3.0.12.RELEASE.jar;C:\\Users\\жде\\.gradle\\caches\\modules-2\\files-2.1\\org.thymeleaf.extras\\thymeleaf-extras-java8time\\3.0.4.RELEASE\\36e7175ddce36c486fff4578b5af7bb32f54f5df\\thymeleaf-extras-java8time-3.0.4.RELEASE.jar;C:\\Users\\жде\\.gradle\\caches\\modules-2\\files-2.1\\org.springframework.boot\\spring-boot-starter-tomcat\\2.4.3\\4ba28aae05a259625e7e92f8e7338c5e1d22de35\\spring-boot-starter-tomcat-2.4.3.jar;C:\\Users\\жде\\.gradle\\caches\\modules-2\\files-2.1\\org.springframework\\spring-webmvc\\5.3.4\\8dd52fbe8eafcc7c80998087ec6635baf7a98c20\\spring-webmvc-5.3.4.jar;C:\\Users\\жде\\.gradle\\caches\\modules-2\\files-2.1\\org.springframework.security\\spring-security-web\\5.4.5\\450d209579c49b4e5373394b23444fa034a8bd3\\spring-security-web-5.4.5.jar;C:\\Users\\жде\\.gradle\\caches\\modules-2\\files-2.1\\org.springframework\\spring-web\\5.3.4\\d93829e24a50ed22e781f2302680a210cac5ee84\\spring-web-5.3.4.jar;C:\\Users\\жде\\.gradle\\caches\\modules-2\\files-2.1\\org.springframework.security\\spring-security-config\\5.4.5\\3835ea09e7bb914249fe03041d3a70d0a23de6cb\\spring-security-config-5.4.5.jar;C:\\Users\\жде\\.gradle\\caches\\modules-2\\files-2.1\\org.springframework.security\\spring-security-core\\5.4.5\\90f805783a261f5cdfaf924e4a5ab418ae026671\\spring-security-core-5.4.5.jar;C:\\Users\\жде\\.gradle\\caches\\modules-2\\files-2.1\\org.springframework.boot\\spring-boot-test-autoconfigure\\2.4.3\\ebd3ca5e9a9dc3968fa6a7833a3dfc4724ac994e\\spring-boot-test-autoconfigure-2.4.3.jar;C:\\Users\\жде\\.gradle\\caches\\modules-2\\files-2.1\\org.springframework.boot\\spring-boot-test\\2.4.3\\82b09a33a121fefadd34f53b3de5bbd1ecc9e71f\\spring-boot-test-2.4.3.jar;C:\\Users\\жде\\.gradle\\caches\\modules-2\\files-2.1\\org.springframework.boot\\spring-boot-autoconfigure\\2.4.3\\2f8e1e682e55f70c8ea557982c7adb1256f41bcf\\spring-boot-autoconfigure-2.4.3.jar;C:\\Users\\жде\\.gradle\\caches\\modules-2\\files-2.1\\org.springframework.boot\\spring-boot\\2.4.3\\de2bd17a8eb9bc3dfa629aa06f2e9fe3bf603c85\\spring-boot-2.4.3.jar;C:\\Users\\жде\\.gradle\\caches\\modules-2\\files-2.1\\org.springframework\\spring-context\\5.3.4\\fbeadeb0e4d272599a938ec345e99e5f9a76e919\\spring-context-5.3.4.jar;C:\\Users\\жде\\.gradle\\caches\\modules-2\\files-2.1\\org.springframework\\spring-aop\\5.3.4\\b7180a6427ab524bc1cbd31bf38dd2182632515f\\spring-aop-5.3.4.jar;C:\\Users\\жде\\.gradle\\caches\\modules-2\\files-2.1\\com.jayway.jsonpath\\json-path\\2.4.0\\765a4401ceb2dc8d40553c2075eb80a8fa35c2ae\\json-path-2.4.0.jar;C:\\Users\\жде\\.gradle\\caches\\modules-2\\files-2.1\\com.zaxxer\\HikariCP\\3.4.5\\aa1a2c00aae8e4ba8308e19940711bb9525b103d\\HikariCP-3.4.5.jar;C:\\Users\\жде\\.gradle\\caches\\modules-2\\files-2.1\\org.springframework.data\\spring-data-commons\\2.4.5\\571945cb8debeb12815cb3bf6554bd5e388935e5\\spring-data-commons-2.4.5.jar;C:\\Users\\жде\\.gradle\\caches\\modules-2\\files-2.1\\org.thymeleaf\\thymeleaf\\3.0.12.RELEASE\\de1865b0d58590a50c33900115a293335dd8ef25\\thymeleaf-3.0.12.RELEASE.jar;C:\\Users\\жде\\.gradle\\caches\\modules-2\\files-2.1\\org.springframework.boot\\spring-boot-starter-logging\\2.4.3\\64687abc2255d18cd6592cbb20fa3bee3379cec8\\spring-boot-starter-logging-2.4.3.jar;C:\\Users\\жде\\.gradle\\caches\\modules-2\\files-2.1\\ch.qos.logback\\logback-classic\\1.2.3\\7c4f3c474fb2c041d8028740440937705ebb473a\\logback-classic-1.2.3.jar;C:\\Users\\жде\\.gradle\\caches\\modules-2\\files-2.1\\org.apache.logging.log4j\\log4j-to-slf4j\\2.13.3\\966f6fd1af4959d6b12bfa880121d4a2b164f857\\log4j-to-slf4j-2.13.3.jar;C:\\Users\\жде\\.gradle\\caches\\modules-2\\files-2.1\\org.slf4j\\jul-to-slf4j\\1.7.30\\d58bebff8cbf70ff52b59208586095f467656c30\\jul-to-slf4j-1.7.30.jar;C:\\Users\\жде\\.gradle\\caches\\modules-2\\files-2.1\\org.slf4j\\slf4j-api\\1.7.30\\b5a4b6d16ab13e34a88fae84c35cd5d68cac922c\\slf4j-api-1.7.30.jar;C:\\Users\\жде\\.gradle\\caches\\modules-2\\files-2.1\\org.checkerframework\\checker-qual\\3.5.0\\2f50520c8abea66fbd8d26e481d3aef5c673b510\\checker-qual-3.5.0.jar;C:\\Users\\жде\\.gradle\\caches\\modules-2\\files-2.1\\org.glassfish.jaxb\\jaxb-runtime\\2.3.3\\c46b68a6e3a2d84ba4eb14c6a8a1a9a7be4048bc\\jaxb-runtime-2.3.3.jar;C:\\Users\\жде\\.gradle\\caches\\modules-2\\files-2.1\\jakarta.xml.bind\\jakarta.xml.bind-api\\2.3.3\\48e3b9cfc10752fba3521d6511f4165bea951801\\jakarta.xml.bind-api-2.3.3.jar;C:\\Users\\жде\\.gradle\\caches\\modules-2\\files-2.1\\org.assertj\\assertj-core\\3.18.1\\aaa02680dd92a568a4278bb40aa4a6305f632ec0\\assertj-core-3.18.1.jar;C:\\Users\\жде\\.gradle\\caches\\modules-2\\files-2.1\\org.hamcrest\\hamcrest\\2.2\\1820c0968dba3a11a1b30669bb1f01978a91dedc\\hamcrest-2.2.jar;C:\\Users\\жде\\.gradle\\caches\\modules-2\\files-2.1\\org.mockito\\mockito-junit-jupiter\\3.6.28\\23149890c3b6047604a682aa3d47151d440e1bfa\\mockito-junit-jupiter-3.6.28.jar;C:\\Users\\жде\\.gradle\\caches\\modules-2\\files-2.1\\org.junit.jupiter\\junit-jupiter-params\\5.7.1\\6f81b3c053433a8a40a378d2b4f056c5c31e50ff\\junit-jupiter-params-5.7.1.jar;C:\\Users\\жде\\.gradle\\caches\\modules-2\\files-2.1\\org.junit.jupiter\\junit-jupiter-engine\\5.7.1\\7fcfa59c5533abb41f86b1408960737eeaf1f49f\\junit-jupiter-engine-5.7.1.jar;C:\\Users\\жде\\.gradle\\caches\\modules-2\\files-2.1\\org.junit.jupiter\\junit-jupiter-api\\5.7.1\\a7261dff44e64aea7f621842eac5977fd6d2412d\\junit-jupiter-api-5.7.1.jar;C:\\Users\\жде\\.gradle\\caches\\modules-2\\files-2.1\\org.junit.platform\\junit-platform-engine\\1.7.1\\d276a968c57f5d60a421dedd1f8b6ca2fae09e86\\junit-platform-engine-1.7.1.jar;C:\\Users\\жде\\.gradle\\caches\\modules-2\\files-2.1\\org.junit.platform\\junit-platform-commons\\1.7.1\\7c49f0074842d07f4335de2389d624a7437d1407\\junit-platform-commons-1.7.1.jar;C:\\Users\\жде\\.gradle\\caches\\modules-2\\files-2.1\\org.junit.jupiter\\junit-jupiter\\5.7.1\\a4a80ea9b0cca47781edcf9f2d4f1f4f7ce9436e\\junit-jupiter-5.7.1.jar;C:\\Users\\жде\\.gradle\\caches\\modules-2\\files-2.1\\org.mockito\\mockito-core\\3.6.28\\ad16f503916da658bd7b805816ae3b296f3eea4c\\mockito-core-3.6.28.jar;C:\\Users\\жде\\.gradle\\caches\\modules-2\\files-2.1\\org.skyscreamer\\jsonassert\\1.5.0\\6c9d5fe2f59da598d9aefc1cfc6528ff3cf32df3\\jsonassert-1.5.0.jar;C:\\Users\\жде\\.gradle\\caches\\modules-2\\files-2.1\\org.springframework\\spring-test\\5.3.4\\aac34687e257733434a1cc6f7a3b3c7de7f055c5\\spring-test-5.3.4.jar;C:\\Users\\жде\\.gradle\\caches\\modules-2\\files-2.1\\org.springframework\\spring-orm\\5.3.4\\fa4d4d624be8303ab75affb5cc5bbaaccb57629d\\spring-orm-5.3.4.jar;C:\\Users\\жде\\.gradle\\caches\\modules-2\\files-2.1\\org.springframework\\spring-jdbc\\5.3.4\\df5dccc508ae9f75f17fcfe6b96ec41e982b9950\\spring-jdbc-5.3.4.jar;C:\\Users\\жде\\.gradle\\caches\\modules-2\\files-2.1\\org.springframework\\spring-tx\\5.3.4\\1c4ab5fa203c54f9d7f8c7bbb3cc201962ccf4ab\\spring-tx-5.3.4.jar;C:\\Users\\жде\\.gradle\\caches\\modules-2\\files-2.1\\org.springframework\\spring-beans\\5.3.4\\ac6c5ea0ba82f555405f74104cf378f8071c6d25\\spring-beans-5.3.4.jar;C:\\Users\\жде\\.gradle\\caches\\modules-2\\files-2.1\\org.springframework\\spring-expression\\5.3.4\\42b71fa955e43a86471509aef14cefe756fc3794\\spring-expression-5.3.4.jar;C:\\Users\\жде\\.gradle\\caches\\modules-2\\files-2.1\\org.springframework\\spring-core\\5.3.4\\46c1f8abd9e02a292c42a257350f365cec152b5d\\spring-core-5.3.4.jar;C:\\Users\\жде\\.gradle\\caches\\modules-2\\files-2.1\\org.xmlunit\\xmlunit-core\\2.7.0\\4d014eac96329c70175116b185749765cee0aad5\\xmlunit-core-2.7.0.jar;C:\\Users\\жде\\.gradle\\caches\\modules-2\\files-2.1\\org.aspectj\\aspectjweaver\\1.9.6\\ee3b73aa16df35179255f17354d9dfd8e7822835\\aspectjweaver-1.9.6.jar;C:\\Users\\жде\\.gradle\\caches\\modules-2\\files-2.1\\org.hibernate.common\\hibernate-commons-annotations\\5.1.2.Final\\e59ffdbc6ad09eeb33507b39ffcf287679a498c8\\hibernate-commons-annotations-5.1.2.Final.jar;C:\\Users\\жде\\.gradle\\caches\\modules-2\\files-2.1\\org.jboss.logging\\jboss-logging\\3.4.1.Final\\40fd4d696c55793e996d1ff3c475833f836c2498\\jboss-logging-3.4.1.Final.jar;C:\\Users\\жде\\.gradle\\caches\\modules-2\\files-2.1\\org.javassist\\javassist\\3.27.0-GA\\f63e6aa899e15eca8fdaa402a79af4c417252213\\javassist-3.27.0-GA.jar;C:\\Users\\жде\\.gradle\\caches\\modules-2\\files-2.1\\net.bytebuddy\\byte-buddy\\1.10.20\\c5d2d12c75c5d52f8df33f4211e6dbd05a42b117\\byte-buddy-1.10.20.jar;C:\\Users\\жде\\.gradle\\caches\\modules-2\\files-2.1\\antlr\\antlr\\2.7.7\\83cd2cd674a217ade95a4bb83a8a14f351f48bd0\\antlr-2.7.7.jar;C:\\Users\\жде\\.gradle\\caches\\modules-2\\files-2.1\\org.jboss\\jandex\\2.2.3.Final\\d3865101f0666b63586683bd811d754517f331ab\\jandex-2.2.3.Final.jar;C:\\Users\\жде\\.gradle\\caches\\modules-2\\files-2.1\\com.fasterxml\\classmate\\1.5.1\\3fe0bed568c62df5e89f4f174c101eab25345b6c\\classmate-1.5.1.jar;C:\\Users\\жде\\.gradle\\caches\\modules-2\\files-2.1\\org.dom4j\\dom4j\\2.1.3\\a75914155a9f5808963170ec20653668a2ffd2fd\\dom4j-2.1.3.jar;C:\\Users\\жде\\.gradle\\caches\\modules-2\\files-2.1\\jakarta.annotation\\jakarta.annotation-api\\1.3.5\\59eb84ee0d616332ff44aba065f3888cf002cd2d\\jakarta.annotation-api-1.3.5.jar;C:\\Users\\жде\\.gradle\\caches\\modules-2\\files-2.1\\org.yaml\\snakeyaml\\1.27\\359d62567480b07a679dc643f82fc926b100eed5\\snakeyaml-1.27.jar;C:\\Users\\жде\\.gradle\\caches\\modules-2\\files-2.1\\com.fasterxml.jackson.datatype\\jackson-datatype-jdk8\\2.11.4\\e1540dea3c6c681ea4e335a960f730861ee3bedb\\jackson-datatype-jdk8-2.11.4.jar;C:\\Users\\жде\\.gradle\\caches\\modules-2\\files-2.1\\com.fasterxml.jackson.datatype\\jackson-datatype-jsr310\\2.11.4\\ce6fc76bba06623720e5a9308386b6ae74753f4d\\jackson-datatype-jsr310-2.11.4.jar;C:\\Users\\жде\\.gradle\\caches\\modules-2\\files-2.1\\com.fasterxml.jackson.module\\jackson-module-parameter-names\\2.11.4\\432e050d79f2282a66c320375d628f1b0842cb12\\jackson-module-parameter-names-2.11.4.jar;C:\\Users\\жде\\.gradle\\caches\\modules-2\\files-2.1\\com.fasterxml.jackson.core\\jackson-databind\\2.11.4\\5d9f3d441f99d721b957e3497f0a6465c764fad4\\jackson-databind-2.11.4.jar;C:\\Users\\жде\\.gradle\\caches\\modules-2\\files-2.1\\org.apache.tomcat.embed\\tomcat-embed-websocket\\9.0.43\\78232648dde1a5fd5093f0a3999e593d208e2eab\\tomcat-embed-websocket-9.0.43.jar;C:\\Users\\жде\\.gradle\\caches\\modules-2\\files-2.1\\org.apache.tomcat.embed\\tomcat-embed-core\\9.0.43\\1d102277426bdd5b12f048731a91665bb69347d1\\tomcat-embed-core-9.0.43.jar;C:\\Users\\жде\\.gradle\\caches\\modules-2\\files-2.1\\org.glassfish\\jakarta.el\\3.0.3\\dab46ee1ee23f7197c13d7c40fce14817c9017df\\jakarta.el-3.0.3.jar;C:\\Users\\жде\\.gradle\\caches\\modules-2\\files-2.1\\net.minidev\\json-smart\\2.3\\7396407491352ce4fa30de92efb158adb76b5b\\json-smart-2.3.jar;C:\\Users\\жде\\.gradle\\caches\\modules-2\\files-2.1\\jakarta.activation\\jakarta.activation-api\\1.2.2\\99f53adba383cb1bf7c3862844488574b559621f\\jakarta.activation-api-1.2.2.jar;C:\\Users\\жде\\.gradle\\caches\\modules-2\\files-2.1\\net.bytebuddy\\byte-buddy-agent\\1.10.20\\8391bfea9da53fd92edd4a453571ef70b3aae09f\\byte-buddy-agent-1.10.20.jar;C:\\Users\\жде\\.gradle\\caches\\modules-2\\files-2.1\\org.objenesis\\objenesis\\3.1\\48f12deaae83a8dfc3775d830c9fd60ea59bbbca\\objenesis-3.1.jar;C:\\Users\\жде\\.gradle\\caches\\modules-2\\files-2.1\\com.vaadin.external.google\\android-json\\0.0.20131108.vaadin1\\fa26d351fe62a6a17f5cda1287c1c6110dec413f\\android-json-0.0.20131108.vaadin1.jar;C:\\Users\\жде\\.gradle\\caches\\modules-2\\files-2.1\\org.springframework\\spring-jcl\\5.3.4\\ca012eb4e9e57f767aa9d5e51fe9a09b28140808\\spring-jcl-5.3.4.jar;C:\\Users\\жде\\.gradle\\caches\\modules-2\\files-2.1\\org.glassfish.jaxb\\txw2\\2.3.3\\12f70b0ea4fc1ad45315e842f63f7c9a46f46530\\txw2-2.3.3.jar;C:\\Users\\жде\\.gradle\\caches\\modules-2\\files-2.1\\com.sun.istack\\istack-commons-runtime\\3.0.11\\4293b5f4e4e89d598f62bb2ba73b32132e7c3a27\\istack-commons-runtime-3.0.11.jar;C:\\Users\\жде\\.gradle\\caches\\modules-2\\files-2.1\\com.sun.activation\\jakarta.activation\\1.2.2\\74548703f9851017ce2f556066659438019e7eb5\\jakarta.activation-1.2.2.jar;C:\\Users\\жде\\.gradle\\caches\\modules-2\\files-2.1\\org.attoparser\\attoparser\\2.0.5.RELEASE\\a93ad36df9560de3a5312c1d14f69d938099fa64\\attoparser-2.0.5.RELEASE.jar;C:\\Users\\жде\\.gradle\\caches\\modules-2\\files-2.1\\org.unbescape\\unbescape\\1.1.6.RELEASE\\7b90360afb2b860e09e8347112800d12c12b2a13\\unbescape-1.1.6.RELEASE.jar;C:\\Users\\жде\\.gradle\\caches\\modules-2\\files-2.1\\com.fasterxml.jackson.core\\jackson-annotations\\2.11.4\\2c3f5c079330f3a01726686a078979420f547ae4\\jackson-annotations-2.11.4.jar;C:\\Users\\жде\\.gradle\\caches\\modules-2\\files-2.1\\com.fasterxml.jackson.core\\jackson-core\\2.11.4\\593f7b18bab07a76767f181e2a2336135ce82cc4\\jackson-core-2.11.4.jar;C:\\Users\\жде\\.gradle\\caches\\modules-2\\files-2.1\\net.minidev\\accessors-smart\\1.2\\c592b500269bfde36096641b01238a8350f8aa31\\accessors-smart-1.2.jar;C:\\Users\\жде\\.gradle\\caches\\modules-2\\files-2.1\\org.apiguardian\\apiguardian-api\\1.1.0\\fc9dff4bb36d627bdc553de77e1f17efd790876c\\apiguardian-api-1.1.0.jar;C:\\Users\\жде\\.gradle\\caches\\modules-2\\files-2.1\\org.opentest4j\\opentest4j\\1.2.0\\28c11eb91f9b6d8e200631d46e20a7f407f2a046\\opentest4j-1.2.0.jar;C:\\Users\\жде\\.gradle\\caches\\modules-2\\files-2.1\\ch.qos.logback\\logback-core\\1.2.3\\864344400c3d4d92dfeb0a305dc87d953677c03c\\logback-core-1.2.3.jar;C:\\Users\\жде\\.gradle\\caches\\modules-2\\files-2.1\\org.apache.logging.log4j\\log4j-api\\2.13.3\\ec1508160b93d274b1add34419b897bae84c6ca9\\log4j-api-2.13.3.jar;C:\\Users\\жде\\.gradle\\caches\\modules-2\\files-2.1\\org.ow2.asm\\asm\\5.0.4\\da08b8cce7bbf903602a25a3a163ae252435795\\asm-5.0.4.jar, java.vm.vendor=Oracle Corporation, sun.arch.data.model=64, user.variant=, java.vendor.url=https://java.oracle.com/, user.timezone=Asia/Tokyo, java.vm.specification.version=14, os.name=Windows 10, javax.persistence.validation.mode=AUTO, user.country=JP, sun.java.launcher=SUN_STANDARD, sun.boot.library.path=C:\Program Files\Java\jdk-14.0.1\bin, sun.java.command=worker.org.gradle.process.internal.worker.GradleWorkerMain 'Gradle Test Executor 1', javax.persistence.nonJtaDataSource=HikariDataSource (HikariPool-1), hibernate.transaction.jta.platform=org.hibernate.engine.transaction.jta.platform.internal.NoJtaPlatform@4491f91b, javax.persistence.sharedCache.mode=UNSPECIFIED, jdk.debug=release, sun.cpu.endian=little, user.home=C:\Users\жде, user.language=ja, java.specification.vendor=Oracle Corporation, org.gradle.native=false, java.version.date=2020-04-14, java.home=C:\Program Files\Java\jdk-14.0.1, file.separator=\, java.vm.compressedOopsMode=32-bit, line.separator=
, java.vm.specification.vendor=Oracle Corporation, java.specification.name=Java Platform API Specification, FILE_LOG_CHARSET=windows-31j, hibernate.transaction.coordinator_class=class org.hibernate.resource.transaction.backend.jdbc.internal.JdbcResourceLocalTransactionCoordinatorBuilderImpl, java.awt.headless=true, hibernate.hbm2ddl.auto=create, user.script=, sun.management.compiler=HotSpot 64-Bit Tiered Compilers, java.runtime.version=14.0.1+7, user.name=жде, path.separator=;, os.version=10.0, java.runtime.name=Java(TM) SE Runtime Environment, file.encoding=windows-31j, hibernate.ejb.persistenceUnitName=default, spring.beaninfo.ignore=true, java.vm.name=Java HotSpot(TM) 64-Bit Server VM, java.vendor.url.bug=https://bugreport.java.com/bugreport/, java.io.tmpdir=C:\Users\жде\AppData\Local\Temp\, java.version=14.0.1, hibernate.physical_naming_strategy=org.springframework.boot.orm.jpa.hibernate.SpringPhysicalNamingStrategy, user.dir=C:\WorkSpace\workspace_eclipse\SpringBoot\ShiftManager, os.arch=amd64, java.vm.specification.name=Java Virtual Machine Specification, PID=6824, sun.os.patch.level=, CONSOLE_LOG_CHARSET=windows-31j, hibernate.boot.CfgXmlAccessService.key=org.hibernate.boot.registry.StandardServiceRegistryBuilder$1@5e7f070, java.library.path=C:\Program Files\Java\jdk-14.0.1\bin;C:\WINDOWS\Sun\Java\bin;C:\WINDOWS\system32;C:\WINDOWS;C:\Users\жде\bin;C:\Program Files\Git\mingw64\bin;C:\Program Files\Git\usr\local\bin;C:\Program Files\Git\usr\bin;C:\Program Files\Git\usr\bin;C:\Program Files\Git\mingw64\bin;C:\Program Files\Git\usr\bin;C:\Users\жде\bin;C:\Program Files\Java\jdk-14.0.1\bin;C:\Program Files\Microsoft MPI\Bin;C:\WINDOWS\system32;C:\WINDOWS;C:\WINDOWS\System32\Wbem;C:\WINDOWS\System32\WindowsPowerShell\v1.0;C:\WINDOWS\System32\OpenSSH;C:\MinGW\bin;C:\MinGW\msys\1.0\bin;C:\Program Files\dotnet;C:\Program Files\Microsoft SQL Server\130\Tools\Binn;C:\Program Files\Microsoft SQL Server\Client SDK\ODBC\170\Tools\Binn;C:\Program Files\Microsoft\Web Platform Installer;C:\Program Files\MATLAB\R2020b\bin;C:\WINDOWS\system32;C:\WINDOWS;C:\WINDOWS\System32\Wbem;C:\WINDOWS\System32\WindowsPowerShell\v1.0;C:\WINDOWS\System32\OpenSSH;C:\Program Files\Git\cmd;C:\Users\жде\AppData\Local\Programs\Python\Python39\Scripts;C:\Users\жде\AppData\Local\Programs\Python\Python39;C:\MinGW\bin;C:\Users\жде\AppData\Local\atom\bin;C:\xampp\mysql\bin;C:\Program Files\JetBrains\PyCharm Community Edition 2020.2.1\bin;C:\Users\жде\.dotnet\tools;C:\Users\жде\AppData\Local\Programs\Microsoft VS Code\bin;C:\Users\жде\AppData\Local\Microsoft\WindowsApps;C:\Program Files\PostgreSQL\11\bin;C:\Program Files\heroku\bin;C:\gradle-6.8.3-all\gradle-6.8.3\bin;C:\Program Files\Git\usr\bin\vendor_perl;C:\Program Files\Git\usr\bin\core_perl;., java.vendor=Oracle Corporation, java.vm.info=mixed mode, sharing, java.vm.version=14.0.1+7, hibernate.bytecode.use_reflection_optimizer=false, sun.io.unicode.encoding=UnicodeLittle, hibernate.archive.scanner=org.hibernate.boot.archive.scan.internal.DisabledScanner, hibernate.connection.datasource=HikariDataSource (HikariPool-1), java.class.version=58.0}
2021-03-14 22:46:04.241 DEBUG 6824 --- [onnection adder] com.zaxxer.hikari.pool.HikariPool        : HikariPool-1 - Added connection org.postgresql.jdbc.PgConnection@365a8299
2021-03-14 22:46:04.241 DEBUG 6824 --- [onnection adder] org.postgresql.Driver                    : Connecting with URL: jdbc:postgresql://localhost:5432/Schedulle
2021-03-14 22:46:04.241 DEBUG 6824 --- [onnection adder] org.postgresql.jdbc.PgConnection         : PostgreSQL JDBC Driver 42.2.18
2021-03-14 22:46:04.242 DEBUG 6824 --- [onnection adder] org.postgresql.jdbc.PgConnection         :   setDefaultFetchSize = 0
2021-03-14 22:46:04.242 DEBUG 6824 --- [onnection adder] org.postgresql.jdbc.PgConnection         :   setPrepareThreshold = 5
2021-03-14 22:46:04.242 DEBUG 6824 --- [onnection adder] o.p.core.v3.ConnectionFactoryImpl        : Trying to establish a protocol version 3 connection to localhost:5432
2021-03-14 22:46:04.243 DEBUG 6824 --- [onnection adder] o.p.core.v3.ConnectionFactoryImpl        : Receive Buffer Size is 65,536
2021-03-14 22:46:04.244 DEBUG 6824 --- [onnection adder] o.p.core.v3.ConnectionFactoryImpl        : Send Buffer Size is 65,536
2021-03-14 22:46:04.273 DEBUG 6824 --- [    Test worker] org.hibernate.secure.spi.JaccIntegrator  : Skipping JACC integration as it was not enabled
2021-03-14 22:46:04.275 DEBUG 6824 --- [    Test worker] o.hibernate.internal.SessionFactoryImpl  : Instantiated session factory
2021-03-14 22:46:04.276 DEBUG 6824 --- [    Test worker] o.h.type.spi.TypeConfiguration$Scope     : Scoping TypeConfiguration [org.hibernate.type.spi.TypeConfiguration@6807f47f] to SessionFactoryImpl [org.hibernate.internal.SessionFactoryImpl@361035fc]
2021-03-14 22:46:04.342 DEBUG 6824 --- [onnection adder] com.zaxxer.hikari.pool.HikariPool        : HikariPool-1 - Added connection org.postgresql.jdbc.PgConnection@6a352a76
2021-03-14 22:46:04.342 DEBUG 6824 --- [onnection adder] org.postgresql.Driver                    : Connecting with URL: jdbc:postgresql://localhost:5432/Schedulle
2021-03-14 22:46:04.342 DEBUG 6824 --- [onnection adder] org.postgresql.jdbc.PgConnection         : PostgreSQL JDBC Driver 42.2.18
2021-03-14 22:46:04.343 DEBUG 6824 --- [onnection adder] org.postgresql.jdbc.PgConnection         :   setDefaultFetchSize = 0
2021-03-14 22:46:04.343 DEBUG 6824 --- [onnection adder] org.postgresql.jdbc.PgConnection         :   setPrepareThreshold = 5
2021-03-14 22:46:04.343 DEBUG 6824 --- [onnection adder] o.p.core.v3.ConnectionFactoryImpl        : Trying to establish a protocol version 3 connection to localhost:5432
2021-03-14 22:46:04.345 DEBUG 6824 --- [onnection adder] o.p.core.v3.ConnectionFactoryImpl        : Receive Buffer Size is 65,536
2021-03-14 22:46:04.346 DEBUG 6824 --- [onnection adder] o.p.core.v3.ConnectionFactoryImpl        : Send Buffer Size is 65,536
2021-03-14 22:46:04.424 DEBUG 6824 --- [    Test worker] o.h.boot.internal.ClassLoaderAccessImpl  : Not known whether passed class name [com.example.Schedulle.common.schedulle.SchedulleEntity] is safe
2021-03-14 22:46:04.425 DEBUG 6824 --- [    Test worker] o.h.boot.internal.ClassLoaderAccessImpl  : No temp ClassLoader provided; using live ClassLoader for loading potentially unsafe class : com.example.Schedulle.common.schedulle.SchedulleEntity
2021-03-14 22:46:04.436 DEBUG 6824 --- [onnection adder] com.zaxxer.hikari.pool.HikariPool        : HikariPool-1 - Added connection org.postgresql.jdbc.PgConnection@21110396
2021-03-14 22:46:04.436 DEBUG 6824 --- [onnection adder] com.zaxxer.hikari.pool.HikariPool        : HikariPool-1 - After adding stats (total=10, active=0, idle=10, waiting=0)
2021-03-14 22:46:04.806 DEBUG 6824 --- [    Test worker] o.h.boot.internal.ClassLoaderAccessImpl  : Not known whether passed class name [com.example.Schedulle.auth.UserEntity] is safe
2021-03-14 22:46:04.806 DEBUG 6824 --- [    Test worker] o.h.boot.internal.ClassLoaderAccessImpl  : No temp ClassLoader provided; using live ClassLoader for loading potentially unsafe class : com.example.Schedulle.auth.UserEntity
2021-03-14 22:46:04.857 DEBUG 6824 --- [    Test worker] o.h.p.entity.AbstractEntityPersister     : Static SQL for entity: com.example.Schedulle.common.schedulle.SchedulleEntity
2021-03-14 22:46:04.857 DEBUG 6824 --- [    Test worker] o.h.p.entity.AbstractEntityPersister     :  Version select: select id from public.schedulle where id =?
2021-03-14 22:46:04.857 DEBUG 6824 --- [    Test worker] o.h.p.entity.AbstractEntityPersister     :  Snapshot select: select schedullee_.id, schedullee_.date as date2_0_, schedullee_.e_date as e_date3_0_, schedullee_.month_value as month_va4_0_, schedullee_.s_date as s_date5_0_, schedullee_.user_id as user_id6_0_ from public.schedulle schedullee_ where schedullee_.id=?
2021-03-14 22:46:04.857 DEBUG 6824 --- [    Test worker] o.h.p.entity.AbstractEntityPersister     :  Insert 0: insert into public.schedulle (date, e_date, month_value, s_date, user_id, id) values (?, ?, ?, ?, ?, ?)
2021-03-14 22:46:04.857 DEBUG 6824 --- [    Test worker] o.h.p.entity.AbstractEntityPersister     :  Update 0: update public.schedulle set date=?, e_date=?, month_value=?, s_date=?, user_id=? where id=?
2021-03-14 22:46:04.858 DEBUG 6824 --- [    Test worker] o.h.p.entity.AbstractEntityPersister     :  Delete 0: delete from public.schedulle where id=?
2021-03-14 22:46:04.858 DEBUG 6824 --- [    Test worker] o.h.p.entity.AbstractEntityPersister     :  Identity insert: insert into public.schedulle (date, e_date, month_value, s_date, user_id) values (?, ?, ?, ?, ?)
2021-03-14 22:46:04.906 DEBUG 6824 --- [    Test worker] o.h.l.p.b.i.spaces.QuerySpacesImpl       : Adding QuerySpace : uid = <gen:0> -> org.hibernate.loader.plan.build.internal.spaces.EntityQuerySpaceImpl@a6e83c8]
2021-03-14 22:46:04.907 DEBUG 6824 --- [    Test worker] o.h.p.walking.spi.MetamodelGraphWalker   : Visiting attribute path : date
2021-03-14 22:46:04.907 DEBUG 6824 --- [    Test worker] o.h.p.walking.spi.MetamodelGraphWalker   : Visiting attribute path : eDate
2021-03-14 22:46:04.907 DEBUG 6824 --- [    Test worker] o.h.p.walking.spi.MetamodelGraphWalker   : Visiting attribute path : monthValue
2021-03-14 22:46:04.907 DEBUG 6824 --- [    Test worker] o.h.p.walking.spi.MetamodelGraphWalker   : Visiting attribute path : sDate
2021-03-14 22:46:04.907 DEBUG 6824 --- [    Test worker] o.h.p.walking.spi.MetamodelGraphWalker   : Visiting attribute path : userId
2021-03-14 22:46:04.908 DEBUG 6824 --- [    Test worker] lanBuildingAssociationVisitationStrategy : Building LoadPlan...
2021-03-14 22:46:04.922 DEBUG 6824 --- [    Test worker] h.l.p.e.i.LoadQueryJoinAndFetchProcessor : processing queryspace <gen:0>
2021-03-14 22:46:04.926 DEBUG 6824 --- [    Test worker] o.h.l.p.build.spi.LoadPlanTreePrinter    : LoadPlan(entity=com.example.Schedulle.common.schedulle.SchedulleEntity)
    - Returns
       - EntityReturnImpl(entity=com.example.Schedulle.common.schedulle.SchedulleEntity, querySpaceUid=<gen:0>, path=com.example.Schedulle.common.schedulle.SchedulleEntity)
    - QuerySpaces
       - EntityQuerySpaceImpl(uid=<gen:0>, entity=com.example.Schedulle.common.schedulle.SchedulleEntity)
          - SQL table alias mapping - schedullee0_
          - alias suffix - 0_
          - suffixed key columns - {id1_0_0_}

2021-03-14 22:46:04.933 DEBUG 6824 --- [    Test worker] o.h.loader.entity.plan.EntityLoader      : Static select for entity com.example.Schedulle.common.schedulle.SchedulleEntity [NONE]: select schedullee0_.id as id1_0_0_, schedullee0_.date as date2_0_0_, schedullee0_.e_date as e_date3_0_0_, schedullee0_.month_value as month_va4_0_0_, schedullee0_.s_date as s_date5_0_0_, schedullee0_.user_id as user_id6_0_0_ from public.schedulle schedullee0_ where schedullee0_.id=?
2021-03-14 22:46:04.934 DEBUG 6824 --- [    Test worker] o.h.p.entity.AbstractEntityPersister     : Static SQL for entity: com.example.Schedulle.auth.UserEntity
2021-03-14 22:46:04.934 DEBUG 6824 --- [    Test worker] o.h.p.entity.AbstractEntityPersister     :  Version select: select id from public.user where id =?
2021-03-14 22:46:04.934 DEBUG 6824 --- [    Test worker] o.h.p.entity.AbstractEntityPersister     :  Snapshot select: select userentity_.id, userentity_.created_at as created_2_1_, userentity_.file_name as file_nam3_1_, userentity_.mail as mail4_1_, userentity_.name as name5_1_, userentity_.password as password6_1_ from public.user userentity_ where userentity_.id=?
2021-03-14 22:46:04.934 DEBUG 6824 --- [    Test worker] o.h.p.entity.AbstractEntityPersister     :  Insert 0: insert into public.user (created_at, file_name, mail, name, password, id) values (?, ?, ?, ?, ?, ?)
2021-03-14 22:46:04.934 DEBUG 6824 --- [    Test worker] o.h.p.entity.AbstractEntityPersister     :  Update 0: update public.user set created_at=?, file_name=?, mail=?, name=?, password=? where id=?
2021-03-14 22:46:04.934 DEBUG 6824 --- [    Test worker] o.h.p.entity.AbstractEntityPersister     :  Delete 0: delete from public.user where id=?
2021-03-14 22:46:04.934 DEBUG 6824 --- [    Test worker] o.h.p.entity.AbstractEntityPersister     :  Identity insert: insert into public.user (created_at, file_name, mail, name, password) values (?, ?, ?, ?, ?)
2021-03-14 22:46:04.935 DEBUG 6824 --- [    Test worker] o.h.l.p.b.i.spaces.QuerySpacesImpl       : Adding QuerySpace : uid = <gen:0> -> org.hibernate.loader.plan.build.internal.spaces.EntityQuerySpaceImpl@ac0a01e]
2021-03-14 22:46:04.935 DEBUG 6824 --- [    Test worker] o.h.p.walking.spi.MetamodelGraphWalker   : Visiting attribute path : createdAt
2021-03-14 22:46:04.935 DEBUG 6824 --- [    Test worker] o.h.p.walking.spi.MetamodelGraphWalker   : Visiting attribute path : fileName
2021-03-14 22:46:04.935 DEBUG 6824 --- [    Test worker] o.h.p.walking.spi.MetamodelGraphWalker   : Visiting attribute path : mail
2021-03-14 22:46:04.935 DEBUG 6824 --- [    Test worker] o.h.p.walking.spi.MetamodelGraphWalker   : Visiting attribute path : name
2021-03-14 22:46:04.935 DEBUG 6824 --- [    Test worker] o.h.p.walking.spi.MetamodelGraphWalker   : Visiting attribute path : password
2021-03-14 22:46:04.935 DEBUG 6824 --- [    Test worker] lanBuildingAssociationVisitationStrategy : Building LoadPlan...
2021-03-14 22:46:04.936 DEBUG 6824 --- [    Test worker] h.l.p.e.i.LoadQueryJoinAndFetchProcessor : processing queryspace <gen:0>
2021-03-14 22:46:04.936 DEBUG 6824 --- [    Test worker] o.h.l.p.build.spi.LoadPlanTreePrinter    : LoadPlan(entity=com.example.Schedulle.auth.UserEntity)
    - Returns
       - EntityReturnImpl(entity=com.example.Schedulle.auth.UserEntity, querySpaceUid=<gen:0>, path=com.example.Schedulle.auth.UserEntity)
    - QuerySpaces
       - EntityQuerySpaceImpl(uid=<gen:0>, entity=com.example.Schedulle.auth.UserEntity)
          - SQL table alias mapping - userentity0_
          - alias suffix - 0_
          - suffixed key columns - {id1_1_0_}

2021-03-14 22:46:04.936 DEBUG 6824 --- [    Test worker] o.h.loader.entity.plan.EntityLoader      : Static select for entity com.example.Schedulle.auth.UserEntity [NONE]: select userentity0_.id as id1_1_0_, userentity0_.created_at as created_2_1_0_, userentity0_.file_name as file_nam3_1_0_, userentity0_.mail as mail4_1_0_, userentity0_.name as name5_1_0_, userentity0_.password as password6_1_0_ from public.user userentity0_ where userentity0_.id=?
2021-03-14 22:46:04.999 DEBUG 6824 --- [    Test worker] org.hibernate.SQL                        : drop table if exists public.schedulle cascade
2021-03-14 22:46:05.007 DEBUG 6824 --- [    Test worker] org.hibernate.SQL                        : drop table if exists public.user cascade
2021-03-14 22:46:05.020 DEBUG 6824 --- [    Test worker] org.hibernate.SQL                        : create table public.schedulle (id  serial not null, date int4 not null, e_date time not null, month_value int4 not null, s_date time not null, user_id int4 not null, primary key (id))
2021-03-14 22:46:05.050 DEBUG 6824 --- [    Test worker] org.hibernate.SQL                        : create table public.user (id  serial not null, created_at timestamp, file_name varchar(255), mail varchar(255) not null, name varchar(255) not null, password varchar(255) not null, primary key (id))
2021-03-14 22:46:05.113  INFO 6824 --- [    Test worker] o.h.e.t.j.p.i.JtaPlatformInitiator       : HHH000490: Using JtaPlatform implementation: [org.hibernate.engine.transaction.jta.platform.internal.NoJtaPlatform]
2021-03-14 22:46:05.116 DEBUG 6824 --- [    Test worker] o.h.query.spi.NamedQueryRepository       : Checking 0 named HQL queries
2021-03-14 22:46:05.116 DEBUG 6824 --- [    Test worker] o.h.query.spi.NamedQueryRepository       : Checking 0 named SQL queries
2021-03-14 22:46:05.128 DEBUG 6824 --- [    Test worker] o.h.internal.SessionFactoryRegistry      : Initializing SessionFactoryRegistry : org.hibernate.internal.SessionFactoryRegistry@20184866
2021-03-14 22:46:05.129 DEBUG 6824 --- [    Test worker] o.h.internal.SessionFactoryRegistry      : Registering SessionFactory: 5e77e034-9aca-4f81-98ce-dd0b505f3c8b (<unnamed>)
2021-03-14 22:46:05.129 DEBUG 6824 --- [    Test worker] o.h.internal.SessionFactoryRegistry      : Not binding SessionFactory to JNDI, no JNDI name configured
2021-03-14 22:46:05.132  INFO 6824 --- [    Test worker] j.LocalContainerEntityManagerFactoryBean : Initialized JPA EntityManagerFactory for persistence unit 'default'
2021-03-14 22:46:05.141 DEBUG 6824 --- [    Test worker] o.s.b.f.s.DefaultListableBeanFactory     : Creating shared instance of singleton bean 'delegatingApplicationListener'
2021-03-14 22:46:05.151 DEBUG 6824 --- [    Test worker] o.s.b.f.s.DefaultListableBeanFactory     : Creating shared instance of singleton bean 'schedulleApplication'
2021-03-14 22:46:05.161 DEBUG 6824 --- [    Test worker] o.s.b.f.s.DefaultListableBeanFactory     : Creating shared instance of singleton bean 'userService'
2021-03-14 22:46:05.171 DEBUG 6824 --- [    Test worker] o.s.b.f.s.DefaultListableBeanFactory     : Creating shared instance of singleton bean 'userRepostitory'
2021-03-14 22:46:05.387 DEBUG 6824 --- [    Test worker] o.s.b.f.s.DefaultListableBeanFactory     : Creating shared instance of singleton bean 'jpaMappingContext'
2021-03-14 22:46:05.408 DEBUG 6824 --- [    Test worker] .c.JpaMetamodelMappingContextFactoryBean : Initializing JpaMetamodelMappingContextРђд
2021-03-14 22:46:05.439 DEBUG 6824 --- [    Test worker] .c.JpaMetamodelMappingContextFactoryBean : Finished initializing JpaMetamodelMappingContext!
2021-03-14 22:46:05.489 DEBUG 6824 --- [    Test worker] tor$SharedEntityManagerInvocationHandler : Creating new EntityManager for shared EntityManager invocation
2021-03-14 22:46:05.582 DEBUG 6824 --- [    Test worker] o.h.stat.internal.StatisticsInitiator    : Statistics initialized [enabled=false]
2021-03-14 22:46:05.593 DEBUG 6824 --- [    Test worker] tor$SharedEntityManagerInvocationHandler : Creating new EntityManager for shared EntityManager invocation
2021-03-14 22:46:05.680 DEBUG 6824 --- [    Test worker] o.s.d.r.c.s.RepositoryFactorySupport     : Initializing repository instance for com.example.Schedulle.auth.UserRepostitoryРђд
2021-03-14 22:46:05.736 DEBUG 6824 --- [    Test worker] tor$SharedEntityManagerInvocationHandler : Creating new EntityManager for shared EntityManager invocation
2021-03-14 22:46:05.925 DEBUG 6824 --- [    Test worker] o.s.d.j.r.query.JpaQueryFactory          : Looking up query for method findBymail
2021-03-14 22:46:05.937 DEBUG 6824 --- [    Test worker] o.s.d.jpa.repository.query.NamedQuery    : Looking up named query UserEntity.findBymail
2021-03-14 22:46:05.949 DEBUG 6824 --- [    Test worker] o.h.e.t.internal.TransactionImpl         : On TransactionImpl creation, JpaCompliance#isJpaTransactionComplianceEnabled == false
2021-03-14 22:46:05.950 DEBUG 6824 --- [    Test worker] o.s.d.jpa.repository.query.NamedQuery    : Did not find named query UserEntity.findBymail
2021-03-14 22:46:05.968 DEBUG 6824 --- [    Test worker] tor$SharedEntityManagerInvocationHandler : Creating new EntityManager for shared EntityManager invocation
2021-03-14 22:46:06.125 DEBUG 6824 --- [    Test worker] o.s.d.j.r.query.JpaQueryFactory          : Looking up query for method findByid
2021-03-14 22:46:06.126 DEBUG 6824 --- [    Test worker] o.s.d.jpa.repository.query.NamedQuery    : Looking up named query UserEntity.findByid
2021-03-14 22:46:06.126 DEBUG 6824 --- [    Test worker] o.h.e.t.internal.TransactionImpl         : On TransactionImpl creation, JpaCompliance#isJpaTransactionComplianceEnabled == false
2021-03-14 22:46:06.126 DEBUG 6824 --- [    Test worker] o.s.d.jpa.repository.query.NamedQuery    : Did not find named query UserEntity.findByid
2021-03-14 22:46:06.127 DEBUG 6824 --- [    Test worker] tor$SharedEntityManagerInvocationHandler : Creating new EntityManager for shared EntityManager invocation
2021-03-14 22:46:06.139 DEBUG 6824 --- [    Test worker] o.s.d.r.c.s.RepositoryFactorySupport     : Finished creation of repository instance for {}.
2021-03-14 22:46:06.153 DEBUG 6824 --- [    Test worker] o.s.b.f.s.DefaultListableBeanFactory     : Creating shared instance of singleton bean 'passwordEncoder'
2021-03-14 22:46:06.153 DEBUG 6824 --- [    Test worker] o.s.b.f.s.DefaultListableBeanFactory     : Creating shared instance of singleton bean 'webSecurityConfig'
2021-03-14 22:46:06.188 DEBUG 6824 --- [    Test worker] o.s.b.f.s.DefaultListableBeanFactory     : Creating shared instance of singleton bean 'objectPostProcessor'
2021-03-14 22:46:06.188 DEBUG 6824 --- [    Test worker] o.s.b.f.s.DefaultListableBeanFactory     : Creating shared instance of singleton bean 'org.springframework.security.config.annotation.configuration.ObjectPostProcessorConfiguration'
2021-03-14 22:46:06.193 DEBUG 6824 --- [    Test worker] o.s.b.f.s.DefaultListableBeanFactory     : Autowiring by type from bean name 'objectPostProcessor' via factory method to bean named 'org.springframework.beans.factory.support.DefaultListableBeanFactory@205f3a18'
2021-03-14 22:46:06.222 DEBUG 6824 --- [    Test worker] o.s.b.f.s.DefaultListableBeanFactory     : Creating shared instance of singleton bean 'mvcContentNegotiationManager'
2021-03-14 22:46:06.222 DEBUG 6824 --- [    Test worker] o.s.b.f.s.DefaultListableBeanFactory     : Creating shared instance of singleton bean 'org.springframework.boot.autoconfigure.web.servlet.WebMvcAutoConfiguration$EnableWebMvcConfiguration'
2021-03-14 22:46:06.224 DEBUG 6824 --- [    Test worker] o.s.b.f.s.DefaultListableBeanFactory     : Creating shared instance of singleton bean 'spring.resources-org.springframework.boot.autoconfigure.web.ResourceProperties'
2021-03-14 22:46:06.266 DEBUG 6824 --- [    Test worker] o.s.b.f.s.DefaultListableBeanFactory     : Creating shared instance of singleton bean 'spring.mvc-org.springframework.boot.autoconfigure.web.servlet.WebMvcProperties'
2021-03-14 22:46:06.291 DEBUG 6824 --- [    Test worker] o.s.b.f.s.DefaultListableBeanFactory     : Creating shared instance of singleton bean 'spring.web-org.springframework.boot.autoconfigure.web.WebProperties'
2021-03-14 22:46:06.301 DEBUG 6824 --- [    Test worker] o.s.b.f.s.DefaultListableBeanFactory     : Autowiring by type from bean name 'org.springframework.boot.autoconfigure.web.servlet.WebMvcAutoConfiguration$EnableWebMvcConfiguration' via constructor to bean named 'spring.resources-org.springframework.boot.autoconfigure.web.ResourceProperties'
2021-03-14 22:46:06.302 DEBUG 6824 --- [    Test worker] o.s.b.f.s.DefaultListableBeanFactory     : Autowiring by type from bean name 'org.springframework.boot.autoconfigure.web.servlet.WebMvcAutoConfiguration$EnableWebMvcConfiguration' via constructor to bean named 'spring.mvc-org.springframework.boot.autoconfigure.web.servlet.WebMvcProperties'
2021-03-14 22:46:06.302 DEBUG 6824 --- [    Test worker] o.s.b.f.s.DefaultListableBeanFactory     : Autowiring by type from bean name 'org.springframework.boot.autoconfigure.web.servlet.WebMvcAutoConfiguration$EnableWebMvcConfiguration' via constructor to bean named 'spring.web-org.springframework.boot.autoconfigure.web.WebProperties'
2021-03-14 22:46:06.302 DEBUG 6824 --- [    Test worker] o.s.b.f.s.DefaultListableBeanFactory     : Autowiring by type from bean name 'org.springframework.boot.autoconfigure.web.servlet.WebMvcAutoConfiguration$EnableWebMvcConfiguration' via constructor to bean named 'org.springframework.beans.factory.support.DefaultListableBeanFactory@205f3a18'
2021-03-14 22:46:06.340 DEBUG 6824 --- [    Test worker] o.s.b.f.s.DefaultListableBeanFactory     : Creating shared instance of singleton bean 'org.springframework.boot.autoconfigure.web.servlet.WebMvcAutoConfiguration$WebMvcAutoConfigurationAdapter'
2021-03-14 22:46:06.343 DEBUG 6824 --- [    Test worker] o.s.b.f.s.DefaultListableBeanFactory     : Autowiring by type from bean name 'org.springframework.boot.autoconfigure.web.servlet.WebMvcAutoConfiguration$WebMvcAutoConfigurationAdapter' via constructor to bean named 'spring.web-org.springframework.boot.autoconfigure.web.WebProperties'
2021-03-14 22:46:06.343 DEBUG 6824 --- [    Test worker] o.s.b.f.s.DefaultListableBeanFactory     : Autowiring by type from bean name 'org.springframework.boot.autoconfigure.web.servlet.WebMvcAutoConfiguration$WebMvcAutoConfigurationAdapter' via constructor to bean named 'spring.mvc-org.springframework.boot.autoconfigure.web.servlet.WebMvcProperties'
2021-03-14 22:46:06.343 DEBUG 6824 --- [    Test worker] o.s.b.f.s.DefaultListableBeanFactory     : Autowiring by type from bean name 'org.springframework.boot.autoconfigure.web.servlet.WebMvcAutoConfiguration$WebMvcAutoConfigurationAdapter' via constructor to bean named 'org.springframework.beans.factory.support.DefaultListableBeanFactory@205f3a18'
2021-03-14 22:46:06.354 DEBUG 6824 --- [    Test worker] o.s.b.f.s.DefaultListableBeanFactory     : Creating shared instance of singleton bean 'openEntityManagerInViewInterceptorConfigurer'
2021-03-14 22:46:06.354 DEBUG 6824 --- [    Test worker] o.s.b.f.s.DefaultListableBeanFactory     : Creating shared instance of singleton bean 'org.springframework.boot.autoconfigure.orm.jpa.JpaBaseConfiguration$JpaWebConfiguration'
2021-03-14 22:46:06.355 DEBUG 6824 --- [    Test worker] o.s.b.f.s.DefaultListableBeanFactory     : Autowiring by type from bean name 'org.springframework.boot.autoconfigure.orm.jpa.JpaBaseConfiguration$JpaWebConfiguration' via constructor to bean named 'spring.jpa-org.springframework.boot.autoconfigure.orm.jpa.JpaProperties'
2021-03-14 22:46:06.358 DEBUG 6824 --- [    Test worker] o.s.b.f.s.DefaultListableBeanFactory     : Creating shared instance of singleton bean 'openEntityManagerInViewInterceptor'
2021-03-14 22:46:06.386 DEBUG 6824 --- [    Test worker] o.s.b.f.s.DefaultListableBeanFactory     : Autowiring by type from bean name 'openEntityManagerInViewInterceptorConfigurer' via factory method to bean named 'openEntityManagerInViewInterceptor'
2021-03-14 22:46:06.392 DEBUG 6824 --- [    Test worker] o.s.b.f.s.DefaultListableBeanFactory     : Creating shared instance of singleton bean 'org.springframework.data.web.config.SpringDataWebConfiguration'
2021-03-14 22:46:06.400 DEBUG 6824 --- [    Test worker] o.s.b.f.s.DefaultListableBeanFactory     : Autowiring by type from bean name 'org.springframework.data.web.config.SpringDataWebConfiguration' via constructor to bean named 'org.springframework.web.context.support.GenericWebApplicationContext@7ed24826'
2021-03-14 22:46:06.410 DEBUG 6824 --- [    Test worker] o.s.b.f.s.DefaultListableBeanFactory     : Creating shared instance of singleton bean 'pageableCustomizer'
2021-03-14 22:46:06.412 DEBUG 6824 --- [    Test worker] o.s.b.f.s.DefaultListableBeanFactory     : Creating shared instance of singleton bean 'org.springframework.boot.autoconfigure.data.web.SpringDataWebAutoConfiguration'
2021-03-14 22:46:06.418 DEBUG 6824 --- [    Test worker] o.s.b.f.s.DefaultListableBeanFactory     : Creating shared instance of singleton bean 'spring.data.web-org.springframework.boot.autoconfigure.data.web.SpringDataWebProperties'
2021-03-14 22:46:06.424 DEBUG 6824 --- [    Test worker] o.s.b.f.s.DefaultListableBeanFactory     : Autowiring by type from bean name 'org.springframework.boot.autoconfigure.data.web.SpringDataWebAutoConfiguration' via constructor to bean named 'spring.data.web-org.springframework.boot.autoconfigure.data.web.SpringDataWebProperties'
2021-03-14 22:46:06.440 DEBUG 6824 --- [    Test worker] o.s.b.f.s.DefaultListableBeanFactory     : Creating shared instance of singleton bean 'sortCustomizer'
2021-03-14 22:46:06.450 DEBUG 6824 --- [    Test worker] o.s.b.f.s.DefaultListableBeanFactory     : Creating shared instance of singleton bean 'org.springframework.security.config.annotation.web.configuration.WebMvcSecurityConfiguration'
2021-03-14 22:46:06.492 DEBUG 6824 --- [    Test worker] o.s.b.f.s.DefaultListableBeanFactory     : Creating shared instance of singleton bean 'org.springframework.security.config.annotation.authentication.configuration.AuthenticationConfiguration'
2021-03-14 22:46:06.504 DEBUG 6824 --- [    Test worker] o.s.b.f.s.DefaultListableBeanFactory     : Creating shared instance of singleton bean 'enableGlobalAuthenticationAutowiredConfigurer'
2021-03-14 22:46:06.506 DEBUG 6824 --- [    Test worker] o.s.b.f.s.DefaultListableBeanFactory     : Autowiring by type from bean name 'enableGlobalAuthenticationAutowiredConfigurer' via factory method to bean named 'org.springframework.web.context.support.GenericWebApplicationContext@7ed24826'
2021-03-14 22:46:06.517 DEBUG 6824 --- [    Test worker] o.s.b.f.s.DefaultListableBeanFactory     : Creating shared instance of singleton bean 'initializeUserDetailsBeanManagerConfigurer'
2021-03-14 22:46:06.518 DEBUG 6824 --- [    Test worker] o.s.b.f.s.DefaultListableBeanFactory     : Autowiring by type from bean name 'initializeUserDetailsBeanManagerConfigurer' via factory method to bean named 'org.springframework.web.context.support.GenericWebApplicationContext@7ed24826'
2021-03-14 22:46:06.527 DEBUG 6824 --- [    Test worker] o.s.b.f.s.DefaultListableBeanFactory     : Creating shared instance of singleton bean 'initializeAuthenticationProviderBeanManagerConfigurer'
2021-03-14 22:46:06.528 DEBUG 6824 --- [    Test worker] o.s.b.f.s.DefaultListableBeanFactory     : Autowiring by type from bean name 'initializeAuthenticationProviderBeanManagerConfigurer' via factory method to bean named 'org.springframework.web.context.support.GenericWebApplicationContext@7ed24826'
2021-03-14 22:46:06.648 DEBUG 6824 --- [    Test worker] o.s.b.f.s.DefaultListableBeanFactory     : Creating shared instance of singleton bean 'apiConfig'
2021-03-14 22:46:06.658 DEBUG 6824 --- [    Test worker] o.s.b.f.s.DefaultListableBeanFactory     : Creating shared instance of singleton bean 'jobController'
2021-03-14 22:46:06.672 DEBUG 6824 --- [    Test worker] o.s.b.f.s.DefaultListableBeanFactory     : Creating shared instance of singleton bean 'jobService'
2021-03-14 22:46:06.682 DEBUG 6824 --- [    Test worker] o.s.b.f.s.DefaultListableBeanFactory     : Creating shared instance of singleton bean 'zipCodeSearchRestTemplate'
2021-03-14 22:46:06.793 DEBUG 6824 --- [    Test worker] o.s.b.f.s.DefaultListableBeanFactory     : Creating shared instance of singleton bean 'profileService'
2021-03-14 22:46:06.801 DEBUG 6824 --- [    Test worker] o.s.b.f.s.DefaultListableBeanFactory     : Creating shared instance of singleton bean 'schedulleRegistController'
2021-03-14 22:46:06.854 DEBUG 6824 --- [    Test worker] o.s.b.f.s.DefaultListableBeanFactory     : Creating shared instance of singleton bean 'schedulleService'
2021-03-14 22:46:06.858 DEBUG 6824 --- [    Test worker] o.s.b.f.s.DefaultListableBeanFactory     : Creating shared instance of singleton bean 'schedulleRepository'
2021-03-14 22:46:06.870 DEBUG 6824 --- [    Test worker] tor$SharedEntityManagerInvocationHandler : Creating new EntityManager for shared EntityManager invocation
2021-03-14 22:46:06.886 DEBUG 6824 --- [    Test worker] o.s.d.r.c.s.RepositoryFactorySupport     : Initializing repository instance for com.example.Schedulle.common.schedulle.SchedulleRepositoryРђд
2021-03-14 22:46:06.887 DEBUG 6824 --- [    Test worker] tor$SharedEntityManagerInvocationHandler : Creating new EntityManager for shared EntityManager invocation
2021-03-14 22:46:06.940 DEBUG 6824 --- [    Test worker] o.s.d.j.r.query.JpaQueryFactory          : Looking up query for method findByMonthValue
2021-03-14 22:46:06.941 DEBUG 6824 --- [    Test worker] o.s.d.jpa.repository.query.NamedQuery    : Looking up named query SchedulleEntity.findByMonthValue
2021-03-14 22:46:06.942 DEBUG 6824 --- [    Test worker] o.h.e.t.internal.TransactionImpl         : On TransactionImpl creation, JpaCompliance#isJpaTransactionComplianceEnabled == false
2021-03-14 22:46:06.942 DEBUG 6824 --- [    Test worker] o.s.d.jpa.repository.query.NamedQuery    : Did not find named query SchedulleEntity.findByMonthValue
2021-03-14 22:46:06.942 DEBUG 6824 --- [    Test worker] tor$SharedEntityManagerInvocationHandler : Creating new EntityManager for shared EntityManager invocation
2021-03-14 22:46:06.957 DEBUG 6824 --- [    Test worker] o.s.d.j.r.query.JpaQueryFactory          : Looking up query for method findByMonthValueAndDate
2021-03-14 22:46:06.958 DEBUG 6824 --- [    Test worker] o.s.d.jpa.repository.query.NamedQuery    : Looking up named query SchedulleEntity.findByMonthValueAndDate
2021-03-14 22:46:06.958 DEBUG 6824 --- [    Test worker] o.h.e.t.internal.TransactionImpl         : On TransactionImpl creation, JpaCompliance#isJpaTransactionComplianceEnabled == false
2021-03-14 22:46:06.959 DEBUG 6824 --- [    Test worker] o.s.d.jpa.repository.query.NamedQuery    : Did not find named query SchedulleEntity.findByMonthValueAndDate
2021-03-14 22:46:06.959 DEBUG 6824 --- [    Test worker] tor$SharedEntityManagerInvocationHandler : Creating new EntityManager for shared EntityManager invocation
2021-03-14 22:46:06.975 DEBUG 6824 --- [    Test worker] o.s.d.r.c.s.RepositoryFactorySupport     : Finished creation of repository instance for {}.
2021-03-14 22:46:06.991 DEBUG 6824 --- [    Test worker] o.s.b.f.s.DefaultListableBeanFactory     : Creating shared instance of singleton bean 'loginController'
2021-03-14 22:46:06.994 DEBUG 6824 --- [    Test worker] o.s.b.f.s.DefaultListableBeanFactory     : Creating shared instance of singleton bean 'profileEditController'
2021-03-14 22:46:07.005 DEBUG 6824 --- [    Test worker] o.s.b.f.s.DefaultListableBeanFactory     : Creating shared instance of singleton bean 'mypageController'
2021-03-14 22:46:07.010 DEBUG 6824 --- [    Test worker] o.s.b.f.s.DefaultListableBeanFactory     : Creating shared instance of singleton bean 'monthMapService'
2021-03-14 22:46:07.033 DEBUG 6824 --- [    Test worker] o.s.b.f.s.DefaultListableBeanFactory     : Creating shared instance of singleton bean 'org.springframework.boot.autoconfigure.context.PropertyPlaceholderAutoConfiguration'
2021-03-14 22:46:07.037 DEBUG 6824 --- [    Test worker] o.s.b.f.s.DefaultListableBeanFactory     : Creating shared instance of singleton bean 'org.springframework.boot.autoconfigure.websocket.servlet.WebSocketServletAutoConfiguration$TomcatWebSocketConfiguration'
2021-03-14 22:46:07.040 DEBUG 6824 --- [    Test worker] o.s.b.f.s.DefaultListableBeanFactory     : Creating shared instance of singleton bean 'websocketServletWebServerCustomizer'
2021-03-14 22:46:07.066 DEBUG 6824 --- [    Test worker] o.s.b.f.s.DefaultListableBeanFactory     : Creating shared instance of singleton bean 'org.springframework.boot.autoconfigure.websocket.servlet.WebSocketServletAutoConfiguration'
2021-03-14 22:46:07.070 DEBUG 6824 --- [    Test worker] o.s.b.f.s.DefaultListableBeanFactory     : Creating shared instance of singleton bean 'org.springframework.boot.autoconfigure.web.servlet.ServletWebServerFactoryConfiguration$EmbeddedTomcat'
2021-03-14 22:46:07.073 DEBUG 6824 --- [    Test worker] o.s.b.f.s.DefaultListableBeanFactory     : Creating shared instance of singleton bean 'tomcatServletWebServerFactory'
2021-03-14 22:46:07.202 DEBUG 6824 --- [    Test worker] o.a.catalina.core.AprLifecycleListener   : The Apache Tomcat Native library could not be found using names [tcnative-1, libtcnative-1] on the java.library.path [C:\Program Files\Java\jdk-14.0.1\bin;C:\WINDOWS\Sun\Java\bin;C:\WINDOWS\system32;C:\WINDOWS;C:\Users\жде\bin;C:\Program Files\Git\mingw64\bin;C:\Program Files\Git\usr\local\bin;C:\Program Files\Git\usr\bin;C:\Program Files\Git\usr\bin;C:\Program Files\Git\mingw64\bin;C:\Program Files\Git\usr\bin;C:\Users\жде\bin;C:\Program Files\Java\jdk-14.0.1\bin;C:\Program Files\Microsoft MPI\Bin;C:\WINDOWS\system32;C:\WINDOWS;C:\WINDOWS\System32\Wbem;C:\WINDOWS\System32\WindowsPowerShell\v1.0;C:\WINDOWS\System32\OpenSSH;C:\MinGW\bin;C:\MinGW\msys\1.0\bin;C:\Program Files\dotnet;C:\Program Files\Microsoft SQL Server\130\Tools\Binn;C:\Program Files\Microsoft SQL Server\Client SDK\ODBC\170\Tools\Binn;C:\Program Files\Microsoft\Web Platform Installer;C:\Program Files\MATLAB\R2020b\bin;C:\WINDOWS\system32;C:\WINDOWS;C:\WINDOWS\System32\Wbem;C:\WINDOWS\System32\WindowsPowerShell\v1.0;C:\WINDOWS\System32\OpenSSH;C:\Program Files\Git\cmd;C:\Users\жде\AppData\Local\Programs\Python\Python39\Scripts;C:\Users\жде\AppData\Local\Programs\Python\Python39;C:\MinGW\bin;C:\Users\жде\AppData\Local\atom\bin;C:\xampp\mysql\bin;C:\Program Files\JetBrains\PyCharm Community Edition 2020.2.1\bin;C:\Users\жде\.dotnet\tools;C:\Users\жде\AppData\Local\Programs\Microsoft VS Code\bin;C:\Users\жде\AppData\Local\Microsoft\WindowsApps;C:\Program Files\PostgreSQL\11\bin;C:\Program Files\heroku\bin;C:\gradle-6.8.3-all\gradle-6.8.3\bin;C:\Program Files\Git\usr\bin\vendor_perl;C:\Program Files\Git\usr\bin\core_perl;.]. The errors reported were [Can't load library: C:\WorkSpace\workspace_eclipse\SpringBoot\ShiftManager\bin\tcnative-1.dll, Can't load library: C:\WorkSpace\workspace_eclipse\SpringBoot\ShiftManager\bin\libtcnative-1.dll, no tcnative-1 in java.library.path: [C:\Program Files\Java\jdk-14.0.1\bin, C:\WINDOWS\Sun\Java\bin, C:\WINDOWS\system32, C:\WINDOWS, C:\Users\жде\bin, C:\Program Files\Git\mingw64\bin, C:\Program Files\Git\usr\local\bin, C:\Program Files\Git\usr\bin, C:\Program Files\Git\usr\bin, C:\Program Files\Git\mingw64\bin, C:\Program Files\Git\usr\bin, C:\Users\жде\bin, C:\Program Files\Java\jdk-14.0.1\bin, C:\Program Files\Microsoft MPI\Bin, C:\WINDOWS\system32, C:\WINDOWS, C:\WINDOWS\System32\Wbem, C:\WINDOWS\System32\WindowsPowerShell\v1.0, C:\WINDOWS\System32\OpenSSH, C:\MinGW\bin, C:\MinGW\msys\1.0\bin, C:\Program Files\dotnet, C:\Program Files\Microsoft SQL Server\130\Tools\Binn, C:\Program Files\Microsoft SQL Server\Client SDK\ODBC\170\Tools\Binn, C:\Program Files\Microsoft\Web Platform Installer, C:\Program Files\MATLAB\R2020b\bin, C:\WINDOWS\system32, C:\WINDOWS, C:\WINDOWS\System32\Wbem, C:\WINDOWS\System32\WindowsPowerShell\v1.0, C:\WINDOWS\System32\OpenSSH, C:\Program Files\Git\cmd, C:\Users\жде\AppData\Local\Programs\Python\Python39\Scripts, C:\Users\жде\AppData\Local\Programs\Python\Python39, C:\MinGW\bin, C:\Users\жде\AppData\Local\atom\bin, C:\xampp\mysql\bin, C:\Program Files\JetBrains\PyCharm Community Edition 2020.2.1\bin, C:\Users\жде\.dotnet\tools, C:\Users\жде\AppData\Local\Programs\Microsoft VS Code\bin, C:\Users\жде\AppData\Local\Microsoft\WindowsApps, C:\Program Files\PostgreSQL\11\bin, C:\Program Files\heroku\bin, C:\gradle-6.8.3-all\gradle-6.8.3\bin, C:\Program Files\Git\usr\bin\vendor_perl, C:\Program Files\Git\usr\bin\core_perl, .], no libtcnative-1 in java.library.path: [C:\Program Files\Java\jdk-14.0.1\bin, C:\WINDOWS\Sun\Java\bin, C:\WINDOWS\system32, C:\WINDOWS, C:\Users\жде\bin, C:\Program Files\Git\mingw64\bin, C:\Program Files\Git\usr\local\bin, C:\Program Files\Git\usr\bin, C:\Program Files\Git\usr\bin, C:\Program Files\Git\mingw64\bin, C:\Program Files\Git\usr\bin, C:\Users\жде\bin, C:\Program Files\Java\jdk-14.0.1\bin, C:\Program Files\Microsoft MPI\Bin, C:\WINDOWS\system32, C:\WINDOWS, C:\WINDOWS\System32\Wbem, C:\WINDOWS\System32\WindowsPowerShell\v1.0, C:\WINDOWS\System32\OpenSSH, C:\MinGW\bin, C:\MinGW\msys\1.0\bin, C:\Program Files\dotnet, C:\Program Files\Microsoft SQL Server\130\Tools\Binn, C:\Program Files\Microsoft SQL Server\Client SDK\ODBC\170\Tools\Binn, C:\Program Files\Microsoft\Web Platform Installer, C:\Program Files\MATLAB\R2020b\bin, C:\WINDOWS\system32, C:\WINDOWS, C:\WINDOWS\System32\Wbem, C:\WINDOWS\System32\WindowsPowerShell\v1.0, C:\WINDOWS\System32\OpenSSH, C:\Program Files\Git\cmd, C:\Users\жде\AppData\Local\Programs\Python\Python39\Scripts, C:\Users\жде\AppData\Local\Programs\Python\Python39, C:\MinGW\bin, C:\Users\жде\AppData\Local\atom\bin, C:\xampp\mysql\bin, C:\Program Files\JetBrains\PyCharm Community Edition 2020.2.1\bin, C:\Users\жде\.dotnet\tools, C:\Users\жде\AppData\Local\Programs\Microsoft VS Code\bin, C:\Users\жде\AppData\Local\Microsoft\WindowsApps, C:\Program Files\PostgreSQL\11\bin, C:\Program Files\heroku\bin, C:\gradle-6.8.3-all\gradle-6.8.3\bin, C:\Program Files\Git\usr\bin\vendor_perl, C:\Program Files\Git\usr\bin\core_perl, .]]

org.apache.tomcat.jni.LibraryNotFoundError: Can't load library: C:\WorkSpace\workspace_eclipse\SpringBoot\ShiftManager\bin\tcnative-1.dll, Can't load library: C:\WorkSpace\workspace_eclipse\SpringBoot\ShiftManager\bin\libtcnative-1.dll, no tcnative-1 in java.library.path: [C:\Program Files\Java\jdk-14.0.1\bin, C:\WINDOWS\Sun\Java\bin, C:\WINDOWS\system32, C:\WINDOWS, C:\Users\жде\bin, C:\Program Files\Git\mingw64\bin, C:\Program Files\Git\usr\local\bin, C:\Program Files\Git\usr\bin, C:\Program Files\Git\usr\bin, C:\Program Files\Git\mingw64\bin, C:\Program Files\Git\usr\bin, C:\Users\жде\bin, C:\Program Files\Java\jdk-14.0.1\bin, C:\Program Files\Microsoft MPI\Bin, C:\WINDOWS\system32, C:\WINDOWS, C:\WINDOWS\System32\Wbem, C:\WINDOWS\System32\WindowsPowerShell\v1.0, C:\WINDOWS\System32\OpenSSH, C:\MinGW\bin, C:\MinGW\msys\1.0\bin, C:\Program Files\dotnet, C:\Program Files\Microsoft SQL Server\130\Tools\Binn, C:\Program Files\Microsoft SQL Server\Client SDK\ODBC\170\Tools\Binn, C:\Program Files\Microsoft\Web Platform Installer, C:\Program Files\MATLAB\R2020b\bin, C:\WINDOWS\system32, C:\WINDOWS, C:\WINDOWS\System32\Wbem, C:\WINDOWS\System32\WindowsPowerShell\v1.0, C:\WINDOWS\System32\OpenSSH, C:\Program Files\Git\cmd, C:\Users\жде\AppData\Local\Programs\Python\Python39\Scripts, C:\Users\жде\AppData\Local\Programs\Python\Python39, C:\MinGW\bin, C:\Users\жде\AppData\Local\atom\bin, C:\xampp\mysql\bin, C:\Program Files\JetBrains\PyCharm Community Edition 2020.2.1\bin, C:\Users\жде\.dotnet\tools, C:\Users\жде\AppData\Local\Programs\Microsoft VS Code\bin, C:\Users\жде\AppData\Local\Microsoft\WindowsApps, C:\Program Files\PostgreSQL\11\bin, C:\Program Files\heroku\bin, C:\gradle-6.8.3-all\gradle-6.8.3\bin, C:\Program Files\Git\usr\bin\vendor_perl, C:\Program Files\Git\usr\bin\core_perl, .], no libtcnative-1 in java.library.path: [C:\Program Files\Java\jdk-14.0.1\bin, C:\WINDOWS\Sun\Java\bin, C:\WINDOWS\system32, C:\WINDOWS, C:\Users\жде\bin, C:\Program Files\Git\mingw64\bin, C:\Program Files\Git\usr\local\bin, C:\Program Files\Git\usr\bin, C:\Program Files\Git\usr\bin, C:\Program Files\Git\mingw64\bin, C:\Program Files\Git\usr\bin, C:\Users\жде\bin, C:\Program Files\Java\jdk-14.0.1\bin, C:\Program Files\Microsoft MPI\Bin, C:\WINDOWS\system32, C:\WINDOWS, C:\WINDOWS\System32\Wbem, C:\WINDOWS\System32\WindowsPowerShell\v1.0, C:\WINDOWS\System32\OpenSSH, C:\MinGW\bin, C:\MinGW\msys\1.0\bin, C:\Program Files\dotnet, C:\Program Files\Microsoft SQL Server\130\Tools\Binn, C:\Program Files\Microsoft SQL Server\Client SDK\ODBC\170\Tools\Binn, C:\Program Files\Microsoft\Web Platform Installer, C:\Program Files\MATLAB\R2020b\bin, C:\WINDOWS\system32, C:\WINDOWS, C:\WINDOWS\System32\Wbem, C:\WINDOWS\System32\WindowsPowerShell\v1.0, C:\WINDOWS\System32\OpenSSH, C:\Program Files\Git\cmd, C:\Users\жде\AppData\Local\Programs\Python\Python39\Scripts, C:\Users\жде\AppData\Local\Programs\Python\Python39, C:\MinGW\bin, C:\Users\жде\AppData\Local\atom\bin, C:\xampp\mysql\bin, C:\Program Files\JetBrains\PyCharm Community Edition 2020.2.1\bin, C:\Users\жде\.dotnet\tools, C:\Users\жде\AppData\Local\Programs\Microsoft VS Code\bin, C:\Users\жде\AppData\Local\Microsoft\WindowsApps, C:\Program Files\PostgreSQL\11\bin, C:\Program Files\heroku\bin, C:\gradle-6.8.3-all\gradle-6.8.3\bin, C:\Program Files\Git\usr\bin\vendor_perl, C:\Program Files\Git\usr\bin\core_perl, .]
	at org.apache.tomcat.jni.Library.<init>(Library.java:102) ~[tomcat-embed-core-9.0.43.jar:9.0.43]
	at org.apache.tomcat.jni.Library.initialize(Library.java:206) ~[tomcat-embed-core-9.0.43.jar:9.0.43]
	at org.apache.catalina.core.AprLifecycleListener.init(AprLifecycleListener.java:193) ~[tomcat-embed-core-9.0.43.jar:9.0.43]
	at org.apache.catalina.core.AprLifecycleListener.isAprAvailable(AprLifecycleListener.java:102) ~[tomcat-embed-core-9.0.43.jar:9.0.43]
	at org.springframework.boot.web.embedded.tomcat.TomcatServletWebServerFactory.getDefaultLifecycleListeners(TomcatServletWebServerFactory.java:173) ~[spring-boot-2.4.3.jar:2.4.3]
	at org.springframework.boot.web.embedded.tomcat.TomcatServletWebServerFactory.<init>(TomcatServletWebServerFactory.java:120) ~[spring-boot-2.4.3.jar:2.4.3]
	at org.springframework.boot.autoconfigure.web.servlet.ServletWebServerFactoryConfiguration$EmbeddedTomcat.tomcatServletWebServerFactory(ServletWebServerFactoryConfiguration.java:76) ~[spring-boot-autoconfigure-2.4.3.jar:2.4.3]
	at java.base/jdk.internal.reflect.NativeMethodAccessorImpl.invoke0(Native Method) ~[na:na]
	at java.base/jdk.internal.reflect.NativeMethodAccessorImpl.invoke(NativeMethodAccessorImpl.java:62) ~[na:na]
	at java.base/jdk.internal.reflect.DelegatingMethodAccessorImpl.invoke(DelegatingMethodAccessorImpl.java:43) ~[na:na]
	at java.base/java.lang.reflect.Method.invoke(Method.java:564) ~[na:na]
	at org.springframework.beans.factory.support.SimpleInstantiationStrategy.instantiate(SimpleInstantiationStrategy.java:154) ~[spring-beans-5.3.4.jar:5.3.4]
	at org.springframework.beans.factory.support.ConstructorResolver.instantiate(ConstructorResolver.java:653) ~[spring-beans-5.3.4.jar:5.3.4]
	at org.springframework.beans.factory.support.ConstructorResolver.instantiateUsingFactoryMethod(ConstructorResolver.java:638) ~[spring-beans-5.3.4.jar:5.3.4]
	at org.springframework.beans.factory.support.AbstractAutowireCapableBeanFactory.instantiateUsingFactoryMethod(AbstractAutowireCapableBeanFactory.java:1334) ~[spring-beans-5.3.4.jar:5.3.4]
	at org.springframework.beans.factory.support.AbstractAutowireCapableBeanFactory.createBeanInstance(AbstractAutowireCapableBeanFactory.java:1177) ~[spring-beans-5.3.4.jar:5.3.4]
	at org.springframework.beans.factory.support.AbstractAutowireCapableBeanFactory.doCreateBean(AbstractAutowireCapableBeanFactory.java:564) ~[spring-beans-5.3.4.jar:5.3.4]
	at org.springframework.beans.factory.support.AbstractAutowireCapableBeanFactory.createBean(AbstractAutowireCapableBeanFactory.java:524) ~[spring-beans-5.3.4.jar:5.3.4]
	at org.springframework.beans.factory.support.AbstractBeanFactory.lambda$doGetBean$0(AbstractBeanFactory.java:335) ~[spring-beans-5.3.4.jar:5.3.4]
	at org.springframework.beans.factory.support.DefaultSingletonBeanRegistry.getSingleton(DefaultSingletonBeanRegistry.java:234) ~[spring-beans-5.3.4.jar:5.3.4]
	at org.springframework.beans.factory.support.AbstractBeanFactory.doGetBean(AbstractBeanFactory.java:333) ~[spring-beans-5.3.4.jar:5.3.4]
	at org.springframework.beans.factory.support.AbstractBeanFactory.getBean(AbstractBeanFactory.java:208) ~[spring-beans-5.3.4.jar:5.3.4]
	at org.springframework.beans.factory.support.DefaultListableBeanFactory.preInstantiateSingletons(DefaultListableBeanFactory.java:944) ~[spring-beans-5.3.4.jar:5.3.4]
	at org.springframework.context.support.AbstractApplicationContext.finishBeanFactoryInitialization(AbstractApplicationContext.java:917) ~[spring-context-5.3.4.jar:5.3.4]
	at org.springframework.context.support.AbstractApplicationContext.refresh(AbstractApplicationContext.java:582) ~[spring-context-5.3.4.jar:5.3.4]
	at org.springframework.boot.SpringApplication.refresh(SpringApplication.java:767) ~[spring-boot-2.4.3.jar:2.4.3]
	at org.springframework.boot.SpringApplication.refresh(SpringApplication.java:759) ~[spring-boot-2.4.3.jar:2.4.3]
	at org.springframework.boot.SpringApplication.refreshContext(SpringApplication.java:426) ~[spring-boot-2.4.3.jar:2.4.3]
	at org.springframework.boot.SpringApplication.run(SpringApplication.java:326) ~[spring-boot-2.4.3.jar:2.4.3]
	at org.springframework.boot.test.context.SpringBootContextLoader.loadContext(SpringBootContextLoader.java:123) ~[spring-boot-test-2.4.3.jar:2.4.3]
	at org.springframework.test.context.cache.DefaultCacheAwareContextLoaderDelegate.loadContextInternal(DefaultCacheAwareContextLoaderDelegate.java:99) ~[spring-test-5.3.4.jar:5.3.4]
	at org.springframework.test.context.cache.DefaultCacheAwareContextLoaderDelegate.loadContext(DefaultCacheAwareContextLoaderDelegate.java:124) ~[spring-test-5.3.4.jar:5.3.4]
	at org.springframework.test.context.support.DefaultTestContext.getApplicationContext(DefaultTestContext.java:124) ~[spring-test-5.3.4.jar:5.3.4]
	at org.springframework.test.context.web.ServletTestExecutionListener.setUpRequestContextIfNecessary(ServletTestExecutionListener.java:190) ~[spring-test-5.3.4.jar:5.3.4]
	at org.springframework.test.context.web.ServletTestExecutionListener.prepareTestInstance(ServletTestExecutionListener.java:132) ~[spring-test-5.3.4.jar:5.3.4]
	at org.springframework.test.context.TestContextManager.prepareTestInstance(TestContextManager.java:244) ~[spring-test-5.3.4.jar:5.3.4]
	at org.springframework.test.context.junit.jupiter.SpringExtension.postProcessTestInstance(SpringExtension.java:138) ~[spring-test-5.3.4.jar:5.3.4]
	at org.junit.jupiter.engine.descriptor.ClassBasedTestDescriptor.lambda$invokeTestInstancePostProcessors$6(ClassBasedTestDescriptor.java:350) ~[junit-jupiter-engine-5.7.1.jar:5.7.1]
	at org.junit.jupiter.engine.descriptor.ClassBasedTestDescriptor.executeAndMaskThrowable(ClassBasedTestDescriptor.java:355) ~[junit-jupiter-engine-5.7.1.jar:5.7.1]
	at org.junit.jupiter.engine.descriptor.ClassBasedTestDescriptor.lambda$invokeTestInstancePostProcessors$7(ClassBasedTestDescriptor.java:350) ~[junit-jupiter-engine-5.7.1.jar:5.7.1]
	at java.base/java.util.stream.ReferencePipeline$3$1.accept(ReferencePipeline.java:195) ~[na:na]
	at java.base/java.util.stream.ReferencePipeline$2$1.accept(ReferencePipeline.java:177) ~[na:na]
	at java.base/java.util.ArrayList$ArrayListSpliterator.forEachRemaining(ArrayList.java:1624) ~[na:na]
	at java.base/java.util.stream.AbstractPipeline.copyInto(AbstractPipeline.java:484) ~[na:na]
	at java.base/java.util.stream.AbstractPipeline.wrapAndCopyInto(AbstractPipeline.java:474) ~[na:na]
	at java.base/java.util.stream.StreamSpliterators$WrappingSpliterator.forEachRemaining(StreamSpliterators.java:312) ~[na:na]
	at java.base/java.util.stream.Streams$ConcatSpliterator.forEachRemaining(Streams.java:735) ~[na:na]
	at java.base/java.util.stream.Streams$ConcatSpliterator.forEachRemaining(Streams.java:734) ~[na:na]
	at java.base/java.util.stream.ReferencePipeline$Head.forEach(ReferencePipeline.java:658) ~[na:na]
	at org.junit.jupiter.engine.descriptor.ClassBasedTestDescriptor.invokeTestInstancePostProcessors(ClassBasedTestDescriptor.java:349) ~[junit-jupiter-engine-5.7.1.jar:5.7.1]
	at org.junit.jupiter.engine.descriptor.ClassBasedTestDescriptor.lambda$instantiateAndPostProcessTestInstance$4(ClassBasedTestDescriptor.java:270) ~[junit-jupiter-engine-5.7.1.jar:5.7.1]
	at org.junit.platform.engine.support.hierarchical.ThrowableCollector.execute(ThrowableCollector.java:73) ~[junit-platform-engine-1.7.1.jar:1.7.1]
	at org.junit.jupiter.engine.descriptor.ClassBasedTestDescriptor.instantiateAndPostProcessTestInstance(ClassBasedTestDescriptor.java:269) ~[junit-jupiter-engine-5.7.1.jar:5.7.1]
	at org.junit.jupiter.engine.descriptor.ClassBasedTestDescriptor.lambda$testInstancesProvider$2(ClassBasedTestDescriptor.java:259) ~[junit-jupiter-engine-5.7.1.jar:5.7.1]
	at java.base/java.util.Optional.orElseGet(Optional.java:362) ~[na:na]
	at org.junit.jupiter.engine.descriptor.ClassBasedTestDescriptor.lambda$testInstancesProvider$3(ClassBasedTestDescriptor.java:258) ~[junit-jupiter-engine-5.7.1.jar:5.7.1]
	at org.junit.jupiter.engine.execution.TestInstancesProvider.getTestInstances(TestInstancesProvider.java:31) ~[junit-jupiter-engine-5.7.1.jar:5.7.1]
	at org.junit.jupiter.engine.descriptor.TestMethodTestDescriptor.lambda$prepare$0(TestMethodTestDescriptor.java:101) ~[junit-jupiter-engine-5.7.1.jar:5.7.1]
	at org.junit.platform.engine.support.hierarchical.ThrowableCollector.execute(ThrowableCollector.java:73) ~[junit-platform-engine-1.7.1.jar:1.7.1]
	at org.junit.jupiter.engine.descriptor.TestMethodTestDescriptor.prepare(TestMethodTestDescriptor.java:100) ~[junit-jupiter-engine-5.7.1.jar:5.7.1]
	at org.junit.jupiter.engine.descriptor.TestMethodTestDescriptor.prepare(TestMethodTestDescriptor.java:65) ~[junit-jupiter-engine-5.7.1.jar:5.7.1]
	at org.junit.platform.engine.support.hierarchical.NodeTestTask.lambda$prepare$1(NodeTestTask.java:111) ~[junit-platform-engine-1.7.1.jar:1.7.1]
	at org.junit.platform.engine.support.hierarchical.ThrowableCollector.execute(ThrowableCollector.java:73) ~[junit-platform-engine-1.7.1.jar:1.7.1]
	at org.junit.platform.engine.support.hierarchical.NodeTestTask.prepare(NodeTestTask.java:111) ~[junit-platform-engine-1.7.1.jar:1.7.1]
	at org.junit.platform.engine.support.hierarchical.NodeTestTask.execute(NodeTestTask.java:79) ~[junit-platform-engine-1.7.1.jar:1.7.1]
	at java.base/java.util.ArrayList.forEach(ArrayList.java:1510) ~[na:na]
	at org.junit.platform.engine.support.hierarchical.SameThreadHierarchicalTestExecutorService.invokeAll(SameThreadHierarchicalTestExecutorService.java:38) ~[junit-platform-engine-1.7.1.jar:1.7.1]
	at org.junit.platform.engine.support.hierarchical.NodeTestTask.lambda$executeRecursively$5(NodeTestTask.java:143) ~[junit-platform-engine-1.7.1.jar:1.7.1]
	at org.junit.platform.engine.support.hierarchical.ThrowableCollector.execute(ThrowableCollector.java:73) ~[junit-platform-engine-1.7.1.jar:1.7.1]
	at org.junit.platform.engine.support.hierarchical.NodeTestTask.lambda$executeRecursively$7(NodeTestTask.java:129) ~[junit-platform-engine-1.7.1.jar:1.7.1]
	at org.junit.platform.engine.support.hierarchical.Node.around(Node.java:137) ~[junit-platform-engine-1.7.1.jar:1.7.1]
	at org.junit.platform.engine.support.hierarchical.NodeTestTask.lambda$executeRecursively$8(NodeTestTask.java:127) ~[junit-platform-engine-1.7.1.jar:1.7.1]
	at org.junit.platform.engine.support.hierarchical.ThrowableCollector.execute(ThrowableCollector.java:73) ~[junit-platform-engine-1.7.1.jar:1.7.1]
	at org.junit.platform.engine.support.hierarchical.NodeTestTask.executeRecursively(NodeTestTask.java:126) ~[junit-platform-engine-1.7.1.jar:1.7.1]
	at org.junit.platform.engine.support.hierarchical.NodeTestTask.execute(NodeTestTask.java:84) ~[junit-platform-engine-1.7.1.jar:1.7.1]
	at java.base/java.util.ArrayList.forEach(ArrayList.java:1510) ~[na:na]
	at org.junit.platform.engine.support.hierarchical.SameThreadHierarchicalTestExecutorService.invokeAll(SameThreadHierarchicalTestExecutorService.java:38) ~[junit-platform-engine-1.7.1.jar:1.7.1]
	at org.junit.platform.engine.support.hierarchical.NodeTestTask.lambda$executeRecursively$5(NodeTestTask.java:143) ~[junit-platform-engine-1.7.1.jar:1.7.1]
	at org.junit.platform.engine.support.hierarchical.ThrowableCollector.execute(ThrowableCollector.java:73) ~[junit-platform-engine-1.7.1.jar:1.7.1]
	at org.junit.platform.engine.support.hierarchical.NodeTestTask.lambda$executeRecursively$7(NodeTestTask.java:129) ~[junit-platform-engine-1.7.1.jar:1.7.1]
	at org.junit.platform.engine.support.hierarchical.Node.around(Node.java:137) ~[junit-platform-engine-1.7.1.jar:1.7.1]
	at org.junit.platform.engine.support.hierarchical.NodeTestTask.lambda$executeRecursively$8(NodeTestTask.java:127) ~[junit-platform-engine-1.7.1.jar:1.7.1]
	at org.junit.platform.engine.support.hierarchical.ThrowableCollector.execute(ThrowableCollector.java:73) ~[junit-platform-engine-1.7.1.jar:1.7.1]
	at org.junit.platform.engine.support.hierarchical.NodeTestTask.executeRecursively(NodeTestTask.java:126) ~[junit-platform-engine-1.7.1.jar:1.7.1]
	at org.junit.platform.engine.support.hierarchical.NodeTestTask.execute(NodeTestTask.java:84) ~[junit-platform-engine-1.7.1.jar:1.7.1]
	at org.junit.platform.engine.support.hierarchical.SameThreadHierarchicalTestExecutorService.submit(SameThreadHierarchicalTestExecutorService.java:32) ~[junit-platform-engine-1.7.1.jar:1.7.1]
	at org.junit.platform.engine.support.hierarchical.HierarchicalTestExecutor.execute(HierarchicalTestExecutor.java:57) ~[junit-platform-engine-1.7.1.jar:1.7.1]
	at org.junit.platform.engine.support.hierarchical.HierarchicalTestEngine.execute(HierarchicalTestEngine.java:51) ~[junit-platform-engine-1.7.1.jar:1.7.1]
	at org.junit.platform.launcher.core.EngineExecutionOrchestrator.execute(EngineExecutionOrchestrator.java:108) ~[na:na]
	at org.junit.platform.launcher.core.EngineExecutionOrchestrator.execute(EngineExecutionOrchestrator.java:88) ~[na:na]
	at org.junit.platform.launcher.core.EngineExecutionOrchestrator.lambda$execute$0(EngineExecutionOrchestrator.java:54) ~[na:na]
	at org.junit.platform.launcher.core.EngineExecutionOrchestrator.withInterceptedStreams(EngineExecutionOrchestrator.java:67) ~[na:na]
	at org.junit.platform.launcher.core.EngineExecutionOrchestrator.execute(EngineExecutionOrchestrator.java:52) ~[na:na]
	at org.junit.platform.launcher.core.DefaultLauncher.execute(DefaultLauncher.java:96) ~[na:na]
	at org.junit.platform.launcher.core.DefaultLauncher.execute(DefaultLauncher.java:75) ~[na:na]
	at org.gradle.api.internal.tasks.testing.junitplatform.JUnitPlatformTestClassProcessor$CollectAllTestClassesExecutor.processAllTestClasses(JUnitPlatformTestClassProcessor.java:99) ~[na:na]
	at org.gradle.api.internal.tasks.testing.junitplatform.JUnitPlatformTestClassProcessor$CollectAllTestClassesExecutor.access$000(JUnitPlatformTestClassProcessor.java:79) ~[na:na]
	at org.gradle.api.internal.tasks.testing.junitplatform.JUnitPlatformTestClassProcessor.stop(JUnitPlatformTestClassProcessor.java:75) ~[na:na]
	at org.gradle.api.internal.tasks.testing.SuiteTestClassProcessor.stop(SuiteTestClassProcessor.java:61) ~[na:na]
	at java.base/jdk.internal.reflect.NativeMethodAccessorImpl.invoke0(Native Method) ~[na:na]
	at java.base/jdk.internal.reflect.NativeMethodAccessorImpl.invoke(NativeMethodAccessorImpl.java:62) ~[na:na]
	at java.base/jdk.internal.reflect.DelegatingMethodAccessorImpl.invoke(DelegatingMethodAccessorImpl.java:43) ~[na:na]
	at java.base/java.lang.reflect.Method.invoke(Method.java:564) ~[na:na]
	at org.gradle.internal.dispatch.ReflectionDispatch.dispatch(ReflectionDispatch.java:36) ~[na:na]
	at org.gradle.internal.dispatch.ReflectionDispatch.dispatch(ReflectionDispatch.java:24) ~[na:na]
	at org.gradle.internal.dispatch.ContextClassLoaderDispatch.dispatch(ContextClassLoaderDispatch.java:33) ~[na:na]
	at org.gradle.internal.dispatch.ProxyDispatchAdapter$DispatchingInvocationHandler.invoke(ProxyDispatchAdapter.java:94) ~[na:na]
	at com.sun.proxy.$Proxy2.stop(Unknown Source) ~[na:na]
	at org.gradle.api.internal.tasks.testing.worker.TestWorker.stop(TestWorker.java:133) ~[na:na]
	at java.base/jdk.internal.reflect.NativeMethodAccessorImpl.invoke0(Native Method) ~[na:na]
	at java.base/jdk.internal.reflect.NativeMethodAccessorImpl.invoke(NativeMethodAccessorImpl.java:62) ~[na:na]
	at java.base/jdk.internal.reflect.DelegatingMethodAccessorImpl.invoke(DelegatingMethodAccessorImpl.java:43) ~[na:na]
	at java.base/java.lang.reflect.Method.invoke(Method.java:564) ~[na:na]
	at org.gradle.internal.dispatch.ReflectionDispatch.dispatch(ReflectionDispatch.java:36) ~[na:na]
	at org.gradle.internal.dispatch.ReflectionDispatch.dispatch(ReflectionDispatch.java:24) ~[na:na]
	at org.gradle.internal.remote.internal.hub.MessageHubBackedObjectConnection$DispatchWrapper.dispatch(MessageHubBackedObjectConnection.java:182) ~[na:na]
	at org.gradle.internal.remote.internal.hub.MessageHubBackedObjectConnection$DispatchWrapper.dispatch(MessageHubBackedObjectConnection.java:164) ~[na:na]
	at org.gradle.internal.remote.internal.hub.MessageHub$Handler.run(MessageHub.java:414) ~[na:na]
	at org.gradle.internal.concurrent.ExecutorPolicy$CatchAndRecordFailures.onExecute(ExecutorPolicy.java:64) ~[na:na]
	at org.gradle.internal.concurrent.ManagedExecutorImpl$1.run(ManagedExecutorImpl.java:48) ~[na:na]
	at java.base/java.util.concurrent.ThreadPoolExecutor.runWorker(ThreadPoolExecutor.java:1130) ~[na:na]
	at java.base/java.util.concurrent.ThreadPoolExecutor$Worker.run(ThreadPoolExecutor.java:630) ~[na:na]
	at org.gradle.internal.concurrent.ThreadFactoryImpl$ManagedThreadRunnable.run(ThreadFactoryImpl.java:56) ~[na:na]
	at java.base/java.lang.Thread.run(Thread.java:832) ~[na:na]

2021-03-14 22:46:07.275 DEBUG 6824 --- [    Test worker] o.s.b.f.s.DefaultListableBeanFactory     : Creating shared instance of singleton bean 'servletWebServerFactoryCustomizer'
2021-03-14 22:46:07.275 DEBUG 6824 --- [    Test worker] o.s.b.f.s.DefaultListableBeanFactory     : Creating shared instance of singleton bean 'org.springframework.boot.autoconfigure.web.servlet.ServletWebServerFactoryAutoConfiguration'
2021-03-14 22:46:07.282 DEBUG 6824 --- [    Test worker] o.s.b.f.s.DefaultListableBeanFactory     : Creating shared instance of singleton bean 'server-org.springframework.boot.autoconfigure.web.ServerProperties'
2021-03-14 22:46:07.304 DEBUG 6824 --- [    Test worker] o.s.b.f.s.DefaultListableBeanFactory     : Autowiring by type from bean name 'servletWebServerFactoryCustomizer' via factory method to bean named 'server-org.springframework.boot.autoconfigure.web.ServerProperties'
2021-03-14 22:46:07.310 DEBUG 6824 --- [    Test worker] o.s.b.f.s.DefaultListableBeanFactory     : Creating shared instance of singleton bean 'tomcatServletWebServerFactoryCustomizer'
2021-03-14 22:46:07.311 DEBUG 6824 --- [    Test worker] o.s.b.f.s.DefaultListableBeanFactory     : Autowiring by type from bean name 'tomcatServletWebServerFactoryCustomizer' via factory method to bean named 'server-org.springframework.boot.autoconfigure.web.ServerProperties'
2021-03-14 22:46:07.322 DEBUG 6824 --- [    Test worker] o.s.b.f.s.DefaultListableBeanFactory     : Creating shared instance of singleton bean 'tomcatWebServerFactoryCustomizer'
2021-03-14 22:46:07.322 DEBUG 6824 --- [    Test worker] o.s.b.f.s.DefaultListableBeanFactory     : Creating shared instance of singleton bean 'org.springframework.boot.autoconfigure.web.embedded.EmbeddedWebServerFactoryCustomizerAutoConfiguration$TomcatWebServerFactoryCustomizerConfiguration'
2021-03-14 22:46:07.325 DEBUG 6824 --- [    Test worker] o.s.b.f.s.DefaultListableBeanFactory     : Autowiring by type from bean name 'tomcatWebServerFactoryCustomizer' via factory method to bean named 'environment'
2021-03-14 22:46:07.325 DEBUG 6824 --- [    Test worker] o.s.b.f.s.DefaultListableBeanFactory     : Autowiring by type from bean name 'tomcatWebServerFactoryCustomizer' via factory method to bean named 'server-org.springframework.boot.autoconfigure.web.ServerProperties'
2021-03-14 22:46:07.337 DEBUG 6824 --- [    Test worker] o.s.b.f.s.DefaultListableBeanFactory     : Creating shared instance of singleton bean 'localeCharsetMappingsCustomizer'
2021-03-14 22:46:07.337 DEBUG 6824 --- [    Test worker] o.s.b.f.s.DefaultListableBeanFactory     : Creating shared instance of singleton bean 'org.springframework.boot.autoconfigure.web.servlet.HttpEncodingAutoConfiguration'
2021-03-14 22:46:07.338 DEBUG 6824 --- [    Test worker] o.s.b.f.s.DefaultListableBeanFactory     : Autowiring by type from bean name 'org.springframework.boot.autoconfigure.web.servlet.HttpEncodingAutoConfiguration' via constructor to bean named 'server-org.springframework.boot.autoconfigure.web.ServerProperties'
2021-03-14 22:46:07.394 DEBUG 6824 --- [    Test worker] o.s.b.f.s.DefaultListableBeanFactory     : Creating shared instance of singleton bean 'errorPageCustomizer'
2021-03-14 22:46:07.394 DEBUG 6824 --- [    Test worker] o.s.b.f.s.DefaultListableBeanFactory     : Creating shared instance of singleton bean 'org.springframework.boot.autoconfigure.web.servlet.error.ErrorMvcAutoConfiguration'
2021-03-14 22:46:07.394 DEBUG 6824 --- [    Test worker] o.s.b.f.s.DefaultListableBeanFactory     : Autowiring by type from bean name 'org.springframework.boot.autoconfigure.web.servlet.error.ErrorMvcAutoConfiguration' via constructor to bean named 'server-org.springframework.boot.autoconfigure.web.ServerProperties'
2021-03-14 22:46:07.402 DEBUG 6824 --- [    Test worker] o.s.b.f.s.DefaultListableBeanFactory     : Creating shared instance of singleton bean 'dispatcherServletRegistration'
2021-03-14 22:46:07.403 DEBUG 6824 --- [    Test worker] o.s.b.f.s.DefaultListableBeanFactory     : Creating shared instance of singleton bean 'org.springframework.boot.autoconfigure.web.servlet.DispatcherServletAutoConfiguration$DispatcherServletRegistrationConfiguration'
2021-03-14 22:46:07.406 DEBUG 6824 --- [    Test worker] o.s.b.f.s.DefaultListableBeanFactory     : Creating shared instance of singleton bean 'dispatcherServlet'
2021-03-14 22:46:07.407 DEBUG 6824 --- [    Test worker] o.s.b.f.s.DefaultListableBeanFactory     : Creating shared instance of singleton bean 'org.springframework.boot.autoconfigure.web.servlet.DispatcherServletAutoConfiguration$DispatcherServletConfiguration'
2021-03-14 22:46:07.410 DEBUG 6824 --- [    Test worker] o.s.b.f.s.DefaultListableBeanFactory     : Autowiring by type from bean name 'dispatcherServlet' via factory method to bean named 'spring.mvc-org.springframework.boot.autoconfigure.web.servlet.WebMvcProperties'
2021-03-14 22:46:07.455 DEBUG 6824 --- [    Test worker] o.s.b.f.s.DefaultListableBeanFactory     : Autowiring by type from bean name 'dispatcherServletRegistration' via factory method to bean named 'dispatcherServlet'
2021-03-14 22:46:07.455 DEBUG 6824 --- [    Test worker] o.s.b.f.s.DefaultListableBeanFactory     : Autowiring by type from bean name 'dispatcherServletRegistration' via factory method to bean named 'spring.mvc-org.springframework.boot.autoconfigure.web.servlet.WebMvcProperties'
2021-03-14 22:46:07.457 DEBUG 6824 --- [    Test worker] o.s.b.f.s.DefaultListableBeanFactory     : Creating shared instance of singleton bean 'multipartConfigElement'
2021-03-14 22:46:07.457 DEBUG 6824 --- [    Test worker] o.s.b.f.s.DefaultListableBeanFactory     : Creating shared instance of singleton bean 'org.springframework.boot.autoconfigure.web.servlet.MultipartAutoConfiguration'
2021-03-14 22:46:07.458 DEBUG 6824 --- [    Test worker] o.s.b.f.s.DefaultListableBeanFactory     : Creating shared instance of singleton bean 'spring.servlet.multipart-org.springframework.boot.autoconfigure.web.servlet.MultipartProperties'
2021-03-14 22:46:07.465 DEBUG 6824 --- [    Test worker] o.s.b.f.s.DefaultListableBeanFactory     : Autowiring by type from bean name 'org.springframework.boot.autoconfigure.web.servlet.MultipartAutoConfiguration' via constructor to bean named 'spring.servlet.multipart-org.springframework.boot.autoconfigure.web.servlet.MultipartProperties'
2021-03-14 22:46:07.506 DEBUG 6824 --- [    Test worker] o.s.b.f.s.DefaultListableBeanFactory     : Autowiring by type from bean name 'errorPageCustomizer' via factory method to bean named 'dispatcherServletRegistration'
2021-03-14 22:46:07.517 DEBUG 6824 --- [    Test worker] o.s.b.f.s.DefaultListableBeanFactory     : Creating shared instance of singleton bean 'org.springframework.boot.context.properties.EnableConfigurationPropertiesRegistrar.methodValidationExcludeFilter'
2021-03-14 22:46:07.524 DEBUG 6824 --- [    Test worker] o.s.b.f.s.DefaultListableBeanFactory     : Creating shared instance of singleton bean 'org.springframework.boot.autoconfigure.web.servlet.DispatcherServletAutoConfiguration'
2021-03-14 22:46:07.537 DEBUG 6824 --- [    Test worker] o.s.b.f.s.DefaultListableBeanFactory     : Creating shared instance of singleton bean 'org.springframework.boot.autoconfigure.task.TaskExecutionAutoConfiguration'
2021-03-14 22:46:07.541 DEBUG 6824 --- [    Test worker] o.s.b.f.s.DefaultListableBeanFactory     : Creating shared instance of singleton bean 'taskExecutorBuilder'
2021-03-14 22:46:07.542 DEBUG 6824 --- [    Test worker] o.s.b.f.s.DefaultListableBeanFactory     : Creating shared instance of singleton bean 'spring.task.execution-org.springframework.boot.autoconfigure.task.TaskExecutionProperties'
2021-03-14 22:46:07.556 DEBUG 6824 --- [    Test worker] o.s.b.f.s.DefaultListableBeanFactory     : Autowiring by type from bean name 'taskExecutorBuilder' via factory method to bean named 'spring.task.execution-org.springframework.boot.autoconfigure.task.TaskExecutionProperties'
2021-03-14 22:46:07.572 DEBUG 6824 --- [    Test worker] o.s.b.f.s.DefaultListableBeanFactory     : Creating shared instance of singleton bean 'org.springframework.boot.autoconfigure.web.servlet.error.ErrorMvcAutoConfiguration$WhitelabelErrorViewConfiguration'
2021-03-14 22:46:07.584 DEBUG 6824 --- [    Test worker] o.s.b.f.s.DefaultListableBeanFactory     : Creating shared instance of singleton bean 'error'
2021-03-14 22:46:07.589 DEBUG 6824 --- [    Test worker] o.s.b.f.s.DefaultListableBeanFactory     : Creating shared instance of singleton bean 'beanNameViewResolver'
2021-03-14 22:46:07.619 DEBUG 6824 --- [    Test worker] o.s.b.f.s.DefaultListableBeanFactory     : Creating shared instance of singleton bean 'org.springframework.boot.autoconfigure.web.servlet.error.ErrorMvcAutoConfiguration$DefaultErrorViewResolverConfiguration'
2021-03-14 22:46:07.620 DEBUG 6824 --- [    Test worker] o.s.b.f.s.DefaultListableBeanFactory     : Autowiring by type from bean name 'org.springframework.boot.autoconfigure.web.servlet.error.ErrorMvcAutoConfiguration$DefaultErrorViewResolverConfiguration' via constructor to bean named 'org.springframework.web.context.support.GenericWebApplicationContext@7ed24826'
2021-03-14 22:46:07.620 DEBUG 6824 --- [    Test worker] o.s.b.f.s.DefaultListableBeanFactory     : Autowiring by type from bean name 'org.springframework.boot.autoconfigure.web.servlet.error.ErrorMvcAutoConfiguration$DefaultErrorViewResolverConfiguration' via constructor to bean named 'spring.resources-org.springframework.boot.autoconfigure.web.ResourceProperties'
2021-03-14 22:46:07.620 DEBUG 6824 --- [    Test worker] o.s.b.f.s.DefaultListableBeanFactory     : Autowiring by type from bean name 'org.springframework.boot.autoconfigure.web.servlet.error.ErrorMvcAutoConfiguration$DefaultErrorViewResolverConfiguration' via constructor to bean named 'spring.web-org.springframework.boot.autoconfigure.web.WebProperties'
2021-03-14 22:46:07.623 DEBUG 6824 --- [    Test worker] o.s.b.f.s.DefaultListableBeanFactory     : Creating shared instance of singleton bean 'conventionErrorViewResolver'
2021-03-14 22:46:07.635 DEBUG 6824 --- [    Test worker] o.s.b.f.s.DefaultListableBeanFactory     : Creating shared instance of singleton bean 'errorAttributes'
2021-03-14 22:46:07.640 DEBUG 6824 --- [    Test worker] o.s.b.f.s.DefaultListableBeanFactory     : Creating shared instance of singleton bean 'basicErrorController'
2021-03-14 22:46:07.641 DEBUG 6824 --- [    Test worker] o.s.b.f.s.DefaultListableBeanFactory     : Autowiring by type from bean name 'basicErrorController' via factory method to bean named 'errorAttributes'
2021-03-14 22:46:07.654 DEBUG 6824 --- [    Test worker] o.s.b.f.s.DefaultListableBeanFactory     : Creating shared instance of singleton bean 'requestMappingHandlerAdapter'
2021-03-14 22:46:07.655 DEBUG 6824 --- [    Test worker] o.s.b.f.s.DefaultListableBeanFactory     : Creating shared instance of singleton bean 'mvcConversionService'
2021-03-14 22:46:07.700 DEBUG 6824 --- [    Test worker] o.s.b.f.s.DefaultListableBeanFactory     : Creating shared instance of singleton bean 'mvcValidator'
2021-03-14 22:46:07.705 DEBUG 6824 --- [    Test worker] o.s.b.f.s.DefaultListableBeanFactory     : Autowiring by type from bean name 'requestMappingHandlerAdapter' via factory method to bean named 'mvcContentNegotiationManager'
2021-03-14 22:46:07.706 DEBUG 6824 --- [    Test worker] o.s.b.f.s.DefaultListableBeanFactory     : Autowiring by type from bean name 'requestMappingHandlerAdapter' via factory method to bean named 'mvcConversionService'
2021-03-14 22:46:07.706 DEBUG 6824 --- [    Test worker] o.s.b.f.s.DefaultListableBeanFactory     : Autowiring by type from bean name 'requestMappingHandlerAdapter' via factory method to bean named 'mvcValidator'
2021-03-14 22:46:07.710 DEBUG 6824 --- [    Test worker] o.s.b.f.s.DefaultListableBeanFactory     : Autowiring by type from bean name 'requestMappingHandlerAdapter' via factory method to bean named 'mvcContentNegotiationManager'
2021-03-14 22:46:07.711 DEBUG 6824 --- [    Test worker] o.s.b.f.s.DefaultListableBeanFactory     : Autowiring by type from bean name 'requestMappingHandlerAdapter' via factory method to bean named 'mvcConversionService'
2021-03-14 22:46:07.711 DEBUG 6824 --- [    Test worker] o.s.b.f.s.DefaultListableBeanFactory     : Autowiring by type from bean name 'requestMappingHandlerAdapter' via factory method to bean named 'mvcValidator'
2021-03-14 22:46:07.743 DEBUG 6824 --- [    Test worker] o.s.b.f.s.DefaultListableBeanFactory     : Creating shared instance of singleton bean 'messageConverters'
2021-03-14 22:46:07.743 DEBUG 6824 --- [    Test worker] o.s.b.f.s.DefaultListableBeanFactory     : Creating shared instance of singleton bean 'org.springframework.boot.autoconfigure.http.HttpMessageConvertersAutoConfiguration'
2021-03-14 22:46:07.757 DEBUG 6824 --- [    Test worker] o.s.b.f.s.DefaultListableBeanFactory     : Creating shared instance of singleton bean 'stringHttpMessageConverter'
2021-03-14 22:46:07.758 DEBUG 6824 --- [    Test worker] o.s.b.f.s.DefaultListableBeanFactory     : Creating shared instance of singleton bean 'org.springframework.boot.autoconfigure.http.HttpMessageConvertersAutoConfiguration$StringHttpMessageConverterConfiguration'
2021-03-14 22:46:07.769 DEBUG 6824 --- [    Test worker] o.s.b.f.s.DefaultListableBeanFactory     : Autowiring by type from bean name 'stringHttpMessageConverter' via factory method to bean named 'environment'
2021-03-14 22:46:07.789 DEBUG 6824 --- [    Test worker] o.s.b.f.s.DefaultListableBeanFactory     : Creating shared instance of singleton bean 'mappingJackson2HttpMessageConverter'
2021-03-14 22:46:07.789 DEBUG 6824 --- [    Test worker] o.s.b.f.s.DefaultListableBeanFactory     : Creating shared instance of singleton bean 'org.springframework.boot.autoconfigure.http.JacksonHttpMessageConvertersConfiguration$MappingJackson2HttpMessageConverterConfiguration'
2021-03-14 22:46:07.803 DEBUG 6824 --- [    Test worker] o.s.b.f.s.DefaultListableBeanFactory     : Creating shared instance of singleton bean 'jacksonObjectMapper'
2021-03-14 22:46:07.803 DEBUG 6824 --- [    Test worker] o.s.b.f.s.DefaultListableBeanFactory     : Creating shared instance of singleton bean 'org.springframework.boot.autoconfigure.jackson.JacksonAutoConfiguration$JacksonObjectMapperConfiguration'
2021-03-14 22:46:07.806 DEBUG 6824 --- [    Test worker] o.s.b.f.s.DefaultListableBeanFactory     : Creating shared instance of singleton bean 'org.springframework.boot.autoconfigure.jackson.JacksonAutoConfiguration$JacksonObjectMapperBuilderConfiguration'
2021-03-14 22:46:07.810 DEBUG 6824 --- [    Test worker] o.s.b.f.s.DefaultListableBeanFactory     : Creating shared instance of singleton bean 'standardJacksonObjectMapperBuilderCustomizer'
2021-03-14 22:46:07.810 DEBUG 6824 --- [    Test worker] o.s.b.f.s.DefaultListableBeanFactory     : Creating shared instance of singleton bean 'org.springframework.boot.autoconfigure.jackson.JacksonAutoConfiguration$Jackson2ObjectMapperBuilderCustomizerConfiguration'
2021-03-14 22:46:07.824 DEBUG 6824 --- [    Test worker] o.s.b.f.s.DefaultListableBeanFactory     : Creating shared instance of singleton bean 'spring.jackson-org.springframework.boot.autoconfigure.jackson.JacksonProperties'
2021-03-14 22:46:07.840 DEBUG 6824 --- [    Test worker] o.s.b.f.s.DefaultListableBeanFactory     : Autowiring by type from bean name 'standardJacksonObjectMapperBuilderCustomizer' via factory method to bean named 'org.springframework.web.context.support.GenericWebApplicationContext@7ed24826'
2021-03-14 22:46:07.840 DEBUG 6824 --- [    Test worker] o.s.b.f.s.DefaultListableBeanFactory     : Autowiring by type from bean name 'standardJacksonObjectMapperBuilderCustomizer' via factory method to bean named 'spring.jackson-org.springframework.boot.autoconfigure.jackson.JacksonProperties'
2021-03-14 22:46:07.851 DEBUG 6824 --- [    Test worker] o.s.b.f.s.DefaultListableBeanFactory     : Autowiring by type from bean name 'jacksonObjectMapperBuilder' via factory method to bean named 'org.springframework.web.context.support.GenericWebApplicationContext@7ed24826'
2021-03-14 22:46:07.851 DEBUG 6824 --- [    Test worker] o.s.b.f.s.DefaultListableBeanFactory     : Autowiring by type from bean name 'jacksonObjectMapperBuilder' via factory method to bean named 'standardJacksonObjectMapperBuilderCustomizer'
2021-03-14 22:46:07.854 DEBUG 6824 --- [    Test worker] o.s.b.f.s.DefaultListableBeanFactory     : Creating shared instance of singleton bean 'parameterNamesModule'
2021-03-14 22:46:07.854 DEBUG 6824 --- [    Test worker] o.s.b.f.s.DefaultListableBeanFactory     : Creating shared instance of singleton bean 'org.springframework.boot.autoconfigure.jackson.JacksonAutoConfiguration$ParameterNamesModuleConfiguration'
2021-03-14 22:46:07.886 DEBUG 6824 --- [    Test worker] o.s.b.f.s.DefaultListableBeanFactory     : Creating shared instance of singleton bean 'jsonComponentModule'
2021-03-14 22:46:07.887 DEBUG 6824 --- [    Test worker] o.s.b.f.s.DefaultListableBeanFactory     : Creating shared instance of singleton bean 'org.springframework.boot.autoconfigure.jackson.JacksonAutoConfiguration'
2021-03-14 22:46:07.908 DEBUG 6824 --- [    Test worker] o.s.b.f.s.DefaultListableBeanFactory     : Creating shared instance of singleton bean 'jacksonGeoModule'
2021-03-14 22:46:07.908 DEBUG 6824 --- [    Test worker] o.s.b.f.s.DefaultListableBeanFactory     : Creating shared instance of singleton bean 'org.springframework.data.web.config.SpringDataJacksonConfiguration'
2021-03-14 22:46:07.937 DEBUG 6824 --- [    Test worker] o.s.b.f.s.DefaultListableBeanFactory     : Autowiring by type from bean name 'jacksonObjectMapper' via factory method to bean named 'jacksonObjectMapperBuilder'
2021-03-14 22:46:08.004 DEBUG 6824 --- [    Test worker] o.s.b.f.s.DefaultListableBeanFactory     : Autowiring by type from bean name 'mappingJackson2HttpMessageConverter' via factory method to bean named 'jacksonObjectMapper'
2021-03-14 22:46:08.135 DEBUG 6824 --- [    Test worker] o.s.b.f.s.DefaultListableBeanFactory     : Creating shared instance of singleton bean 'sortResolver'
2021-03-14 22:46:08.152 DEBUG 6824 --- [    Test worker] o.s.b.f.s.DefaultListableBeanFactory     : Creating shared instance of singleton bean 'pageableResolver'
2021-03-14 22:46:08.218 DEBUG 6824 --- [    Test worker] o.s.b.f.s.DefaultListableBeanFactory     : Creating shared instance of singleton bean 'applicationTaskExecutor'
2021-03-14 22:46:08.223 DEBUG 6824 --- [    Test worker] o.s.b.f.s.DefaultListableBeanFactory     : Autowiring by type from bean name 'applicationTaskExecutor' via factory method to bean named 'taskExecutorBuilder'
2021-03-14 22:46:08.262  INFO 6824 --- [    Test worker] o.s.s.concurrent.ThreadPoolTaskExecutor  : Initializing ExecutorService 'applicationTaskExecutor'
2021-03-14 22:46:08.318 DEBUG 6824 --- [    Test worker] s.w.s.m.m.a.RequestMappingHandlerAdapter : ControllerAdvice beans: 0 @ModelAttribute, 0 @InitBinder, 1 RequestBodyAdvice, 1 ResponseBodyAdvice
2021-03-14 22:46:08.404 DEBUG 6824 --- [    Test worker] o.s.b.f.s.DefaultListableBeanFactory     : Creating shared instance of singleton bean 'requestMappingHandlerMapping'
2021-03-14 22:46:08.406 DEBUG 6824 --- [    Test worker] o.s.b.f.s.DefaultListableBeanFactory     : Creating shared instance of singleton bean 'mvcResourceUrlProvider'
2021-03-14 22:46:08.424 DEBUG 6824 --- [    Test worker] o.s.b.f.s.DefaultListableBeanFactory     : Autowiring by type from bean name 'requestMappingHandlerMapping' via factory method to bean named 'mvcContentNegotiationManager'
2021-03-14 22:46:08.425 DEBUG 6824 --- [    Test worker] o.s.b.f.s.DefaultListableBeanFactory     : Autowiring by type from bean name 'requestMappingHandlerMapping' via factory method to bean named 'mvcConversionService'
2021-03-14 22:46:08.425 DEBUG 6824 --- [    Test worker] o.s.b.f.s.DefaultListableBeanFactory     : Autowiring by type from bean name 'requestMappingHandlerMapping' via factory method to bean named 'mvcResourceUrlProvider'
2021-03-14 22:46:08.426 DEBUG 6824 --- [    Test worker] o.s.b.f.s.DefaultListableBeanFactory     : Autowiring by type from bean name 'requestMappingHandlerMapping' via factory method to bean named 'mvcContentNegotiationManager'
2021-03-14 22:46:08.426 DEBUG 6824 --- [    Test worker] o.s.b.f.s.DefaultListableBeanFactory     : Autowiring by type from bean name 'requestMappingHandlerMapping' via factory method to bean named 'mvcConversionService'
2021-03-14 22:46:08.426 DEBUG 6824 --- [    Test worker] o.s.b.f.s.DefaultListableBeanFactory     : Autowiring by type from bean name 'requestMappingHandlerMapping' via factory method to bean named 'mvcResourceUrlProvider'
2021-03-14 22:46:08.597 DEBUG 6824 --- [    Test worker] s.w.s.m.m.a.RequestMappingHandlerMapping : 12 mappings in 'requestMappingHandlerMapping'
2021-03-14 22:46:08.601 DEBUG 6824 --- [    Test worker] o.s.b.f.s.DefaultListableBeanFactory     : Creating shared instance of singleton bean 'welcomePageHandlerMapping'
2021-03-14 22:46:08.603 DEBUG 6824 --- [    Test worker] o.s.b.f.s.DefaultListableBeanFactory     : Autowiring by type from bean name 'welcomePageHandlerMapping' via factory method to bean named 'org.springframework.web.context.support.GenericWebApplicationContext@7ed24826'
2021-03-14 22:46:08.604 DEBUG 6824 --- [    Test worker] o.s.b.f.s.DefaultListableBeanFactory     : Autowiring by type from bean name 'welcomePageHandlerMapping' via factory method to bean named 'mvcConversionService'
2021-03-14 22:46:08.604 DEBUG 6824 --- [    Test worker] o.s.b.f.s.DefaultListableBeanFactory     : Autowiring by type from bean name 'welcomePageHandlerMapping' via factory method to bean named 'mvcResourceUrlProvider'
2021-03-14 22:46:08.659 DEBUG 6824 --- [    Test worker] o.s.b.f.s.DefaultListableBeanFactory     : Creating shared instance of singleton bean 'localeResolver'
2021-03-14 22:46:08.670 DEBUG 6824 --- [    Test worker] o.s.b.f.s.DefaultListableBeanFactory     : Creating shared instance of singleton bean 'themeResolver'
2021-03-14 22:46:08.676 DEBUG 6824 --- [    Test worker] o.s.b.f.s.DefaultListableBeanFactory     : Creating shared instance of singleton bean 'flashMapManager'
2021-03-14 22:46:08.704 DEBUG 6824 --- [    Test worker] o.s.b.f.s.DefaultListableBeanFactory     : Creating shared instance of singleton bean 'mvcPatternParser'
2021-03-14 22:46:08.709 DEBUG 6824 --- [    Test worker] o.s.b.f.s.DefaultListableBeanFactory     : Creating shared instance of singleton bean 'mvcUrlPathHelper'
2021-03-14 22:46:08.713 DEBUG 6824 --- [    Test worker] o.s.b.f.s.DefaultListableBeanFactory     : Creating shared instance of singleton bean 'mvcPathMatcher'
2021-03-14 22:46:08.722 DEBUG 6824 --- [    Test worker] o.s.b.f.s.DefaultListableBeanFactory     : Creating shared instance of singleton bean 'viewControllerHandlerMapping'
2021-03-14 22:46:08.723 DEBUG 6824 --- [    Test worker] o.s.b.f.s.DefaultListableBeanFactory     : Autowiring by type from bean name 'viewControllerHandlerMapping' via factory method to bean named 'mvcConversionService'
2021-03-14 22:46:08.724 DEBUG 6824 --- [    Test worker] o.s.b.f.s.DefaultListableBeanFactory     : Autowiring by type from bean name 'viewControllerHandlerMapping' via factory method to bean named 'mvcResourceUrlProvider'
2021-03-14 22:46:08.726 DEBUG 6824 --- [    Test worker] o.s.b.f.s.DefaultListableBeanFactory     : Creating shared instance of singleton bean 'beanNameHandlerMapping'
2021-03-14 22:46:08.728 DEBUG 6824 --- [    Test worker] o.s.b.f.s.DefaultListableBeanFactory     : Autowiring by type from bean name 'beanNameHandlerMapping' via factory method to bean named 'mvcConversionService'
2021-03-14 22:46:08.728 DEBUG 6824 --- [    Test worker] o.s.b.f.s.DefaultListableBeanFactory     : Autowiring by type from bean name 'beanNameHandlerMapping' via factory method to bean named 'mvcResourceUrlProvider'
2021-03-14 22:46:08.776 DEBUG 6824 --- [    Test worker] o.s.b.f.s.DefaultListableBeanFactory     : Creating shared instance of singleton bean 'routerFunctionMapping'
2021-03-14 22:46:08.778 DEBUG 6824 --- [    Test worker] o.s.b.f.s.DefaultListableBeanFactory     : Autowiring by type from bean name 'routerFunctionMapping' via factory method to bean named 'mvcConversionService'
2021-03-14 22:46:08.778 DEBUG 6824 --- [    Test worker] o.s.b.f.s.DefaultListableBeanFactory     : Autowiring by type from bean name 'routerFunctionMapping' via factory method to bean named 'mvcResourceUrlProvider'
2021-03-14 22:46:08.819 DEBUG 6824 --- [    Test worker] o.s.b.f.s.DefaultListableBeanFactory     : Creating shared instance of singleton bean 'resourceHandlerMapping'
2021-03-14 22:46:08.821 DEBUG 6824 --- [    Test worker] o.s.b.f.s.DefaultListableBeanFactory     : Autowiring by type from bean name 'resourceHandlerMapping' via factory method to bean named 'mvcContentNegotiationManager'
2021-03-14 22:46:08.822 DEBUG 6824 --- [    Test worker] o.s.b.f.s.DefaultListableBeanFactory     : Autowiring by type from bean name 'resourceHandlerMapping' via factory method to bean named 'mvcConversionService'
2021-03-14 22:46:08.822 DEBUG 6824 --- [    Test worker] o.s.b.f.s.DefaultListableBeanFactory     : Autowiring by type from bean name 'resourceHandlerMapping' via factory method to bean named 'mvcResourceUrlProvider'
2021-03-14 22:46:08.877 DEBUG 6824 --- [    Test worker] o.s.w.s.handler.SimpleUrlHandlerMapping  : Patterns [/webjars/**, /**] in 'resourceHandlerMapping'
2021-03-14 22:46:08.878 DEBUG 6824 --- [    Test worker] o.s.b.f.s.DefaultListableBeanFactory     : Creating shared instance of singleton bean 'defaultServletHandlerMapping'
2021-03-14 22:46:08.879 DEBUG 6824 --- [    Test worker] o.s.b.f.s.DefaultListableBeanFactory     : Creating shared instance of singleton bean 'handlerFunctionAdapter'
2021-03-14 22:46:08.895 DEBUG 6824 --- [    Test worker] o.s.b.f.s.DefaultListableBeanFactory     : Creating shared instance of singleton bean 'mvcUriComponentsContributor'
2021-03-14 22:46:08.897 DEBUG 6824 --- [    Test worker] o.s.b.f.s.DefaultListableBeanFactory     : Autowiring by type from bean name 'mvcUriComponentsContributor' via factory method to bean named 'mvcConversionService'
2021-03-14 22:46:08.897 DEBUG 6824 --- [    Test worker] o.s.b.f.s.DefaultListableBeanFactory     : Autowiring by type from bean name 'mvcUriComponentsContributor' via factory method to bean named 'requestMappingHandlerAdapter'
2021-03-14 22:46:08.905 DEBUG 6824 --- [    Test worker] o.s.b.f.s.DefaultListableBeanFactory     : Creating shared instance of singleton bean 'httpRequestHandlerAdapter'
2021-03-14 22:46:08.937 DEBUG 6824 --- [    Test worker] o.s.b.f.s.DefaultListableBeanFactory     : Creating shared instance of singleton bean 'simpleControllerHandlerAdapter'
2021-03-14 22:46:08.941 DEBUG 6824 --- [    Test worker] o.s.b.f.s.DefaultListableBeanFactory     : Creating shared instance of singleton bean 'handlerExceptionResolver'
2021-03-14 22:46:08.942 DEBUG 6824 --- [    Test worker] o.s.b.f.s.DefaultListableBeanFactory     : Autowiring by type from bean name 'handlerExceptionResolver' via factory method to bean named 'mvcContentNegotiationManager'
2021-03-14 22:46:08.956 DEBUG 6824 --- [    Test worker] .m.m.a.ExceptionHandlerExceptionResolver : ControllerAdvice beans: 0 @ExceptionHandler, 1 ResponseBodyAdvice
2021-03-14 22:46:08.975 DEBUG 6824 --- [    Test worker] o.s.b.f.s.DefaultListableBeanFactory     : Creating shared instance of singleton bean 'mvcViewResolver'
2021-03-14 22:46:08.976 DEBUG 6824 --- [    Test worker] o.s.b.f.s.DefaultListableBeanFactory     : Autowiring by type from bean name 'mvcViewResolver' via factory method to bean named 'mvcContentNegotiationManager'
2021-03-14 22:46:09.032 DEBUG 6824 --- [    Test worker] o.s.b.f.s.DefaultListableBeanFactory     : Creating shared instance of singleton bean 'viewNameTranslator'
2021-03-14 22:46:09.040 DEBUG 6824 --- [    Test worker] o.s.b.f.s.DefaultListableBeanFactory     : Creating shared instance of singleton bean 'defaultViewResolver'
2021-03-14 22:46:09.084 DEBUG 6824 --- [    Test worker] o.s.b.f.s.DefaultListableBeanFactory     : Creating shared instance of singleton bean 'viewResolver'
2021-03-14 22:46:09.092 DEBUG 6824 --- [    Test worker] o.s.b.f.s.DefaultListableBeanFactory     : Autowiring by type from bean name 'viewResolver' via factory method to bean named 'org.springframework.beans.factory.support.DefaultListableBeanFactory@205f3a18'
2021-03-14 22:46:09.112 DEBUG 6824 --- [    Test worker] o.s.b.f.s.DefaultListableBeanFactory     : Creating shared instance of singleton bean 'thymeleafViewResolver'
2021-03-14 22:46:09.113 DEBUG 6824 --- [    Test worker] o.s.b.f.s.DefaultListableBeanFactory     : Creating shared instance of singleton bean 'org.springframework.boot.autoconfigure.thymeleaf.ThymeleafAutoConfiguration$ThymeleafWebMvcConfiguration$ThymeleafViewResolverConfiguration'
2021-03-14 22:46:09.126 DEBUG 6824 --- [    Test worker] o.s.b.f.s.DefaultListableBeanFactory     : Creating shared instance of singleton bean 'spring.thymeleaf-org.springframework.boot.autoconfigure.thymeleaf.ThymeleafProperties'
2021-03-14 22:46:09.143 DEBUG 6824 --- [    Test worker] o.s.b.f.s.DefaultListableBeanFactory     : Creating shared instance of singleton bean 'templateEngine'
2021-03-14 22:46:09.144 DEBUG 6824 --- [    Test worker] o.s.b.f.s.DefaultListableBeanFactory     : Creating shared instance of singleton bean 'org.springframework.boot.autoconfigure.thymeleaf.ThymeleafAutoConfiguration$ThymeleafDefaultConfiguration'
2021-03-14 22:46:09.154 DEBUG 6824 --- [    Test worker] o.s.b.f.s.DefaultListableBeanFactory     : Autowiring by type from bean name 'templateEngine' via factory method to bean named 'spring.thymeleaf-org.springframework.boot.autoconfigure.thymeleaf.ThymeleafProperties'
2021-03-14 22:46:09.194 DEBUG 6824 --- [    Test worker] o.s.b.f.s.DefaultListableBeanFactory     : Creating shared instance of singleton bean 'defaultTemplateResolver'
2021-03-14 22:46:09.194 DEBUG 6824 --- [    Test worker] o.s.b.f.s.DefaultListableBeanFactory     : Creating shared instance of singleton bean 'org.springframework.boot.autoconfigure.thymeleaf.ThymeleafAutoConfiguration$DefaultTemplateResolverConfiguration'
2021-03-14 22:46:09.195 DEBUG 6824 --- [    Test worker] o.s.b.f.s.DefaultListableBeanFactory     : Autowiring by type from bean name 'org.springframework.boot.autoconfigure.thymeleaf.ThymeleafAutoConfiguration$DefaultTemplateResolverConfiguration' via constructor to bean named 'spring.thymeleaf-org.springframework.boot.autoconfigure.thymeleaf.ThymeleafProperties'
2021-03-14 22:46:09.196 DEBUG 6824 --- [    Test worker] o.s.b.f.s.DefaultListableBeanFactory     : Autowiring by type from bean name 'org.springframework.boot.autoconfigure.thymeleaf.ThymeleafAutoConfiguration$DefaultTemplateResolverConfiguration' via constructor to bean named 'org.springframework.web.context.support.GenericWebApplicationContext@7ed24826'
2021-03-14 22:46:09.228 DEBUG 6824 --- [    Test worker] o.s.b.f.s.DefaultListableBeanFactory     : Creating shared instance of singleton bean 'java8TimeDialect'
2021-03-14 22:46:09.228 DEBUG 6824 --- [    Test worker] o.s.b.f.s.DefaultListableBeanFactory     : Creating shared instance of singleton bean 'org.springframework.boot.autoconfigure.thymeleaf.ThymeleafAutoConfiguration$ThymeleafJava8TimeDialect'
2021-03-14 22:46:09.253 DEBUG 6824 --- [    Test worker] o.s.b.f.s.DefaultListableBeanFactory     : Creating shared instance of singleton bean 'securityDialect'
2021-03-14 22:46:09.254 DEBUG 6824 --- [    Test worker] o.s.b.f.s.DefaultListableBeanFactory     : Creating shared instance of singleton bean 'org.springframework.boot.autoconfigure.thymeleaf.ThymeleafAutoConfiguration$ThymeleafSecurityDialectConfiguration'
2021-03-14 22:46:09.296 DEBUG 6824 --- [    Test worker] o.s.b.f.s.DefaultListableBeanFactory     : Autowiring by type from bean name 'thymeleafViewResolver' via factory method to bean named 'spring.thymeleaf-org.springframework.boot.autoconfigure.thymeleaf.ThymeleafProperties'
2021-03-14 22:46:09.296 DEBUG 6824 --- [    Test worker] o.s.b.f.s.DefaultListableBeanFactory     : Autowiring by type from bean name 'thymeleafViewResolver' via factory method to bean named 'templateEngine'
2021-03-14 22:46:09.360 DEBUG 6824 --- [    Test worker] o.s.b.f.s.DefaultListableBeanFactory     : Creating shared instance of singleton bean 'requestContextFilter'
2021-03-14 22:46:09.392 DEBUG 6824 --- [    Test worker] o.s.b.f.s.DefaultListableBeanFactory     : Creating shared instance of singleton bean 'org.springframework.boot.autoconfigure.web.servlet.WebMvcAutoConfiguration'
2021-03-14 22:46:09.396 DEBUG 6824 --- [    Test worker] o.s.b.f.s.DefaultListableBeanFactory     : Creating shared instance of singleton bean 'formContentFilter'
2021-03-14 22:46:09.428 DEBUG 6824 --- [    Test worker] o.s.b.f.s.DefaultListableBeanFactory     : Creating shared instance of singleton bean 'org.springframework.boot.autoconfigure.aop.AopAutoConfiguration$AspectJAutoProxyingConfiguration$CglibAutoProxyConfiguration'
2021-03-14 22:46:09.438 DEBUG 6824 --- [    Test worker] o.s.b.f.s.DefaultListableBeanFactory     : Creating shared instance of singleton bean 'org.springframework.boot.autoconfigure.aop.AopAutoConfiguration$AspectJAutoProxyingConfiguration'
2021-03-14 22:46:09.441 DEBUG 6824 --- [    Test worker] o.s.b.f.s.DefaultListableBeanFactory     : Creating shared instance of singleton bean 'org.springframework.boot.autoconfigure.aop.AopAutoConfiguration'
2021-03-14 22:46:09.443 DEBUG 6824 --- [    Test worker] o.s.b.f.s.DefaultListableBeanFactory     : Creating shared instance of singleton bean 'org.springframework.boot.autoconfigure.availability.ApplicationAvailabilityAutoConfiguration'
2021-03-14 22:46:09.446 DEBUG 6824 --- [    Test worker] o.s.b.f.s.DefaultListableBeanFactory     : Creating shared instance of singleton bean 'applicationAvailability'
2021-03-14 22:46:09.460 DEBUG 6824 --- [    Test worker] o.s.b.f.s.DefaultListableBeanFactory     : Creating shared instance of singleton bean 'org.springframework.boot.autoconfigure.transaction.jta.JtaAutoConfiguration'
2021-03-14 22:46:09.467 DEBUG 6824 --- [    Test worker] o.s.b.f.s.DefaultListableBeanFactory     : Creating shared instance of singleton bean 'org.springframework.boot.autoconfigure.jdbc.DataSourceAutoConfiguration$PooledDataSourceConfiguration'
2021-03-14 22:46:09.472 DEBUG 6824 --- [    Test worker] o.s.b.f.s.DefaultListableBeanFactory     : Creating shared instance of singleton bean 'org.springframework.boot.autoconfigure.jdbc.metadata.DataSourcePoolMetadataProvidersConfiguration'
2021-03-14 22:46:09.475 DEBUG 6824 --- [    Test worker] o.s.b.f.s.DefaultListableBeanFactory     : Creating shared instance of singleton bean 'org.springframework.boot.autoconfigure.jdbc.DataSourceInitializationConfiguration'
2021-03-14 22:46:09.477 DEBUG 6824 --- [    Test worker] o.s.b.f.s.DefaultListableBeanFactory     : Creating shared instance of singleton bean 'org.springframework.boot.autoconfigure.jdbc.DataSourceAutoConfiguration'
2021-03-14 22:46:09.479 DEBUG 6824 --- [    Test worker] o.s.b.f.s.DefaultListableBeanFactory     : Creating shared instance of singleton bean 'transactionManager'
2021-03-14 22:46:09.490 DEBUG 6824 --- [    Test worker] o.s.b.f.s.DefaultListableBeanFactory     : Creating shared instance of singleton bean 'platformTransactionManagerCustomizers'
2021-03-14 22:46:09.490 DEBUG 6824 --- [    Test worker] o.s.b.f.s.DefaultListableBeanFactory     : Creating shared instance of singleton bean 'org.springframework.boot.autoconfigure.transaction.TransactionAutoConfiguration'
2021-03-14 22:46:09.493 DEBUG 6824 --- [    Test worker] o.s.b.f.s.DefaultListableBeanFactory     : Creating shared instance of singleton bean 'spring.transaction-org.springframework.boot.autoconfigure.transaction.TransactionProperties'
2021-03-14 22:46:09.528 DEBUG 6824 --- [    Test worker] o.s.b.f.s.DefaultListableBeanFactory     : Creating shared instance of singleton bean 'org.springframework.boot.autoconfigure.orm.jpa.DataSourceInitializedPublisher$DataSourceInitializationCompletionListener'
2021-03-14 22:46:09.540 DEBUG 6824 --- [    Test worker] o.s.b.f.s.DefaultListableBeanFactory     : Creating shared instance of singleton bean 'org.springframework.boot.autoconfigure.orm.jpa.HibernateJpaAutoConfiguration'
2021-03-14 22:46:09.541 DEBUG 6824 --- [    Test worker] o.s.b.f.s.DefaultListableBeanFactory     : Creating shared instance of singleton bean 'org.springframework.boot.autoconfigure.context.ConfigurationPropertiesAutoConfiguration'
2021-03-14 22:46:09.543 DEBUG 6824 --- [    Test worker] o.s.b.f.s.DefaultListableBeanFactory     : Creating shared instance of singleton bean 'org.springframework.boot.autoconfigure.context.LifecycleAutoConfiguration'
2021-03-14 22:46:09.545 DEBUG 6824 --- [    Test worker] o.s.b.f.s.DefaultListableBeanFactory     : Creating shared instance of singleton bean 'lifecycleProcessor'
2021-03-14 22:46:09.554 DEBUG 6824 --- [    Test worker] o.s.b.f.s.DefaultListableBeanFactory     : Creating shared instance of singleton bean 'spring.lifecycle-org.springframework.boot.autoconfigure.context.LifecycleProperties'
2021-03-14 22:46:09.557 DEBUG 6824 --- [    Test worker] o.s.b.f.s.DefaultListableBeanFactory     : Autowiring by type from bean name 'lifecycleProcessor' via factory method to bean named 'spring.lifecycle-org.springframework.boot.autoconfigure.context.LifecycleProperties'
2021-03-14 22:46:09.570 DEBUG 6824 --- [    Test worker] o.s.b.f.s.DefaultListableBeanFactory     : Creating shared instance of singleton bean 'org.springframework.boot.autoconfigure.dao.PersistenceExceptionTranslationAutoConfiguration'
2021-03-14 22:46:09.573 DEBUG 6824 --- [    Test worker] o.s.b.f.s.DefaultListableBeanFactory     : Creating shared instance of singleton bean 'org.springframework.boot.autoconfigure.data.jpa.JpaRepositoriesAutoConfiguration'
2021-03-14 22:46:09.575 DEBUG 6824 --- [    Test worker] o.s.b.f.s.DefaultListableBeanFactory     : Creating shared instance of singleton bean 'org.springframework.data.jpa.util.JpaMetamodelCacheCleanup'
2021-03-14 22:46:09.579 DEBUG 6824 --- [    Test worker] o.s.b.f.s.DefaultListableBeanFactory     : Creating shared instance of singleton bean 'org.springframework.data.jpa.repository.support.JpaEvaluationContextExtension'
2021-03-14 22:46:09.604 DEBUG 6824 --- [    Test worker] o.s.b.f.s.DefaultListableBeanFactory     : Creating shared instance of singleton bean 'org.springframework.boot.autoconfigure.http.JacksonHttpMessageConvertersConfiguration'
2021-03-14 22:46:09.608 DEBUG 6824 --- [    Test worker] o.s.b.f.s.DefaultListableBeanFactory     : Creating shared instance of singleton bean 'org.springframework.data.web.config.ProjectingArgumentResolverRegistrar'
2021-03-14 22:46:09.610 DEBUG 6824 --- [    Test worker] o.s.b.f.s.DefaultListableBeanFactory     : Creating shared instance of singleton bean 'org.springframework.boot.autoconfigure.info.ProjectInfoAutoConfiguration'
2021-03-14 22:46:09.620 DEBUG 6824 --- [    Test worker] o.s.b.f.s.DefaultListableBeanFactory     : Creating shared instance of singleton bean 'spring.info-org.springframework.boot.autoconfigure.info.ProjectInfoProperties'
2021-03-14 22:46:09.640 DEBUG 6824 --- [    Test worker] o.s.b.f.s.DefaultListableBeanFactory     : Autowiring by type from bean name 'org.springframework.boot.autoconfigure.info.ProjectInfoAutoConfiguration' via constructor to bean named 'spring.info-org.springframework.boot.autoconfigure.info.ProjectInfoProperties'
2021-03-14 22:46:09.643 DEBUG 6824 --- [    Test worker] o.s.b.f.s.DefaultListableBeanFactory     : Creating shared instance of singleton bean 'org.springframework.boot.autoconfigure.jdbc.JdbcTemplateConfiguration'
2021-03-14 22:46:09.645 DEBUG 6824 --- [    Test worker] o.s.b.f.s.DefaultListableBeanFactory     : Creating shared instance of singleton bean 'jdbcTemplate'
2021-03-14 22:46:09.655 DEBUG 6824 --- [    Test worker] o.s.b.f.s.DefaultListableBeanFactory     : Creating shared instance of singleton bean 'spring.jdbc-org.springframework.boot.autoconfigure.jdbc.JdbcProperties'
2021-03-14 22:46:09.659 DEBUG 6824 --- [    Test worker] o.s.b.f.s.DefaultListableBeanFactory     : Autowiring by type from bean name 'jdbcTemplate' via factory method to bean named 'dataSource'
2021-03-14 22:46:09.660 DEBUG 6824 --- [    Test worker] o.s.b.f.s.DefaultListableBeanFactory     : Autowiring by type from bean name 'jdbcTemplate' via factory method to bean named 'spring.jdbc-org.springframework.boot.autoconfigure.jdbc.JdbcProperties'
2021-03-14 22:46:09.741 DEBUG 6824 --- [    Test worker] o.s.b.f.s.DefaultListableBeanFactory     : Creating shared instance of singleton bean 'org.springframework.boot.autoconfigure.jdbc.NamedParameterJdbcTemplateConfiguration'
2021-03-14 22:46:09.743 DEBUG 6824 --- [    Test worker] o.s.b.f.s.DefaultListableBeanFactory     : Creating shared instance of singleton bean 'namedParameterJdbcTemplate'
2021-03-14 22:46:09.744 DEBUG 6824 --- [    Test worker] o.s.b.f.s.DefaultListableBeanFactory     : Autowiring by type from bean name 'namedParameterJdbcTemplate' via factory method to bean named 'jdbcTemplate'
2021-03-14 22:46:09.762 DEBUG 6824 --- [    Test worker] o.s.b.f.s.DefaultListableBeanFactory     : Creating shared instance of singleton bean 'org.springframework.boot.autoconfigure.jdbc.JdbcTemplateAutoConfiguration'
2021-03-14 22:46:09.768 DEBUG 6824 --- [    Test worker] o.s.b.f.s.DefaultListableBeanFactory     : Creating shared instance of singleton bean 'authenticationManagerBuilder'
2021-03-14 22:46:09.769 DEBUG 6824 --- [    Test worker] o.s.b.f.s.DefaultListableBeanFactory     : Autowiring by type from bean name 'authenticationManagerBuilder' via factory method to bean named 'objectPostProcessor'
2021-03-14 22:46:09.769 DEBUG 6824 --- [    Test worker] o.s.b.f.s.DefaultListableBeanFactory     : Autowiring by type from bean name 'authenticationManagerBuilder' via factory method to bean named 'org.springframework.web.context.support.GenericWebApplicationContext@7ed24826'
2021-03-14 22:46:09.771 DEBUG 6824 --- [    Test worker] o.s.b.f.s.DefaultListableBeanFactory     : Creating shared instance of singleton bean 'authenticationEventPublisher'
2021-03-14 22:46:09.772 DEBUG 6824 --- [    Test worker] o.s.b.f.s.DefaultListableBeanFactory     : Creating shared instance of singleton bean 'org.springframework.boot.autoconfigure.security.servlet.SecurityAutoConfiguration'
2021-03-14 22:46:09.774 DEBUG 6824 --- [    Test worker] o.s.b.f.s.DefaultListableBeanFactory     : Autowiring by type from bean name 'authenticationEventPublisher' via factory method to bean named 'org.springframework.web.context.support.GenericWebApplicationContext@7ed24826'
2021-03-14 22:46:09.812 DEBUG 6824 --- [    Test worker] o.s.b.f.s.DefaultListableBeanFactory     : Creating shared instance of singleton bean 'org.springframework.security.config.annotation.web.configuration.WebSecurityConfiguration'
2021-03-14 22:46:09.875 DEBUG 6824 --- [    Test worker] o.s.b.f.s.DefaultListableBeanFactory     : Creating shared instance of singleton bean 'autowiredWebSecurityConfigurersIgnoreParents'
2021-03-14 22:46:09.877 DEBUG 6824 --- [    Test worker] o.s.b.f.s.DefaultListableBeanFactory     : Autowiring by type from bean name 'autowiredWebSecurityConfigurersIgnoreParents' via factory method to bean named 'org.springframework.beans.factory.support.DefaultListableBeanFactory@205f3a18'
2021-03-14 22:46:09.961 DEBUG 6824 --- [    Test worker] o.s.b.f.s.DefaultListableBeanFactory     : Creating shared instance of singleton bean 'springSecurityFilterChain'
2021-03-14 22:46:10.144  INFO 6824 --- [    Test worker] o.s.s.web.DefaultSecurityFilterChain     : Will secure Ant [pattern='css/**'] with []
2021-03-14 22:46:10.144  INFO 6824 --- [    Test worker] o.s.s.web.DefaultSecurityFilterChain     : Will secure Ant [pattern='dist/css/**'] with []
2021-03-14 22:46:10.145  INFO 6824 --- [    Test worker] o.s.s.web.DefaultSecurityFilterChain     : Will secure Ant [pattern='js/**'] with []
2021-03-14 22:46:10.413 DEBUG 6824 --- [    Test worker] edFilterInvocationSecurityMetadataSource : Adding web access control expression [permitAll] for ExactUrl [processUrl='/?error']
2021-03-14 22:46:10.422 DEBUG 6824 --- [    Test worker] edFilterInvocationSecurityMetadataSource : Adding web access control expression [permitAll] for ExactUrl [processUrl='/loginDone']
2021-03-14 22:46:10.424 DEBUG 6824 --- [    Test worker] edFilterInvocationSecurityMetadataSource : Adding web access control expression [permitAll] for ExactUrl [processUrl='/']
2021-03-14 22:46:10.425 DEBUG 6824 --- [    Test worker] edFilterInvocationSecurityMetadataSource : Adding web access control expression [permitAll] for Ant [pattern='/css/**']
2021-03-14 22:46:10.428 DEBUG 6824 --- [    Test worker] edFilterInvocationSecurityMetadataSource : Adding web access control expression [permitAll] for Ant [pattern='/dist/**']
2021-03-14 22:46:10.428 DEBUG 6824 --- [    Test worker] edFilterInvocationSecurityMetadataSource : Adding web access control expression [permitAll] for Ant [pattern='/img/**']
2021-03-14 22:46:10.429 DEBUG 6824 --- [    Test worker] edFilterInvocationSecurityMetadataSource : Adding web access control expression [permitAll] for Ant [pattern='/plugins/**']
2021-03-14 22:46:10.429 DEBUG 6824 --- [    Test worker] edFilterInvocationSecurityMetadataSource : Adding web access control expression [permitAll] for Ant [pattern='/signIn']
2021-03-14 22:46:10.430 DEBUG 6824 --- [    Test worker] edFilterInvocationSecurityMetadataSource : Adding web access control expression [permitAll] for Ant [pattern='/signInDone']
2021-03-14 22:46:10.430 DEBUG 6824 --- [    Test worker] edFilterInvocationSecurityMetadataSource : Adding web access control expression [authenticated] for any request
2021-03-14 22:46:10.524  INFO 6824 --- [    Test worker] o.s.s.web.DefaultSecurityFilterChain     : Will secure any request with [org.springframework.security.web.context.request.async.WebAsyncManagerIntegrationFilter@75168b8f, org.springframework.security.web.context.SecurityContextPersistenceFilter@151d4dc6, org.springframework.security.web.header.HeaderWriterFilter@33478a5d, org.springframework.security.web.csrf.CsrfFilter@380b72e9, org.springframework.security.web.authentication.logout.LogoutFilter@30adbb13, org.springframework.security.web.authentication.UsernamePasswordAuthenticationFilter@5aac9afd, org.springframework.security.web.savedrequest.RequestCacheAwareFilter@35900fac, org.springframework.security.web.servletapi.SecurityContextHolderAwareRequestFilter@380ed91d, org.springframework.security.web.authentication.AnonymousAuthenticationFilter@666fff41, org.springframework.security.web.session.SessionManagementFilter@e6c4ea2, org.springframework.security.web.access.ExceptionTranslationFilter@67ca00d1, org.springframework.security.web.access.intercept.FilterSecurityInterceptor@1372e684]
2021-03-14 22:46:10.557 DEBUG 6824 --- [    Test worker] o.s.b.f.s.DefaultListableBeanFactory     : Creating shared instance of singleton bean 'webSecurityExpressionHandler'
2021-03-14 22:46:10.558 DEBUG 6824 --- [    Test worker] o.s.b.f.s.DefaultListableBeanFactory     : Creating shared instance of singleton bean 'privilegeEvaluator'
2021-03-14 22:46:10.562 DEBUG 6824 --- [    Test worker] o.s.b.f.s.DefaultListableBeanFactory     : Creating shared instance of singleton bean 'requestDataValueProcessor'
2021-03-14 22:46:10.573 DEBUG 6824 --- [    Test worker] o.s.b.f.s.DefaultListableBeanFactory     : Creating shared instance of singleton bean 'org.springframework.security.config.annotation.web.configuration.HttpSecurityConfiguration'
2021-03-14 22:46:10.577 DEBUG 6824 --- [    Test worker] o.s.b.f.s.DefaultListableBeanFactory     : Creating shared instance of singleton bean 'org.springframework.boot.autoconfigure.security.servlet.WebSecurityEnablerConfiguration'
2021-03-14 22:46:10.582 DEBUG 6824 --- [    Test worker] o.s.b.f.s.DefaultListableBeanFactory     : Creating shared instance of singleton bean 'spring.security-org.springframework.boot.autoconfigure.security.SecurityProperties'
2021-03-14 22:46:10.590 DEBUG 6824 --- [    Test worker] o.s.b.f.s.DefaultListableBeanFactory     : Creating shared instance of singleton bean 'org.springframework.boot.autoconfigure.security.servlet.SecurityFilterAutoConfiguration'
2021-03-14 22:46:10.593 DEBUG 6824 --- [    Test worker] o.s.b.f.s.DefaultListableBeanFactory     : Creating shared instance of singleton bean 'securityFilterChainRegistration'
2021-03-14 22:46:10.594 DEBUG 6824 --- [    Test worker] o.s.b.f.s.DefaultListableBeanFactory     : Autowiring by type from bean name 'securityFilterChainRegistration' via factory method to bean named 'spring.security-org.springframework.boot.autoconfigure.security.SecurityProperties'
2021-03-14 22:46:10.625 DEBUG 6824 --- [    Test worker] o.s.b.f.s.DefaultListableBeanFactory     : Creating shared instance of singleton bean 'org.springframework.boot.autoconfigure.task.TaskSchedulingAutoConfiguration'
2021-03-14 22:46:10.629 DEBUG 6824 --- [    Test worker] o.s.b.f.s.DefaultListableBeanFactory     : Creating shared instance of singleton bean 'taskSchedulerBuilder'
2021-03-14 22:46:10.636 DEBUG 6824 --- [    Test worker] o.s.b.f.s.DefaultListableBeanFactory     : Creating shared instance of singleton bean 'spring.task.scheduling-org.springframework.boot.autoconfigure.task.TaskSchedulingProperties'
2021-03-14 22:46:10.641 DEBUG 6824 --- [    Test worker] o.s.b.f.s.DefaultListableBeanFactory     : Autowiring by type from bean name 'taskSchedulerBuilder' via factory method to bean named 'spring.task.scheduling-org.springframework.boot.autoconfigure.task.TaskSchedulingProperties'
2021-03-14 22:46:10.646 DEBUG 6824 --- [    Test worker] o.s.b.f.s.DefaultListableBeanFactory     : Creating shared instance of singleton bean 'org.springframework.boot.autoconfigure.thymeleaf.ThymeleafAutoConfiguration$ThymeleafWebMvcConfiguration'
2021-03-14 22:46:10.656 DEBUG 6824 --- [    Test worker] o.s.b.f.s.DefaultListableBeanFactory     : Creating shared instance of singleton bean 'org.springframework.boot.autoconfigure.thymeleaf.ThymeleafAutoConfiguration'
2021-03-14 22:46:10.658 DEBUG 6824 --- [    Test worker] o.s.b.f.s.DefaultListableBeanFactory     : Creating shared instance of singleton bean 'org.springframework.boot.autoconfigure.jdbc.DataSourceTransactionManagerAutoConfiguration$JdbcTransactionManagerConfiguration'
2021-03-14 22:46:10.661 DEBUG 6824 --- [    Test worker] o.s.b.f.s.DefaultListableBeanFactory     : Creating shared instance of singleton bean 'org.springframework.boot.autoconfigure.jdbc.DataSourceTransactionManagerAutoConfiguration'
2021-03-14 22:46:10.669 DEBUG 6824 --- [    Test worker] o.s.b.f.s.DefaultListableBeanFactory     : Creating shared instance of singleton bean 'org.springframework.boot.autoconfigure.transaction.TransactionAutoConfiguration$EnableTransactionManagementConfiguration$CglibAutoProxyConfiguration'
2021-03-14 22:46:10.676 DEBUG 6824 --- [    Test worker] o.s.b.f.s.DefaultListableBeanFactory     : Creating shared instance of singleton bean 'org.springframework.boot.autoconfigure.transaction.TransactionAutoConfiguration$EnableTransactionManagementConfiguration'
2021-03-14 22:46:10.679 DEBUG 6824 --- [    Test worker] o.s.b.f.s.DefaultListableBeanFactory     : Creating shared instance of singleton bean 'org.springframework.boot.autoconfigure.transaction.TransactionAutoConfiguration$TransactionTemplateConfiguration'
2021-03-14 22:46:10.685 DEBUG 6824 --- [    Test worker] o.s.b.f.s.DefaultListableBeanFactory     : Creating shared instance of singleton bean 'transactionTemplate'
2021-03-14 22:46:10.687 DEBUG 6824 --- [    Test worker] o.s.b.f.s.DefaultListableBeanFactory     : Autowiring by type from bean name 'transactionTemplate' via factory method to bean named 'transactionManager'
2021-03-14 22:46:10.701 DEBUG 6824 --- [    Test worker] o.s.b.f.s.DefaultListableBeanFactory     : Creating shared instance of singleton bean 'org.springframework.boot.autoconfigure.web.client.RestTemplateAutoConfiguration'
2021-03-14 22:46:10.707 DEBUG 6824 --- [    Test worker] o.s.b.f.s.DefaultListableBeanFactory     : Creating shared instance of singleton bean 'org.springframework.boot.autoconfigure.web.embedded.EmbeddedWebServerFactoryCustomizerAutoConfiguration'
2021-03-14 22:46:10.709 DEBUG 6824 --- [    Test worker] o.s.b.f.s.DefaultListableBeanFactory     : Creating shared instance of singleton bean 'characterEncodingFilter'
2021-03-14 22:46:10.755 DEBUG 6824 --- [    Test worker] o.s.b.f.s.DefaultListableBeanFactory     : Creating shared instance of singleton bean 'multipartResolver'
2021-03-14 22:46:10.807  INFO 6824 --- [    Test worker] c.e.Schedulle.SchedulleApplicationTests  : Started SchedulleApplicationTests in 14.282 seconds (JVM running for 17.757)
2021-03-14 22:46:10.813 DEBUG 6824 --- [    Test worker] c.DefaultCacheAwareContextLoaderDelegate : Storing ApplicationContext [2127710246] in cache under key [[WebMergedContextConfiguration@a7a137b testClass = SchedulleApplicationTests, locations = '{}', classes = '{class com.example.Schedulle.SchedulleApplication}', contextInitializerClasses = '[]', activeProfiles = '{}', propertySourceLocations = '{}', propertySourceProperties = '{org.springframework.boot.test.context.SpringBootTestContextBootstrapper=true}', contextCustomizers = set[org.springframework.boot.test.autoconfigure.actuate.metrics.MetricsExportContextCustomizerFactory$DisableMetricExportContextCustomizer@586e936f, org.springframework.boot.test.autoconfigure.properties.PropertyMappingContextCustomizer@0, org.springframework.boot.test.autoconfigure.web.servlet.WebDriverContextCustomizerFactory$Customizer@17b4ab04, org.springframework.boot.test.context.filter.ExcludeFilterContextCustomizer@3d53040c, org.springframework.boot.test.json.DuplicateJsonObjectContextCustomizerFactory$DuplicateJsonObjectContextCustomizer@443c06d7, org.springframework.boot.test.mock.mockito.MockitoContextCustomizer@0, org.springframework.boot.test.web.client.TestRestTemplateContextCustomizer@c8b218d, org.springframework.boot.test.context.SpringBootTestArgs@1, org.springframework.boot.test.context.SpringBootTestWebEnvironment@35b75873], resourceBasePath = 'src/main/webapp', contextLoader = 'org.springframework.boot.test.context.SpringBootContextLoader', parent = [null]]]
2021-03-14 22:46:10.816 DEBUG 6824 --- [    Test worker] org.springframework.test.context.cache   : Spring test ApplicationContext cache statistics: [DefaultContextCache@5c87a09b size = 1, maxSize = 32, parentContextCount = 0, hitCount = 0, missCount = 1]
2021-03-14 22:46:10.823 DEBUG 6824 --- [    Test worker] o.s.t.c.w.ServletTestExecutionListener   : Setting up MockHttpServletRequest, MockHttpServletResponse, ServletWebRequest, and RequestContextHolder for test context [DefaultTestContext@7dd05235 testClass = SchedulleApplicationTests, testInstance = com.example.Schedulle.SchedulleApplicationTests@2972c56e, testMethod = [null], testException = [null], mergedContextConfiguration = [WebMergedContextConfiguration@a7a137b testClass = SchedulleApplicationTests, locations = '{}', classes = '{class com.example.Schedulle.SchedulleApplication}', contextInitializerClasses = '[]', activeProfiles = '{}', propertySourceLocations = '{}', propertySourceProperties = '{org.springframework.boot.test.context.SpringBootTestContextBootstrapper=true}', contextCustomizers = set[org.springframework.boot.test.autoconfigure.actuate.metrics.MetricsExportContextCustomizerFactory$DisableMetricExportContextCustomizer@586e936f, org.springframework.boot.test.autoconfigure.properties.PropertyMappingContextCustomizer@0, org.springframework.boot.test.autoconfigure.web.servlet.WebDriverContextCustomizerFactory$Customizer@17b4ab04, org.springframework.boot.test.context.filter.ExcludeFilterContextCustomizer@3d53040c, org.springframework.boot.test.json.DuplicateJsonObjectContextCustomizerFactory$DuplicateJsonObjectContextCustomizer@443c06d7, org.springframework.boot.test.mock.mockito.MockitoContextCustomizer@0, org.springframework.boot.test.web.client.TestRestTemplateContextCustomizer@c8b218d, org.springframework.boot.test.context.SpringBootTestArgs@1, org.springframework.boot.test.context.SpringBootTestWebEnvironment@35b75873], resourceBasePath = 'src/main/webapp', contextLoader = 'org.springframework.boot.test.context.SpringBootContextLoader', parent = [null]], attributes = map['org.springframework.test.context.web.ServletTestExecutionListener.activateListener' -> true]].
2021-03-14 22:46:10.862 DEBUG 6824 --- [    Test worker] DependencyInjectionTestExecutionListener : Performing dependency injection for test context [[DefaultTestContext@7dd05235 testClass = SchedulleApplicationTests, testInstance = com.example.Schedulle.SchedulleApplicationTests@2972c56e, testMethod = [null], testException = [null], mergedContextConfiguration = [WebMergedContextConfiguration@a7a137b testClass = SchedulleApplicationTests, locations = '{}', classes = '{class com.example.Schedulle.SchedulleApplication}', contextInitializerClasses = '[]', activeProfiles = '{}', propertySourceLocations = '{}', propertySourceProperties = '{org.springframework.boot.test.context.SpringBootTestContextBootstrapper=true}', contextCustomizers = set[org.springframework.boot.test.autoconfigure.actuate.metrics.MetricsExportContextCustomizerFactory$DisableMetricExportContextCustomizer@586e936f, org.springframework.boot.test.autoconfigure.properties.PropertyMappingContextCustomizer@0, org.springframework.boot.test.autoconfigure.web.servlet.WebDriverContextCustomizerFactory$Customizer@17b4ab04, org.springframework.boot.test.context.filter.ExcludeFilterContextCustomizer@3d53040c, org.springframework.boot.test.json.DuplicateJsonObjectContextCustomizerFactory$DuplicateJsonObjectContextCustomizer@443c06d7, org.springframework.boot.test.mock.mockito.MockitoContextCustomizer@0, org.springframework.boot.test.web.client.TestRestTemplateContextCustomizer@c8b218d, org.springframework.boot.test.context.SpringBootTestArgs@1, org.springframework.boot.test.context.SpringBootTestWebEnvironment@35b75873], resourceBasePath = 'src/main/webapp', contextLoader = 'org.springframework.boot.test.context.SpringBootContextLoader', parent = [null]], attributes = map['org.springframework.test.context.web.ServletTestExecutionListener.activateListener' -> true, 'org.springframework.test.context.web.ServletTestExecutionListener.populatedRequestContextHolder' -> true, 'org.springframework.test.context.web.ServletTestExecutionListener.resetRequestContextHolder' -> true, 'org.springframework.test.context.event.ApplicationEventsTestExecutionListener.recordApplicationEvents' -> false]]].
2021-03-14 22:46:10.863 DEBUG 6824 --- [    Test worker] c.DefaultCacheAwareContextLoaderDelegate : Retrieved ApplicationContext [2127710246] from cache with key [[WebMergedContextConfiguration@a7a137b testClass = SchedulleApplicationTests, locations = '{}', classes = '{class com.example.Schedulle.SchedulleApplication}', contextInitializerClasses = '[]', activeProfiles = '{}', propertySourceLocations = '{}', propertySourceProperties = '{org.springframework.boot.test.context.SpringBootTestContextBootstrapper=true}', contextCustomizers = set[org.springframework.boot.test.autoconfigure.actuate.metrics.MetricsExportContextCustomizerFactory$DisableMetricExportContextCustomizer@586e936f, org.springframework.boot.test.autoconfigure.properties.PropertyMappingContextCustomizer@0, org.springframework.boot.test.autoconfigure.web.servlet.WebDriverContextCustomizerFactory$Customizer@17b4ab04, org.springframework.boot.test.context.filter.ExcludeFilterContextCustomizer@3d53040c, org.springframework.boot.test.json.DuplicateJsonObjectContextCustomizerFactory$DuplicateJsonObjectContextCustomizer@443c06d7, org.springframework.boot.test.mock.mockito.MockitoContextCustomizer@0, org.springframework.boot.test.web.client.TestRestTemplateContextCustomizer@c8b218d, org.springframework.boot.test.context.SpringBootTestArgs@1, org.springframework.boot.test.context.SpringBootTestWebEnvironment@35b75873], resourceBasePath = 'src/main/webapp', contextLoader = 'org.springframework.boot.test.context.SpringBootContextLoader', parent = [null]]]
2021-03-14 22:46:10.863 DEBUG 6824 --- [    Test worker] org.springframework.test.context.cache   : Spring test ApplicationContext cache statistics: [DefaultContextCache@5c87a09b size = 1, maxSize = 32, parentContextCount = 0, hitCount = 1, missCount = 1]
2021-03-14 22:46:10.875 DEBUG 6824 --- [    Test worker] c.DefaultCacheAwareContextLoaderDelegate : Retrieved ApplicationContext [2127710246] from cache with key [[WebMergedContextConfiguration@a7a137b testClass = SchedulleApplicationTests, locations = '{}', classes = '{class com.example.Schedulle.SchedulleApplication}', contextInitializerClasses = '[]', activeProfiles = '{}', propertySourceLocations = '{}', propertySourceProperties = '{org.springframework.boot.test.context.SpringBootTestContextBootstrapper=true}', contextCustomizers = set[org.springframework.boot.test.autoconfigure.actuate.metrics.MetricsExportContextCustomizerFactory$DisableMetricExportContextCustomizer@586e936f, org.springframework.boot.test.autoconfigure.properties.PropertyMappingContextCustomizer@0, org.springframework.boot.test.autoconfigure.web.servlet.WebDriverContextCustomizerFactory$Customizer@17b4ab04, org.springframework.boot.test.context.filter.ExcludeFilterContextCustomizer@3d53040c, org.springframework.boot.test.json.DuplicateJsonObjectContextCustomizerFactory$DuplicateJsonObjectContextCustomizer@443c06d7, org.springframework.boot.test.mock.mockito.MockitoContextCustomizer@0, org.springframework.boot.test.web.client.TestRestTemplateContextCustomizer@c8b218d, org.springframework.boot.test.context.SpringBootTestArgs@1, org.springframework.boot.test.context.SpringBootTestWebEnvironment@35b75873], resourceBasePath = 'src/main/webapp', contextLoader = 'org.springframework.boot.test.context.SpringBootContextLoader', parent = [null]]]
2021-03-14 22:46:10.875 DEBUG 6824 --- [    Test worker] org.springframework.test.context.cache   : Spring test ApplicationContext cache statistics: [DefaultContextCache@5c87a09b size = 1, maxSize = 32, parentContextCount = 0, hitCount = 2, missCount = 1]
2021-03-14 22:46:10.887 DEBUG 6824 --- [    Test worker] tractDirtiesContextTestExecutionListener : Before test method: context [DefaultTestContext@7dd05235 testClass = SchedulleApplicationTests, testInstance = com.example.Schedulle.SchedulleApplicationTests@2972c56e, testMethod = contextLoads@SchedulleApplicationTests, testException = [null], mergedContextConfiguration = [WebMergedContextConfiguration@a7a137b testClass = SchedulleApplicationTests, locations = '{}', classes = '{class com.example.Schedulle.SchedulleApplication}', contextInitializerClasses = '[]', activeProfiles = '{}', propertySourceLocations = '{}', propertySourceProperties = '{org.springframework.boot.test.context.SpringBootTestContextBootstrapper=true}', contextCustomizers = set[org.springframework.boot.test.autoconfigure.actuate.metrics.MetricsExportContextCustomizerFactory$DisableMetricExportContextCustomizer@586e936f, org.springframework.boot.test.autoconfigure.properties.PropertyMappingContextCustomizer@0, org.springframework.boot.test.autoconfigure.web.servlet.WebDriverContextCustomizerFactory$Customizer@17b4ab04, org.springframework.boot.test.context.filter.ExcludeFilterContextCustomizer@3d53040c, org.springframework.boot.test.json.DuplicateJsonObjectContextCustomizerFactory$DuplicateJsonObjectContextCustomizer@443c06d7, org.springframework.boot.test.mock.mockito.MockitoContextCustomizer@0, org.springframework.boot.test.web.client.TestRestTemplateContextCustomizer@c8b218d, org.springframework.boot.test.context.SpringBootTestArgs@1, org.springframework.boot.test.context.SpringBootTestWebEnvironment@35b75873], resourceBasePath = 'src/main/webapp', contextLoader = 'org.springframework.boot.test.context.SpringBootContextLoader', parent = [null]], attributes = map['org.springframework.test.context.web.ServletTestExecutionListener.activateListener' -> true, 'org.springframework.test.context.web.ServletTestExecutionListener.populatedRequestContextHolder' -> true, 'org.springframework.test.context.web.ServletTestExecutionListener.resetRequestContextHolder' -> true, 'org.springframework.test.context.event.ApplicationEventsTestExecutionListener.recordApplicationEvents' -> false]], class annotated with @DirtiesContext [false] with mode [null], method annotated with @DirtiesContext [false] with mode [null].
2021-03-14 22:46:10.896 DEBUG 6824 --- [    Test worker] c.DefaultCacheAwareContextLoaderDelegate : Retrieved ApplicationContext [2127710246] from cache with key [[WebMergedContextConfiguration@a7a137b testClass = SchedulleApplicationTests, locations = '{}', classes = '{class com.example.Schedulle.SchedulleApplication}', contextInitializerClasses = '[]', activeProfiles = '{}', propertySourceLocations = '{}', propertySourceProperties = '{org.springframework.boot.test.context.SpringBootTestContextBootstrapper=true}', contextCustomizers = set[org.springframework.boot.test.autoconfigure.actuate.metrics.MetricsExportContextCustomizerFactory$DisableMetricExportContextCustomizer@586e936f, org.springframework.boot.test.autoconfigure.properties.PropertyMappingContextCustomizer@0, org.springframework.boot.test.autoconfigure.web.servlet.WebDriverContextCustomizerFactory$Customizer@17b4ab04, org.springframework.boot.test.context.filter.ExcludeFilterContextCustomizer@3d53040c, org.springframework.boot.test.json.DuplicateJsonObjectContextCustomizerFactory$DuplicateJsonObjectContextCustomizer@443c06d7, org.springframework.boot.test.mock.mockito.MockitoContextCustomizer@0, org.springframework.boot.test.web.client.TestRestTemplateContextCustomizer@c8b218d, org.springframework.boot.test.context.SpringBootTestArgs@1, org.springframework.boot.test.context.SpringBootTestWebEnvironment@35b75873], resourceBasePath = 'src/main/webapp', contextLoader = 'org.springframework.boot.test.context.SpringBootContextLoader', parent = [null]]]
2021-03-14 22:46:10.896 DEBUG 6824 --- [    Test worker] org.springframework.test.context.cache   : Spring test ApplicationContext cache statistics: [DefaultContextCache@5c87a09b size = 1, maxSize = 32, parentContextCount = 0, hitCount = 3, missCount = 1]
2021-03-14 22:46:10.901 DEBUG 6824 --- [    Test worker] c.DefaultCacheAwareContextLoaderDelegate : Retrieved ApplicationContext [2127710246] from cache with key [[WebMergedContextConfiguration@a7a137b testClass = SchedulleApplicationTests, locations = '{}', classes = '{class com.example.Schedulle.SchedulleApplication}', contextInitializerClasses = '[]', activeProfiles = '{}', propertySourceLocations = '{}', propertySourceProperties = '{org.springframework.boot.test.context.SpringBootTestContextBootstrapper=true}', contextCustomizers = set[org.springframework.boot.test.autoconfigure.actuate.metrics.MetricsExportContextCustomizerFactory$DisableMetricExportContextCustomizer@586e936f, org.springframework.boot.test.autoconfigure.properties.PropertyMappingContextCustomizer@0, org.springframework.boot.test.autoconfigure.web.servlet.WebDriverContextCustomizerFactory$Customizer@17b4ab04, org.springframework.boot.test.context.filter.ExcludeFilterContextCustomizer@3d53040c, org.springframework.boot.test.json.DuplicateJsonObjectContextCustomizerFactory$DuplicateJsonObjectContextCustomizer@443c06d7, org.springframework.boot.test.mock.mockito.MockitoContextCustomizer@0, org.springframework.boot.test.web.client.TestRestTemplateContextCustomizer@c8b218d, org.springframework.boot.test.context.SpringBootTestArgs@1, org.springframework.boot.test.context.SpringBootTestWebEnvironment@35b75873], resourceBasePath = 'src/main/webapp', contextLoader = 'org.springframework.boot.test.context.SpringBootContextLoader', parent = [null]]]
2021-03-14 22:46:10.902 DEBUG 6824 --- [    Test worker] org.springframework.test.context.cache   : Spring test ApplicationContext cache statistics: [DefaultContextCache@5c87a09b size = 1, maxSize = 32, parentContextCount = 0, hitCount = 4, missCount = 1]
2021-03-14 22:46:11.318 DEBUG 6824 --- [    Test worker] c.DefaultCacheAwareContextLoaderDelegate : Retrieved ApplicationContext [2127710246] from cache with key [[WebMergedContextConfiguration@a7a137b testClass = SchedulleApplicationTests, locations = '{}', classes = '{class com.example.Schedulle.SchedulleApplication}', contextInitializerClasses = '[]', activeProfiles = '{}', propertySourceLocations = '{}', propertySourceProperties = '{org.springframework.boot.test.context.SpringBootTestContextBootstrapper=true}', contextCustomizers = set[org.springframework.boot.test.autoconfigure.actuate.metrics.MetricsExportContextCustomizerFactory$DisableMetricExportContextCustomizer@586e936f, org.springframework.boot.test.autoconfigure.properties.PropertyMappingContextCustomizer@0, org.springframework.boot.test.autoconfigure.web.servlet.WebDriverContextCustomizerFactory$Customizer@17b4ab04, org.springframework.boot.test.context.filter.ExcludeFilterContextCustomizer@3d53040c, org.springframework.boot.test.json.DuplicateJsonObjectContextCustomizerFactory$DuplicateJsonObjectContextCustomizer@443c06d7, org.springframework.boot.test.mock.mockito.MockitoContextCustomizer@0, org.springframework.boot.test.web.client.TestRestTemplateContextCustomizer@c8b218d, org.springframework.boot.test.context.SpringBootTestArgs@1, org.springframework.boot.test.context.SpringBootTestWebEnvironment@35b75873], resourceBasePath = 'src/main/webapp', contextLoader = 'org.springframework.boot.test.context.SpringBootContextLoader', parent = [null]]]
2021-03-14 22:46:11.318 DEBUG 6824 --- [    Test worker] org.springframework.test.context.cache   : Spring test ApplicationContext cache statistics: [DefaultContextCache@5c87a09b size = 1, maxSize = 32, parentContextCount = 0, hitCount = 5, missCount = 1]
2021-03-14 22:46:11.329 DEBUG 6824 --- [    Test worker] c.DefaultCacheAwareContextLoaderDelegate : Retrieved ApplicationContext [2127710246] from cache with key [[WebMergedContextConfiguration@a7a137b testClass = SchedulleApplicationTests, locations = '{}', classes = '{class com.example.Schedulle.SchedulleApplication}', contextInitializerClasses = '[]', activeProfiles = '{}', propertySourceLocations = '{}', propertySourceProperties = '{org.springframework.boot.test.context.SpringBootTestContextBootstrapper=true}', contextCustomizers = set[org.springframework.boot.test.autoconfigure.actuate.metrics.MetricsExportContextCustomizerFactory$DisableMetricExportContextCustomizer@586e936f, org.springframework.boot.test.autoconfigure.properties.PropertyMappingContextCustomizer@0, org.springframework.boot.test.autoconfigure.web.servlet.WebDriverContextCustomizerFactory$Customizer@17b4ab04, org.springframework.boot.test.context.filter.ExcludeFilterContextCustomizer@3d53040c, org.springframework.boot.test.json.DuplicateJsonObjectContextCustomizerFactory$DuplicateJsonObjectContextCustomizer@443c06d7, org.springframework.boot.test.mock.mockito.MockitoContextCustomizer@0, org.springframework.boot.test.web.client.TestRestTemplateContextCustomizer@c8b218d, org.springframework.boot.test.context.SpringBootTestArgs@1, org.springframework.boot.test.context.SpringBootTestWebEnvironment@35b75873], resourceBasePath = 'src/main/webapp', contextLoader = 'org.springframework.boot.test.context.SpringBootContextLoader', parent = [null]]]
2021-03-14 22:46:11.329 DEBUG 6824 --- [    Test worker] org.springframework.test.context.cache   : Spring test ApplicationContext cache statistics: [DefaultContextCache@5c87a09b size = 1, maxSize = 32, parentContextCount = 0, hitCount = 6, missCount = 1]
2021-03-14 22:46:11.365 DEBUG 6824 --- [    Test worker] c.DefaultCacheAwareContextLoaderDelegate : Retrieved ApplicationContext [2127710246] from cache with key [[WebMergedContextConfiguration@a7a137b testClass = SchedulleApplicationTests, locations = '{}', classes = '{class com.example.Schedulle.SchedulleApplication}', contextInitializerClasses = '[]', activeProfiles = '{}', propertySourceLocations = '{}', propertySourceProperties = '{org.springframework.boot.test.context.SpringBootTestContextBootstrapper=true}', contextCustomizers = set[org.springframework.boot.test.autoconfigure.actuate.metrics.MetricsExportContextCustomizerFactory$DisableMetricExportContextCustomizer@586e936f, org.springframework.boot.test.autoconfigure.properties.PropertyMappingContextCustomizer@0, org.springframework.boot.test.autoconfigure.web.servlet.WebDriverContextCustomizerFactory$Customizer@17b4ab04, org.springframework.boot.test.context.filter.ExcludeFilterContextCustomizer@3d53040c, org.springframework.boot.test.json.DuplicateJsonObjectContextCustomizerFactory$DuplicateJsonObjectContextCustomizer@443c06d7, org.springframework.boot.test.mock.mockito.MockitoContextCustomizer@0, org.springframework.boot.test.web.client.TestRestTemplateContextCustomizer@c8b218d, org.springframework.boot.test.context.SpringBootTestArgs@1, org.springframework.boot.test.context.SpringBootTestWebEnvironment@35b75873], resourceBasePath = 'src/main/webapp', contextLoader = 'org.springframework.boot.test.context.SpringBootContextLoader', parent = [null]]]
2021-03-14 22:46:11.366 DEBUG 6824 --- [    Test worker] org.springframework.test.context.cache   : Spring test ApplicationContext cache statistics: [DefaultContextCache@5c87a09b size = 1, maxSize = 32, parentContextCount = 0, hitCount = 7, missCount = 1]
2021-03-14 22:46:11.374 DEBUG 6824 --- [    Test worker] c.DefaultCacheAwareContextLoaderDelegate : Retrieved ApplicationContext [2127710246] from cache with key [[WebMergedContextConfiguration@a7a137b testClass = SchedulleApplicationTests, locations = '{}', classes = '{class com.example.Schedulle.SchedulleApplication}', contextInitializerClasses = '[]', activeProfiles = '{}', propertySourceLocations = '{}', propertySourceProperties = '{org.springframework.boot.test.context.SpringBootTestContextBootstrapper=true}', contextCustomizers = set[org.springframework.boot.test.autoconfigure.actuate.metrics.MetricsExportContextCustomizerFactory$DisableMetricExportContextCustomizer@586e936f, org.springframework.boot.test.autoconfigure.properties.PropertyMappingContextCustomizer@0, org.springframework.boot.test.autoconfigure.web.servlet.WebDriverContextCustomizerFactory$Customizer@17b4ab04, org.springframework.boot.test.context.filter.ExcludeFilterContextCustomizer@3d53040c, org.springframework.boot.test.json.DuplicateJsonObjectContextCustomizerFactory$DuplicateJsonObjectContextCustomizer@443c06d7, org.springframework.boot.test.mock.mockito.MockitoContextCustomizer@0, org.springframework.boot.test.web.client.TestRestTemplateContextCustomizer@c8b218d, org.springframework.boot.test.context.SpringBootTestArgs@1, org.springframework.boot.test.context.SpringBootTestWebEnvironment@35b75873], resourceBasePath = 'src/main/webapp', contextLoader = 'org.springframework.boot.test.context.SpringBootContextLoader', parent = [null]]]
2021-03-14 22:46:11.374 DEBUG 6824 --- [    Test worker] org.springframework.test.context.cache   : Spring test ApplicationContext cache statistics: [DefaultContextCache@5c87a09b size = 1, maxSize = 32, parentContextCount = 0, hitCount = 8, missCount = 1]
2021-03-14 22:46:11.375 DEBUG 6824 --- [    Test worker] c.DefaultCacheAwareContextLoaderDelegate : Retrieved ApplicationContext [2127710246] from cache with key [[WebMergedContextConfiguration@a7a137b testClass = SchedulleApplicationTests, locations = '{}', classes = '{class com.example.Schedulle.SchedulleApplication}', contextInitializerClasses = '[]', activeProfiles = '{}', propertySourceLocations = '{}', propertySourceProperties = '{org.springframework.boot.test.context.SpringBootTestContextBootstrapper=true}', contextCustomizers = set[org.springframework.boot.test.autoconfigure.actuate.metrics.MetricsExportContextCustomizerFactory$DisableMetricExportContextCustomizer@586e936f, org.springframework.boot.test.autoconfigure.properties.PropertyMappingContextCustomizer@0, org.springframework.boot.test.autoconfigure.web.servlet.WebDriverContextCustomizerFactory$Customizer@17b4ab04, org.springframework.boot.test.context.filter.ExcludeFilterContextCustomizer@3d53040c, org.springframework.boot.test.json.DuplicateJsonObjectContextCustomizerFactory$DuplicateJsonObjectContextCustomizer@443c06d7, org.springframework.boot.test.mock.mockito.MockitoContextCustomizer@0, org.springframework.boot.test.web.client.TestRestTemplateContextCustomizer@c8b218d, org.springframework.boot.test.context.SpringBootTestArgs@1, org.springframework.boot.test.context.SpringBootTestWebEnvironment@35b75873], resourceBasePath = 'src/main/webapp', contextLoader = 'org.springframework.boot.test.context.SpringBootContextLoader', parent = [null]]]
2021-03-14 22:46:11.375 DEBUG 6824 --- [    Test worker] org.springframework.test.context.cache   : Spring test ApplicationContext cache statistics: [DefaultContextCache@5c87a09b size = 1, maxSize = 32, parentContextCount = 0, hitCount = 9, missCount = 1]
2021-03-14 22:46:11.376 DEBUG 6824 --- [    Test worker] c.DefaultCacheAwareContextLoaderDelegate : Retrieved ApplicationContext [2127710246] from cache with key [[WebMergedContextConfiguration@a7a137b testClass = SchedulleApplicationTests, locations = '{}', classes = '{class com.example.Schedulle.SchedulleApplication}', contextInitializerClasses = '[]', activeProfiles = '{}', propertySourceLocations = '{}', propertySourceProperties = '{org.springframework.boot.test.context.SpringBootTestContextBootstrapper=true}', contextCustomizers = set[org.springframework.boot.test.autoconfigure.actuate.metrics.MetricsExportContextCustomizerFactory$DisableMetricExportContextCustomizer@586e936f, org.springframework.boot.test.autoconfigure.properties.PropertyMappingContextCustomizer@0, org.springframework.boot.test.autoconfigure.web.servlet.WebDriverContextCustomizerFactory$Customizer@17b4ab04, org.springframework.boot.test.context.filter.ExcludeFilterContextCustomizer@3d53040c, org.springframework.boot.test.json.DuplicateJsonObjectContextCustomizerFactory$DuplicateJsonObjectContextCustomizer@443c06d7, org.springframework.boot.test.mock.mockito.MockitoContextCustomizer@0, org.springframework.boot.test.web.client.TestRestTemplateContextCustomizer@c8b218d, org.springframework.boot.test.context.SpringBootTestArgs@1, org.springframework.boot.test.context.SpringBootTestWebEnvironment@35b75873], resourceBasePath = 'src/main/webapp', contextLoader = 'org.springframework.boot.test.context.SpringBootContextLoader', parent = [null]]]
2021-03-14 22:46:11.377 DEBUG 6824 --- [    Test worker] org.springframework.test.context.cache   : Spring test ApplicationContext cache statistics: [DefaultContextCache@5c87a09b size = 1, maxSize = 32, parentContextCount = 0, hitCount = 10, missCount = 1]
2021-03-14 22:46:11.380 DEBUG 6824 --- [    Test worker] c.DefaultCacheAwareContextLoaderDelegate : Retrieved ApplicationContext [2127710246] from cache with key [[WebMergedContextConfiguration@a7a137b testClass = SchedulleApplicationTests, locations = '{}', classes = '{class com.example.Schedulle.SchedulleApplication}', contextInitializerClasses = '[]', activeProfiles = '{}', propertySourceLocations = '{}', propertySourceProperties = '{org.springframework.boot.test.context.SpringBootTestContextBootstrapper=true}', contextCustomizers = set[org.springframework.boot.test.autoconfigure.actuate.metrics.MetricsExportContextCustomizerFactory$DisableMetricExportContextCustomizer@586e936f, org.springframework.boot.test.autoconfigure.properties.PropertyMappingContextCustomizer@0, org.springframework.boot.test.autoconfigure.web.servlet.WebDriverContextCustomizerFactory$Customizer@17b4ab04, org.springframework.boot.test.context.filter.ExcludeFilterContextCustomizer@3d53040c, org.springframework.boot.test.json.DuplicateJsonObjectContextCustomizerFactory$DuplicateJsonObjectContextCustomizer@443c06d7, org.springframework.boot.test.mock.mockito.MockitoContextCustomizer@0, org.springframework.boot.test.web.client.TestRestTemplateContextCustomizer@c8b218d, org.springframework.boot.test.context.SpringBootTestArgs@1, org.springframework.boot.test.context.SpringBootTestWebEnvironment@35b75873], resourceBasePath = 'src/main/webapp', contextLoader = 'org.springframework.boot.test.context.SpringBootContextLoader', parent = [null]]]
2021-03-14 22:46:11.380 DEBUG 6824 --- [    Test worker] org.springframework.test.context.cache   : Spring test ApplicationContext cache statistics: [DefaultContextCache@5c87a09b size = 1, maxSize = 32, parentContextCount = 0, hitCount = 11, missCount = 1]
2021-03-14 22:46:11.387 DEBUG 6824 --- [    Test worker] tractDirtiesContextTestExecutionListener : After test method: context [DefaultTestContext@7dd05235 testClass = SchedulleApplicationTests, testInstance = com.example.Schedulle.SchedulleApplicationTests@2972c56e, testMethod = contextLoads@SchedulleApplicationTests, testException = [null], mergedContextConfiguration = [WebMergedContextConfiguration@a7a137b testClass = SchedulleApplicationTests, locations = '{}', classes = '{class com.example.Schedulle.SchedulleApplication}', contextInitializerClasses = '[]', activeProfiles = '{}', propertySourceLocations = '{}', propertySourceProperties = '{org.springframework.boot.test.context.SpringBootTestContextBootstrapper=true}', contextCustomizers = set[org.springframework.boot.test.autoconfigure.actuate.metrics.MetricsExportContextCustomizerFactory$DisableMetricExportContextCustomizer@586e936f, org.springframework.boot.test.autoconfigure.properties.PropertyMappingContextCustomizer@0, org.springframework.boot.test.autoconfigure.web.servlet.WebDriverContextCustomizerFactory$Customizer@17b4ab04, org.springframework.boot.test.context.filter.ExcludeFilterContextCustomizer@3d53040c, org.springframework.boot.test.json.DuplicateJsonObjectContextCustomizerFactory$DuplicateJsonObjectContextCustomizer@443c06d7, org.springframework.boot.test.mock.mockito.MockitoContextCustomizer@0, org.springframework.boot.test.web.client.TestRestTemplateContextCustomizer@c8b218d, org.springframework.boot.test.context.SpringBootTestArgs@1, org.springframework.boot.test.context.SpringBootTestWebEnvironment@35b75873], resourceBasePath = 'src/main/webapp', contextLoader = 'org.springframework.boot.test.context.SpringBootContextLoader', parent = [null]], attributes = map['org.springframework.test.context.web.ServletTestExecutionListener.activateListener' -> true, 'org.springframework.test.context.web.ServletTestExecutionListener.populatedRequestContextHolder' -> true, 'org.springframework.test.context.web.ServletTestExecutionListener.resetRequestContextHolder' -> true, 'org.springframework.test.context.event.ApplicationEventsTestExecutionListener.recordApplicationEvents' -> false]], class annotated with @DirtiesContext [false] with mode [null], method annotated with @DirtiesContext [false] with mode [null].
2021-03-14 22:46:11.388 DEBUG 6824 --- [    Test worker] o.s.t.c.w.ServletTestExecutionListener   : Resetting RequestContextHolder for test context [DefaultTestContext@7dd05235 testClass = SchedulleApplicationTests, testInstance = com.example.Schedulle.SchedulleApplicationTests@2972c56e, testMethod = contextLoads@SchedulleApplicationTests, testException = [null], mergedContextConfiguration = [WebMergedContextConfiguration@a7a137b testClass = SchedulleApplicationTests, locations = '{}', classes = '{class com.example.Schedulle.SchedulleApplication}', contextInitializerClasses = '[]', activeProfiles = '{}', propertySourceLocations = '{}', propertySourceProperties = '{org.springframework.boot.test.context.SpringBootTestContextBootstrapper=true}', contextCustomizers = set[org.springframework.boot.test.autoconfigure.actuate.metrics.MetricsExportContextCustomizerFactory$DisableMetricExportContextCustomizer@586e936f, org.springframework.boot.test.autoconfigure.properties.PropertyMappingContextCustomizer@0, org.springframework.boot.test.autoconfigure.web.servlet.WebDriverContextCustomizerFactory$Customizer@17b4ab04, org.springframework.boot.test.context.filter.ExcludeFilterContextCustomizer@3d53040c, org.springframework.boot.test.json.DuplicateJsonObjectContextCustomizerFactory$DuplicateJsonObjectContextCustomizer@443c06d7, org.springframework.boot.test.mock.mockito.MockitoContextCustomizer@0, org.springframework.boot.test.web.client.TestRestTemplateContextCustomizer@c8b218d, org.springframework.boot.test.context.SpringBootTestArgs@1, org.springframework.boot.test.context.SpringBootTestWebEnvironment@35b75873], resourceBasePath = 'src/main/webapp', contextLoader = 'org.springframework.boot.test.context.SpringBootContextLoader', parent = [null]], attributes = map['org.springframework.test.context.web.ServletTestExecutionListener.activateListener' -> true, 'org.springframework.test.context.web.ServletTestExecutionListener.populatedRequestContextHolder' -> true, 'org.springframework.test.context.web.ServletTestExecutionListener.resetRequestContextHolder' -> true, 'org.springframework.test.context.event.ApplicationEventsTestExecutionListener.recordApplicationEvents' -> false]].
2021-03-14 22:46:11.406 DEBUG 6824 --- [    Test worker] c.DefaultCacheAwareContextLoaderDelegate : Retrieved ApplicationContext [2127710246] from cache with key [[WebMergedContextConfiguration@a7a137b testClass = SchedulleApplicationTests, locations = '{}', classes = '{class com.example.Schedulle.SchedulleApplication}', contextInitializerClasses = '[]', activeProfiles = '{}', propertySourceLocations = '{}', propertySourceProperties = '{org.springframework.boot.test.context.SpringBootTestContextBootstrapper=true}', contextCustomizers = set[org.springframework.boot.test.autoconfigure.actuate.metrics.MetricsExportContextCustomizerFactory$DisableMetricExportContextCustomizer@586e936f, org.springframework.boot.test.autoconfigure.properties.PropertyMappingContextCustomizer@0, org.springframework.boot.test.autoconfigure.web.servlet.WebDriverContextCustomizerFactory$Customizer@17b4ab04, org.springframework.boot.test.context.filter.ExcludeFilterContextCustomizer@3d53040c, org.springframework.boot.test.json.DuplicateJsonObjectContextCustomizerFactory$DuplicateJsonObjectContextCustomizer@443c06d7, org.springframework.boot.test.mock.mockito.MockitoContextCustomizer@0, org.springframework.boot.test.web.client.TestRestTemplateContextCustomizer@c8b218d, org.springframework.boot.test.context.SpringBootTestArgs@1, org.springframework.boot.test.context.SpringBootTestWebEnvironment@35b75873], resourceBasePath = 'src/main/webapp', contextLoader = 'org.springframework.boot.test.context.SpringBootContextLoader', parent = [null]]]
2021-03-14 22:46:11.406 DEBUG 6824 --- [    Test worker] org.springframework.test.context.cache   : Spring test ApplicationContext cache statistics: [DefaultContextCache@5c87a09b size = 1, maxSize = 32, parentContextCount = 0, hitCount = 12, missCount = 1]
2021-03-14 22:46:11.407 DEBUG 6824 --- [    Test worker] tractDirtiesContextTestExecutionListener : After test class: context [DefaultTestContext@7dd05235 testClass = SchedulleApplicationTests, testInstance = [null], testMethod = [null], testException = [null], mergedContextConfiguration = [WebMergedContextConfiguration@a7a137b testClass = SchedulleApplicationTests, locations = '{}', classes = '{class com.example.Schedulle.SchedulleApplication}', contextInitializerClasses = '[]', activeProfiles = '{}', propertySourceLocations = '{}', propertySourceProperties = '{org.springframework.boot.test.context.SpringBootTestContextBootstrapper=true}', contextCustomizers = set[org.springframework.boot.test.autoconfigure.actuate.metrics.MetricsExportContextCustomizerFactory$DisableMetricExportContextCustomizer@586e936f, org.springframework.boot.test.autoconfigure.properties.PropertyMappingContextCustomizer@0, org.springframework.boot.test.autoconfigure.web.servlet.WebDriverContextCustomizerFactory$Customizer@17b4ab04, org.springframework.boot.test.context.filter.ExcludeFilterContextCustomizer@3d53040c, org.springframework.boot.test.json.DuplicateJsonObjectContextCustomizerFactory$DuplicateJsonObjectContextCustomizer@443c06d7, org.springframework.boot.test.mock.mockito.MockitoContextCustomizer@0, org.springframework.boot.test.web.client.TestRestTemplateContextCustomizer@c8b218d, org.springframework.boot.test.context.SpringBootTestArgs@1, org.springframework.boot.test.context.SpringBootTestWebEnvironment@35b75873], resourceBasePath = 'src/main/webapp', contextLoader = 'org.springframework.boot.test.context.SpringBootContextLoader', parent = [null]], attributes = map['org.springframework.test.context.web.ServletTestExecutionListener.activateListener' -> true, 'org.springframework.test.context.event.ApplicationEventsTestExecutionListener.recordApplicationEvents' -> false, 'org.springframework.test.context.support.DependencyInjectionTestExecutionListener.reinjectDependencies' -> true]], class annotated with @DirtiesContext [false] with mode [null].
]]></system-out>
  <system-err><![CDATA[]]></system-err>
</testsuite>
