<?xml version="1.0" encoding="UTF-8"?>
<testsuite name="com.example.Schedulle.SchedulleApplicationTests" tests="1" skipped="0" failures="0" errors="0" timestamp="2021-03-05T04:20:28" hostname="DESKTOP-QAD0F6A" time="0.123">
  <properties/>
  <testcase name="contextLoads()" classname="com.example.Schedulle.SchedulleApplicationTests" time="0.123"/>
  <system-out><![CDATA[13:20:24.454 [Test worker] DEBUG org.springframework.test.context.BootstrapUtils - Instantiating CacheAwareContextLoaderDelegate from class [org.springframework.test.context.cache.DefaultCacheAwareContextLoaderDelegate]
13:20:24.463 [Test worker] DEBUG org.springframework.test.context.BootstrapUtils - Instantiating BootstrapContext using constructor [public org.springframework.test.context.support.DefaultBootstrapContext(java.lang.Class,org.springframework.test.context.CacheAwareContextLoaderDelegate)]
13:20:24.484 [Test worker] DEBUG org.springframework.test.context.BootstrapUtils - Instantiating TestContextBootstrapper for test class [com.example.Schedulle.SchedulleApplicationTests] from class [org.springframework.boot.test.context.SpringBootTestContextBootstrapper]
13:20:24.491 [Test worker] INFO org.springframework.boot.test.context.SpringBootTestContextBootstrapper - Neither @ContextConfiguration nor @ContextHierarchy found for test class [com.example.Schedulle.SchedulleApplicationTests], using SpringBootContextLoader
13:20:24.494 [Test worker] DEBUG org.springframework.test.context.support.AbstractContextLoader - Did not detect default resource location for test class [com.example.Schedulle.SchedulleApplicationTests]: class path resource [com/example/Schedulle/SchedulleApplicationTests-context.xml] does not exist
13:20:24.494 [Test worker] DEBUG org.springframework.test.context.support.AbstractContextLoader - Did not detect default resource location for test class [com.example.Schedulle.SchedulleApplicationTests]: class path resource [com/example/Schedulle/SchedulleApplicationTestsContext.groovy] does not exist
13:20:24.494 [Test worker] INFO org.springframework.test.context.support.AbstractContextLoader - Could not detect default resource locations for test class [com.example.Schedulle.SchedulleApplicationTests]: no resource found for suffixes {-context.xml, Context.groovy}.
13:20:24.495 [Test worker] INFO org.springframework.test.context.support.AnnotationConfigContextLoaderUtils - Could not detect default configuration classes for test class [com.example.Schedulle.SchedulleApplicationTests]: SchedulleApplicationTests does not declare any static, non-private, non-final, nested classes annotated with @Configuration.
13:20:24.521 [Test worker] DEBUG org.springframework.test.context.support.ActiveProfilesUtils - Could not find an 'annotation declaring class' for annotation type [org.springframework.test.context.ActiveProfiles] and class [com.example.Schedulle.SchedulleApplicationTests]
13:20:24.559 [Test worker] DEBUG org.springframework.context.annotation.ClassPathScanningCandidateComponentProvider - Identified candidate component class: file [C:\workspace\workspace_eclipse\SpringBoot\practice\Schedulle\build\classes\java\main\com\example\Schedulle\SchedulleApplication.class]
13:20:24.560 [Test worker] INFO org.springframework.boot.test.context.SpringBootTestContextBootstrapper - Found @SpringBootConfiguration com.example.Schedulle.SchedulleApplication for test class com.example.Schedulle.SchedulleApplicationTests
13:20:24.626 [Test worker] DEBUG org.springframework.boot.test.context.SpringBootTestContextBootstrapper - @TestExecutionListeners is not present for class [com.example.Schedulle.SchedulleApplicationTests]: using defaults.
13:20:24.627 [Test worker] INFO org.springframework.boot.test.context.SpringBootTestContextBootstrapper - Loaded default TestExecutionListener class names from location [META-INF/spring.factories]: [org.springframework.security.test.context.support.WithSecurityContextTestExecutionListener, org.springframework.security.test.context.support.ReactorContextTestExecutionListener, org.springframework.boot.test.autoconfigure.restdocs.RestDocsTestExecutionListener, org.springframework.boot.test.autoconfigure.web.client.MockRestServiceServerResetTestExecutionListener, org.springframework.boot.test.autoconfigure.web.servlet.MockMvcPrintOnlyOnFailureTestExecutionListener, org.springframework.boot.test.autoconfigure.web.servlet.WebDriverTestExecutionListener, org.springframework.boot.test.autoconfigure.webservices.client.MockWebServiceServerTestExecutionListener, org.springframework.boot.test.mock.mockito.MockitoTestExecutionListener, org.springframework.boot.test.mock.mockito.ResetMocksTestExecutionListener, org.springframework.test.context.web.ServletTestExecutionListener, org.springframework.test.context.support.DirtiesContextBeforeModesTestExecutionListener, org.springframework.test.context.event.ApplicationEventsTestExecutionListener, org.springframework.test.context.support.DependencyInjectionTestExecutionListener, org.springframework.test.context.support.DirtiesContextTestExecutionListener, org.springframework.test.context.transaction.TransactionalTestExecutionListener, org.springframework.test.context.jdbc.SqlScriptsTestExecutionListener, org.springframework.test.context.event.EventPublishingTestExecutionListener]
13:20:24.640 [Test worker] INFO org.springframework.boot.test.context.SpringBootTestContextBootstrapper - Using TestExecutionListeners: [org.springframework.test.context.web.ServletTestExecutionListener@4cf7ebb9, org.springframework.test.context.support.DirtiesContextBeforeModesTestExecutionListener@47653a29, org.springframework.test.context.event.ApplicationEventsTestExecutionListener@1806b722, org.springframework.boot.test.mock.mockito.MockitoTestExecutionListener@58d29595, org.springframework.boot.test.autoconfigure.SpringBootDependencyInjectionTestExecutionListener@2b8b1715, org.springframework.test.context.support.DirtiesContextTestExecutionListener@45d1c43f, org.springframework.test.context.transaction.TransactionalTestExecutionListener@6843d400, org.springframework.test.context.jdbc.SqlScriptsTestExecutionListener@24f19aa0, org.springframework.security.test.context.support.WithSecurityContextTestExecutionListener@57310294, org.springframework.test.context.event.EventPublishingTestExecutionListener@1c0ac471, org.springframework.security.test.context.support.ReactorContextTestExecutionListener@6a9fe024, org.springframework.boot.test.autoconfigure.restdocs.RestDocsTestExecutionListener@4293434d, org.springframework.boot.test.autoconfigure.web.client.MockRestServiceServerResetTestExecutionListener@1d69dc29, org.springframework.boot.test.autoconfigure.web.servlet.MockMvcPrintOnlyOnFailureTestExecutionListener@578abab9, org.springframework.boot.test.autoconfigure.web.servlet.WebDriverTestExecutionListener@4201feac, org.springframework.boot.test.autoconfigure.webservices.client.MockWebServiceServerTestExecutionListener@1ad0448a, org.springframework.boot.test.mock.mockito.ResetMocksTestExecutionListener@490b4b6d]
13:20:24.642 [Test worker] DEBUG org.springframework.test.context.support.AbstractDirtiesContextTestExecutionListener - Before test class: context [DefaultTestContext@20e9477f testClass = SchedulleApplicationTests, testInstance = [null], testMethod = [null], testException = [null], mergedContextConfiguration = [WebMergedContextConfiguration@46a25ddf testClass = SchedulleApplicationTests, locations = '{}', classes = '{class com.example.Schedulle.SchedulleApplication}', contextInitializerClasses = '[]', activeProfiles = '{}', propertySourceLocations = '{}', propertySourceProperties = '{org.springframework.boot.test.context.SpringBootTestContextBootstrapper=true}', contextCustomizers = set[org.springframework.boot.test.autoconfigure.actuate.metrics.MetricsExportContextCustomizerFactory$DisableMetricExportContextCustomizer@1d9d76af, org.springframework.boot.test.autoconfigure.properties.PropertyMappingContextCustomizer@0, org.springframework.boot.test.autoconfigure.web.servlet.WebDriverContextCustomizerFactory$Customizer@260e1381, org.springframework.boot.test.context.filter.ExcludeFilterContextCustomizer@7c86f69, org.springframework.boot.test.json.DuplicateJsonObjectContextCustomizerFactory$DuplicateJsonObjectContextCustomizer@cde4049, org.springframework.boot.test.mock.mockito.MockitoContextCustomizer@0, org.springframework.boot.test.web.client.TestRestTemplateContextCustomizer@43dae147, org.springframework.boot.test.context.SpringBootTestArgs@1, org.springframework.boot.test.context.SpringBootTestWebEnvironment@1f4456ac], resourceBasePath = 'src/main/webapp', contextLoader = 'org.springframework.boot.test.context.SpringBootContextLoader', parent = [null]], attributes = map['org.springframework.test.context.web.ServletTestExecutionListener.activateListener' -> true]], class annotated with @DirtiesContext [false] with mode [null].
13:20:24.664 [Test worker] DEBUG org.springframework.test.context.support.TestPropertySourceUtils - Adding inlined properties to environment: {spring.jmx.enabled=false, org.springframework.boot.test.context.SpringBootTestContextBootstrapper=true}

  .   ____          _            __ _ _
 /\\ / ___'_ __ _ _(_)_ __  __ _ \ \ \ \
( ( )\___ | '_ | '_| | '_ \/ _` | \ \ \ \
 \\/  ___)| |_)| | | | | || (_| |  ) ) ) )
  '  |____| .__|_| |_|_| |_\__, | / / / /
 =========|_|==============|___/=/_/_/_/
 :: Spring Boot ::                (v2.4.3)

2021-03-05 13:20:24.838  INFO 21816 --- [    Test worker] c.e.Schedulle.SchedulleApplicationTests  : Starting SchedulleApplicationTests using Java 15.0.2 on DESKTOP-QAD0F6A with PID 21816 (started by kaoru in C:\workspace\workspace_eclipse\SpringBoot\practice\Schedulle)
2021-03-05 13:20:24.838 DEBUG 21816 --- [    Test worker] c.e.Schedulle.SchedulleApplicationTests  : Running with Spring Boot v2.4.3, Spring v5.3.4
2021-03-05 13:20:24.839  INFO 21816 --- [    Test worker] c.e.Schedulle.SchedulleApplicationTests  : No active profile set, falling back to default profiles: default
2021-03-05 13:20:24.839 DEBUG 21816 --- [    Test worker] o.s.boot.SpringApplication               : Loading source class com.example.Schedulle.SchedulleApplication
2021-03-05 13:20:24.860 DEBUG 21816 --- [    Test worker] o.s.w.c.s.GenericWebApplicationContext   : Refreshing org.springframework.web.context.support.GenericWebApplicationContext@57c0baab
2021-03-05 13:20:24.875 DEBUG 21816 --- [    Test worker] o.s.b.f.s.DefaultListableBeanFactory     : Creating shared instance of singleton bean 'org.springframework.context.annotation.internalConfigurationAnnotationProcessor'
2021-03-05 13:20:24.884 DEBUG 21816 --- [    Test worker] o.s.b.f.s.DefaultListableBeanFactory     : Creating shared instance of singleton bean 'org.springframework.boot.autoconfigure.internalCachingMetadataReaderFactory'
2021-03-05 13:20:24.917 DEBUG 21816 --- [    Test worker] o.s.c.a.ClassPathBeanDefinitionScanner   : Identified candidate component class: file [C:\workspace\workspace_eclipse\SpringBoot\practice\Schedulle\build\classes\java\main\com\example\Schedulle\Config\SchedulleRegistController.class]
2021-03-05 13:20:24.919 DEBUG 21816 --- [    Test worker] o.s.c.a.ClassPathBeanDefinitionScanner   : Identified candidate component class: file [C:\workspace\workspace_eclipse\SpringBoot\practice\Schedulle\build\classes\java\main\com\example\Schedulle\Config\WebSecurityConfig.class]
2021-03-05 13:20:24.921 DEBUG 21816 --- [    Test worker] o.s.c.a.ClassPathBeanDefinitionScanner   : Identified candidate component class: file [C:\workspace\workspace_eclipse\SpringBoot\practice\Schedulle\build\classes\java\main\com\example\Schedulle\auth\LoginController.class]
2021-03-05 13:20:24.924 DEBUG 21816 --- [    Test worker] o.s.c.a.ClassPathBeanDefinitionScanner   : Identified candidate component class: file [C:\workspace\workspace_eclipse\SpringBoot\practice\Schedulle\build\classes\java\main\com\example\Schedulle\auth\UserService.class]
2021-03-05 13:20:24.925 DEBUG 21816 --- [    Test worker] o.s.c.a.ClassPathBeanDefinitionScanner   : Identified candidate component class: file [C:\workspace\workspace_eclipse\SpringBoot\practice\Schedulle\build\classes\java\main\com\example\Schedulle\auth\account\ProfileEditController.class]
2021-03-05 13:20:24.926 DEBUG 21816 --- [    Test worker] o.s.c.a.ClassPathBeanDefinitionScanner   : Identified candidate component class: file [C:\workspace\workspace_eclipse\SpringBoot\practice\Schedulle\build\classes\java\main\com\example\Schedulle\auth\account\ProfileEditService.class]
2021-03-05 13:20:24.927 DEBUG 21816 --- [    Test worker] o.s.c.a.ClassPathBeanDefinitionScanner   : Identified candidate component class: file [C:\workspace\workspace_eclipse\SpringBoot\practice\Schedulle\build\classes\java\main\com\example\Schedulle\common\MypageController.class]
2021-03-05 13:20:24.928 DEBUG 21816 --- [    Test worker] o.s.c.a.ClassPathBeanDefinitionScanner   : Identified candidate component class: file [C:\workspace\workspace_eclipse\SpringBoot\practice\Schedulle\build\classes\java\main\com\example\Schedulle\common\schedulle\MonthBaseService.class]
2021-03-05 13:20:24.929 DEBUG 21816 --- [    Test worker] o.s.c.a.ClassPathBeanDefinitionScanner   : Identified candidate component class: file [C:\workspace\workspace_eclipse\SpringBoot\practice\Schedulle\build\classes\java\main\com\example\Schedulle\common\schedulle\SchedulleService.class]
2021-03-05 13:20:25.061 DEBUG 21816 --- [    Test worker] o.s.c.e.PropertySourcesPropertyResolver  : Found key 'spring.jmx.enabled' in PropertySource 'configurationProperties' with value of type String
2021-03-05 13:20:25.096 DEBUG 21816 --- [    Test worker] o.s.c.e.PropertySourcesPropertyResolver  : Found key 'spring.jmx.enabled' in PropertySource 'configurationProperties' with value of type String
2021-03-05 13:20:25.096 DEBUG 21816 --- [    Test worker] o.s.c.e.PropertySourcesPropertyResolver  : Found key 'spring.datasource.url' in PropertySource 'configurationProperties' with value of type String
2021-03-05 13:20:25.271  INFO 21816 --- [    Test worker] .s.d.r.c.RepositoryConfigurationDelegate : Bootstrapping Spring Data JPA repositories in DEFAULT mode.
2021-03-05 13:20:25.275 DEBUG 21816 --- [    Test worker] o.s.b.f.s.DefaultListableBeanFactory     : Creating shared instance of singleton bean 'org.springframework.boot.autoconfigure.AutoConfigurationPackages'
2021-03-05 13:20:25.276 DEBUG 21816 --- [    Test worker] .s.d.r.c.RepositoryConfigurationDelegate : Scanning for JPA repositories in packages com.example.Schedulle.
2021-03-05 13:20:25.283 DEBUG 21816 --- [    Test worker] o.s.d.r.c.RepositoryComponentProvider    : Identified candidate component class: file [C:\workspace\workspace_eclipse\SpringBoot\practice\Schedulle\build\classes\java\main\com\example\Schedulle\auth\UserRepostitory.class]
2021-03-05 13:20:25.284 DEBUG 21816 --- [    Test worker] o.s.d.r.c.RepositoryComponentProvider    : Identified candidate component class: file [C:\workspace\workspace_eclipse\SpringBoot\practice\Schedulle\build\classes\java\main\com\example\Schedulle\common\schedulle\SchedulleRepository.class]
2021-03-05 13:20:25.312  INFO 21816 --- [    Test worker] .s.d.r.c.RepositoryConfigurationDelegate : Finished Spring Data repository scanning in 35 ms. Found 2 JPA repository interfaces.
2021-03-05 13:20:25.436 DEBUG 21816 --- [    Test worker] o.s.b.f.s.DefaultListableBeanFactory     : Creating shared instance of singleton bean 'propertySourcesPlaceholderConfigurer'
2021-03-05 13:20:25.439 DEBUG 21816 --- [    Test worker] o.s.b.f.s.DefaultListableBeanFactory     : Creating shared instance of singleton bean 'org.springframework.boot.test.mock.mockito.MockitoPostProcessor'
2021-03-05 13:20:25.444 DEBUG 21816 --- [    Test worker] o.s.b.f.s.DefaultListableBeanFactory     : Creating shared instance of singleton bean 'emBeanDefinitionRegistrarPostProcessor'
2021-03-05 13:20:25.463 DEBUG 21816 --- [    Test worker] o.s.b.f.s.DefaultListableBeanFactory     : Creating shared instance of singleton bean 'org.springframework.context.event.internalEventListenerProcessor'
2021-03-05 13:20:25.464 DEBUG 21816 --- [    Test worker] o.s.b.f.s.DefaultListableBeanFactory     : Creating shared instance of singleton bean 'preserveErrorControllerTargetClassPostProcessor'
2021-03-05 13:20:25.464 DEBUG 21816 --- [    Test worker] o.s.b.f.s.DefaultListableBeanFactory     : Creating shared instance of singleton bean 'conversionServicePostProcessor'
2021-03-05 13:20:25.466 DEBUG 21816 --- [    Test worker] o.s.b.f.s.DefaultListableBeanFactory     : Creating shared instance of singleton bean 'org.springframework.context.event.internalEventListenerFactory'
2021-03-05 13:20:25.467 DEBUG 21816 --- [    Test worker] o.s.b.f.s.DefaultListableBeanFactory     : Creating shared instance of singleton bean 'org.springframework.transaction.config.internalTransactionalEventListenerFactory'
2021-03-05 13:20:25.477 DEBUG 21816 --- [    Test worker] o.s.b.f.s.DefaultListableBeanFactory     : Creating shared instance of singleton bean 'org.springframework.boot.test.mock.mockito.MockitoPostProcessor$SpyPostProcessor'
2021-03-05 13:20:25.478 DEBUG 21816 --- [    Test worker] o.s.b.f.s.DefaultListableBeanFactory     : Creating shared instance of singleton bean 'org.springframework.context.annotation.internalAutowiredAnnotationProcessor'
2021-03-05 13:20:25.479 DEBUG 21816 --- [    Test worker] o.s.b.f.s.DefaultListableBeanFactory     : Creating shared instance of singleton bean 'org.springframework.context.annotation.internalCommonAnnotationProcessor'
2021-03-05 13:20:25.481 DEBUG 21816 --- [    Test worker] o.s.b.f.s.DefaultListableBeanFactory     : Creating shared instance of singleton bean 'org.springframework.context.annotation.internalPersistenceAnnotationProcessor'
2021-03-05 13:20:25.482 DEBUG 21816 --- [    Test worker] o.s.b.f.s.DefaultListableBeanFactory     : Creating shared instance of singleton bean 'org.springframework.boot.context.properties.ConfigurationPropertiesBindingPostProcessor'
2021-03-05 13:20:25.482 DEBUG 21816 --- [    Test worker] o.s.b.f.s.DefaultListableBeanFactory     : Creating shared instance of singleton bean 'org.springframework.boot.context.internalConfigurationPropertiesBinder'
2021-03-05 13:20:25.482 DEBUG 21816 --- [    Test worker] o.s.b.f.s.DefaultListableBeanFactory     : Creating shared instance of singleton bean 'org.springframework.boot.context.internalConfigurationPropertiesBinderFactory'
2021-03-05 13:20:25.484 DEBUG 21816 --- [    Test worker] o.s.b.f.s.DefaultListableBeanFactory     : Creating shared instance of singleton bean 'org.springframework.aop.config.internalAutoProxyCreator'
2021-03-05 13:20:25.505 DEBUG 21816 --- [    Test worker] o.s.b.f.s.DefaultListableBeanFactory     : Creating shared instance of singleton bean 'dataSourceInitializerPostProcessor'
2021-03-05 13:20:25.508 DEBUG 21816 --- [    Test worker] o.s.b.f.s.DefaultListableBeanFactory     : Creating shared instance of singleton bean 'persistenceExceptionTranslationPostProcessor'
2021-03-05 13:20:25.516 DEBUG 21816 --- [    Test worker] o.s.b.f.s.DefaultListableBeanFactory     : Autowiring by type from bean name 'persistenceExceptionTranslationPostProcessor' via factory method to bean named 'environment'
2021-03-05 13:20:25.523 DEBUG 21816 --- [    Test worker] o.s.b.f.s.DefaultListableBeanFactory     : Creating shared instance of singleton bean 'webServerFactoryCustomizerBeanPostProcessor'
2021-03-05 13:20:25.525 DEBUG 21816 --- [    Test worker] o.s.b.f.s.DefaultListableBeanFactory     : Creating shared instance of singleton bean 'errorPageRegistrarBeanPostProcessor'
2021-03-05 13:20:25.527 DEBUG 21816 --- [    Test worker] o.s.b.f.s.DefaultListableBeanFactory     : Creating shared instance of singleton bean 'dataSourceInitializedPublisher'
2021-03-05 13:20:25.530 DEBUG 21816 --- [    Test worker] o.s.b.f.s.DefaultListableBeanFactory     : Creating shared instance of singleton bean 'projectingArgumentResolverBeanPostProcessor'
2021-03-05 13:20:25.531 DEBUG 21816 --- [    Test worker] o.s.b.f.s.DefaultListableBeanFactory     : Creating shared instance of singleton bean 'org.springframework.transaction.config.internalTransactionAdvisor'
2021-03-05 13:20:25.531 DEBUG 21816 --- [    Test worker] o.s.b.f.s.DefaultListableBeanFactory     : Creating shared instance of singleton bean 'org.springframework.transaction.annotation.ProxyTransactionManagementConfiguration'
2021-03-05 13:20:25.539 DEBUG 21816 --- [    Test worker] o.s.b.f.s.DefaultListableBeanFactory     : Creating shared instance of singleton bean 'transactionAttributeSource'
2021-03-05 13:20:25.542 DEBUG 21816 --- [    Test worker] o.s.b.f.s.DefaultListableBeanFactory     : Creating shared instance of singleton bean 'transactionInterceptor'
2021-03-05 13:20:25.543 DEBUG 21816 --- [    Test worker] o.s.b.f.s.DefaultListableBeanFactory     : Autowiring by type from bean name 'transactionInterceptor' via factory method to bean named 'transactionAttributeSource'
2021-03-05 13:20:25.551 DEBUG 21816 --- [    Test worker] o.s.b.f.s.DefaultListableBeanFactory     : Autowiring by type from bean name 'org.springframework.transaction.config.internalTransactionAdvisor' via factory method to bean named 'transactionAttributeSource'
2021-03-05 13:20:25.551 DEBUG 21816 --- [    Test worker] o.s.b.f.s.DefaultListableBeanFactory     : Autowiring by type from bean name 'org.springframework.transaction.config.internalTransactionAdvisor' via factory method to bean named 'transactionInterceptor'
2021-03-05 13:20:25.573 DEBUG 21816 --- [    Test worker] o.s.u.c.s.UiApplicationContextUtils      : Unable to locate ThemeSource with name 'themeSource': using default [org.springframework.ui.context.support.ResourceBundleThemeSource@337ecec5]
2021-03-05 13:20:25.574 DEBUG 21816 --- [    Test worker] o.s.b.f.s.DefaultListableBeanFactory     : Creating shared instance of singleton bean 'entityManagerFactory'
2021-03-05 13:20:25.574 DEBUG 21816 --- [    Test worker] o.s.b.f.s.DefaultListableBeanFactory     : Creating shared instance of singleton bean 'org.springframework.boot.autoconfigure.orm.jpa.HibernateJpaConfiguration'
2021-03-05 13:20:25.575 DEBUG 21816 --- [    Test worker] o.s.b.f.s.DefaultListableBeanFactory     : Creating shared instance of singleton bean 'dataSource'
2021-03-05 13:20:25.575 DEBUG 21816 --- [    Test worker] o.s.b.f.s.DefaultListableBeanFactory     : Creating shared instance of singleton bean 'org.springframework.boot.autoconfigure.jdbc.DataSourceConfiguration$Hikari'
2021-03-05 13:20:25.576 DEBUG 21816 --- [    Test worker] o.s.b.f.s.DefaultListableBeanFactory     : Creating shared instance of singleton bean 'spring.datasource-org.springframework.boot.autoconfigure.jdbc.DataSourceProperties'
2021-03-05 13:20:25.583 DEBUG 21816 --- [    Test worker] o.s.b.f.s.DefaultListableBeanFactory     : Creating shared instance of singleton bean 'org.springframework.boot.context.properties.BoundConfigurationProperties'
2021-03-05 13:20:25.593 DEBUG 21816 --- [    Test worker] o.s.b.f.s.DefaultListableBeanFactory     : Autowiring by type from bean name 'dataSource' via factory method to bean named 'spring.datasource-org.springframework.boot.autoconfigure.jdbc.DataSourceProperties'
2021-03-05 13:20:25.605 DEBUG 21816 --- [    Test worker] com.zaxxer.hikari.HikariConfig           : Driver class org.postgresql.Driver found in Thread context class loader jdk.internal.loader.ClassLoaders$AppClassLoader@6d06d69c
2021-03-05 13:20:25.625 DEBUG 21816 --- [    Test worker] o.s.b.f.s.DefaultListableBeanFactory     : Creating shared instance of singleton bean 'org.springframework.boot.autoconfigure.jdbc.DataSourceInitializerInvoker'
2021-03-05 13:20:25.626 DEBUG 21816 --- [    Test worker] o.s.b.f.s.DefaultListableBeanFactory     : Autowiring by type from bean name 'org.springframework.boot.autoconfigure.jdbc.DataSourceInitializerInvoker' via constructor to bean named 'spring.datasource-org.springframework.boot.autoconfigure.jdbc.DataSourceProperties'
2021-03-05 13:20:25.626 DEBUG 21816 --- [    Test worker] o.s.b.f.s.DefaultListableBeanFactory     : Autowiring by type from bean name 'org.springframework.boot.autoconfigure.jdbc.DataSourceInitializerInvoker' via constructor to bean named 'org.springframework.web.context.support.GenericWebApplicationContext@57c0baab'
2021-03-05 13:20:25.633 DEBUG 21816 --- [    Test worker] o.s.b.f.s.DefaultListableBeanFactory     : Creating shared instance of singleton bean 'spring.jpa-org.springframework.boot.autoconfigure.orm.jpa.JpaProperties'
2021-03-05 13:20:25.638 DEBUG 21816 --- [    Test worker] o.s.b.f.s.DefaultListableBeanFactory     : Creating shared instance of singleton bean 'spring.jpa.hibernate-org.springframework.boot.autoconfigure.orm.jpa.HibernateProperties'
2021-03-05 13:20:25.642 DEBUG 21816 --- [    Test worker] o.s.b.f.s.DefaultListableBeanFactory     : Autowiring by type from bean name 'org.springframework.boot.autoconfigure.orm.jpa.HibernateJpaConfiguration' via constructor to bean named 'dataSource'
2021-03-05 13:20:25.642 DEBUG 21816 --- [    Test worker] o.s.b.f.s.DefaultListableBeanFactory     : Autowiring by type from bean name 'org.springframework.boot.autoconfigure.orm.jpa.HibernateJpaConfiguration' via constructor to bean named 'spring.jpa-org.springframework.boot.autoconfigure.orm.jpa.JpaProperties'
2021-03-05 13:20:25.642 DEBUG 21816 --- [    Test worker] o.s.b.f.s.DefaultListableBeanFactory     : Autowiring by type from bean name 'org.springframework.boot.autoconfigure.orm.jpa.HibernateJpaConfiguration' via constructor to bean named 'org.springframework.beans.factory.support.DefaultListableBeanFactory@741405dd'
2021-03-05 13:20:25.642 DEBUG 21816 --- [    Test worker] o.s.b.f.s.DefaultListableBeanFactory     : Autowiring by type from bean name 'org.springframework.boot.autoconfigure.orm.jpa.HibernateJpaConfiguration' via constructor to bean named 'spring.jpa.hibernate-org.springframework.boot.autoconfigure.orm.jpa.HibernateProperties'
2021-03-05 13:20:25.644 DEBUG 21816 --- [    Test worker] o.s.b.f.s.DefaultListableBeanFactory     : Creating shared instance of singleton bean 'hikariPoolDataSourceMetadataProvider'
2021-03-05 13:20:25.644 DEBUG 21816 --- [    Test worker] o.s.b.f.s.DefaultListableBeanFactory     : Creating shared instance of singleton bean 'org.springframework.boot.autoconfigure.jdbc.metadata.DataSourcePoolMetadataProvidersConfiguration$HikariPoolDataSourceMetadataProviderConfiguration'
2021-03-05 13:20:25.652 DEBUG 21816 --- [    Test worker] o.s.b.f.s.DefaultListableBeanFactory     : Creating shared instance of singleton bean 'entityManagerFactoryBuilder'
2021-03-05 13:20:25.653 DEBUG 21816 --- [    Test worker] o.s.b.f.s.DefaultListableBeanFactory     : Creating shared instance of singleton bean 'jpaVendorAdapter'
2021-03-05 13:20:25.685 DEBUG 21816 --- [    Test worker] org.jboss.logging                        : Logging Provider: org.jboss.logging.Log4j2LoggerProvider
2021-03-05 13:20:25.691 DEBUG 21816 --- [    Test worker] o.s.b.f.s.DefaultListableBeanFactory     : Autowiring by type from bean name 'entityManagerFactoryBuilder' via factory method to bean named 'jpaVendorAdapter'
2021-03-05 13:20:25.694 DEBUG 21816 --- [    Test worker] o.s.b.f.s.DefaultListableBeanFactory     : Autowiring by type from bean name 'entityManagerFactory' via factory method to bean named 'entityManagerFactoryBuilder'
2021-03-05 13:20:25.723 DEBUG 21816 --- [    Test worker] j.LocalContainerEntityManagerFactoryBean : Building JPA container EntityManagerFactory for persistence unit 'default'
2021-03-05 13:20:25.736 DEBUG 21816 --- [    Test worker] o.hibernate.jpa.internal.util.LogHelper  : PersistenceUnitInfo [
	name: default
	persistence provider classname: null
	classloader: jdk.internal.loader.ClassLoaders$AppClassLoader@6d06d69c
	excludeUnlistedClasses: true
	JTA datasource: null
	Non JTA datasource: HikariDataSource (null)
	Transaction type: RESOURCE_LOCAL
	PU root URL: file:/C:/workspace/workspace_eclipse/SpringBoot/practice/Schedulle/build/classes/java/test/
	Shared Cache Mode: UNSPECIFIED
	Validation Mode: AUTO
	Jar files URLs []
	Managed classes names [
		com.example.Schedulle.BaseEntity
		com.example.Schedulle.auth.UserEntity
		com.example.Schedulle.common.schedulle.SchedulleEntity]
	Mapping files names []
	Properties []
2021-03-05 13:20:25.745 DEBUG 21816 --- [    Test worker] o.h.i.internal.IntegratorServiceImpl     : Adding Integrator [org.hibernate.cfg.beanvalidation.BeanValidationIntegrator].
2021-03-05 13:20:25.746 DEBUG 21816 --- [    Test worker] o.h.i.internal.IntegratorServiceImpl     : Adding Integrator [org.hibernate.secure.spi.JaccIntegrator].
2021-03-05 13:20:25.748 DEBUG 21816 --- [    Test worker] o.h.i.internal.IntegratorServiceImpl     : Adding Integrator [org.hibernate.cache.internal.CollectionCacheInvalidator].
2021-03-05 13:20:25.778  INFO 21816 --- [    Test worker] org.hibernate.Version                    : HHH000412: Hibernate ORM core version 5.4.28.Final
2021-03-05 13:20:25.779 DEBUG 21816 --- [    Test worker] org.hibernate.cfg.Environment            : HHH000206: hibernate.properties not found
2021-03-05 13:20:25.861 DEBUG 21816 --- [    Test worker] o.hibernate.service.spi.ServiceBinding   : Overriding existing service binding [org.hibernate.secure.spi.JaccService]
2021-03-05 13:20:25.869 DEBUG 21816 --- [    Test worker] o.h.c.internal.RegionFactoryInitiator    : Cannot default RegionFactory based on registered strategies as `[]` RegionFactory strategies were registered
2021-03-05 13:20:25.870 DEBUG 21816 --- [    Test worker] o.h.c.internal.RegionFactoryInitiator    : Cache region factory : org.hibernate.cache.internal.NoCachingRegionFactory
2021-03-05 13:20:25.882  INFO 21816 --- [    Test worker] o.hibernate.annotations.common.Version   : HCANN000001: Hibernate Commons Annotations {5.1.2.Final}
2021-03-05 13:20:25.904 DEBUG 21816 --- [    Test worker] org.hibernate.type.BasicTypeRegistry     : Adding type registration boolean -> org.hibernate.type.BooleanType@3faf967d
2021-03-05 13:20:25.904 DEBUG 21816 --- [    Test worker] org.hibernate.type.BasicTypeRegistry     : Adding type registration boolean -> org.hibernate.type.BooleanType@3faf967d
2021-03-05 13:20:25.904 DEBUG 21816 --- [    Test worker] org.hibernate.type.BasicTypeRegistry     : Adding type registration java.lang.Boolean -> org.hibernate.type.BooleanType@3faf967d
2021-03-05 13:20:25.905 DEBUG 21816 --- [    Test worker] org.hibernate.type.BasicTypeRegistry     : Adding type registration numeric_boolean -> org.hibernate.type.NumericBooleanType@16006dfe
2021-03-05 13:20:25.905 DEBUG 21816 --- [    Test worker] org.hibernate.type.BasicTypeRegistry     : Adding type registration true_false -> org.hibernate.type.TrueFalseType@7ca2fee7
2021-03-05 13:20:25.906 DEBUG 21816 --- [    Test worker] org.hibernate.type.BasicTypeRegistry     : Adding type registration yes_no -> org.hibernate.type.YesNoType@179ca64f
2021-03-05 13:20:25.906 DEBUG 21816 --- [    Test worker] org.hibernate.type.BasicTypeRegistry     : Adding type registration byte -> org.hibernate.type.ByteType@456b4eb6
2021-03-05 13:20:25.906 DEBUG 21816 --- [    Test worker] org.hibernate.type.BasicTypeRegistry     : Adding type registration byte -> org.hibernate.type.ByteType@456b4eb6
2021-03-05 13:20:25.907 DEBUG 21816 --- [    Test worker] org.hibernate.type.BasicTypeRegistry     : Adding type registration java.lang.Byte -> org.hibernate.type.ByteType@456b4eb6
2021-03-05 13:20:25.907 DEBUG 21816 --- [    Test worker] org.hibernate.type.BasicTypeRegistry     : Adding type registration character -> org.hibernate.type.CharacterType@1e70b2ab
2021-03-05 13:20:25.907 DEBUG 21816 --- [    Test worker] org.hibernate.type.BasicTypeRegistry     : Adding type registration char -> org.hibernate.type.CharacterType@1e70b2ab
2021-03-05 13:20:25.907 DEBUG 21816 --- [    Test worker] org.hibernate.type.BasicTypeRegistry     : Adding type registration java.lang.Character -> org.hibernate.type.CharacterType@1e70b2ab
2021-03-05 13:20:25.908 DEBUG 21816 --- [    Test worker] org.hibernate.type.BasicTypeRegistry     : Adding type registration short -> org.hibernate.type.ShortType@4db06aa1
2021-03-05 13:20:25.908 DEBUG 21816 --- [    Test worker] org.hibernate.type.BasicTypeRegistry     : Adding type registration short -> org.hibernate.type.ShortType@4db06aa1
2021-03-05 13:20:25.908 DEBUG 21816 --- [    Test worker] org.hibernate.type.BasicTypeRegistry     : Adding type registration java.lang.Short -> org.hibernate.type.ShortType@4db06aa1
2021-03-05 13:20:25.909 DEBUG 21816 --- [    Test worker] org.hibernate.type.BasicTypeRegistry     : Adding type registration integer -> org.hibernate.type.IntegerType@65a05257
2021-03-05 13:20:25.909 DEBUG 21816 --- [    Test worker] org.hibernate.type.BasicTypeRegistry     : Adding type registration int -> org.hibernate.type.IntegerType@65a05257
2021-03-05 13:20:25.909 DEBUG 21816 --- [    Test worker] org.hibernate.type.BasicTypeRegistry     : Adding type registration java.lang.Integer -> org.hibernate.type.IntegerType@65a05257
2021-03-05 13:20:25.910 DEBUG 21816 --- [    Test worker] org.hibernate.type.BasicTypeRegistry     : Adding type registration long -> org.hibernate.type.LongType@2ea6cc14
2021-03-05 13:20:25.910 DEBUG 21816 --- [    Test worker] org.hibernate.type.BasicTypeRegistry     : Adding type registration long -> org.hibernate.type.LongType@2ea6cc14
2021-03-05 13:20:25.910 DEBUG 21816 --- [    Test worker] org.hibernate.type.BasicTypeRegistry     : Adding type registration java.lang.Long -> org.hibernate.type.LongType@2ea6cc14
2021-03-05 13:20:25.911 DEBUG 21816 --- [    Test worker] org.hibernate.type.BasicTypeRegistry     : Adding type registration float -> org.hibernate.type.FloatType@557a155f
2021-03-05 13:20:25.911 DEBUG 21816 --- [    Test worker] org.hibernate.type.BasicTypeRegistry     : Adding type registration float -> org.hibernate.type.FloatType@557a155f
2021-03-05 13:20:25.911 DEBUG 21816 --- [    Test worker] org.hibernate.type.BasicTypeRegistry     : Adding type registration java.lang.Float -> org.hibernate.type.FloatType@557a155f
2021-03-05 13:20:25.911 DEBUG 21816 --- [    Test worker] org.hibernate.type.BasicTypeRegistry     : Adding type registration double -> org.hibernate.type.DoubleType@43a16901
2021-03-05 13:20:25.912 DEBUG 21816 --- [    Test worker] org.hibernate.type.BasicTypeRegistry     : Adding type registration double -> org.hibernate.type.DoubleType@43a16901
2021-03-05 13:20:25.912 DEBUG 21816 --- [    Test worker] org.hibernate.type.BasicTypeRegistry     : Adding type registration java.lang.Double -> org.hibernate.type.DoubleType@43a16901
2021-03-05 13:20:25.912 DEBUG 21816 --- [    Test worker] org.hibernate.type.BasicTypeRegistry     : Adding type registration big_decimal -> org.hibernate.type.BigDecimalType@53fe0182
2021-03-05 13:20:25.912 DEBUG 21816 --- [    Test worker] org.hibernate.type.BasicTypeRegistry     : Adding type registration java.math.BigDecimal -> org.hibernate.type.BigDecimalType@53fe0182
2021-03-05 13:20:25.913 DEBUG 21816 --- [    Test worker] org.hibernate.type.BasicTypeRegistry     : Adding type registration big_integer -> org.hibernate.type.BigIntegerType@71894793
2021-03-05 13:20:25.913 DEBUG 21816 --- [    Test worker] org.hibernate.type.BasicTypeRegistry     : Adding type registration java.math.BigInteger -> org.hibernate.type.BigIntegerType@71894793
2021-03-05 13:20:25.914 DEBUG 21816 --- [    Test worker] org.hibernate.type.BasicTypeRegistry     : Adding type registration string -> org.hibernate.type.StringType@8ac30fd
2021-03-05 13:20:25.914 DEBUG 21816 --- [    Test worker] org.hibernate.type.BasicTypeRegistry     : Adding type registration java.lang.String -> org.hibernate.type.StringType@8ac30fd
2021-03-05 13:20:25.915 DEBUG 21816 --- [    Test worker] org.hibernate.type.BasicTypeRegistry     : Adding type registration nstring -> org.hibernate.type.StringNVarcharType@6e2ae014
2021-03-05 13:20:25.915 DEBUG 21816 --- [    Test worker] org.hibernate.type.BasicTypeRegistry     : Adding type registration ncharacter -> org.hibernate.type.CharacterNCharType@572139f3
2021-03-05 13:20:25.916 DEBUG 21816 --- [    Test worker] org.hibernate.type.BasicTypeRegistry     : Adding type registration url -> org.hibernate.type.UrlType@3f763c61
2021-03-05 13:20:25.916 DEBUG 21816 --- [    Test worker] org.hibernate.type.BasicTypeRegistry     : Adding type registration java.net.URL -> org.hibernate.type.UrlType@3f763c61
2021-03-05 13:20:25.916 DEBUG 21816 --- [    Test worker] org.hibernate.type.BasicTypeRegistry     : Adding type registration Duration -> org.hibernate.type.DurationType@390614f4
2021-03-05 13:20:25.916 DEBUG 21816 --- [    Test worker] org.hibernate.type.BasicTypeRegistry     : Adding type registration java.time.Duration -> org.hibernate.type.DurationType@390614f4
2021-03-05 13:20:25.917 DEBUG 21816 --- [    Test worker] org.hibernate.type.BasicTypeRegistry     : Adding type registration Instant -> org.hibernate.type.InstantType@f9fd381
2021-03-05 13:20:25.917 DEBUG 21816 --- [    Test worker] org.hibernate.type.BasicTypeRegistry     : Adding type registration java.time.Instant -> org.hibernate.type.InstantType@f9fd381
2021-03-05 13:20:25.918 DEBUG 21816 --- [    Test worker] org.hibernate.type.BasicTypeRegistry     : Adding type registration LocalDateTime -> org.hibernate.type.LocalDateTimeType@319dcda5
2021-03-05 13:20:25.918 DEBUG 21816 --- [    Test worker] org.hibernate.type.BasicTypeRegistry     : Adding type registration java.time.LocalDateTime -> org.hibernate.type.LocalDateTimeType@319dcda5
2021-03-05 13:20:25.919 DEBUG 21816 --- [    Test worker] org.hibernate.type.BasicTypeRegistry     : Adding type registration LocalDate -> org.hibernate.type.LocalDateType@1da6e348
2021-03-05 13:20:25.919 DEBUG 21816 --- [    Test worker] org.hibernate.type.BasicTypeRegistry     : Adding type registration java.time.LocalDate -> org.hibernate.type.LocalDateType@1da6e348
2021-03-05 13:20:25.919 DEBUG 21816 --- [    Test worker] org.hibernate.type.BasicTypeRegistry     : Adding type registration LocalTime -> org.hibernate.type.LocalTimeType@4569d98b
2021-03-05 13:20:25.919 DEBUG 21816 --- [    Test worker] org.hibernate.type.BasicTypeRegistry     : Adding type registration java.time.LocalTime -> org.hibernate.type.LocalTimeType@4569d98b
2021-03-05 13:20:25.920 DEBUG 21816 --- [    Test worker] org.hibernate.type.BasicTypeRegistry     : Adding type registration OffsetDateTime -> org.hibernate.type.OffsetDateTimeType@3f3fbc6e
2021-03-05 13:20:25.920 DEBUG 21816 --- [    Test worker] org.hibernate.type.BasicTypeRegistry     : Adding type registration java.time.OffsetDateTime -> org.hibernate.type.OffsetDateTimeType@3f3fbc6e
2021-03-05 13:20:25.921 DEBUG 21816 --- [    Test worker] org.hibernate.type.BasicTypeRegistry     : Adding type registration OffsetTime -> org.hibernate.type.OffsetTimeType@6d76b9d5
2021-03-05 13:20:25.921 DEBUG 21816 --- [    Test worker] org.hibernate.type.BasicTypeRegistry     : Adding type registration java.time.OffsetTime -> org.hibernate.type.OffsetTimeType@6d76b9d5
2021-03-05 13:20:25.922 DEBUG 21816 --- [    Test worker] org.hibernate.type.BasicTypeRegistry     : Adding type registration ZonedDateTime -> org.hibernate.type.ZonedDateTimeType@74d637f2
2021-03-05 13:20:25.922 DEBUG 21816 --- [    Test worker] org.hibernate.type.BasicTypeRegistry     : Adding type registration java.time.ZonedDateTime -> org.hibernate.type.ZonedDateTimeType@74d637f2
2021-03-05 13:20:25.923 DEBUG 21816 --- [    Test worker] org.hibernate.type.BasicTypeRegistry     : Adding type registration date -> org.hibernate.type.DateType@4ff2b7f3
2021-03-05 13:20:25.923 DEBUG 21816 --- [    Test worker] org.hibernate.type.BasicTypeRegistry     : Adding type registration java.sql.Date -> org.hibernate.type.DateType@4ff2b7f3
2021-03-05 13:20:25.923 DEBUG 21816 --- [    Test worker] org.hibernate.type.BasicTypeRegistry     : Adding type registration time -> org.hibernate.type.TimeType@27490c7d
2021-03-05 13:20:25.923 DEBUG 21816 --- [    Test worker] org.hibernate.type.BasicTypeRegistry     : Adding type registration java.sql.Time -> org.hibernate.type.TimeType@27490c7d
2021-03-05 13:20:25.924 DEBUG 21816 --- [    Test worker] org.hibernate.type.BasicTypeRegistry     : Adding type registration timestamp -> org.hibernate.type.TimestampType@352ac9a4
2021-03-05 13:20:25.924 DEBUG 21816 --- [    Test worker] org.hibernate.type.BasicTypeRegistry     : Adding type registration java.sql.Timestamp -> org.hibernate.type.TimestampType@352ac9a4
2021-03-05 13:20:25.924 DEBUG 21816 --- [    Test worker] org.hibernate.type.BasicTypeRegistry     : Adding type registration java.util.Date -> org.hibernate.type.TimestampType@352ac9a4
2021-03-05 13:20:25.925 DEBUG 21816 --- [    Test worker] org.hibernate.type.BasicTypeRegistry     : Adding type registration dbtimestamp -> org.hibernate.type.DbTimestampType@38eef7e5
2021-03-05 13:20:25.926 DEBUG 21816 --- [    Test worker] org.hibernate.type.BasicTypeRegistry     : Adding type registration calendar -> org.hibernate.type.CalendarType@1fc47d59
2021-03-05 13:20:25.926 DEBUG 21816 --- [    Test worker] org.hibernate.type.BasicTypeRegistry     : Adding type registration java.util.Calendar -> org.hibernate.type.CalendarType@1fc47d59
2021-03-05 13:20:25.926 DEBUG 21816 --- [    Test worker] org.hibernate.type.BasicTypeRegistry     : Adding type registration java.util.GregorianCalendar -> org.hibernate.type.CalendarType@1fc47d59
2021-03-05 13:20:25.927 DEBUG 21816 --- [    Test worker] org.hibernate.type.BasicTypeRegistry     : Adding type registration calendar_date -> org.hibernate.type.CalendarDateType@2e74b5a3
2021-03-05 13:20:25.927 DEBUG 21816 --- [    Test worker] org.hibernate.type.BasicTypeRegistry     : Adding type registration calendar_time -> org.hibernate.type.CalendarTimeType@521d34e3
2021-03-05 13:20:25.928 DEBUG 21816 --- [    Test worker] org.hibernate.type.BasicTypeRegistry     : Adding type registration locale -> org.hibernate.type.LocaleType@b6a286a
2021-03-05 13:20:25.928 DEBUG 21816 --- [    Test worker] org.hibernate.type.BasicTypeRegistry     : Adding type registration java.util.Locale -> org.hibernate.type.LocaleType@b6a286a
2021-03-05 13:20:25.928 DEBUG 21816 --- [    Test worker] org.hibernate.type.BasicTypeRegistry     : Adding type registration currency -> org.hibernate.type.CurrencyType@78238174
2021-03-05 13:20:25.929 DEBUG 21816 --- [    Test worker] org.hibernate.type.BasicTypeRegistry     : Adding type registration java.util.Currency -> org.hibernate.type.CurrencyType@78238174
2021-03-05 13:20:25.929 DEBUG 21816 --- [    Test worker] org.hibernate.type.BasicTypeRegistry     : Adding type registration timezone -> org.hibernate.type.TimeZoneType@4c11244a
2021-03-05 13:20:25.929 DEBUG 21816 --- [    Test worker] org.hibernate.type.BasicTypeRegistry     : Adding type registration java.util.TimeZone -> org.hibernate.type.TimeZoneType@4c11244a
2021-03-05 13:20:25.930 DEBUG 21816 --- [    Test worker] org.hibernate.type.BasicTypeRegistry     : Adding type registration class -> org.hibernate.type.ClassType@717c6ae0
2021-03-05 13:20:25.930 DEBUG 21816 --- [    Test worker] org.hibernate.type.BasicTypeRegistry     : Adding type registration java.lang.Class -> org.hibernate.type.ClassType@717c6ae0
2021-03-05 13:20:25.931 DEBUG 21816 --- [    Test worker] org.hibernate.type.BasicTypeRegistry     : Adding type registration uuid-binary -> org.hibernate.type.UUIDBinaryType@7f56a8d4
2021-03-05 13:20:25.931 DEBUG 21816 --- [    Test worker] org.hibernate.type.BasicTypeRegistry     : Adding type registration java.util.UUID -> org.hibernate.type.UUIDBinaryType@7f56a8d4
2021-03-05 13:20:25.931 DEBUG 21816 --- [    Test worker] org.hibernate.type.BasicTypeRegistry     : Adding type registration uuid-char -> org.hibernate.type.UUIDCharType@1b570e4f
2021-03-05 13:20:25.932 DEBUG 21816 --- [    Test worker] org.hibernate.type.BasicTypeRegistry     : Adding type registration binary -> org.hibernate.type.BinaryType@65d031f1
2021-03-05 13:20:25.932 DEBUG 21816 --- [    Test worker] org.hibernate.type.BasicTypeRegistry     : Adding type registration byte[] -> org.hibernate.type.BinaryType@65d031f1
2021-03-05 13:20:25.932 DEBUG 21816 --- [    Test worker] org.hibernate.type.BasicTypeRegistry     : Adding type registration [B -> org.hibernate.type.BinaryType@65d031f1
2021-03-05 13:20:25.933 DEBUG 21816 --- [    Test worker] org.hibernate.type.BasicTypeRegistry     : Adding type registration wrapper-binary -> org.hibernate.type.WrapperBinaryType@59884abb
2021-03-05 13:20:25.933 DEBUG 21816 --- [    Test worker] org.hibernate.type.BasicTypeRegistry     : Adding type registration Byte[] -> org.hibernate.type.WrapperBinaryType@59884abb
2021-03-05 13:20:25.933 DEBUG 21816 --- [    Test worker] org.hibernate.type.BasicTypeRegistry     : Adding type registration [Ljava.lang.Byte; -> org.hibernate.type.WrapperBinaryType@59884abb
2021-03-05 13:20:25.935 DEBUG 21816 --- [    Test worker] org.hibernate.type.BasicTypeRegistry     : Adding type registration row_version -> org.hibernate.type.RowVersionType@3904a45b
2021-03-05 13:20:25.935 DEBUG 21816 --- [    Test worker] org.hibernate.type.BasicTypeRegistry     : Adding type registration image -> org.hibernate.type.ImageType@59ca12ff
2021-03-05 13:20:25.936 DEBUG 21816 --- [    Test worker] org.hibernate.type.BasicTypeRegistry     : Adding type registration characters -> org.hibernate.type.CharArrayType@5d95c78d
2021-03-05 13:20:25.936 DEBUG 21816 --- [    Test worker] org.hibernate.type.BasicTypeRegistry     : Adding type registration char[] -> org.hibernate.type.CharArrayType@5d95c78d
2021-03-05 13:20:25.936 DEBUG 21816 --- [    Test worker] org.hibernate.type.BasicTypeRegistry     : Adding type registration [C -> org.hibernate.type.CharArrayType@5d95c78d
2021-03-05 13:20:25.937 DEBUG 21816 --- [    Test worker] org.hibernate.type.BasicTypeRegistry     : Adding type registration wrapper-characters -> org.hibernate.type.CharacterArrayType@37410b2f
2021-03-05 13:20:25.937 DEBUG 21816 --- [    Test worker] org.hibernate.type.BasicTypeRegistry     : Adding type registration [Ljava.lang.Character; -> org.hibernate.type.CharacterArrayType@37410b2f
2021-03-05 13:20:25.937 DEBUG 21816 --- [    Test worker] org.hibernate.type.BasicTypeRegistry     : Adding type registration Character[] -> org.hibernate.type.CharacterArrayType@37410b2f
2021-03-05 13:20:25.937 DEBUG 21816 --- [    Test worker] org.hibernate.type.BasicTypeRegistry     : Adding type registration text -> org.hibernate.type.TextType@1e580128
2021-03-05 13:20:25.937 DEBUG 21816 --- [    Test worker] org.hibernate.type.BasicTypeRegistry     : Adding type registration ntext -> org.hibernate.type.NTextType@2355d568
2021-03-05 13:20:25.939 DEBUG 21816 --- [    Test worker] org.hibernate.type.BasicTypeRegistry     : Adding type registration blob -> org.hibernate.type.BlobType@3aa16003
2021-03-05 13:20:25.939 DEBUG 21816 --- [    Test worker] org.hibernate.type.BasicTypeRegistry     : Adding type registration java.sql.Blob -> org.hibernate.type.BlobType@3aa16003
2021-03-05 13:20:25.940 DEBUG 21816 --- [    Test worker] org.hibernate.type.BasicTypeRegistry     : Adding type registration materialized_blob -> org.hibernate.type.MaterializedBlobType@2819ad86
2021-03-05 13:20:25.940 DEBUG 21816 --- [    Test worker] org.hibernate.type.BasicTypeRegistry     : Adding type registration clob -> org.hibernate.type.ClobType@39f2cb00
2021-03-05 13:20:25.941 DEBUG 21816 --- [    Test worker] org.hibernate.type.BasicTypeRegistry     : Adding type registration java.sql.Clob -> org.hibernate.type.ClobType@39f2cb00
2021-03-05 13:20:25.942 DEBUG 21816 --- [    Test worker] org.hibernate.type.BasicTypeRegistry     : Adding type registration nclob -> org.hibernate.type.NClobType@50d4d09e
2021-03-05 13:20:25.942 DEBUG 21816 --- [    Test worker] org.hibernate.type.BasicTypeRegistry     : Adding type registration java.sql.NClob -> org.hibernate.type.NClobType@50d4d09e
2021-03-05 13:20:25.943 DEBUG 21816 --- [    Test worker] org.hibernate.type.BasicTypeRegistry     : Adding type registration materialized_clob -> org.hibernate.type.MaterializedClobType@79498d04
2021-03-05 13:20:25.943 DEBUG 21816 --- [    Test worker] org.hibernate.type.BasicTypeRegistry     : Adding type registration materialized_nclob -> org.hibernate.type.MaterializedNClobType@3ed6e3b
2021-03-05 13:20:25.944 DEBUG 21816 --- [    Test worker] org.hibernate.type.BasicTypeRegistry     : Adding type registration serializable -> org.hibernate.type.SerializableType@42b35b51
2021-03-05 13:20:25.946 DEBUG 21816 --- [    Test worker] org.hibernate.type.BasicTypeRegistry     : Adding type registration object -> org.hibernate.type.ObjectType@5c1c89ee
2021-03-05 13:20:25.946 DEBUG 21816 --- [    Test worker] org.hibernate.type.BasicTypeRegistry     : Adding type registration java.lang.Object -> org.hibernate.type.ObjectType@5c1c89ee
2021-03-05 13:20:25.947 DEBUG 21816 --- [    Test worker] org.hibernate.type.BasicTypeRegistry     : Adding type registration imm_date -> org.hibernate.type.AdaptedImmutableType@54c7e585
2021-03-05 13:20:25.947 DEBUG 21816 --- [    Test worker] org.hibernate.type.BasicTypeRegistry     : Adding type registration imm_time -> org.hibernate.type.AdaptedImmutableType@3698b914
2021-03-05 13:20:25.947 DEBUG 21816 --- [    Test worker] org.hibernate.type.BasicTypeRegistry     : Adding type registration imm_timestamp -> org.hibernate.type.AdaptedImmutableType@7131cc57
2021-03-05 13:20:25.947 DEBUG 21816 --- [    Test worker] org.hibernate.type.BasicTypeRegistry     : Adding type registration imm_dbtimestamp -> org.hibernate.type.AdaptedImmutableType@7f83841c
2021-03-05 13:20:25.947 DEBUG 21816 --- [    Test worker] org.hibernate.type.BasicTypeRegistry     : Adding type registration imm_calendar -> org.hibernate.type.AdaptedImmutableType@1483ada4
2021-03-05 13:20:25.947 DEBUG 21816 --- [    Test worker] org.hibernate.type.BasicTypeRegistry     : Adding type registration imm_calendar_date -> org.hibernate.type.AdaptedImmutableType@6720f639
2021-03-05 13:20:25.948 DEBUG 21816 --- [    Test worker] org.hibernate.type.BasicTypeRegistry     : Adding type registration imm_binary -> org.hibernate.type.AdaptedImmutableType@180cddfe
2021-03-05 13:20:25.948 DEBUG 21816 --- [    Test worker] org.hibernate.type.BasicTypeRegistry     : Adding type registration imm_serializable -> org.hibernate.type.AdaptedImmutableType@7bcc1987
2021-03-05 13:20:25.955 DEBUG 21816 --- [    Test worker] o.h.boot.internal.BootstrapContextImpl   : Injecting JPA temp ClassLoader [org.springframework.instrument.classloading.SimpleThrowawayClassLoader@52dd3882] into BootstrapContext; was [null]
2021-03-05 13:20:25.955 DEBUG 21816 --- [    Test worker] o.h.boot.internal.ClassLoaderAccessImpl  : ClassLoaderAccessImpl#injectTempClassLoader(org.springframework.instrument.classloading.SimpleThrowawayClassLoader@52dd3882) [was null]
2021-03-05 13:20:25.956 DEBUG 21816 --- [    Test worker] o.h.boot.internal.BootstrapContextImpl   : Injecting ScanEnvironment [org.hibernate.jpa.boot.internal.StandardJpaScanEnvironmentImpl@439417cb] into BootstrapContext; was [null]
2021-03-05 13:20:25.956 DEBUG 21816 --- [    Test worker] o.h.boot.internal.BootstrapContextImpl   : Injecting ScanOptions [org.hibernate.boot.archive.scan.internal.StandardScanOptions@d8b60a] into BootstrapContext; was [org.hibernate.boot.archive.scan.internal.StandardScanOptions@7c5d1abb]
2021-03-05 13:20:25.966 DEBUG 21816 --- [    Test worker] o.h.boot.internal.BootstrapContextImpl   : Injecting JPA temp ClassLoader [null] into BootstrapContext; was [org.springframework.instrument.classloading.SimpleThrowawayClassLoader@52dd3882]
2021-03-05 13:20:25.966 DEBUG 21816 --- [    Test worker] o.h.boot.internal.ClassLoaderAccessImpl  : ClassLoaderAccessImpl#injectTempClassLoader(null) [was org.springframework.instrument.classloading.SimpleThrowawayClassLoader@52dd3882]
2021-03-05 13:20:25.972 DEBUG 21816 --- [    Test worker] .i.f.i.DefaultIdentifierGeneratorFactory : Registering IdentifierGenerator strategy [uuid2] -> [org.hibernate.id.UUIDGenerator]
2021-03-05 13:20:25.973 DEBUG 21816 --- [    Test worker] .i.f.i.DefaultIdentifierGeneratorFactory : Registering IdentifierGenerator strategy [guid] -> [org.hibernate.id.GUIDGenerator]
2021-03-05 13:20:25.973 DEBUG 21816 --- [    Test worker] .i.f.i.DefaultIdentifierGeneratorFactory : Registering IdentifierGenerator strategy [uuid] -> [org.hibernate.id.UUIDHexGenerator]
2021-03-05 13:20:25.973 DEBUG 21816 --- [    Test worker] .i.f.i.DefaultIdentifierGeneratorFactory : Registering IdentifierGenerator strategy [uuid.hex] -> [org.hibernate.id.UUIDHexGenerator]
2021-03-05 13:20:25.974 DEBUG 21816 --- [    Test worker] .i.f.i.DefaultIdentifierGeneratorFactory : Registering IdentifierGenerator strategy [assigned] -> [org.hibernate.id.Assigned]
2021-03-05 13:20:25.974 DEBUG 21816 --- [    Test worker] .i.f.i.DefaultIdentifierGeneratorFactory : Registering IdentifierGenerator strategy [identity] -> [org.hibernate.id.IdentityGenerator]
2021-03-05 13:20:25.974 DEBUG 21816 --- [    Test worker] .i.f.i.DefaultIdentifierGeneratorFactory : Registering IdentifierGenerator strategy [select] -> [org.hibernate.id.SelectGenerator]
2021-03-05 13:20:25.975 DEBUG 21816 --- [    Test worker] .i.f.i.DefaultIdentifierGeneratorFactory : Registering IdentifierGenerator strategy [sequence] -> [org.hibernate.id.enhanced.SequenceStyleGenerator]
2021-03-05 13:20:25.976 DEBUG 21816 --- [    Test worker] .i.f.i.DefaultIdentifierGeneratorFactory : Registering IdentifierGenerator strategy [seqhilo] -> [org.hibernate.id.SequenceHiLoGenerator]
2021-03-05 13:20:25.976 DEBUG 21816 --- [    Test worker] .i.f.i.DefaultIdentifierGeneratorFactory : Registering IdentifierGenerator strategy [increment] -> [org.hibernate.id.IncrementGenerator]
2021-03-05 13:20:25.976 DEBUG 21816 --- [    Test worker] .i.f.i.DefaultIdentifierGeneratorFactory : Registering IdentifierGenerator strategy [foreign] -> [org.hibernate.id.ForeignGenerator]
2021-03-05 13:20:25.977 DEBUG 21816 --- [    Test worker] .i.f.i.DefaultIdentifierGeneratorFactory : Registering IdentifierGenerator strategy [sequence-identity] -> [org.hibernate.id.SequenceIdentityGenerator]
2021-03-05 13:20:25.977 DEBUG 21816 --- [    Test worker] .i.f.i.DefaultIdentifierGeneratorFactory : Registering IdentifierGenerator strategy [enhanced-sequence] -> [org.hibernate.id.enhanced.SequenceStyleGenerator]
2021-03-05 13:20:25.977 DEBUG 21816 --- [    Test worker] .i.f.i.DefaultIdentifierGeneratorFactory : Registering IdentifierGenerator strategy [enhanced-table] -> [org.hibernate.id.enhanced.TableGenerator]
2021-03-05 13:20:25.981 DEBUG 21816 --- [    Test worker] com.zaxxer.hikari.HikariConfig           : HikariPool-1 - configuration:
2021-03-05 13:20:25.982 DEBUG 21816 --- [    Test worker] com.zaxxer.hikari.HikariConfig           : allowPoolSuspension.............false
2021-03-05 13:20:25.982 DEBUG 21816 --- [    Test worker] com.zaxxer.hikari.HikariConfig           : autoCommit......................true
2021-03-05 13:20:25.982 DEBUG 21816 --- [    Test worker] com.zaxxer.hikari.HikariConfig           : catalog.........................none
2021-03-05 13:20:25.983 DEBUG 21816 --- [    Test worker] com.zaxxer.hikari.HikariConfig           : connectionInitSql...............none
2021-03-05 13:20:25.983 DEBUG 21816 --- [    Test worker] com.zaxxer.hikari.HikariConfig           : connectionTestQuery.............none
2021-03-05 13:20:25.983 DEBUG 21816 --- [    Test worker] com.zaxxer.hikari.HikariConfig           : connectionTimeout...............30000
2021-03-05 13:20:25.983 DEBUG 21816 --- [    Test worker] com.zaxxer.hikari.HikariConfig           : dataSource......................none
2021-03-05 13:20:25.983 DEBUG 21816 --- [    Test worker] com.zaxxer.hikari.HikariConfig           : dataSourceClassName.............none
2021-03-05 13:20:25.983 DEBUG 21816 --- [    Test worker] com.zaxxer.hikari.HikariConfig           : dataSourceJNDI..................none
2021-03-05 13:20:25.983 DEBUG 21816 --- [    Test worker] com.zaxxer.hikari.HikariConfig           : dataSourceProperties............{password=<masked>}
2021-03-05 13:20:25.983 DEBUG 21816 --- [    Test worker] com.zaxxer.hikari.HikariConfig           : driverClassName................."org.postgresql.Driver"
2021-03-05 13:20:25.983 DEBUG 21816 --- [    Test worker] com.zaxxer.hikari.HikariConfig           : exceptionOverrideClassName......none
2021-03-05 13:20:25.983 DEBUG 21816 --- [    Test worker] com.zaxxer.hikari.HikariConfig           : healthCheckProperties...........{}
2021-03-05 13:20:25.983 DEBUG 21816 --- [    Test worker] com.zaxxer.hikari.HikariConfig           : healthCheckRegistry.............none
2021-03-05 13:20:25.984 DEBUG 21816 --- [    Test worker] com.zaxxer.hikari.HikariConfig           : idleTimeout.....................600000
2021-03-05 13:20:25.984 DEBUG 21816 --- [    Test worker] com.zaxxer.hikari.HikariConfig           : initializationFailTimeout.......1
2021-03-05 13:20:25.984 DEBUG 21816 --- [    Test worker] com.zaxxer.hikari.HikariConfig           : isolateInternalQueries..........false
2021-03-05 13:20:25.984 DEBUG 21816 --- [    Test worker] com.zaxxer.hikari.HikariConfig           : jdbcUrl.........................jdbc:postgresql://localhost:5432/Schedulle
2021-03-05 13:20:25.984 DEBUG 21816 --- [    Test worker] com.zaxxer.hikari.HikariConfig           : leakDetectionThreshold..........0
2021-03-05 13:20:25.984 DEBUG 21816 --- [    Test worker] com.zaxxer.hikari.HikariConfig           : maxLifetime.....................1800000
2021-03-05 13:20:25.984 DEBUG 21816 --- [    Test worker] com.zaxxer.hikari.HikariConfig           : maximumPoolSize.................10
2021-03-05 13:20:25.984 DEBUG 21816 --- [    Test worker] com.zaxxer.hikari.HikariConfig           : metricRegistry..................none
2021-03-05 13:20:25.984 DEBUG 21816 --- [    Test worker] com.zaxxer.hikari.HikariConfig           : metricsTrackerFactory...........none
2021-03-05 13:20:25.984 DEBUG 21816 --- [    Test worker] com.zaxxer.hikari.HikariConfig           : minimumIdle.....................10
2021-03-05 13:20:25.984 DEBUG 21816 --- [    Test worker] com.zaxxer.hikari.HikariConfig           : password........................<masked>
2021-03-05 13:20:25.984 DEBUG 21816 --- [    Test worker] com.zaxxer.hikari.HikariConfig           : poolName........................"HikariPool-1"
2021-03-05 13:20:25.984 DEBUG 21816 --- [    Test worker] com.zaxxer.hikari.HikariConfig           : readOnly........................false
2021-03-05 13:20:25.985 DEBUG 21816 --- [    Test worker] com.zaxxer.hikari.HikariConfig           : registerMbeans..................false
2021-03-05 13:20:25.985 DEBUG 21816 --- [    Test worker] com.zaxxer.hikari.HikariConfig           : scheduledExecutor...............none
2021-03-05 13:20:25.985 DEBUG 21816 --- [    Test worker] com.zaxxer.hikari.HikariConfig           : schema..........................none
2021-03-05 13:20:25.985 DEBUG 21816 --- [    Test worker] com.zaxxer.hikari.HikariConfig           : threadFactory...................internal
2021-03-05 13:20:25.985 DEBUG 21816 --- [    Test worker] com.zaxxer.hikari.HikariConfig           : transactionIsolation............default
2021-03-05 13:20:25.985 DEBUG 21816 --- [    Test worker] com.zaxxer.hikari.HikariConfig           : username........................"postgres"
2021-03-05 13:20:25.985 DEBUG 21816 --- [    Test worker] com.zaxxer.hikari.HikariConfig           : validationTimeout...............5000
2021-03-05 13:20:25.985  INFO 21816 --- [    Test worker] com.zaxxer.hikari.HikariDataSource       : HikariPool-1 - Starting...
2021-03-05 13:20:25.994 DEBUG 21816 --- [    Test worker] org.postgresql.Driver                    : Loading driver configuration via classloader jdk.internal.loader.ClassLoaders$AppClassLoader@6d06d69c
2021-03-05 13:20:25.994 DEBUG 21816 --- [    Test worker] org.postgresql.Driver                    : Connecting with URL: jdbc:postgresql://localhost:5432/Schedulle
2021-03-05 13:20:25.999 DEBUG 21816 --- [    Test worker] org.postgresql.jdbc.PgConnection         : PostgreSQL JDBC Driver 42.2.18
2021-03-05 13:20:26.000 DEBUG 21816 --- [    Test worker] org.postgresql.jdbc.PgConnection         :   setDefaultFetchSize = 0
2021-03-05 13:20:26.000 DEBUG 21816 --- [    Test worker] org.postgresql.jdbc.PgConnection         :   setPrepareThreshold = 5
2021-03-05 13:20:26.006 DEBUG 21816 --- [    Test worker] o.p.core.v3.ConnectionFactoryImpl        : Trying to establish a protocol version 3 connection to localhost:5432
2021-03-05 13:20:26.017 DEBUG 21816 --- [    Test worker] o.p.core.v3.ConnectionFactoryImpl        : Receive Buffer Size is 65,536
2021-03-05 13:20:26.017 DEBUG 21816 --- [    Test worker] o.p.core.v3.ConnectionFactoryImpl        : Send Buffer Size is 65,536
2021-03-05 13:20:26.126 DEBUG 21816 --- [    Test worker] com.zaxxer.hikari.pool.HikariPool        : HikariPool-1 - Added connection org.postgresql.jdbc.PgConnection@31eace0
2021-03-05 13:20:26.127  INFO 21816 --- [    Test worker] com.zaxxer.hikari.HikariDataSource       : HikariPool-1 - Start completed.
2021-03-05 13:20:26.132 DEBUG 21816 --- [    Test worker] o.h.e.j.e.i.JdbcEnvironmentInitiator     : Database ->
       name : PostgreSQL
    version : 13.2
      major : 13
      minor : 2
2021-03-05 13:20:26.132 DEBUG 21816 --- [    Test worker] o.h.e.j.e.i.JdbcEnvironmentInitiator     : Driver ->
       name : PostgreSQL JDBC Driver
    version : 42.2.18
      major : 42
      minor : 2
2021-03-05 13:20:26.133 DEBUG 21816 --- [    Test worker] o.h.e.j.e.i.JdbcEnvironmentInitiator     : JDBC version : 4.2
2021-03-05 13:20:26.141  INFO 21816 --- [    Test worker] org.hibernate.dialect.Dialect            : HHH000400: Using dialect: org.hibernate.dialect.PostgreSQL95Dialect
2021-03-05 13:20:26.150 DEBUG 21816 --- [    Test worker] o.h.e.j.env.spi.IdentifierHelperBuilder  : JDBC driver metadata reported database stores quoted identifiers in neither upper, lower nor mixed case
2021-03-05 13:20:26.230 DEBUG 21816 --- [l-1 housekeeper] com.zaxxer.hikari.pool.HikariPool        : HikariPool-1 - Pool stats (total=1, active=1, idle=0, waiting=0)
2021-03-05 13:20:26.231 DEBUG 21816 --- [onnection adder] org.postgresql.Driver                    : Connecting with URL: jdbc:postgresql://localhost:5432/Schedulle
2021-03-05 13:20:26.231 DEBUG 21816 --- [onnection adder] org.postgresql.jdbc.PgConnection         : PostgreSQL JDBC Driver 42.2.18
2021-03-05 13:20:26.231 DEBUG 21816 --- [onnection adder] org.postgresql.jdbc.PgConnection         :   setDefaultFetchSize = 0
2021-03-05 13:20:26.231 DEBUG 21816 --- [onnection adder] org.postgresql.jdbc.PgConnection         :   setPrepareThreshold = 5
2021-03-05 13:20:26.231 DEBUG 21816 --- [onnection adder] o.p.core.v3.ConnectionFactoryImpl        : Trying to establish a protocol version 3 connection to localhost:5432
2021-03-05 13:20:26.232 DEBUG 21816 --- [onnection adder] o.p.core.v3.ConnectionFactoryImpl        : Receive Buffer Size is 65,536
2021-03-05 13:20:26.232 DEBUG 21816 --- [onnection adder] o.p.core.v3.ConnectionFactoryImpl        : Send Buffer Size is 65,536
2021-03-05 13:20:26.261 DEBUG 21816 --- [onnection adder] com.zaxxer.hikari.pool.HikariPool        : HikariPool-1 - Added connection org.postgresql.jdbc.PgConnection@783cc75e
2021-03-05 13:20:26.261 DEBUG 21816 --- [onnection adder] org.postgresql.Driver                    : Connecting with URL: jdbc:postgresql://localhost:5432/Schedulle
2021-03-05 13:20:26.261 DEBUG 21816 --- [onnection adder] org.postgresql.jdbc.PgConnection         : PostgreSQL JDBC Driver 42.2.18
2021-03-05 13:20:26.261 DEBUG 21816 --- [onnection adder] org.postgresql.jdbc.PgConnection         :   setDefaultFetchSize = 0
2021-03-05 13:20:26.261 DEBUG 21816 --- [onnection adder] org.postgresql.jdbc.PgConnection         :   setPrepareThreshold = 5
2021-03-05 13:20:26.261 DEBUG 21816 --- [onnection adder] o.p.core.v3.ConnectionFactoryImpl        : Trying to establish a protocol version 3 connection to localhost:5432
2021-03-05 13:20:26.262 DEBUG 21816 --- [onnection adder] o.p.core.v3.ConnectionFactoryImpl        : Receive Buffer Size is 65,536
2021-03-05 13:20:26.262 DEBUG 21816 --- [onnection adder] o.p.core.v3.ConnectionFactoryImpl        : Send Buffer Size is 65,536
2021-03-05 13:20:26.264 DEBUG 21816 --- [    Test worker] o.h.boot.model.relational.Namespace      : Created database namespace [logicalName=Name{catalog=null, schema=null}, physicalName=Name{catalog=null, schema=null}]
2021-03-05 13:20:26.265 DEBUG 21816 --- [    Test worker] org.hibernate.type.BasicTypeRegistry     : Adding type registration pg-uuid -> org.hibernate.type.PostgresUUIDType@5c091af0
2021-03-05 13:20:26.266 DEBUG 21816 --- [    Test worker] org.hibernate.type.BasicTypeRegistry     : Adding type registration java.util.UUID -> org.hibernate.type.PostgresUUIDType@5c091af0
2021-03-05 13:20:26.266 DEBUG 21816 --- [    Test worker] org.hibernate.type.BasicTypeRegistry     : HHH000270: Type registration [java.util.UUID] overrides previous : org.hibernate.type.UUIDBinaryType@7f56a8d4
2021-03-05 13:20:26.267 DEBUG 21816 --- [    Test worker] o.h.type.spi.TypeConfiguration$Scope     : Scoping TypeConfiguration [org.hibernate.type.spi.TypeConfiguration@468c2e82] to MetadataBuildingContext [org.hibernate.boot.internal.MetadataBuildingContextRootImpl@754bfdcb]
2021-03-05 13:20:26.293 DEBUG 21816 --- [onnection adder] com.zaxxer.hikari.pool.HikariPool        : HikariPool-1 - Added connection org.postgresql.jdbc.PgConnection@3d3e463d
2021-03-05 13:20:26.293 DEBUG 21816 --- [onnection adder] org.postgresql.Driver                    : Connecting with URL: jdbc:postgresql://localhost:5432/Schedulle
2021-03-05 13:20:26.293 DEBUG 21816 --- [onnection adder] org.postgresql.jdbc.PgConnection         : PostgreSQL JDBC Driver 42.2.18
2021-03-05 13:20:26.293 DEBUG 21816 --- [onnection adder] org.postgresql.jdbc.PgConnection         :   setDefaultFetchSize = 0
2021-03-05 13:20:26.293 DEBUG 21816 --- [onnection adder] org.postgresql.jdbc.PgConnection         :   setPrepareThreshold = 5
2021-03-05 13:20:26.294 DEBUG 21816 --- [onnection adder] o.p.core.v3.ConnectionFactoryImpl        : Trying to establish a protocol version 3 connection to localhost:5432
2021-03-05 13:20:26.294 DEBUG 21816 --- [onnection adder] o.p.core.v3.ConnectionFactoryImpl        : Receive Buffer Size is 65,536
2021-03-05 13:20:26.295 DEBUG 21816 --- [onnection adder] o.p.core.v3.ConnectionFactoryImpl        : Send Buffer Size is 65,536
2021-03-05 13:20:26.302 DEBUG 21816 --- [    Test worker] org.hibernate.cfg.AnnotationBinder       : Binding entity from annotated class: com.example.Schedulle.auth.UserEntity
2021-03-05 13:20:26.311 DEBUG 21816 --- [    Test worker] org.hibernate.cfg.Ejb3Column             : Binding column: Ejb3DiscriminatorColumn{logicalColumnName'DTYPE', discriminatorTypeName='string'}
2021-03-05 13:20:26.315 DEBUG 21816 --- [    Test worker] o.h.cfg.annotations.EntityBinder         : Import with entity name UserEntity
2021-03-05 13:20:26.316 DEBUG 21816 --- [    Test worker] o.h.boot.model.relational.Namespace      : Created database namespace [logicalName=Name{catalog=null, schema=public}, physicalName=Name{catalog=null, schema=public}]
2021-03-05 13:20:26.317 DEBUG 21816 --- [    Test worker] o.h.cfg.annotations.EntityBinder         : Bind entity com.example.Schedulle.auth.UserEntity on table user
2021-03-05 13:20:26.323 DEBUG 21816 --- [onnection adder] com.zaxxer.hikari.pool.HikariPool        : HikariPool-1 - Added connection org.postgresql.jdbc.PgConnection@12d11abb
2021-03-05 13:20:26.324 DEBUG 21816 --- [onnection adder] org.postgresql.Driver                    : Connecting with URL: jdbc:postgresql://localhost:5432/Schedulle
2021-03-05 13:20:26.324 DEBUG 21816 --- [onnection adder] org.postgresql.jdbc.PgConnection         : PostgreSQL JDBC Driver 42.2.18
2021-03-05 13:20:26.324 DEBUG 21816 --- [onnection adder] org.postgresql.jdbc.PgConnection         :   setDefaultFetchSize = 0
2021-03-05 13:20:26.324 DEBUG 21816 --- [onnection adder] org.postgresql.jdbc.PgConnection         :   setPrepareThreshold = 5
2021-03-05 13:20:26.324 DEBUG 21816 --- [onnection adder] o.p.core.v3.ConnectionFactoryImpl        : Trying to establish a protocol version 3 connection to localhost:5432
2021-03-05 13:20:26.325 DEBUG 21816 --- [onnection adder] o.p.core.v3.ConnectionFactoryImpl        : Receive Buffer Size is 65,536
2021-03-05 13:20:26.325 DEBUG 21816 --- [onnection adder] o.p.core.v3.ConnectionFactoryImpl        : Send Buffer Size is 65,536
2021-03-05 13:20:26.331 DEBUG 21816 --- [    Test worker] org.hibernate.cfg.Ejb3Column             : Binding column: Ejb3Column{table=org.hibernate.mapping.Table(public.user), mappingColumn=id, insertable=true, updatable=true, unique=false}
2021-03-05 13:20:26.333 DEBUG 21816 --- [    Test worker] o.h.boot.internal.ClassLoaderAccessImpl  : Not known whether passed class name [com.example.Schedulle.auth.UserEntity] is safe
2021-03-05 13:20:26.333 DEBUG 21816 --- [    Test worker] o.h.boot.internal.ClassLoaderAccessImpl  : No temp ClassLoader provided; using live ClassLoader for loading potentially unsafe class : com.example.Schedulle.auth.UserEntity
2021-03-05 13:20:26.334 DEBUG 21816 --- [    Test worker] o.h.cfg.annotations.PropertyBinder       : MetadataSourceProcessor property id with lazy=false
2021-03-05 13:20:26.335 DEBUG 21816 --- [    Test worker] o.hibernate.cfg.AbstractPropertyHolder   : Attempting to locate auto-apply AttributeConverter for property [com.example.Schedulle.auth.UserEntity:id]
2021-03-05 13:20:26.336 DEBUG 21816 --- [    Test worker] o.h.cfg.annotations.SimpleValueBinder    : building SimpleValue for id
2021-03-05 13:20:26.338 DEBUG 21816 --- [    Test worker] o.h.cfg.annotations.PropertyBinder       : Building property id
2021-03-05 13:20:26.340 DEBUG 21816 --- [    Test worker] org.hibernate.cfg.BinderHelper           : #makeIdGenerator(org.hibernate.mapping.SimpleValue([org.hibernate.mapping.Column(id)]), id, identity, , ...)
2021-03-05 13:20:26.340 DEBUG 21816 --- [    Test worker] org.hibernate.cfg.Ejb3Column             : Binding column: Ejb3Column{table=org.hibernate.mapping.Table(public.user), mappingColumn=created_at, insertable=true, updatable=true, unique=false}
2021-03-05 13:20:26.340 DEBUG 21816 --- [    Test worker] o.h.cfg.annotations.PropertyBinder       : MetadataSourceProcessor property createdAt with lazy=false
2021-03-05 13:20:26.340 DEBUG 21816 --- [    Test worker] o.hibernate.cfg.AbstractPropertyHolder   : Attempting to locate auto-apply AttributeConverter for property [com.example.Schedulle.auth.UserEntity:createdAt]
2021-03-05 13:20:26.341 DEBUG 21816 --- [    Test worker] o.h.cfg.annotations.SimpleValueBinder    : building SimpleValue for createdAt
2021-03-05 13:20:26.341 DEBUG 21816 --- [    Test worker] o.h.cfg.annotations.PropertyBinder       : Building property createdAt
2021-03-05 13:20:26.341 DEBUG 21816 --- [    Test worker] org.hibernate.cfg.Ejb3Column             : Binding column: Ejb3Column{table=org.hibernate.mapping.Table(public.user), mappingColumn=file_name, insertable=true, updatable=true, unique=false}
2021-03-05 13:20:26.341 DEBUG 21816 --- [    Test worker] o.h.cfg.annotations.PropertyBinder       : MetadataSourceProcessor property fileName with lazy=false
2021-03-05 13:20:26.341 DEBUG 21816 --- [    Test worker] o.hibernate.cfg.AbstractPropertyHolder   : Attempting to locate auto-apply AttributeConverter for property [com.example.Schedulle.auth.UserEntity:fileName]
2021-03-05 13:20:26.341 DEBUG 21816 --- [    Test worker] o.h.cfg.annotations.SimpleValueBinder    : building SimpleValue for fileName
2021-03-05 13:20:26.341 DEBUG 21816 --- [    Test worker] o.h.cfg.annotations.PropertyBinder       : Building property fileName
2021-03-05 13:20:26.342 DEBUG 21816 --- [    Test worker] org.hibernate.cfg.Ejb3Column             : Binding column: Ejb3Column{table=org.hibernate.mapping.Table(public.user), mappingColumn=mail, insertable=true, updatable=true, unique=false}
2021-03-05 13:20:26.342 DEBUG 21816 --- [    Test worker] o.h.cfg.annotations.PropertyBinder       : MetadataSourceProcessor property mail with lazy=false
2021-03-05 13:20:26.342 DEBUG 21816 --- [    Test worker] o.hibernate.cfg.AbstractPropertyHolder   : Attempting to locate auto-apply AttributeConverter for property [com.example.Schedulle.auth.UserEntity:mail]
2021-03-05 13:20:26.342 DEBUG 21816 --- [    Test worker] o.h.cfg.annotations.SimpleValueBinder    : building SimpleValue for mail
2021-03-05 13:20:26.342 DEBUG 21816 --- [    Test worker] o.h.cfg.annotations.PropertyBinder       : Building property mail
2021-03-05 13:20:26.342 DEBUG 21816 --- [    Test worker] org.hibernate.cfg.Ejb3Column             : Binding column: Ejb3Column{table=org.hibernate.mapping.Table(public.user), mappingColumn=name, insertable=true, updatable=true, unique=false}
2021-03-05 13:20:26.342 DEBUG 21816 --- [    Test worker] o.h.cfg.annotations.PropertyBinder       : MetadataSourceProcessor property name with lazy=false
2021-03-05 13:20:26.343 DEBUG 21816 --- [    Test worker] o.hibernate.cfg.AbstractPropertyHolder   : Attempting to locate auto-apply AttributeConverter for property [com.example.Schedulle.auth.UserEntity:name]
2021-03-05 13:20:26.343 DEBUG 21816 --- [    Test worker] o.h.cfg.annotations.SimpleValueBinder    : building SimpleValue for name
2021-03-05 13:20:26.343 DEBUG 21816 --- [    Test worker] o.h.cfg.annotations.PropertyBinder       : Building property name
2021-03-05 13:20:26.343 DEBUG 21816 --- [    Test worker] org.hibernate.cfg.Ejb3Column             : Binding column: Ejb3Column{table=org.hibernate.mapping.Table(public.user), mappingColumn=password, insertable=true, updatable=true, unique=false}
2021-03-05 13:20:26.343 DEBUG 21816 --- [    Test worker] o.h.cfg.annotations.PropertyBinder       : MetadataSourceProcessor property password with lazy=false
2021-03-05 13:20:26.343 DEBUG 21816 --- [    Test worker] o.hibernate.cfg.AbstractPropertyHolder   : Attempting to locate auto-apply AttributeConverter for property [com.example.Schedulle.auth.UserEntity:password]
2021-03-05 13:20:26.343 DEBUG 21816 --- [    Test worker] o.h.cfg.annotations.SimpleValueBinder    : building SimpleValue for password
2021-03-05 13:20:26.343 DEBUG 21816 --- [    Test worker] o.h.cfg.annotations.PropertyBinder       : Building property password
2021-03-05 13:20:26.344 DEBUG 21816 --- [    Test worker] org.hibernate.cfg.AnnotationBinder       : Binding entity from annotated class: com.example.Schedulle.common.schedulle.SchedulleEntity
2021-03-05 13:20:26.345 DEBUG 21816 --- [    Test worker] org.hibernate.cfg.Ejb3Column             : Binding column: Ejb3DiscriminatorColumn{logicalColumnName'DTYPE', discriminatorTypeName='string'}
2021-03-05 13:20:26.345 DEBUG 21816 --- [    Test worker] o.h.cfg.annotations.EntityBinder         : Import with entity name SchedulleEntity
2021-03-05 13:20:26.345 DEBUG 21816 --- [    Test worker] o.h.cfg.annotations.EntityBinder         : Bind entity com.example.Schedulle.common.schedulle.SchedulleEntity on table schedulle
2021-03-05 13:20:26.347 DEBUG 21816 --- [    Test worker] org.hibernate.cfg.Ejb3Column             : Binding column: Ejb3Column{table=org.hibernate.mapping.Table(public.schedulle), mappingColumn=id, insertable=true, updatable=true, unique=false}
2021-03-05 13:20:26.347 DEBUG 21816 --- [    Test worker] o.h.boot.internal.ClassLoaderAccessImpl  : Not known whether passed class name [com.example.Schedulle.common.schedulle.SchedulleEntity] is safe
2021-03-05 13:20:26.347 DEBUG 21816 --- [    Test worker] o.h.boot.internal.ClassLoaderAccessImpl  : No temp ClassLoader provided; using live ClassLoader for loading potentially unsafe class : com.example.Schedulle.common.schedulle.SchedulleEntity
2021-03-05 13:20:26.347 DEBUG 21816 --- [    Test worker] o.h.cfg.annotations.PropertyBinder       : MetadataSourceProcessor property id with lazy=false
2021-03-05 13:20:26.347 DEBUG 21816 --- [    Test worker] o.hibernate.cfg.AbstractPropertyHolder   : Attempting to locate auto-apply AttributeConverter for property [com.example.Schedulle.common.schedulle.SchedulleEntity:id]
2021-03-05 13:20:26.347 DEBUG 21816 --- [    Test worker] o.h.cfg.annotations.SimpleValueBinder    : building SimpleValue for id
2021-03-05 13:20:26.347 DEBUG 21816 --- [    Test worker] o.h.cfg.annotations.PropertyBinder       : Building property id
2021-03-05 13:20:26.348 DEBUG 21816 --- [    Test worker] org.hibernate.cfg.BinderHelper           : #makeIdGenerator(org.hibernate.mapping.SimpleValue([org.hibernate.mapping.Column(id)]), id, identity, , ...)
2021-03-05 13:20:26.348 DEBUG 21816 --- [    Test worker] org.hibernate.cfg.Ejb3Column             : Binding column: Ejb3Column{table=org.hibernate.mapping.Table(public.schedulle), mappingColumn=date, insertable=true, updatable=true, unique=false}
2021-03-05 13:20:26.348 DEBUG 21816 --- [    Test worker] o.h.cfg.annotations.PropertyBinder       : MetadataSourceProcessor property date with lazy=false
2021-03-05 13:20:26.348 DEBUG 21816 --- [    Test worker] o.hibernate.cfg.AbstractPropertyHolder   : Attempting to locate auto-apply AttributeConverter for property [com.example.Schedulle.common.schedulle.SchedulleEntity:date]
2021-03-05 13:20:26.348 DEBUG 21816 --- [    Test worker] o.h.cfg.annotations.SimpleValueBinder    : building SimpleValue for date
2021-03-05 13:20:26.348 DEBUG 21816 --- [    Test worker] o.h.cfg.annotations.PropertyBinder       : Building property date
2021-03-05 13:20:26.348 DEBUG 21816 --- [    Test worker] org.hibernate.cfg.Ejb3Column             : Binding column: Ejb3Column{table=org.hibernate.mapping.Table(public.schedulle), mappingColumn=e_date, insertable=true, updatable=true, unique=false}
2021-03-05 13:20:26.348 DEBUG 21816 --- [    Test worker] o.h.cfg.annotations.PropertyBinder       : MetadataSourceProcessor property eDate with lazy=false
2021-03-05 13:20:26.348 DEBUG 21816 --- [    Test worker] o.hibernate.cfg.AbstractPropertyHolder   : Attempting to locate auto-apply AttributeConverter for property [com.example.Schedulle.common.schedulle.SchedulleEntity:eDate]
2021-03-05 13:20:26.349 DEBUG 21816 --- [    Test worker] o.h.cfg.annotations.SimpleValueBinder    : building SimpleValue for eDate
2021-03-05 13:20:26.349 DEBUG 21816 --- [    Test worker] o.h.cfg.annotations.PropertyBinder       : Building property eDate
2021-03-05 13:20:26.349 DEBUG 21816 --- [    Test worker] org.hibernate.cfg.Ejb3Column             : Binding column: Ejb3Column{table=org.hibernate.mapping.Table(public.schedulle), mappingColumn=month_value, insertable=true, updatable=true, unique=false}
2021-03-05 13:20:26.349 DEBUG 21816 --- [    Test worker] o.h.cfg.annotations.PropertyBinder       : MetadataSourceProcessor property monthValue with lazy=false
2021-03-05 13:20:26.349 DEBUG 21816 --- [    Test worker] o.hibernate.cfg.AbstractPropertyHolder   : Attempting to locate auto-apply AttributeConverter for property [com.example.Schedulle.common.schedulle.SchedulleEntity:monthValue]
2021-03-05 13:20:26.349 DEBUG 21816 --- [    Test worker] o.h.cfg.annotations.SimpleValueBinder    : building SimpleValue for monthValue
2021-03-05 13:20:26.349 DEBUG 21816 --- [    Test worker] o.h.cfg.annotations.PropertyBinder       : Building property monthValue
2021-03-05 13:20:26.350 DEBUG 21816 --- [    Test worker] org.hibernate.cfg.Ejb3Column             : Binding column: Ejb3Column{table=org.hibernate.mapping.Table(public.schedulle), mappingColumn=s_date, insertable=true, updatable=true, unique=false}
2021-03-05 13:20:26.350 DEBUG 21816 --- [    Test worker] o.h.cfg.annotations.PropertyBinder       : MetadataSourceProcessor property sDate with lazy=false
2021-03-05 13:20:26.350 DEBUG 21816 --- [    Test worker] o.hibernate.cfg.AbstractPropertyHolder   : Attempting to locate auto-apply AttributeConverter for property [com.example.Schedulle.common.schedulle.SchedulleEntity:sDate]
2021-03-05 13:20:26.350 DEBUG 21816 --- [    Test worker] o.h.cfg.annotations.SimpleValueBinder    : building SimpleValue for sDate
2021-03-05 13:20:26.350 DEBUG 21816 --- [    Test worker] o.h.cfg.annotations.PropertyBinder       : Building property sDate
2021-03-05 13:20:26.350 DEBUG 21816 --- [    Test worker] org.hibernate.cfg.Ejb3Column             : Binding column: Ejb3Column{table=org.hibernate.mapping.Table(public.schedulle), mappingColumn=user_id, insertable=true, updatable=true, unique=false}
2021-03-05 13:20:26.350 DEBUG 21816 --- [    Test worker] o.h.cfg.annotations.PropertyBinder       : MetadataSourceProcessor property userId with lazy=false
2021-03-05 13:20:26.350 DEBUG 21816 --- [    Test worker] o.hibernate.cfg.AbstractPropertyHolder   : Attempting to locate auto-apply AttributeConverter for property [com.example.Schedulle.common.schedulle.SchedulleEntity:userId]
2021-03-05 13:20:26.350 DEBUG 21816 --- [    Test worker] o.h.cfg.annotations.SimpleValueBinder    : building SimpleValue for userId
2021-03-05 13:20:26.350 DEBUG 21816 --- [    Test worker] o.h.cfg.annotations.PropertyBinder       : Building property userId
2021-03-05 13:20:26.351 DEBUG 21816 --- [    Test worker] o.h.cfg.annotations.SimpleValueBinder    : Starting fillSimpleValue for id
2021-03-05 13:20:26.352 DEBUG 21816 --- [    Test worker] o.h.cfg.annotations.SimpleValueBinder    : Starting fillSimpleValue for createdAt
2021-03-05 13:20:26.352 DEBUG 21816 --- [    Test worker] o.h.cfg.annotations.SimpleValueBinder    : Starting fillSimpleValue for fileName
2021-03-05 13:20:26.352 DEBUG 21816 --- [    Test worker] o.h.cfg.annotations.SimpleValueBinder    : Starting fillSimpleValue for mail
2021-03-05 13:20:26.352 DEBUG 21816 --- [    Test worker] o.h.cfg.annotations.SimpleValueBinder    : Starting fillSimpleValue for name
2021-03-05 13:20:26.352 DEBUG 21816 --- [    Test worker] o.h.cfg.annotations.SimpleValueBinder    : Starting fillSimpleValue for password
2021-03-05 13:20:26.352 DEBUG 21816 --- [    Test worker] o.h.cfg.annotations.SimpleValueBinder    : Starting fillSimpleValue for id
2021-03-05 13:20:26.352 DEBUG 21816 --- [    Test worker] o.h.cfg.annotations.SimpleValueBinder    : Starting fillSimpleValue for date
2021-03-05 13:20:26.352 DEBUG 21816 --- [    Test worker] o.h.cfg.annotations.SimpleValueBinder    : Starting fillSimpleValue for eDate
2021-03-05 13:20:26.352 DEBUG 21816 --- [    Test worker] o.h.cfg.annotations.SimpleValueBinder    : Starting fillSimpleValue for monthValue
2021-03-05 13:20:26.352 DEBUG 21816 --- [    Test worker] o.h.cfg.annotations.SimpleValueBinder    : Starting fillSimpleValue for sDate
2021-03-05 13:20:26.352 DEBUG 21816 --- [    Test worker] o.h.cfg.annotations.SimpleValueBinder    : Starting fillSimpleValue for userId
2021-03-05 13:20:26.353 DEBUG 21816 --- [    Test worker] org.hibernate.mapping.PrimaryKey         : Forcing column [id] to be non-null as it is part of the primary key for table [user]
2021-03-05 13:20:26.353 DEBUG 21816 --- [    Test worker] org.hibernate.mapping.PrimaryKey         : Forcing column [id] to be non-null as it is part of the primary key for table [schedulle]
2021-03-05 13:20:26.358 DEBUG 21816 --- [onnection adder] com.zaxxer.hikari.pool.HikariPool        : HikariPool-1 - Added connection org.postgresql.jdbc.PgConnection@5d11b972
2021-03-05 13:20:26.358 DEBUG 21816 --- [onnection adder] org.postgresql.Driver                    : Connecting with URL: jdbc:postgresql://localhost:5432/Schedulle
2021-03-05 13:20:26.358 DEBUG 21816 --- [onnection adder] org.postgresql.jdbc.PgConnection         : PostgreSQL JDBC Driver 42.2.18
2021-03-05 13:20:26.358 DEBUG 21816 --- [onnection adder] org.postgresql.jdbc.PgConnection         :   setDefaultFetchSize = 0
2021-03-05 13:20:26.358 DEBUG 21816 --- [onnection adder] org.postgresql.jdbc.PgConnection         :   setPrepareThreshold = 5
2021-03-05 13:20:26.358 DEBUG 21816 --- [onnection adder] o.p.core.v3.ConnectionFactoryImpl        : Trying to establish a protocol version 3 connection to localhost:5432
2021-03-05 13:20:26.359 DEBUG 21816 --- [onnection adder] o.p.core.v3.ConnectionFactoryImpl        : Receive Buffer Size is 65,536
2021-03-05 13:20:26.359 DEBUG 21816 --- [onnection adder] o.p.core.v3.ConnectionFactoryImpl        : Send Buffer Size is 65,536
2021-03-05 13:20:26.378 DEBUG 21816 --- [    Test worker] o.hibernate.internal.SessionFactoryImpl  : Building session factory
2021-03-05 13:20:26.378 DEBUG 21816 --- [    Test worker] org.hibernate.cfg.Settings               : SessionFactory name : null
2021-03-05 13:20:26.379 DEBUG 21816 --- [    Test worker] org.hibernate.cfg.Settings               : Automatic flush during beforeCompletion(): enabled
2021-03-05 13:20:26.379 DEBUG 21816 --- [    Test worker] org.hibernate.cfg.Settings               : Automatic session close at end of transaction: disabled
2021-03-05 13:20:26.379 DEBUG 21816 --- [    Test worker] org.hibernate.cfg.Settings               : Statistics: disabled
2021-03-05 13:20:26.379 DEBUG 21816 --- [    Test worker] org.hibernate.cfg.Settings               : Deleted entity synthetic identifier rollback: disabled
2021-03-05 13:20:26.379 DEBUG 21816 --- [    Test worker] org.hibernate.cfg.Settings               : Default entity-mode: pojo
2021-03-05 13:20:26.379 DEBUG 21816 --- [    Test worker] org.hibernate.cfg.Settings               : Check Nullability in Core (should be disabled when Bean Validation is on): enabled
2021-03-05 13:20:26.379 DEBUG 21816 --- [    Test worker] org.hibernate.cfg.Settings               : Allow initialization of lazy state outside session : disabled
2021-03-05 13:20:26.379 DEBUG 21816 --- [    Test worker] org.hibernate.cfg.Settings               : Using BatchFetchStyle : LEGACY
2021-03-05 13:20:26.379 DEBUG 21816 --- [    Test worker] org.hibernate.cfg.Settings               : Default batch fetch size: -1
2021-03-05 13:20:26.379 DEBUG 21816 --- [    Test worker] org.hibernate.cfg.Settings               : Maximum outer join fetch depth: null
2021-03-05 13:20:26.379 DEBUG 21816 --- [    Test worker] org.hibernate.cfg.Settings               : Default null ordering: NONE
2021-03-05 13:20:26.379 DEBUG 21816 --- [    Test worker] org.hibernate.cfg.Settings               : Order SQL updates by primary key: disabled
2021-03-05 13:20:26.379 DEBUG 21816 --- [    Test worker] org.hibernate.cfg.Settings               : Order SQL inserts for batching: disabled
2021-03-05 13:20:26.379 DEBUG 21816 --- [    Test worker] org.hibernate.cfg.Settings               : multi-tenancy strategy : NONE
2021-03-05 13:20:26.379 DEBUG 21816 --- [    Test worker] org.hibernate.cfg.Settings               : JTA Track by Thread: enabled
2021-03-05 13:20:26.379 DEBUG 21816 --- [    Test worker] org.hibernate.cfg.Settings               : Query language substitutions: {}
2021-03-05 13:20:26.379 DEBUG 21816 --- [    Test worker] org.hibernate.cfg.Settings               : Named query checking : enabled
2021-03-05 13:20:26.379 DEBUG 21816 --- [    Test worker] org.hibernate.cfg.Settings               : Second-level cache: disabled
2021-03-05 13:20:26.379 DEBUG 21816 --- [    Test worker] org.hibernate.cfg.Settings               : Second-level query cache: disabled
2021-03-05 13:20:26.379 DEBUG 21816 --- [    Test worker] org.hibernate.cfg.Settings               : Second-level query cache factory: null
2021-03-05 13:20:26.379 DEBUG 21816 --- [    Test worker] org.hibernate.cfg.Settings               : Second-level cache region prefix: null
2021-03-05 13:20:26.380 DEBUG 21816 --- [    Test worker] org.hibernate.cfg.Settings               : Optimize second-level cache for minimal puts: disabled
2021-03-05 13:20:26.380 DEBUG 21816 --- [    Test worker] org.hibernate.cfg.Settings               : Structured second-level cache entries: disabled
2021-03-05 13:20:26.380 DEBUG 21816 --- [    Test worker] org.hibernate.cfg.Settings               : Second-level cache direct-reference entries: disabled
2021-03-05 13:20:26.380 DEBUG 21816 --- [    Test worker] org.hibernate.cfg.Settings               : Automatic eviction of collection cache: disabled
2021-03-05 13:20:26.380 DEBUG 21816 --- [    Test worker] org.hibernate.cfg.Settings               : JDBC batch size: 15
2021-03-05 13:20:26.380 DEBUG 21816 --- [    Test worker] org.hibernate.cfg.Settings               : JDBC batch updates for versioned data: enabled
2021-03-05 13:20:26.380 DEBUG 21816 --- [    Test worker] org.hibernate.cfg.Settings               : Scrollable result sets: enabled
2021-03-05 13:20:26.380 DEBUG 21816 --- [    Test worker] org.hibernate.cfg.Settings               : Wrap result sets: disabled
2021-03-05 13:20:26.380 DEBUG 21816 --- [    Test worker] org.hibernate.cfg.Settings               : JDBC3 getGeneratedKeys(): enabled
2021-03-05 13:20:26.380 DEBUG 21816 --- [    Test worker] org.hibernate.cfg.Settings               : JDBC result set fetch size: null
2021-03-05 13:20:26.380 DEBUG 21816 --- [    Test worker] org.hibernate.cfg.Settings               : Connection release mode: ON_CLOSE
2021-03-05 13:20:26.380 DEBUG 21816 --- [    Test worker] org.hibernate.cfg.Settings               : Generate SQL with comments: disabled
2021-03-05 13:20:26.380 DEBUG 21816 --- [    Test worker] org.hibernate.cfg.Settings               : JPA compliance - query : disabled
2021-03-05 13:20:26.380 DEBUG 21816 --- [    Test worker] org.hibernate.cfg.Settings               : JPA compliance - closed-handling : disabled
2021-03-05 13:20:26.380 DEBUG 21816 --- [    Test worker] org.hibernate.cfg.Settings               : JPA compliance - lists : disabled
2021-03-05 13:20:26.380 DEBUG 21816 --- [    Test worker] org.hibernate.cfg.Settings               : JPA compliance - transactions : disabled
2021-03-05 13:20:26.388 DEBUG 21816 --- [onnection adder] com.zaxxer.hikari.pool.HikariPool        : HikariPool-1 - Added connection org.postgresql.jdbc.PgConnection@561555c0
2021-03-05 13:20:26.388 DEBUG 21816 --- [onnection adder] org.postgresql.Driver                    : Connecting with URL: jdbc:postgresql://localhost:5432/Schedulle
2021-03-05 13:20:26.388 DEBUG 21816 --- [onnection adder] org.postgresql.jdbc.PgConnection         : PostgreSQL JDBC Driver 42.2.18
2021-03-05 13:20:26.388 DEBUG 21816 --- [onnection adder] org.postgresql.jdbc.PgConnection         :   setDefaultFetchSize = 0
2021-03-05 13:20:26.389 DEBUG 21816 --- [onnection adder] org.postgresql.jdbc.PgConnection         :   setPrepareThreshold = 5
2021-03-05 13:20:26.389 DEBUG 21816 --- [onnection adder] o.p.core.v3.ConnectionFactoryImpl        : Trying to establish a protocol version 3 connection to localhost:5432
2021-03-05 13:20:26.389 DEBUG 21816 --- [onnection adder] o.p.core.v3.ConnectionFactoryImpl        : Receive Buffer Size is 65,536
2021-03-05 13:20:26.389 DEBUG 21816 --- [onnection adder] o.p.core.v3.ConnectionFactoryImpl        : Send Buffer Size is 65,536
2021-03-05 13:20:26.413 DEBUG 21816 --- [    Test worker] o.h.j.e.i.CallbackBuilderLegacyImpl      : Adding prePersist as PrePersist callback for entity com.example.Schedulle.auth.UserEntity
2021-03-05 13:20:26.417 DEBUG 21816 --- [onnection adder] com.zaxxer.hikari.pool.HikariPool        : HikariPool-1 - Added connection org.postgresql.jdbc.PgConnection@134b26bb
2021-03-05 13:20:26.417 DEBUG 21816 --- [onnection adder] org.postgresql.Driver                    : Connecting with URL: jdbc:postgresql://localhost:5432/Schedulle
2021-03-05 13:20:26.417 DEBUG 21816 --- [onnection adder] org.postgresql.jdbc.PgConnection         : PostgreSQL JDBC Driver 42.2.18
2021-03-05 13:20:26.417 DEBUG 21816 --- [onnection adder] org.postgresql.jdbc.PgConnection         :   setDefaultFetchSize = 0
2021-03-05 13:20:26.417 DEBUG 21816 --- [onnection adder] org.postgresql.jdbc.PgConnection         :   setPrepareThreshold = 5
2021-03-05 13:20:26.417 DEBUG 21816 --- [onnection adder] o.p.core.v3.ConnectionFactoryImpl        : Trying to establish a protocol version 3 connection to localhost:5432
2021-03-05 13:20:26.418 DEBUG 21816 --- [onnection adder] o.p.core.v3.ConnectionFactoryImpl        : Receive Buffer Size is 65,536
2021-03-05 13:20:26.418 DEBUG 21816 --- [onnection adder] o.p.core.v3.ConnectionFactoryImpl        : Send Buffer Size is 65,536
2021-03-05 13:20:26.420 DEBUG 21816 --- [    Test worker] o.hibernate.internal.SessionFactoryImpl  : Session factory constructed with filter configurations : {}
2021-03-05 13:20:26.421 DEBUG 21816 --- [    Test worker] o.hibernate.internal.SessionFactoryImpl  : Instantiating session factory with properties: {hibernate.id.new_generator_mappings=true, java.specification.version=15, sun.cpu.isalist=amd64, hibernate.resource.beans.container=org.springframework.orm.hibernate5.SpringBeanContainer@4efa9602, hibernate.connection.handling_mode=DELAYED_ACQUISITION_AND_HOLD, sun.jnu.encoding=MS932, hibernate.dialect=org.hibernate.dialect.PostgreSQL95Dialect, org.gradle.test.worker=1, hibernate.implicit_naming_strategy=org.springframework.boot.orm.jpa.hibernate.SpringImplicitNamingStrategy, java.class.path=C:\\Users\\kaoru\\.gradle\\caches\\6.8.3\\workerMain\\gradle-worker.jar;C:\\workspace\\workspace_eclipse\\SpringBoot\\practice\\Schedulle\\build\\classes\\java\\test;C:\\workspace\\workspace_eclipse\\SpringBoot\\practice\\Schedulle\\build\\resources\\test;C:\\workspace\\workspace_eclipse\\SpringBoot\\practice\\Schedulle\\build\\classes\\java\\main;C:\\workspace\\workspace_eclipse\\SpringBoot\\practice\\Schedulle\\build\\resources\\main;C:\\Users\\kaoru\\.gradle\\caches\\modules-2\\files-2.1\\org.springframework.boot\\spring-boot-starter-data-jpa\\2.4.3\\356d18d4bb10915f3d13c845fc38b5c068f2e075\\spring-boot-starter-data-jpa-2.4.3.jar;C:\\Users\\kaoru\\.gradle\\caches\\modules-2\\files-2.1\\org.springframework.boot\\spring-boot-starter-thymeleaf\\2.4.3\\64fdb078f965cba7e5ec1f04c9fdeee87a4b788d\\spring-boot-starter-thymeleaf-2.4.3.jar;C:\\Users\\kaoru\\.gradle\\caches\\modules-2\\files-2.1\\org.springframework.boot\\spring-boot-starter-web\\2.4.3\\4f5554ea183af87e52d8c31bb82aada0d74c40b0\\spring-boot-starter-web-2.4.3.jar;C:\\Users\\kaoru\\.gradle\\caches\\modules-2\\files-2.1\\org.springframework.boot\\spring-boot-starter-security\\2.4.3\\1279b678adb2c991797cec49f83d8f6b8ce14df9\\spring-boot-starter-security-2.4.3.jar;C:\\Users\\kaoru\\.gradle\\caches\\modules-2\\files-2.1\\org.thymeleaf.extras\\thymeleaf-extras-springsecurity5\\3.0.4.RELEASE\\88bb10bf73ce285208dd848e8eb17f897ebb02d4\\thymeleaf-extras-springsecurity5-3.0.4.RELEASE.jar;C:\\Users\\kaoru\\.gradle\\caches\\modules-2\\files-2.1\\org.postgresql\\postgresql\\42.2.18\\a0a9c1d43c7727eeaf1b729477891185d3c71751\\postgresql-42.2.18.jar;C:\\Users\\kaoru\\.gradle\\caches\\modules-2\\files-2.1\\org.springframework.boot\\spring-boot-starter-test\\2.4.3\\f155e7f93ea993031a31aa9f8b6536d2f1102c36\\spring-boot-starter-test-2.4.3.jar;C:\\Users\\kaoru\\.gradle\\caches\\modules-2\\files-2.1\\org.springframework.security\\spring-security-test\\5.4.5\\af4016e3f149b22e0f6f661b8675e3885f6dbee2\\spring-security-test-5.4.5.jar;C:\\Users\\kaoru\\.gradle\\caches\\modules-2\\files-2.1\\org.springframework.boot\\spring-boot-starter-aop\\2.4.3\\333593abae74bf7ecc883460751dcc69afb82604\\spring-boot-starter-aop-2.4.3.jar;C:\\Users\\kaoru\\.gradle\\caches\\modules-2\\files-2.1\\org.springframework.boot\\spring-boot-starter-jdbc\\2.4.3\\2c5853339333cd2b545816d57f12f9d0a0fe6932\\spring-boot-starter-jdbc-2.4.3.jar;C:\\Users\\kaoru\\.gradle\\caches\\modules-2\\files-2.1\\jakarta.transaction\\jakarta.transaction-api\\1.3.3\\c4179d48720a1e87202115fbed6089bdc4195405\\jakarta.transaction-api-1.3.3.jar;C:\\Users\\kaoru\\.gradle\\caches\\modules-2\\files-2.1\\jakarta.persistence\\jakarta.persistence-api\\2.2.3\\8f6ea5daedc614f07a3654a455660145286f024e\\jakarta.persistence-api-2.2.3.jar;C:\\Users\\kaoru\\.gradle\\caches\\modules-2\\files-2.1\\org.hibernate\\hibernate-core\\5.4.28.Final\\c096dbb27f83655ec252165340b532733c58e8fb\\hibernate-core-5.4.28.Final.jar;C:\\Users\\kaoru\\.gradle\\caches\\modules-2\\files-2.1\\org.springframework.data\\spring-data-jpa\\2.4.5\\73596ed30853bf9338fd8358ec804f0097b6d73b\\spring-data-jpa-2.4.5.jar;C:\\Users\\kaoru\\.gradle\\caches\\modules-2\\files-2.1\\org.springframework\\spring-aspects\\5.3.4\\ddbef9615d0c71c44e48dc466781963f24fa27cf\\spring-aspects-5.3.4.jar;C:\\Users\\kaoru\\.gradle\\caches\\modules-2\\files-2.1\\org.springframework.boot\\spring-boot-starter-json\\2.4.3\\7b26abb0a0379a00b58a2a50e010b29cf4f16b80\\spring-boot-starter-json-2.4.3.jar;C:\\Users\\kaoru\\.gradle\\caches\\modules-2\\files-2.1\\org.springframework.boot\\spring-boot-starter\\2.4.3\\fd8bc0fb5f5aaefb4d6c8b77eb61563aab840c11\\spring-boot-starter-2.4.3.jar;C:\\Users\\kaoru\\.gradle\\caches\\modules-2\\files-2.1\\org.thymeleaf\\thymeleaf-spring5\\3.0.12.RELEASE\\aa640b214411978a23cbe271c3fb9569d1bda608\\thymeleaf-spring5-3.0.12.RELEASE.jar;C:\\Users\\kaoru\\.gradle\\caches\\modules-2\\files-2.1\\org.thymeleaf.extras\\thymeleaf-extras-java8time\\3.0.4.RELEASE\\36e7175ddce36c486fff4578b5af7bb32f54f5df\\thymeleaf-extras-java8time-3.0.4.RELEASE.jar;C:\\Users\\kaoru\\.gradle\\caches\\modules-2\\files-2.1\\org.springframework.boot\\spring-boot-starter-tomcat\\2.4.3\\4ba28aae05a259625e7e92f8e7338c5e1d22de35\\spring-boot-starter-tomcat-2.4.3.jar;C:\\Users\\kaoru\\.gradle\\caches\\modules-2\\files-2.1\\org.springframework\\spring-webmvc\\5.3.4\\8dd52fbe8eafcc7c80998087ec6635baf7a98c20\\spring-webmvc-5.3.4.jar;C:\\Users\\kaoru\\.gradle\\caches\\modules-2\\files-2.1\\org.springframework.security\\spring-security-web\\5.4.5\\450d209579c49b4e5373394b23444fa034a8bd3\\spring-security-web-5.4.5.jar;C:\\Users\\kaoru\\.gradle\\caches\\modules-2\\files-2.1\\org.springframework\\spring-web\\5.3.4\\d93829e24a50ed22e781f2302680a210cac5ee84\\spring-web-5.3.4.jar;C:\\Users\\kaoru\\.gradle\\caches\\modules-2\\files-2.1\\org.springframework.security\\spring-security-config\\5.4.5\\3835ea09e7bb914249fe03041d3a70d0a23de6cb\\spring-security-config-5.4.5.jar;C:\\Users\\kaoru\\.gradle\\caches\\modules-2\\files-2.1\\org.springframework.security\\spring-security-core\\5.4.5\\90f805783a261f5cdfaf924e4a5ab418ae026671\\spring-security-core-5.4.5.jar;C:\\Users\\kaoru\\.gradle\\caches\\modules-2\\files-2.1\\org.springframework.boot\\spring-boot-test-autoconfigure\\2.4.3\\ebd3ca5e9a9dc3968fa6a7833a3dfc4724ac994e\\spring-boot-test-autoconfigure-2.4.3.jar;C:\\Users\\kaoru\\.gradle\\caches\\modules-2\\files-2.1\\org.springframework.boot\\spring-boot-test\\2.4.3\\82b09a33a121fefadd34f53b3de5bbd1ecc9e71f\\spring-boot-test-2.4.3.jar;C:\\Users\\kaoru\\.gradle\\caches\\modules-2\\files-2.1\\org.springframework.boot\\spring-boot-autoconfigure\\2.4.3\\2f8e1e682e55f70c8ea557982c7adb1256f41bcf\\spring-boot-autoconfigure-2.4.3.jar;C:\\Users\\kaoru\\.gradle\\caches\\modules-2\\files-2.1\\org.springframework.boot\\spring-boot\\2.4.3\\de2bd17a8eb9bc3dfa629aa06f2e9fe3bf603c85\\spring-boot-2.4.3.jar;C:\\Users\\kaoru\\.gradle\\caches\\modules-2\\files-2.1\\org.springframework\\spring-context\\5.3.4\\fbeadeb0e4d272599a938ec345e99e5f9a76e919\\spring-context-5.3.4.jar;C:\\Users\\kaoru\\.gradle\\caches\\modules-2\\files-2.1\\org.springframework\\spring-aop\\5.3.4\\b7180a6427ab524bc1cbd31bf38dd2182632515f\\spring-aop-5.3.4.jar;C:\\Users\\kaoru\\.gradle\\caches\\modules-2\\files-2.1\\com.jayway.jsonpath\\json-path\\2.4.0\\765a4401ceb2dc8d40553c2075eb80a8fa35c2ae\\json-path-2.4.0.jar;C:\\Users\\kaoru\\.gradle\\caches\\modules-2\\files-2.1\\com.zaxxer\\HikariCP\\3.4.5\\aa1a2c00aae8e4ba8308e19940711bb9525b103d\\HikariCP-3.4.5.jar;C:\\Users\\kaoru\\.gradle\\caches\\modules-2\\files-2.1\\org.springframework.data\\spring-data-commons\\2.4.5\\571945cb8debeb12815cb3bf6554bd5e388935e5\\spring-data-commons-2.4.5.jar;C:\\Users\\kaoru\\.gradle\\caches\\modules-2\\files-2.1\\org.thymeleaf\\thymeleaf\\3.0.12.RELEASE\\de1865b0d58590a50c33900115a293335dd8ef25\\thymeleaf-3.0.12.RELEASE.jar;C:\\Users\\kaoru\\.gradle\\caches\\modules-2\\files-2.1\\org.springframework.boot\\spring-boot-starter-logging\\2.4.3\\64687abc2255d18cd6592cbb20fa3bee3379cec8\\spring-boot-starter-logging-2.4.3.jar;C:\\Users\\kaoru\\.gradle\\caches\\modules-2\\files-2.1\\ch.qos.logback\\logback-classic\\1.2.3\\7c4f3c474fb2c041d8028740440937705ebb473a\\logback-classic-1.2.3.jar;C:\\Users\\kaoru\\.gradle\\caches\\modules-2\\files-2.1\\org.apache.logging.log4j\\log4j-to-slf4j\\2.13.3\\966f6fd1af4959d6b12bfa880121d4a2b164f857\\log4j-to-slf4j-2.13.3.jar;C:\\Users\\kaoru\\.gradle\\caches\\modules-2\\files-2.1\\org.slf4j\\jul-to-slf4j\\1.7.30\\d58bebff8cbf70ff52b59208586095f467656c30\\jul-to-slf4j-1.7.30.jar;C:\\Users\\kaoru\\.gradle\\caches\\modules-2\\files-2.1\\org.slf4j\\slf4j-api\\1.7.30\\b5a4b6d16ab13e34a88fae84c35cd5d68cac922c\\slf4j-api-1.7.30.jar;C:\\Users\\kaoru\\.gradle\\caches\\modules-2\\files-2.1\\org.checkerframework\\checker-qual\\3.5.0\\2f50520c8abea66fbd8d26e481d3aef5c673b510\\checker-qual-3.5.0.jar;C:\\Users\\kaoru\\.gradle\\caches\\modules-2\\files-2.1\\org.glassfish.jaxb\\jaxb-runtime\\2.3.3\\c46b68a6e3a2d84ba4eb14c6a8a1a9a7be4048bc\\jaxb-runtime-2.3.3.jar;C:\\Users\\kaoru\\.gradle\\caches\\modules-2\\files-2.1\\jakarta.xml.bind\\jakarta.xml.bind-api\\2.3.3\\48e3b9cfc10752fba3521d6511f4165bea951801\\jakarta.xml.bind-api-2.3.3.jar;C:\\Users\\kaoru\\.gradle\\caches\\modules-2\\files-2.1\\org.assertj\\assertj-core\\3.18.1\\aaa02680dd92a568a4278bb40aa4a6305f632ec0\\assertj-core-3.18.1.jar;C:\\Users\\kaoru\\.gradle\\caches\\modules-2\\files-2.1\\org.hamcrest\\hamcrest\\2.2\\1820c0968dba3a11a1b30669bb1f01978a91dedc\\hamcrest-2.2.jar;C:\\Users\\kaoru\\.gradle\\caches\\modules-2\\files-2.1\\org.mockito\\mockito-junit-jupiter\\3.6.28\\23149890c3b6047604a682aa3d47151d440e1bfa\\mockito-junit-jupiter-3.6.28.jar;C:\\Users\\kaoru\\.gradle\\caches\\modules-2\\files-2.1\\org.junit.jupiter\\junit-jupiter-params\\5.7.1\\6f81b3c053433a8a40a378d2b4f056c5c31e50ff\\junit-jupiter-params-5.7.1.jar;C:\\Users\\kaoru\\.gradle\\caches\\modules-2\\files-2.1\\org.junit.jupiter\\junit-jupiter-engine\\5.7.1\\7fcfa59c5533abb41f86b1408960737eeaf1f49f\\junit-jupiter-engine-5.7.1.jar;C:\\Users\\kaoru\\.gradle\\caches\\modules-2\\files-2.1\\org.junit.jupiter\\junit-jupiter-api\\5.7.1\\a7261dff44e64aea7f621842eac5977fd6d2412d\\junit-jupiter-api-5.7.1.jar;C:\\Users\\kaoru\\.gradle\\caches\\modules-2\\files-2.1\\org.junit.platform\\junit-platform-engine\\1.7.1\\d276a968c57f5d60a421dedd1f8b6ca2fae09e86\\junit-platform-engine-1.7.1.jar;C:\\Users\\kaoru\\.gradle\\caches\\modules-2\\files-2.1\\org.junit.platform\\junit-platform-commons\\1.7.1\\7c49f0074842d07f4335de2389d624a7437d1407\\junit-platform-commons-1.7.1.jar;C:\\Users\\kaoru\\.gradle\\caches\\modules-2\\files-2.1\\org.junit.jupiter\\junit-jupiter\\5.7.1\\a4a80ea9b0cca47781edcf9f2d4f1f4f7ce9436e\\junit-jupiter-5.7.1.jar;C:\\Users\\kaoru\\.gradle\\caches\\modules-2\\files-2.1\\org.mockito\\mockito-core\\3.6.28\\ad16f503916da658bd7b805816ae3b296f3eea4c\\mockito-core-3.6.28.jar;C:\\Users\\kaoru\\.gradle\\caches\\modules-2\\files-2.1\\org.skyscreamer\\jsonassert\\1.5.0\\6c9d5fe2f59da598d9aefc1cfc6528ff3cf32df3\\jsonassert-1.5.0.jar;C:\\Users\\kaoru\\.gradle\\caches\\modules-2\\files-2.1\\org.springframework\\spring-test\\5.3.4\\aac34687e257733434a1cc6f7a3b3c7de7f055c5\\spring-test-5.3.4.jar;C:\\Users\\kaoru\\.gradle\\caches\\modules-2\\files-2.1\\org.springframework\\spring-orm\\5.3.4\\fa4d4d624be8303ab75affb5cc5bbaaccb57629d\\spring-orm-5.3.4.jar;C:\\Users\\kaoru\\.gradle\\caches\\modules-2\\files-2.1\\org.springframework\\spring-jdbc\\5.3.4\\df5dccc508ae9f75f17fcfe6b96ec41e982b9950\\spring-jdbc-5.3.4.jar;C:\\Users\\kaoru\\.gradle\\caches\\modules-2\\files-2.1\\org.springframework\\spring-tx\\5.3.4\\1c4ab5fa203c54f9d7f8c7bbb3cc201962ccf4ab\\spring-tx-5.3.4.jar;C:\\Users\\kaoru\\.gradle\\caches\\modules-2\\files-2.1\\org.springframework\\spring-beans\\5.3.4\\ac6c5ea0ba82f555405f74104cf378f8071c6d25\\spring-beans-5.3.4.jar;C:\\Users\\kaoru\\.gradle\\caches\\modules-2\\files-2.1\\org.springframework\\spring-expression\\5.3.4\\42b71fa955e43a86471509aef14cefe756fc3794\\spring-expression-5.3.4.jar;C:\\Users\\kaoru\\.gradle\\caches\\modules-2\\files-2.1\\org.springframework\\spring-core\\5.3.4\\46c1f8abd9e02a292c42a257350f365cec152b5d\\spring-core-5.3.4.jar;C:\\Users\\kaoru\\.gradle\\caches\\modules-2\\files-2.1\\org.xmlunit\\xmlunit-core\\2.7.0\\4d014eac96329c70175116b185749765cee0aad5\\xmlunit-core-2.7.0.jar;C:\\Users\\kaoru\\.gradle\\caches\\modules-2\\files-2.1\\org.aspectj\\aspectjweaver\\1.9.6\\ee3b73aa16df35179255f17354d9dfd8e7822835\\aspectjweaver-1.9.6.jar;C:\\Users\\kaoru\\.gradle\\caches\\modules-2\\files-2.1\\org.hibernate.common\\hibernate-commons-annotations\\5.1.2.Final\\e59ffdbc6ad09eeb33507b39ffcf287679a498c8\\hibernate-commons-annotations-5.1.2.Final.jar;C:\\Users\\kaoru\\.gradle\\caches\\modules-2\\files-2.1\\org.jboss.logging\\jboss-logging\\3.4.1.Final\\40fd4d696c55793e996d1ff3c475833f836c2498\\jboss-logging-3.4.1.Final.jar;C:\\Users\\kaoru\\.gradle\\caches\\modules-2\\files-2.1\\org.javassist\\javassist\\3.27.0-GA\\f63e6aa899e15eca8fdaa402a79af4c417252213\\javassist-3.27.0-GA.jar;C:\\Users\\kaoru\\.gradle\\caches\\modules-2\\files-2.1\\net.bytebuddy\\byte-buddy\\1.10.20\\c5d2d12c75c5d52f8df33f4211e6dbd05a42b117\\byte-buddy-1.10.20.jar;C:\\Users\\kaoru\\.gradle\\caches\\modules-2\\files-2.1\\antlr\\antlr\\2.7.7\\83cd2cd674a217ade95a4bb83a8a14f351f48bd0\\antlr-2.7.7.jar;C:\\Users\\kaoru\\.gradle\\caches\\modules-2\\files-2.1\\org.jboss\\jandex\\2.2.3.Final\\d3865101f0666b63586683bd811d754517f331ab\\jandex-2.2.3.Final.jar;C:\\Users\\kaoru\\.gradle\\caches\\modules-2\\files-2.1\\com.fasterxml\\classmate\\1.5.1\\3fe0bed568c62df5e89f4f174c101eab25345b6c\\classmate-1.5.1.jar;C:\\Users\\kaoru\\.gradle\\caches\\modules-2\\files-2.1\\org.dom4j\\dom4j\\2.1.3\\a75914155a9f5808963170ec20653668a2ffd2fd\\dom4j-2.1.3.jar;C:\\Users\\kaoru\\.gradle\\caches\\modules-2\\files-2.1\\jakarta.annotation\\jakarta.annotation-api\\1.3.5\\59eb84ee0d616332ff44aba065f3888cf002cd2d\\jakarta.annotation-api-1.3.5.jar;C:\\Users\\kaoru\\.gradle\\caches\\modules-2\\files-2.1\\org.yaml\\snakeyaml\\1.27\\359d62567480b07a679dc643f82fc926b100eed5\\snakeyaml-1.27.jar;C:\\Users\\kaoru\\.gradle\\caches\\modules-2\\files-2.1\\com.fasterxml.jackson.datatype\\jackson-datatype-jdk8\\2.11.4\\e1540dea3c6c681ea4e335a960f730861ee3bedb\\jackson-datatype-jdk8-2.11.4.jar;C:\\Users\\kaoru\\.gradle\\caches\\modules-2\\files-2.1\\com.fasterxml.jackson.datatype\\jackson-datatype-jsr310\\2.11.4\\ce6fc76bba06623720e5a9308386b6ae74753f4d\\jackson-datatype-jsr310-2.11.4.jar;C:\\Users\\kaoru\\.gradle\\caches\\modules-2\\files-2.1\\com.fasterxml.jackson.module\\jackson-module-parameter-names\\2.11.4\\432e050d79f2282a66c320375d628f1b0842cb12\\jackson-module-parameter-names-2.11.4.jar;C:\\Users\\kaoru\\.gradle\\caches\\modules-2\\files-2.1\\com.fasterxml.jackson.core\\jackson-databind\\2.11.4\\5d9f3d441f99d721b957e3497f0a6465c764fad4\\jackson-databind-2.11.4.jar;C:\\Users\\kaoru\\.gradle\\caches\\modules-2\\files-2.1\\org.apache.tomcat.embed\\tomcat-embed-websocket\\9.0.43\\78232648dde1a5fd5093f0a3999e593d208e2eab\\tomcat-embed-websocket-9.0.43.jar;C:\\Users\\kaoru\\.gradle\\caches\\modules-2\\files-2.1\\org.apache.tomcat.embed\\tomcat-embed-core\\9.0.43\\1d102277426bdd5b12f048731a91665bb69347d1\\tomcat-embed-core-9.0.43.jar;C:\\Users\\kaoru\\.gradle\\caches\\modules-2\\files-2.1\\org.glassfish\\jakarta.el\\3.0.3\\dab46ee1ee23f7197c13d7c40fce14817c9017df\\jakarta.el-3.0.3.jar;C:\\Users\\kaoru\\.gradle\\caches\\modules-2\\files-2.1\\net.minidev\\json-smart\\2.3\\7396407491352ce4fa30de92efb158adb76b5b\\json-smart-2.3.jar;C:\\Users\\kaoru\\.gradle\\caches\\modules-2\\files-2.1\\jakarta.activation\\jakarta.activation-api\\1.2.2\\99f53adba383cb1bf7c3862844488574b559621f\\jakarta.activation-api-1.2.2.jar;C:\\Users\\kaoru\\.gradle\\caches\\modules-2\\files-2.1\\net.bytebuddy\\byte-buddy-agent\\1.10.20\\8391bfea9da53fd92edd4a453571ef70b3aae09f\\byte-buddy-agent-1.10.20.jar;C:\\Users\\kaoru\\.gradle\\caches\\modules-2\\files-2.1\\org.objenesis\\objenesis\\3.1\\48f12deaae83a8dfc3775d830c9fd60ea59bbbca\\objenesis-3.1.jar;C:\\Users\\kaoru\\.gradle\\caches\\modules-2\\files-2.1\\com.vaadin.external.google\\android-json\\0.0.20131108.vaadin1\\fa26d351fe62a6a17f5cda1287c1c6110dec413f\\android-json-0.0.20131108.vaadin1.jar;C:\\Users\\kaoru\\.gradle\\caches\\modules-2\\files-2.1\\org.springframework\\spring-jcl\\5.3.4\\ca012eb4e9e57f767aa9d5e51fe9a09b28140808\\spring-jcl-5.3.4.jar;C:\\Users\\kaoru\\.gradle\\caches\\modules-2\\files-2.1\\org.glassfish.jaxb\\txw2\\2.3.3\\12f70b0ea4fc1ad45315e842f63f7c9a46f46530\\txw2-2.3.3.jar;C:\\Users\\kaoru\\.gradle\\caches\\modules-2\\files-2.1\\com.sun.istack\\istack-commons-runtime\\3.0.11\\4293b5f4e4e89d598f62bb2ba73b32132e7c3a27\\istack-commons-runtime-3.0.11.jar;C:\\Users\\kaoru\\.gradle\\caches\\modules-2\\files-2.1\\com.sun.activation\\jakarta.activation\\1.2.2\\74548703f9851017ce2f556066659438019e7eb5\\jakarta.activation-1.2.2.jar;C:\\Users\\kaoru\\.gradle\\caches\\modules-2\\files-2.1\\org.attoparser\\attoparser\\2.0.5.RELEASE\\a93ad36df9560de3a5312c1d14f69d938099fa64\\attoparser-2.0.5.RELEASE.jar;C:\\Users\\kaoru\\.gradle\\caches\\modules-2\\files-2.1\\org.unbescape\\unbescape\\1.1.6.RELEASE\\7b90360afb2b860e09e8347112800d12c12b2a13\\unbescape-1.1.6.RELEASE.jar;C:\\Users\\kaoru\\.gradle\\caches\\modules-2\\files-2.1\\com.fasterxml.jackson.core\\jackson-annotations\\2.11.4\\2c3f5c079330f3a01726686a078979420f547ae4\\jackson-annotations-2.11.4.jar;C:\\Users\\kaoru\\.gradle\\caches\\modules-2\\files-2.1\\com.fasterxml.jackson.core\\jackson-core\\2.11.4\\593f7b18bab07a76767f181e2a2336135ce82cc4\\jackson-core-2.11.4.jar;C:\\Users\\kaoru\\.gradle\\caches\\modules-2\\files-2.1\\net.minidev\\accessors-smart\\1.2\\c592b500269bfde36096641b01238a8350f8aa31\\accessors-smart-1.2.jar;C:\\Users\\kaoru\\.gradle\\caches\\modules-2\\files-2.1\\org.apiguardian\\apiguardian-api\\1.1.0\\fc9dff4bb36d627bdc553de77e1f17efd790876c\\apiguardian-api-1.1.0.jar;C:\\Users\\kaoru\\.gradle\\caches\\modules-2\\files-2.1\\org.opentest4j\\opentest4j\\1.2.0\\28c11eb91f9b6d8e200631d46e20a7f407f2a046\\opentest4j-1.2.0.jar;C:\\Users\\kaoru\\.gradle\\caches\\modules-2\\files-2.1\\ch.qos.logback\\logback-core\\1.2.3\\864344400c3d4d92dfeb0a305dc87d953677c03c\\logback-core-1.2.3.jar;C:\\Users\\kaoru\\.gradle\\caches\\modules-2\\files-2.1\\org.apache.logging.log4j\\log4j-api\\2.13.3\\ec1508160b93d274b1add34419b897bae84c6ca9\\log4j-api-2.13.3.jar;C:\\Users\\kaoru\\.gradle\\caches\\modules-2\\files-2.1\\org.ow2.asm\\asm\\5.0.4\\da08b8cce7bbf903602a25a3a163ae252435795\\asm-5.0.4.jar, java.vm.vendor=Oracle Corporation, sun.arch.data.model=64, user.variant=, java.vendor.url=https://java.oracle.com/, user.timezone=Asia/Tokyo, java.vm.specification.version=15, os.name=Windows 10, javax.persistence.validation.mode=AUTO, user.country=JP, sun.java.launcher=SUN_STANDARD, sun.boot.library.path=C:\Program Files\Java\jdk-15.0.2\bin, sun.java.command=worker.org.gradle.process.internal.worker.GradleWorkerMain 'Gradle Test Executor 1', javax.persistence.nonJtaDataSource=HikariDataSource (HikariPool-1), hibernate.transaction.jta.platform=org.hibernate.engine.transaction.jta.platform.internal.NoJtaPlatform@6bc872b0, javax.persistence.sharedCache.mode=UNSPECIFIED, jdk.debug=release, sun.cpu.endian=little, user.home=C:\Users\kaoru, user.language=ja, java.specification.vendor=Oracle Corporation, org.gradle.native=false, java.version.date=2021-01-19, java.home=C:\Program Files\Java\jdk-15.0.2, file.separator=\, java.vm.compressedOopsMode=32-bit, line.separator=
, java.vm.specification.vendor=Oracle Corporation, java.specification.name=Java Platform API Specification, FILE_LOG_CHARSET=windows-31j, hibernate.transaction.coordinator_class=class org.hibernate.resource.transaction.backend.jdbc.internal.JdbcResourceLocalTransactionCoordinatorBuilderImpl, java.awt.headless=true, hibernate.hbm2ddl.auto=create, user.script=, sun.management.compiler=HotSpot 64-Bit Tiered Compilers, java.runtime.version=15.0.2+7-27, user.name=kaoru, path.separator=;, os.version=10.0, java.runtime.name=Java(TM) SE Runtime Environment, file.encoding=windows-31j, hibernate.ejb.persistenceUnitName=default, spring.beaninfo.ignore=true, java.vm.name=Java HotSpot(TM) 64-Bit Server VM, java.vendor.url.bug=https://bugreport.java.com/bugreport/, java.io.tmpdir=C:\Users\kaoru\AppData\Local\Temp\, java.version=15.0.2, hibernate.physical_naming_strategy=org.springframework.boot.orm.jpa.hibernate.SpringPhysicalNamingStrategy, user.dir=C:\workspace\workspace_eclipse\SpringBoot\practice\Schedulle, os.arch=amd64, java.vm.specification.name=Java Virtual Machine Specification, PID=21816, sun.os.patch.level=, CONSOLE_LOG_CHARSET=windows-31j, hibernate.boot.CfgXmlAccessService.key=org.hibernate.boot.registry.StandardServiceRegistryBuilder$1@713a176a, java.library.path=C:\Program Files\Java\jdk-15.0.2\bin;C:\Windows\Sun\Java\bin;C:\Windows\system32;C:\Windows;C:\Users\kaoru\bin;C:\Program Files\Git\mingw64\bin;C:\Program Files\Git\usr\local\bin;C:\Program Files\Git\usr\bin;C:\Program Files\Git\usr\bin;C:\Program Files\Git\mingw64\bin;C:\Program Files\Git\usr\bin;C:\Users\kaoru\bin;C:\Program Files\Common Files\Oracle\Java\javapath;C:\Windows\system32;C:\Windows;C:\Windows\System32\Wbem;C:\Windows\System32\WindowsPowerShell\v1.0;C:\Windows\System32\OpenSSH;C:\Program Files\Git\cmd;C:\Program Files\nodejs;C:\Users\kaoru\AppData\Local\Microsoft\WindowsApps;C:\Users\kaoru\AppData\Local\Programs\Microsoft VS Code\bin;C:\Program Files\heroku\bin;C:\gradle-6.8.3-all\gradle-6.8.3\bin;C:\Users\kaoru\AppData\Roaming\npm;C:\Program Files\Git\usr\bin\vendor_perl;C:\Program Files\Git\usr\bin\core_perl;., java.vendor=Oracle Corporation, java.vm.info=mixed mode, sharing, java.vm.version=15.0.2+7-27, hibernate.bytecode.use_reflection_optimizer=false, sun.io.unicode.encoding=UnicodeLittle, hibernate.archive.scanner=org.hibernate.boot.archive.scan.internal.DisabledScanner, hibernate.connection.datasource=HikariDataSource (HikariPool-1), java.class.version=59.0}
2021-03-05 13:20:26.429 DEBUG 21816 --- [    Test worker] org.hibernate.secure.spi.JaccIntegrator  : Skipping JACC integration as it was not enabled
2021-03-05 13:20:26.430 DEBUG 21816 --- [    Test worker] o.hibernate.internal.SessionFactoryImpl  : Instantiated session factory
2021-03-05 13:20:26.430 DEBUG 21816 --- [    Test worker] o.h.type.spi.TypeConfiguration$Scope     : Scoping TypeConfiguration [org.hibernate.type.spi.TypeConfiguration@468c2e82] to SessionFactoryImpl [org.hibernate.internal.SessionFactoryImpl@13d91fcc]
2021-03-05 13:20:26.446 DEBUG 21816 --- [onnection adder] com.zaxxer.hikari.pool.HikariPool        : HikariPool-1 - Added connection org.postgresql.jdbc.PgConnection@9d5f2ab
2021-03-05 13:20:26.446 DEBUG 21816 --- [onnection adder] org.postgresql.Driver                    : Connecting with URL: jdbc:postgresql://localhost:5432/Schedulle
2021-03-05 13:20:26.446 DEBUG 21816 --- [onnection adder] org.postgresql.jdbc.PgConnection         : PostgreSQL JDBC Driver 42.2.18
2021-03-05 13:20:26.447 DEBUG 21816 --- [onnection adder] org.postgresql.jdbc.PgConnection         :   setDefaultFetchSize = 0
2021-03-05 13:20:26.447 DEBUG 21816 --- [onnection adder] org.postgresql.jdbc.PgConnection         :   setPrepareThreshold = 5
2021-03-05 13:20:26.447 DEBUG 21816 --- [onnection adder] o.p.core.v3.ConnectionFactoryImpl        : Trying to establish a protocol version 3 connection to localhost:5432
2021-03-05 13:20:26.447 DEBUG 21816 --- [onnection adder] o.p.core.v3.ConnectionFactoryImpl        : Receive Buffer Size is 65,536
2021-03-05 13:20:26.448 DEBUG 21816 --- [onnection adder] o.p.core.v3.ConnectionFactoryImpl        : Send Buffer Size is 65,536
2021-03-05 13:20:26.464 DEBUG 21816 --- [    Test worker] o.h.boot.internal.ClassLoaderAccessImpl  : Not known whether passed class name [com.example.Schedulle.common.schedulle.SchedulleEntity] is safe
2021-03-05 13:20:26.464 DEBUG 21816 --- [    Test worker] o.h.boot.internal.ClassLoaderAccessImpl  : No temp ClassLoader provided; using live ClassLoader for loading potentially unsafe class : com.example.Schedulle.common.schedulle.SchedulleEntity
2021-03-05 13:20:26.476 DEBUG 21816 --- [onnection adder] com.zaxxer.hikari.pool.HikariPool        : HikariPool-1 - Added connection org.postgresql.jdbc.PgConnection@595f00ca
2021-03-05 13:20:26.476 DEBUG 21816 --- [onnection adder] org.postgresql.Driver                    : Connecting with URL: jdbc:postgresql://localhost:5432/Schedulle
2021-03-05 13:20:26.476 DEBUG 21816 --- [onnection adder] org.postgresql.jdbc.PgConnection         : PostgreSQL JDBC Driver 42.2.18
2021-03-05 13:20:26.476 DEBUG 21816 --- [onnection adder] org.postgresql.jdbc.PgConnection         :   setDefaultFetchSize = 0
2021-03-05 13:20:26.476 DEBUG 21816 --- [onnection adder] org.postgresql.jdbc.PgConnection         :   setPrepareThreshold = 5
2021-03-05 13:20:26.476 DEBUG 21816 --- [onnection adder] o.p.core.v3.ConnectionFactoryImpl        : Trying to establish a protocol version 3 connection to localhost:5432
2021-03-05 13:20:26.477 DEBUG 21816 --- [onnection adder] o.p.core.v3.ConnectionFactoryImpl        : Receive Buffer Size is 65,536
2021-03-05 13:20:26.477 DEBUG 21816 --- [onnection adder] o.p.core.v3.ConnectionFactoryImpl        : Send Buffer Size is 65,536
2021-03-05 13:20:26.503 DEBUG 21816 --- [onnection adder] com.zaxxer.hikari.pool.HikariPool        : HikariPool-1 - Added connection org.postgresql.jdbc.PgConnection@2518e574
2021-03-05 13:20:26.504 DEBUG 21816 --- [onnection adder] com.zaxxer.hikari.pool.HikariPool        : HikariPool-1 - After adding stats (total=10, active=0, idle=10, waiting=0)
2021-03-05 13:20:26.583 DEBUG 21816 --- [    Test worker] o.h.boot.internal.ClassLoaderAccessImpl  : Not known whether passed class name [com.example.Schedulle.auth.UserEntity] is safe
2021-03-05 13:20:26.583 DEBUG 21816 --- [    Test worker] o.h.boot.internal.ClassLoaderAccessImpl  : No temp ClassLoader provided; using live ClassLoader for loading potentially unsafe class : com.example.Schedulle.auth.UserEntity
2021-03-05 13:20:26.601 DEBUG 21816 --- [    Test worker] o.h.p.entity.AbstractEntityPersister     : Static SQL for entity: com.example.Schedulle.common.schedulle.SchedulleEntity
2021-03-05 13:20:26.601 DEBUG 21816 --- [    Test worker] o.h.p.entity.AbstractEntityPersister     :  Version select: select id from public.schedulle where id =?
2021-03-05 13:20:26.601 DEBUG 21816 --- [    Test worker] o.h.p.entity.AbstractEntityPersister     :  Snapshot select: select schedullee_.id, schedullee_.date as date2_0_, schedullee_.e_date as e_date3_0_, schedullee_.month_value as month_va4_0_, schedullee_.s_date as s_date5_0_, schedullee_.user_id as user_id6_0_ from public.schedulle schedullee_ where schedullee_.id=?
2021-03-05 13:20:26.601 DEBUG 21816 --- [    Test worker] o.h.p.entity.AbstractEntityPersister     :  Insert 0: insert into public.schedulle (date, e_date, month_value, s_date, user_id, id) values (?, ?, ?, ?, ?, ?)
2021-03-05 13:20:26.601 DEBUG 21816 --- [    Test worker] o.h.p.entity.AbstractEntityPersister     :  Update 0: update public.schedulle set date=?, e_date=?, month_value=?, s_date=?, user_id=? where id=?
2021-03-05 13:20:26.601 DEBUG 21816 --- [    Test worker] o.h.p.entity.AbstractEntityPersister     :  Delete 0: delete from public.schedulle where id=?
2021-03-05 13:20:26.601 DEBUG 21816 --- [    Test worker] o.h.p.entity.AbstractEntityPersister     :  Identity insert: insert into public.schedulle (date, e_date, month_value, s_date, user_id) values (?, ?, ?, ?, ?)
2021-03-05 13:20:26.619 DEBUG 21816 --- [    Test worker] o.h.l.p.b.i.spaces.QuerySpacesImpl       : Adding QuerySpace : uid = <gen:0> -> org.hibernate.loader.plan.build.internal.spaces.EntityQuerySpaceImpl@75fe2bcc]
2021-03-05 13:20:26.619 DEBUG 21816 --- [    Test worker] o.h.p.walking.spi.MetamodelGraphWalker   : Visiting attribute path : date
2021-03-05 13:20:26.619 DEBUG 21816 --- [    Test worker] o.h.p.walking.spi.MetamodelGraphWalker   : Visiting attribute path : eDate
2021-03-05 13:20:26.619 DEBUG 21816 --- [    Test worker] o.h.p.walking.spi.MetamodelGraphWalker   : Visiting attribute path : monthValue
2021-03-05 13:20:26.620 DEBUG 21816 --- [    Test worker] o.h.p.walking.spi.MetamodelGraphWalker   : Visiting attribute path : sDate
2021-03-05 13:20:26.620 DEBUG 21816 --- [    Test worker] o.h.p.walking.spi.MetamodelGraphWalker   : Visiting attribute path : userId
2021-03-05 13:20:26.620 DEBUG 21816 --- [    Test worker] lanBuildingAssociationVisitationStrategy : Building LoadPlan...
2021-03-05 13:20:26.625 DEBUG 21816 --- [    Test worker] h.l.p.e.i.LoadQueryJoinAndFetchProcessor : processing queryspace <gen:0>
2021-03-05 13:20:26.627 DEBUG 21816 --- [    Test worker] o.h.l.p.build.spi.LoadPlanTreePrinter    : LoadPlan(entity=com.example.Schedulle.common.schedulle.SchedulleEntity)
    - Returns
       - EntityReturnImpl(entity=com.example.Schedulle.common.schedulle.SchedulleEntity, querySpaceUid=<gen:0>, path=com.example.Schedulle.common.schedulle.SchedulleEntity)
    - QuerySpaces
       - EntityQuerySpaceImpl(uid=<gen:0>, entity=com.example.Schedulle.common.schedulle.SchedulleEntity)
          - SQL table alias mapping - schedullee0_
          - alias suffix - 0_
          - suffixed key columns - {id1_0_0_}

2021-03-05 13:20:26.628 DEBUG 21816 --- [    Test worker] o.h.loader.entity.plan.EntityLoader      : Static select for entity com.example.Schedulle.common.schedulle.SchedulleEntity [NONE]: select schedullee0_.id as id1_0_0_, schedullee0_.date as date2_0_0_, schedullee0_.e_date as e_date3_0_0_, schedullee0_.month_value as month_va4_0_0_, schedullee0_.s_date as s_date5_0_0_, schedullee0_.user_id as user_id6_0_0_ from public.schedulle schedullee0_ where schedullee0_.id=?
2021-03-05 13:20:26.628 DEBUG 21816 --- [    Test worker] o.h.p.entity.AbstractEntityPersister     : Static SQL for entity: com.example.Schedulle.auth.UserEntity
2021-03-05 13:20:26.628 DEBUG 21816 --- [    Test worker] o.h.p.entity.AbstractEntityPersister     :  Version select: select id from public.user where id =?
2021-03-05 13:20:26.628 DEBUG 21816 --- [    Test worker] o.h.p.entity.AbstractEntityPersister     :  Snapshot select: select userentity_.id, userentity_.created_at as created_2_1_, userentity_.file_name as file_nam3_1_, userentity_.mail as mail4_1_, userentity_.name as name5_1_, userentity_.password as password6_1_ from public.user userentity_ where userentity_.id=?
2021-03-05 13:20:26.629 DEBUG 21816 --- [    Test worker] o.h.p.entity.AbstractEntityPersister     :  Insert 0: insert into public.user (created_at, file_name, mail, name, password, id) values (?, ?, ?, ?, ?, ?)
2021-03-05 13:20:26.629 DEBUG 21816 --- [    Test worker] o.h.p.entity.AbstractEntityPersister     :  Update 0: update public.user set created_at=?, file_name=?, mail=?, name=?, password=? where id=?
2021-03-05 13:20:26.629 DEBUG 21816 --- [    Test worker] o.h.p.entity.AbstractEntityPersister     :  Delete 0: delete from public.user where id=?
2021-03-05 13:20:26.629 DEBUG 21816 --- [    Test worker] o.h.p.entity.AbstractEntityPersister     :  Identity insert: insert into public.user (created_at, file_name, mail, name, password) values (?, ?, ?, ?, ?)
2021-03-05 13:20:26.629 DEBUG 21816 --- [    Test worker] o.h.l.p.b.i.spaces.QuerySpacesImpl       : Adding QuerySpace : uid = <gen:0> -> org.hibernate.loader.plan.build.internal.spaces.EntityQuerySpaceImpl@3c38fe56]
2021-03-05 13:20:26.629 DEBUG 21816 --- [    Test worker] o.h.p.walking.spi.MetamodelGraphWalker   : Visiting attribute path : createdAt
2021-03-05 13:20:26.629 DEBUG 21816 --- [    Test worker] o.h.p.walking.spi.MetamodelGraphWalker   : Visiting attribute path : fileName
2021-03-05 13:20:26.629 DEBUG 21816 --- [    Test worker] o.h.p.walking.spi.MetamodelGraphWalker   : Visiting attribute path : mail
2021-03-05 13:20:26.629 DEBUG 21816 --- [    Test worker] o.h.p.walking.spi.MetamodelGraphWalker   : Visiting attribute path : name
2021-03-05 13:20:26.629 DEBUG 21816 --- [    Test worker] o.h.p.walking.spi.MetamodelGraphWalker   : Visiting attribute path : password
2021-03-05 13:20:26.629 DEBUG 21816 --- [    Test worker] lanBuildingAssociationVisitationStrategy : Building LoadPlan...
2021-03-05 13:20:26.629 DEBUG 21816 --- [    Test worker] h.l.p.e.i.LoadQueryJoinAndFetchProcessor : processing queryspace <gen:0>
2021-03-05 13:20:26.629 DEBUG 21816 --- [    Test worker] o.h.l.p.build.spi.LoadPlanTreePrinter    : LoadPlan(entity=com.example.Schedulle.auth.UserEntity)
    - Returns
       - EntityReturnImpl(entity=com.example.Schedulle.auth.UserEntity, querySpaceUid=<gen:0>, path=com.example.Schedulle.auth.UserEntity)
    - QuerySpaces
       - EntityQuerySpaceImpl(uid=<gen:0>, entity=com.example.Schedulle.auth.UserEntity)
          - SQL table alias mapping - userentity0_
          - alias suffix - 0_
          - suffixed key columns - {id1_1_0_}

2021-03-05 13:20:26.629 DEBUG 21816 --- [    Test worker] o.h.loader.entity.plan.EntityLoader      : Static select for entity com.example.Schedulle.auth.UserEntity [NONE]: select userentity0_.id as id1_1_0_, userentity0_.created_at as created_2_1_0_, userentity0_.file_name as file_nam3_1_0_, userentity0_.mail as mail4_1_0_, userentity0_.name as name5_1_0_, userentity0_.password as password6_1_0_ from public.user userentity0_ where userentity0_.id=?
2021-03-05 13:20:26.650 DEBUG 21816 --- [    Test worker] org.hibernate.SQL                        : drop table if exists public.schedulle cascade
2021-03-05 13:20:26.657 DEBUG 21816 --- [    Test worker] org.hibernate.SQL                        : drop table if exists public.user cascade
2021-03-05 13:20:26.663 DEBUG 21816 --- [    Test worker] org.hibernate.SQL                        : create table public.schedulle (id  serial not null, date int4 not null, e_date time not null, month_value int4 not null, s_date time not null, user_id int4 not null, primary key (id))
2021-03-05 13:20:26.669 DEBUG 21816 --- [    Test worker] org.hibernate.SQL                        : create table public.user (id  serial not null, created_at timestamp, file_name varchar(255), mail varchar(255) not null, name varchar(255) not null, password varchar(255) not null, primary key (id))
2021-03-05 13:20:26.675  INFO 21816 --- [    Test worker] o.h.e.t.j.p.i.JtaPlatformInitiator       : HHH000490: Using JtaPlatform implementation: [org.hibernate.engine.transaction.jta.platform.internal.NoJtaPlatform]
2021-03-05 13:20:26.676 DEBUG 21816 --- [    Test worker] o.h.query.spi.NamedQueryRepository       : Checking 0 named HQL queries
2021-03-05 13:20:26.676 DEBUG 21816 --- [    Test worker] o.h.query.spi.NamedQueryRepository       : Checking 0 named SQL queries
2021-03-05 13:20:26.681 DEBUG 21816 --- [    Test worker] o.h.internal.SessionFactoryRegistry      : Initializing SessionFactoryRegistry : org.hibernate.internal.SessionFactoryRegistry@30250158
2021-03-05 13:20:26.681 DEBUG 21816 --- [    Test worker] o.h.internal.SessionFactoryRegistry      : Registering SessionFactory: 1a809cd1-afa6-40da-8da7-735595896d22 (<unnamed>)
2021-03-05 13:20:26.681 DEBUG 21816 --- [    Test worker] o.h.internal.SessionFactoryRegistry      : Not binding SessionFactory to JNDI, no JNDI name configured
2021-03-05 13:20:26.681  INFO 21816 --- [    Test worker] j.LocalContainerEntityManagerFactoryBean : Initialized JPA EntityManagerFactory for persistence unit 'default'
2021-03-05 13:20:26.685 DEBUG 21816 --- [    Test worker] o.s.b.f.s.DefaultListableBeanFactory     : Creating shared instance of singleton bean 'delegatingApplicationListener'
2021-03-05 13:20:26.686 DEBUG 21816 --- [    Test worker] o.s.b.f.s.DefaultListableBeanFactory     : Creating shared instance of singleton bean 'schedulleApplication'
2021-03-05 13:20:26.689 DEBUG 21816 --- [    Test worker] o.s.b.f.s.DefaultListableBeanFactory     : Creating shared instance of singleton bean 'userService'
2021-03-05 13:20:26.691 DEBUG 21816 --- [    Test worker] o.s.b.f.s.DefaultListableBeanFactory     : Creating shared instance of singleton bean 'userRepostitory'
2021-03-05 13:20:26.739 DEBUG 21816 --- [    Test worker] o.s.b.f.s.DefaultListableBeanFactory     : Creating shared instance of singleton bean 'jpaMappingContext'
2021-03-05 13:20:26.745 DEBUG 21816 --- [    Test worker] .c.JpaMetamodelMappingContextFactoryBean : Initializing JpaMetamodelMappingContext…
2021-03-05 13:20:26.754 DEBUG 21816 --- [    Test worker] .c.JpaMetamodelMappingContextFactoryBean : Finished initializing JpaMetamodelMappingContext!
2021-03-05 13:20:26.771 DEBUG 21816 --- [    Test worker] tor$SharedEntityManagerInvocationHandler : Creating new EntityManager for shared EntityManager invocation
2021-03-05 13:20:26.812 DEBUG 21816 --- [    Test worker] o.h.stat.internal.StatisticsInitiator    : Statistics initialized [enabled=false]
2021-03-05 13:20:26.816 DEBUG 21816 --- [    Test worker] tor$SharedEntityManagerInvocationHandler : Creating new EntityManager for shared EntityManager invocation
2021-03-05 13:20:26.847 DEBUG 21816 --- [    Test worker] o.s.d.r.c.s.RepositoryFactorySupport     : Initializing repository instance for com.example.Schedulle.auth.UserRepostitory…
2021-03-05 13:20:26.857 DEBUG 21816 --- [    Test worker] tor$SharedEntityManagerInvocationHandler : Creating new EntityManager for shared EntityManager invocation
2021-03-05 13:20:26.901 DEBUG 21816 --- [    Test worker] o.s.d.j.r.query.JpaQueryFactory          : Looking up query for method findBymail
2021-03-05 13:20:26.904 DEBUG 21816 --- [    Test worker] o.s.d.jpa.repository.query.NamedQuery    : Looking up named query UserEntity.findBymail
2021-03-05 13:20:26.907 DEBUG 21816 --- [    Test worker] o.h.e.t.internal.TransactionImpl         : On TransactionImpl creation, JpaCompliance#isJpaTransactionComplianceEnabled == false
2021-03-05 13:20:26.907 DEBUG 21816 --- [    Test worker] o.s.d.jpa.repository.query.NamedQuery    : Did not find named query UserEntity.findBymail
2021-03-05 13:20:26.909 DEBUG 21816 --- [    Test worker] tor$SharedEntityManagerInvocationHandler : Creating new EntityManager for shared EntityManager invocation
2021-03-05 13:20:26.944 DEBUG 21816 --- [    Test worker] o.s.d.j.r.query.JpaQueryFactory          : Looking up query for method findByid
2021-03-05 13:20:26.945 DEBUG 21816 --- [    Test worker] o.s.d.jpa.repository.query.NamedQuery    : Looking up named query UserEntity.findByid
2021-03-05 13:20:26.945 DEBUG 21816 --- [    Test worker] o.h.e.t.internal.TransactionImpl         : On TransactionImpl creation, JpaCompliance#isJpaTransactionComplianceEnabled == false
2021-03-05 13:20:26.945 DEBUG 21816 --- [    Test worker] o.s.d.jpa.repository.query.NamedQuery    : Did not find named query UserEntity.findByid
2021-03-05 13:20:26.945 DEBUG 21816 --- [    Test worker] tor$SharedEntityManagerInvocationHandler : Creating new EntityManager for shared EntityManager invocation
2021-03-05 13:20:26.949 DEBUG 21816 --- [    Test worker] o.s.d.r.c.s.RepositoryFactorySupport     : Finished creation of repository instance for {}.
2021-03-05 13:20:26.952 DEBUG 21816 --- [    Test worker] o.s.b.f.s.DefaultListableBeanFactory     : Creating shared instance of singleton bean 'passwordEncoder'
2021-03-05 13:20:26.953 DEBUG 21816 --- [    Test worker] o.s.b.f.s.DefaultListableBeanFactory     : Creating shared instance of singleton bean 'webSecurityConfig'
2021-03-05 13:20:26.960 DEBUG 21816 --- [    Test worker] o.s.b.f.s.DefaultListableBeanFactory     : Creating shared instance of singleton bean 'objectPostProcessor'
2021-03-05 13:20:26.960 DEBUG 21816 --- [    Test worker] o.s.b.f.s.DefaultListableBeanFactory     : Creating shared instance of singleton bean 'org.springframework.security.config.annotation.configuration.ObjectPostProcessorConfiguration'
2021-03-05 13:20:26.962 DEBUG 21816 --- [    Test worker] o.s.b.f.s.DefaultListableBeanFactory     : Autowiring by type from bean name 'objectPostProcessor' via factory method to bean named 'org.springframework.beans.factory.support.DefaultListableBeanFactory@741405dd'
2021-03-05 13:20:26.972 DEBUG 21816 --- [    Test worker] o.s.b.f.s.DefaultListableBeanFactory     : Creating shared instance of singleton bean 'org.springframework.security.config.annotation.authentication.configuration.AuthenticationConfiguration'
2021-03-05 13:20:26.975 DEBUG 21816 --- [    Test worker] o.s.b.f.s.DefaultListableBeanFactory     : Creating shared instance of singleton bean 'enableGlobalAuthenticationAutowiredConfigurer'
2021-03-05 13:20:26.979 DEBUG 21816 --- [    Test worker] o.s.b.f.s.DefaultListableBeanFactory     : Autowiring by type from bean name 'enableGlobalAuthenticationAutowiredConfigurer' via factory method to bean named 'org.springframework.web.context.support.GenericWebApplicationContext@57c0baab'
2021-03-05 13:20:26.983 DEBUG 21816 --- [    Test worker] o.s.b.f.s.DefaultListableBeanFactory     : Creating shared instance of singleton bean 'initializeUserDetailsBeanManagerConfigurer'
2021-03-05 13:20:26.984 DEBUG 21816 --- [    Test worker] o.s.b.f.s.DefaultListableBeanFactory     : Autowiring by type from bean name 'initializeUserDetailsBeanManagerConfigurer' via factory method to bean named 'org.springframework.web.context.support.GenericWebApplicationContext@57c0baab'
2021-03-05 13:20:26.986 DEBUG 21816 --- [    Test worker] o.s.b.f.s.DefaultListableBeanFactory     : Creating shared instance of singleton bean 'initializeAuthenticationProviderBeanManagerConfigurer'
2021-03-05 13:20:26.986 DEBUG 21816 --- [    Test worker] o.s.b.f.s.DefaultListableBeanFactory     : Autowiring by type from bean name 'initializeAuthenticationProviderBeanManagerConfigurer' via factory method to bean named 'org.springframework.web.context.support.GenericWebApplicationContext@57c0baab'
2021-03-05 13:20:26.990 DEBUG 21816 --- [    Test worker] o.s.b.f.s.DefaultListableBeanFactory     : Creating shared instance of singleton bean 'mvcContentNegotiationManager'
2021-03-05 13:20:26.991 DEBUG 21816 --- [    Test worker] o.s.b.f.s.DefaultListableBeanFactory     : Creating shared instance of singleton bean 'org.springframework.boot.autoconfigure.web.servlet.WebMvcAutoConfiguration$EnableWebMvcConfiguration'
2021-03-05 13:20:26.991 DEBUG 21816 --- [    Test worker] o.s.b.f.s.DefaultListableBeanFactory     : Creating shared instance of singleton bean 'spring.resources-org.springframework.boot.autoconfigure.web.ResourceProperties'
2021-03-05 13:20:26.999 DEBUG 21816 --- [    Test worker] o.s.b.f.s.DefaultListableBeanFactory     : Creating shared instance of singleton bean 'spring.mvc-org.springframework.boot.autoconfigure.web.servlet.WebMvcProperties'
2021-03-05 13:20:27.004 DEBUG 21816 --- [    Test worker] o.s.b.f.s.DefaultListableBeanFactory     : Creating shared instance of singleton bean 'spring.web-org.springframework.boot.autoconfigure.web.WebProperties'
2021-03-05 13:20:27.006 DEBUG 21816 --- [    Test worker] o.s.b.f.s.DefaultListableBeanFactory     : Autowiring by type from bean name 'org.springframework.boot.autoconfigure.web.servlet.WebMvcAutoConfiguration$EnableWebMvcConfiguration' via constructor to bean named 'spring.resources-org.springframework.boot.autoconfigure.web.ResourceProperties'
2021-03-05 13:20:27.006 DEBUG 21816 --- [    Test worker] o.s.b.f.s.DefaultListableBeanFactory     : Autowiring by type from bean name 'org.springframework.boot.autoconfigure.web.servlet.WebMvcAutoConfiguration$EnableWebMvcConfiguration' via constructor to bean named 'spring.mvc-org.springframework.boot.autoconfigure.web.servlet.WebMvcProperties'
2021-03-05 13:20:27.006 DEBUG 21816 --- [    Test worker] o.s.b.f.s.DefaultListableBeanFactory     : Autowiring by type from bean name 'org.springframework.boot.autoconfigure.web.servlet.WebMvcAutoConfiguration$EnableWebMvcConfiguration' via constructor to bean named 'spring.web-org.springframework.boot.autoconfigure.web.WebProperties'
2021-03-05 13:20:27.006 DEBUG 21816 --- [    Test worker] o.s.b.f.s.DefaultListableBeanFactory     : Autowiring by type from bean name 'org.springframework.boot.autoconfigure.web.servlet.WebMvcAutoConfiguration$EnableWebMvcConfiguration' via constructor to bean named 'org.springframework.beans.factory.support.DefaultListableBeanFactory@741405dd'
2021-03-05 13:20:27.015 DEBUG 21816 --- [    Test worker] o.s.b.f.s.DefaultListableBeanFactory     : Creating shared instance of singleton bean 'org.springframework.boot.autoconfigure.web.servlet.WebMvcAutoConfiguration$WebMvcAutoConfigurationAdapter'
2021-03-05 13:20:27.016 DEBUG 21816 --- [    Test worker] o.s.b.f.s.DefaultListableBeanFactory     : Autowiring by type from bean name 'org.springframework.boot.autoconfigure.web.servlet.WebMvcAutoConfiguration$WebMvcAutoConfigurationAdapter' via constructor to bean named 'spring.web-org.springframework.boot.autoconfigure.web.WebProperties'
2021-03-05 13:20:27.016 DEBUG 21816 --- [    Test worker] o.s.b.f.s.DefaultListableBeanFactory     : Autowiring by type from bean name 'org.springframework.boot.autoconfigure.web.servlet.WebMvcAutoConfiguration$WebMvcAutoConfigurationAdapter' via constructor to bean named 'spring.mvc-org.springframework.boot.autoconfigure.web.servlet.WebMvcProperties'
2021-03-05 13:20:27.016 DEBUG 21816 --- [    Test worker] o.s.b.f.s.DefaultListableBeanFactory     : Autowiring by type from bean name 'org.springframework.boot.autoconfigure.web.servlet.WebMvcAutoConfiguration$WebMvcAutoConfigurationAdapter' via constructor to bean named 'org.springframework.beans.factory.support.DefaultListableBeanFactory@741405dd'
2021-03-05 13:20:27.018 DEBUG 21816 --- [    Test worker] o.s.b.f.s.DefaultListableBeanFactory     : Creating shared instance of singleton bean 'openEntityManagerInViewInterceptorConfigurer'
2021-03-05 13:20:27.018 DEBUG 21816 --- [    Test worker] o.s.b.f.s.DefaultListableBeanFactory     : Creating shared instance of singleton bean 'org.springframework.boot.autoconfigure.orm.jpa.JpaBaseConfiguration$JpaWebConfiguration'
2021-03-05 13:20:27.019 DEBUG 21816 --- [    Test worker] o.s.b.f.s.DefaultListableBeanFactory     : Autowiring by type from bean name 'org.springframework.boot.autoconfigure.orm.jpa.JpaBaseConfiguration$JpaWebConfiguration' via constructor to bean named 'spring.jpa-org.springframework.boot.autoconfigure.orm.jpa.JpaProperties'
2021-03-05 13:20:27.020 DEBUG 21816 --- [    Test worker] o.s.b.f.s.DefaultListableBeanFactory     : Creating shared instance of singleton bean 'openEntityManagerInViewInterceptor'
2021-03-05 13:20:27.025 DEBUG 21816 --- [    Test worker] o.s.b.f.s.DefaultListableBeanFactory     : Autowiring by type from bean name 'openEntityManagerInViewInterceptorConfigurer' via factory method to bean named 'openEntityManagerInViewInterceptor'
2021-03-05 13:20:27.027 DEBUG 21816 --- [    Test worker] o.s.b.f.s.DefaultListableBeanFactory     : Creating shared instance of singleton bean 'org.springframework.data.web.config.SpringDataWebConfiguration'
2021-03-05 13:20:27.028 DEBUG 21816 --- [    Test worker] o.s.b.f.s.DefaultListableBeanFactory     : Autowiring by type from bean name 'org.springframework.data.web.config.SpringDataWebConfiguration' via constructor to bean named 'org.springframework.web.context.support.GenericWebApplicationContext@57c0baab'
2021-03-05 13:20:27.032 DEBUG 21816 --- [    Test worker] o.s.b.f.s.DefaultListableBeanFactory     : Creating shared instance of singleton bean 'pageableCustomizer'
2021-03-05 13:20:27.032 DEBUG 21816 --- [    Test worker] o.s.b.f.s.DefaultListableBeanFactory     : Creating shared instance of singleton bean 'org.springframework.boot.autoconfigure.data.web.SpringDataWebAutoConfiguration'
2021-03-05 13:20:27.033 DEBUG 21816 --- [    Test worker] o.s.b.f.s.DefaultListableBeanFactory     : Creating shared instance of singleton bean 'spring.data.web-org.springframework.boot.autoconfigure.data.web.SpringDataWebProperties'
2021-03-05 13:20:27.035 DEBUG 21816 --- [    Test worker] o.s.b.f.s.DefaultListableBeanFactory     : Autowiring by type from bean name 'org.springframework.boot.autoconfigure.data.web.SpringDataWebAutoConfiguration' via constructor to bean named 'spring.data.web-org.springframework.boot.autoconfigure.data.web.SpringDataWebProperties'
2021-03-05 13:20:27.038 DEBUG 21816 --- [    Test worker] o.s.b.f.s.DefaultListableBeanFactory     : Creating shared instance of singleton bean 'sortCustomizer'
2021-03-05 13:20:27.041 DEBUG 21816 --- [    Test worker] o.s.b.f.s.DefaultListableBeanFactory     : Creating shared instance of singleton bean 'org.springframework.security.config.annotation.web.configuration.WebMvcSecurityConfiguration'
2021-03-05 13:20:27.080 DEBUG 21816 --- [    Test worker] o.s.b.f.s.DefaultListableBeanFactory     : Creating shared instance of singleton bean 'schedulleRegistController'
2021-03-05 13:20:27.082 DEBUG 21816 --- [    Test worker] o.s.b.f.s.DefaultListableBeanFactory     : Creating shared instance of singleton bean 'schedulleService'
2021-03-05 13:20:27.083 DEBUG 21816 --- [    Test worker] o.s.b.f.s.DefaultListableBeanFactory     : Creating shared instance of singleton bean 'schedulleRepository'
2021-03-05 13:20:27.086 DEBUG 21816 --- [    Test worker] tor$SharedEntityManagerInvocationHandler : Creating new EntityManager for shared EntityManager invocation
2021-03-05 13:20:27.090 DEBUG 21816 --- [    Test worker] o.s.d.r.c.s.RepositoryFactorySupport     : Initializing repository instance for com.example.Schedulle.common.schedulle.SchedulleRepository…
2021-03-05 13:20:27.091 DEBUG 21816 --- [    Test worker] tor$SharedEntityManagerInvocationHandler : Creating new EntityManager for shared EntityManager invocation
2021-03-05 13:20:27.098 DEBUG 21816 --- [    Test worker] o.s.d.j.r.query.JpaQueryFactory          : Looking up query for method findByMonthValue
2021-03-05 13:20:27.098 DEBUG 21816 --- [    Test worker] o.s.d.jpa.repository.query.NamedQuery    : Looking up named query SchedulleEntity.findByMonthValue
2021-03-05 13:20:27.098 DEBUG 21816 --- [    Test worker] o.h.e.t.internal.TransactionImpl         : On TransactionImpl creation, JpaCompliance#isJpaTransactionComplianceEnabled == false
2021-03-05 13:20:27.098 DEBUG 21816 --- [    Test worker] o.s.d.jpa.repository.query.NamedQuery    : Did not find named query SchedulleEntity.findByMonthValue
2021-03-05 13:20:27.099 DEBUG 21816 --- [    Test worker] tor$SharedEntityManagerInvocationHandler : Creating new EntityManager for shared EntityManager invocation
2021-03-05 13:20:27.102 DEBUG 21816 --- [    Test worker] o.s.d.r.c.s.RepositoryFactorySupport     : Finished creation of repository instance for {}.
2021-03-05 13:20:27.108 DEBUG 21816 --- [    Test worker] o.s.b.f.s.DefaultListableBeanFactory     : Creating shared instance of singleton bean 'loginController'
2021-03-05 13:20:27.110 DEBUG 21816 --- [    Test worker] o.s.b.f.s.DefaultListableBeanFactory     : Creating shared instance of singleton bean 'profileEditController'
2021-03-05 13:20:27.112 DEBUG 21816 --- [    Test worker] o.s.b.f.s.DefaultListableBeanFactory     : Creating shared instance of singleton bean 'profileEditService'
2021-03-05 13:20:27.113 DEBUG 21816 --- [    Test worker] o.s.b.f.s.DefaultListableBeanFactory     : Creating shared instance of singleton bean 'mypageController'
2021-03-05 13:20:27.114 DEBUG 21816 --- [    Test worker] o.s.b.f.s.DefaultListableBeanFactory     : Creating shared instance of singleton bean 'monthBaseService'
2021-03-05 13:20:27.123 DEBUG 21816 --- [    Test worker] o.s.b.f.s.DefaultListableBeanFactory     : Creating shared instance of singleton bean 'org.springframework.boot.autoconfigure.context.PropertyPlaceholderAutoConfiguration'
2021-03-05 13:20:27.124 DEBUG 21816 --- [    Test worker] o.s.b.f.s.DefaultListableBeanFactory     : Creating shared instance of singleton bean 'org.springframework.boot.autoconfigure.websocket.servlet.WebSocketServletAutoConfiguration$TomcatWebSocketConfiguration'
2021-03-05 13:20:27.125 DEBUG 21816 --- [    Test worker] o.s.b.f.s.DefaultListableBeanFactory     : Creating shared instance of singleton bean 'websocketServletWebServerCustomizer'
2021-03-05 13:20:27.129 DEBUG 21816 --- [    Test worker] o.s.b.f.s.DefaultListableBeanFactory     : Creating shared instance of singleton bean 'org.springframework.boot.autoconfigure.websocket.servlet.WebSocketServletAutoConfiguration'
2021-03-05 13:20:27.129 DEBUG 21816 --- [    Test worker] o.s.b.f.s.DefaultListableBeanFactory     : Creating shared instance of singleton bean 'org.springframework.boot.autoconfigure.web.servlet.ServletWebServerFactoryConfiguration$EmbeddedTomcat'
2021-03-05 13:20:27.130 DEBUG 21816 --- [    Test worker] o.s.b.f.s.DefaultListableBeanFactory     : Creating shared instance of singleton bean 'tomcatServletWebServerFactory'
2021-03-05 13:20:27.154 DEBUG 21816 --- [    Test worker] o.a.catalina.core.AprLifecycleListener   : The Apache Tomcat Native library could not be found using names [tcnative-1, libtcnative-1] on the java.library.path [C:\Program Files\Java\jdk-15.0.2\bin;C:\Windows\Sun\Java\bin;C:\Windows\system32;C:\Windows;C:\Users\kaoru\bin;C:\Program Files\Git\mingw64\bin;C:\Program Files\Git\usr\local\bin;C:\Program Files\Git\usr\bin;C:\Program Files\Git\usr\bin;C:\Program Files\Git\mingw64\bin;C:\Program Files\Git\usr\bin;C:\Users\kaoru\bin;C:\Program Files\Common Files\Oracle\Java\javapath;C:\Windows\system32;C:\Windows;C:\Windows\System32\Wbem;C:\Windows\System32\WindowsPowerShell\v1.0;C:\Windows\System32\OpenSSH;C:\Program Files\Git\cmd;C:\Program Files\nodejs;C:\Users\kaoru\AppData\Local\Microsoft\WindowsApps;C:\Users\kaoru\AppData\Local\Programs\Microsoft VS Code\bin;C:\Program Files\heroku\bin;C:\gradle-6.8.3-all\gradle-6.8.3\bin;C:\Users\kaoru\AppData\Roaming\npm;C:\Program Files\Git\usr\bin\vendor_perl;C:\Program Files\Git\usr\bin\core_perl;.]. The errors reported were [Can't load library: C:\workspace\workspace_eclipse\SpringBoot\practice\Schedulle\bin\tcnative-1.dll, Can't load library: C:\workspace\workspace_eclipse\SpringBoot\practice\Schedulle\bin\libtcnative-1.dll, no tcnative-1 in java.library.path: C:\Program Files\Java\jdk-15.0.2\bin;C:\Windows\Sun\Java\bin;C:\Windows\system32;C:\Windows;C:\Users\kaoru\bin;C:\Program Files\Git\mingw64\bin;C:\Program Files\Git\usr\local\bin;C:\Program Files\Git\usr\bin;C:\Program Files\Git\usr\bin;C:\Program Files\Git\mingw64\bin;C:\Program Files\Git\usr\bin;C:\Users\kaoru\bin;C:\Program Files\Common Files\Oracle\Java\javapath;C:\Windows\system32;C:\Windows;C:\Windows\System32\Wbem;C:\Windows\System32\WindowsPowerShell\v1.0;C:\Windows\System32\OpenSSH;C:\Program Files\Git\cmd;C:\Program Files\nodejs;C:\Users\kaoru\AppData\Local\Microsoft\WindowsApps;C:\Users\kaoru\AppData\Local\Programs\Microsoft VS Code\bin;C:\Program Files\heroku\bin;C:\gradle-6.8.3-all\gradle-6.8.3\bin;C:\Users\kaoru\AppData\Roaming\npm;C:\Program Files\Git\usr\bin\vendor_perl;C:\Program Files\Git\usr\bin\core_perl;., no libtcnative-1 in java.library.path: C:\Program Files\Java\jdk-15.0.2\bin;C:\Windows\Sun\Java\bin;C:\Windows\system32;C:\Windows;C:\Users\kaoru\bin;C:\Program Files\Git\mingw64\bin;C:\Program Files\Git\usr\local\bin;C:\Program Files\Git\usr\bin;C:\Program Files\Git\usr\bin;C:\Program Files\Git\mingw64\bin;C:\Program Files\Git\usr\bin;C:\Users\kaoru\bin;C:\Program Files\Common Files\Oracle\Java\javapath;C:\Windows\system32;C:\Windows;C:\Windows\System32\Wbem;C:\Windows\System32\WindowsPowerShell\v1.0;C:\Windows\System32\OpenSSH;C:\Program Files\Git\cmd;C:\Program Files\nodejs;C:\Users\kaoru\AppData\Local\Microsoft\WindowsApps;C:\Users\kaoru\AppData\Local\Programs\Microsoft VS Code\bin;C:\Program Files\heroku\bin;C:\gradle-6.8.3-all\gradle-6.8.3\bin;C:\Users\kaoru\AppData\Roaming\npm;C:\Program Files\Git\usr\bin\vendor_perl;C:\Program Files\Git\usr\bin\core_perl;.]

org.apache.tomcat.jni.LibraryNotFoundError: Can't load library: C:\workspace\workspace_eclipse\SpringBoot\practice\Schedulle\bin\tcnative-1.dll, Can't load library: C:\workspace\workspace_eclipse\SpringBoot\practice\Schedulle\bin\libtcnative-1.dll, no tcnative-1 in java.library.path: C:\Program Files\Java\jdk-15.0.2\bin;C:\Windows\Sun\Java\bin;C:\Windows\system32;C:\Windows;C:\Users\kaoru\bin;C:\Program Files\Git\mingw64\bin;C:\Program Files\Git\usr\local\bin;C:\Program Files\Git\usr\bin;C:\Program Files\Git\usr\bin;C:\Program Files\Git\mingw64\bin;C:\Program Files\Git\usr\bin;C:\Users\kaoru\bin;C:\Program Files\Common Files\Oracle\Java\javapath;C:\Windows\system32;C:\Windows;C:\Windows\System32\Wbem;C:\Windows\System32\WindowsPowerShell\v1.0;C:\Windows\System32\OpenSSH;C:\Program Files\Git\cmd;C:\Program Files\nodejs;C:\Users\kaoru\AppData\Local\Microsoft\WindowsApps;C:\Users\kaoru\AppData\Local\Programs\Microsoft VS Code\bin;C:\Program Files\heroku\bin;C:\gradle-6.8.3-all\gradle-6.8.3\bin;C:\Users\kaoru\AppData\Roaming\npm;C:\Program Files\Git\usr\bin\vendor_perl;C:\Program Files\Git\usr\bin\core_perl;., no libtcnative-1 in java.library.path: C:\Program Files\Java\jdk-15.0.2\bin;C:\Windows\Sun\Java\bin;C:\Windows\system32;C:\Windows;C:\Users\kaoru\bin;C:\Program Files\Git\mingw64\bin;C:\Program Files\Git\usr\local\bin;C:\Program Files\Git\usr\bin;C:\Program Files\Git\usr\bin;C:\Program Files\Git\mingw64\bin;C:\Program Files\Git\usr\bin;C:\Users\kaoru\bin;C:\Program Files\Common Files\Oracle\Java\javapath;C:\Windows\system32;C:\Windows;C:\Windows\System32\Wbem;C:\Windows\System32\WindowsPowerShell\v1.0;C:\Windows\System32\OpenSSH;C:\Program Files\Git\cmd;C:\Program Files\nodejs;C:\Users\kaoru\AppData\Local\Microsoft\WindowsApps;C:\Users\kaoru\AppData\Local\Programs\Microsoft VS Code\bin;C:\Program Files\heroku\bin;C:\gradle-6.8.3-all\gradle-6.8.3\bin;C:\Users\kaoru\AppData\Roaming\npm;C:\Program Files\Git\usr\bin\vendor_perl;C:\Program Files\Git\usr\bin\core_perl;.
	at org.apache.tomcat.jni.Library.<init>(Library.java:102) ~[tomcat-embed-core-9.0.43.jar:9.0.43]
	at org.apache.tomcat.jni.Library.initialize(Library.java:206) ~[tomcat-embed-core-9.0.43.jar:9.0.43]
	at org.apache.catalina.core.AprLifecycleListener.init(AprLifecycleListener.java:193) ~[tomcat-embed-core-9.0.43.jar:9.0.43]
	at org.apache.catalina.core.AprLifecycleListener.isAprAvailable(AprLifecycleListener.java:102) ~[tomcat-embed-core-9.0.43.jar:9.0.43]
	at org.springframework.boot.web.embedded.tomcat.TomcatServletWebServerFactory.getDefaultLifecycleListeners(TomcatServletWebServerFactory.java:173) ~[spring-boot-2.4.3.jar:2.4.3]
	at org.springframework.boot.web.embedded.tomcat.TomcatServletWebServerFactory.<init>(TomcatServletWebServerFactory.java:120) ~[spring-boot-2.4.3.jar:2.4.3]
	at org.springframework.boot.autoconfigure.web.servlet.ServletWebServerFactoryConfiguration$EmbeddedTomcat.tomcatServletWebServerFactory(ServletWebServerFactoryConfiguration.java:76) ~[spring-boot-autoconfigure-2.4.3.jar:2.4.3]
	at java.base/jdk.internal.reflect.NativeMethodAccessorImpl.invoke0(Native Method) ~[na:na]
	at java.base/jdk.internal.reflect.NativeMethodAccessorImpl.invoke(NativeMethodAccessorImpl.java:64) ~[na:na]
	at java.base/jdk.internal.reflect.DelegatingMethodAccessorImpl.invoke(DelegatingMethodAccessorImpl.java:43) ~[na:na]
	at java.base/java.lang.reflect.Method.invoke(Method.java:564) ~[na:na]
	at org.springframework.beans.factory.support.SimpleInstantiationStrategy.instantiate(SimpleInstantiationStrategy.java:154) ~[spring-beans-5.3.4.jar:5.3.4]
	at org.springframework.beans.factory.support.ConstructorResolver.instantiate(ConstructorResolver.java:653) ~[spring-beans-5.3.4.jar:5.3.4]
	at org.springframework.beans.factory.support.ConstructorResolver.instantiateUsingFactoryMethod(ConstructorResolver.java:638) ~[spring-beans-5.3.4.jar:5.3.4]
	at org.springframework.beans.factory.support.AbstractAutowireCapableBeanFactory.instantiateUsingFactoryMethod(AbstractAutowireCapableBeanFactory.java:1334) ~[spring-beans-5.3.4.jar:5.3.4]
	at org.springframework.beans.factory.support.AbstractAutowireCapableBeanFactory.createBeanInstance(AbstractAutowireCapableBeanFactory.java:1177) ~[spring-beans-5.3.4.jar:5.3.4]
	at org.springframework.beans.factory.support.AbstractAutowireCapableBeanFactory.doCreateBean(AbstractAutowireCapableBeanFactory.java:564) ~[spring-beans-5.3.4.jar:5.3.4]
	at org.springframework.beans.factory.support.AbstractAutowireCapableBeanFactory.createBean(AbstractAutowireCapableBeanFactory.java:524) ~[spring-beans-5.3.4.jar:5.3.4]
	at org.springframework.beans.factory.support.AbstractBeanFactory.lambda$doGetBean$0(AbstractBeanFactory.java:335) ~[spring-beans-5.3.4.jar:5.3.4]
	at org.springframework.beans.factory.support.DefaultSingletonBeanRegistry.getSingleton(DefaultSingletonBeanRegistry.java:234) ~[spring-beans-5.3.4.jar:5.3.4]
	at org.springframework.beans.factory.support.AbstractBeanFactory.doGetBean(AbstractBeanFactory.java:333) ~[spring-beans-5.3.4.jar:5.3.4]
	at org.springframework.beans.factory.support.AbstractBeanFactory.getBean(AbstractBeanFactory.java:208) ~[spring-beans-5.3.4.jar:5.3.4]
	at org.springframework.beans.factory.support.DefaultListableBeanFactory.preInstantiateSingletons(DefaultListableBeanFactory.java:944) ~[spring-beans-5.3.4.jar:5.3.4]
	at org.springframework.context.support.AbstractApplicationContext.finishBeanFactoryInitialization(AbstractApplicationContext.java:917) ~[spring-context-5.3.4.jar:5.3.4]
	at org.springframework.context.support.AbstractApplicationContext.refresh(AbstractApplicationContext.java:582) ~[spring-context-5.3.4.jar:5.3.4]
	at org.springframework.boot.SpringApplication.refresh(SpringApplication.java:767) ~[spring-boot-2.4.3.jar:2.4.3]
	at org.springframework.boot.SpringApplication.refresh(SpringApplication.java:759) ~[spring-boot-2.4.3.jar:2.4.3]
	at org.springframework.boot.SpringApplication.refreshContext(SpringApplication.java:426) ~[spring-boot-2.4.3.jar:2.4.3]
	at org.springframework.boot.SpringApplication.run(SpringApplication.java:326) ~[spring-boot-2.4.3.jar:2.4.3]
	at org.springframework.boot.test.context.SpringBootContextLoader.loadContext(SpringBootContextLoader.java:123) ~[spring-boot-test-2.4.3.jar:2.4.3]
	at org.springframework.test.context.cache.DefaultCacheAwareContextLoaderDelegate.loadContextInternal(DefaultCacheAwareContextLoaderDelegate.java:99) ~[spring-test-5.3.4.jar:5.3.4]
	at org.springframework.test.context.cache.DefaultCacheAwareContextLoaderDelegate.loadContext(DefaultCacheAwareContextLoaderDelegate.java:124) ~[spring-test-5.3.4.jar:5.3.4]
	at org.springframework.test.context.support.DefaultTestContext.getApplicationContext(DefaultTestContext.java:124) ~[spring-test-5.3.4.jar:5.3.4]
	at org.springframework.test.context.web.ServletTestExecutionListener.setUpRequestContextIfNecessary(ServletTestExecutionListener.java:190) ~[spring-test-5.3.4.jar:5.3.4]
	at org.springframework.test.context.web.ServletTestExecutionListener.prepareTestInstance(ServletTestExecutionListener.java:132) ~[spring-test-5.3.4.jar:5.3.4]
	at org.springframework.test.context.TestContextManager.prepareTestInstance(TestContextManager.java:244) ~[spring-test-5.3.4.jar:5.3.4]
	at org.springframework.test.context.junit.jupiter.SpringExtension.postProcessTestInstance(SpringExtension.java:138) ~[spring-test-5.3.4.jar:5.3.4]
	at org.junit.jupiter.engine.descriptor.ClassBasedTestDescriptor.lambda$invokeTestInstancePostProcessors$6(ClassBasedTestDescriptor.java:350) ~[junit-jupiter-engine-5.7.1.jar:5.7.1]
	at org.junit.jupiter.engine.descriptor.ClassBasedTestDescriptor.executeAndMaskThrowable(ClassBasedTestDescriptor.java:355) ~[junit-jupiter-engine-5.7.1.jar:5.7.1]
	at org.junit.jupiter.engine.descriptor.ClassBasedTestDescriptor.lambda$invokeTestInstancePostProcessors$7(ClassBasedTestDescriptor.java:350) ~[junit-jupiter-engine-5.7.1.jar:5.7.1]
	at java.base/java.util.stream.ReferencePipeline$3$1.accept(ReferencePipeline.java:195) ~[na:na]
	at java.base/java.util.stream.ReferencePipeline$2$1.accept(ReferencePipeline.java:177) ~[na:na]
	at java.base/java.util.ArrayList$ArrayListSpliterator.forEachRemaining(ArrayList.java:1625) ~[na:na]
	at java.base/java.util.stream.AbstractPipeline.copyInto(AbstractPipeline.java:484) ~[na:na]
	at java.base/java.util.stream.AbstractPipeline.wrapAndCopyInto(AbstractPipeline.java:474) ~[na:na]
	at java.base/java.util.stream.StreamSpliterators$WrappingSpliterator.forEachRemaining(StreamSpliterators.java:312) ~[na:na]
	at java.base/java.util.stream.Streams$ConcatSpliterator.forEachRemaining(Streams.java:735) ~[na:na]
	at java.base/java.util.stream.Streams$ConcatSpliterator.forEachRemaining(Streams.java:734) ~[na:na]
	at java.base/java.util.stream.ReferencePipeline$Head.forEach(ReferencePipeline.java:658) ~[na:na]
	at org.junit.jupiter.engine.descriptor.ClassBasedTestDescriptor.invokeTestInstancePostProcessors(ClassBasedTestDescriptor.java:349) ~[junit-jupiter-engine-5.7.1.jar:5.7.1]
	at org.junit.jupiter.engine.descriptor.ClassBasedTestDescriptor.lambda$instantiateAndPostProcessTestInstance$4(ClassBasedTestDescriptor.java:270) ~[junit-jupiter-engine-5.7.1.jar:5.7.1]
	at org.junit.platform.engine.support.hierarchical.ThrowableCollector.execute(ThrowableCollector.java:73) ~[junit-platform-engine-1.7.1.jar:1.7.1]
	at org.junit.jupiter.engine.descriptor.ClassBasedTestDescriptor.instantiateAndPostProcessTestInstance(ClassBasedTestDescriptor.java:269) ~[junit-jupiter-engine-5.7.1.jar:5.7.1]
	at org.junit.jupiter.engine.descriptor.ClassBasedTestDescriptor.lambda$testInstancesProvider$2(ClassBasedTestDescriptor.java:259) ~[junit-jupiter-engine-5.7.1.jar:5.7.1]
	at java.base/java.util.Optional.orElseGet(Optional.java:362) ~[na:na]
	at org.junit.jupiter.engine.descriptor.ClassBasedTestDescriptor.lambda$testInstancesProvider$3(ClassBasedTestDescriptor.java:258) ~[junit-jupiter-engine-5.7.1.jar:5.7.1]
	at org.junit.jupiter.engine.execution.TestInstancesProvider.getTestInstances(TestInstancesProvider.java:31) ~[junit-jupiter-engine-5.7.1.jar:5.7.1]
	at org.junit.jupiter.engine.descriptor.TestMethodTestDescriptor.lambda$prepare$0(TestMethodTestDescriptor.java:101) ~[junit-jupiter-engine-5.7.1.jar:5.7.1]
	at org.junit.platform.engine.support.hierarchical.ThrowableCollector.execute(ThrowableCollector.java:73) ~[junit-platform-engine-1.7.1.jar:1.7.1]
	at org.junit.jupiter.engine.descriptor.TestMethodTestDescriptor.prepare(TestMethodTestDescriptor.java:100) ~[junit-jupiter-engine-5.7.1.jar:5.7.1]
	at org.junit.jupiter.engine.descriptor.TestMethodTestDescriptor.prepare(TestMethodTestDescriptor.java:65) ~[junit-jupiter-engine-5.7.1.jar:5.7.1]
	at org.junit.platform.engine.support.hierarchical.NodeTestTask.lambda$prepare$1(NodeTestTask.java:111) ~[junit-platform-engine-1.7.1.jar:1.7.1]
	at org.junit.platform.engine.support.hierarchical.ThrowableCollector.execute(ThrowableCollector.java:73) ~[junit-platform-engine-1.7.1.jar:1.7.1]
	at org.junit.platform.engine.support.hierarchical.NodeTestTask.prepare(NodeTestTask.java:111) ~[junit-platform-engine-1.7.1.jar:1.7.1]
	at org.junit.platform.engine.support.hierarchical.NodeTestTask.execute(NodeTestTask.java:79) ~[junit-platform-engine-1.7.1.jar:1.7.1]
	at java.base/java.util.ArrayList.forEach(ArrayList.java:1511) ~[na:na]
	at org.junit.platform.engine.support.hierarchical.SameThreadHierarchicalTestExecutorService.invokeAll(SameThreadHierarchicalTestExecutorService.java:38) ~[junit-platform-engine-1.7.1.jar:1.7.1]
	at org.junit.platform.engine.support.hierarchical.NodeTestTask.lambda$executeRecursively$5(NodeTestTask.java:143) ~[junit-platform-engine-1.7.1.jar:1.7.1]
	at org.junit.platform.engine.support.hierarchical.ThrowableCollector.execute(ThrowableCollector.java:73) ~[junit-platform-engine-1.7.1.jar:1.7.1]
	at org.junit.platform.engine.support.hierarchical.NodeTestTask.lambda$executeRecursively$7(NodeTestTask.java:129) ~[junit-platform-engine-1.7.1.jar:1.7.1]
	at org.junit.platform.engine.support.hierarchical.Node.around(Node.java:137) ~[junit-platform-engine-1.7.1.jar:1.7.1]
	at org.junit.platform.engine.support.hierarchical.NodeTestTask.lambda$executeRecursively$8(NodeTestTask.java:127) ~[junit-platform-engine-1.7.1.jar:1.7.1]
	at org.junit.platform.engine.support.hierarchical.ThrowableCollector.execute(ThrowableCollector.java:73) ~[junit-platform-engine-1.7.1.jar:1.7.1]
	at org.junit.platform.engine.support.hierarchical.NodeTestTask.executeRecursively(NodeTestTask.java:126) ~[junit-platform-engine-1.7.1.jar:1.7.1]
	at org.junit.platform.engine.support.hierarchical.NodeTestTask.execute(NodeTestTask.java:84) ~[junit-platform-engine-1.7.1.jar:1.7.1]
	at java.base/java.util.ArrayList.forEach(ArrayList.java:1511) ~[na:na]
	at org.junit.platform.engine.support.hierarchical.SameThreadHierarchicalTestExecutorService.invokeAll(SameThreadHierarchicalTestExecutorService.java:38) ~[junit-platform-engine-1.7.1.jar:1.7.1]
	at org.junit.platform.engine.support.hierarchical.NodeTestTask.lambda$executeRecursively$5(NodeTestTask.java:143) ~[junit-platform-engine-1.7.1.jar:1.7.1]
	at org.junit.platform.engine.support.hierarchical.ThrowableCollector.execute(ThrowableCollector.java:73) ~[junit-platform-engine-1.7.1.jar:1.7.1]
	at org.junit.platform.engine.support.hierarchical.NodeTestTask.lambda$executeRecursively$7(NodeTestTask.java:129) ~[junit-platform-engine-1.7.1.jar:1.7.1]
	at org.junit.platform.engine.support.hierarchical.Node.around(Node.java:137) ~[junit-platform-engine-1.7.1.jar:1.7.1]
	at org.junit.platform.engine.support.hierarchical.NodeTestTask.lambda$executeRecursively$8(NodeTestTask.java:127) ~[junit-platform-engine-1.7.1.jar:1.7.1]
	at org.junit.platform.engine.support.hierarchical.ThrowableCollector.execute(ThrowableCollector.java:73) ~[junit-platform-engine-1.7.1.jar:1.7.1]
	at org.junit.platform.engine.support.hierarchical.NodeTestTask.executeRecursively(NodeTestTask.java:126) ~[junit-platform-engine-1.7.1.jar:1.7.1]
	at org.junit.platform.engine.support.hierarchical.NodeTestTask.execute(NodeTestTask.java:84) ~[junit-platform-engine-1.7.1.jar:1.7.1]
	at org.junit.platform.engine.support.hierarchical.SameThreadHierarchicalTestExecutorService.submit(SameThreadHierarchicalTestExecutorService.java:32) ~[junit-platform-engine-1.7.1.jar:1.7.1]
	at org.junit.platform.engine.support.hierarchical.HierarchicalTestExecutor.execute(HierarchicalTestExecutor.java:57) ~[junit-platform-engine-1.7.1.jar:1.7.1]
	at org.junit.platform.engine.support.hierarchical.HierarchicalTestEngine.execute(HierarchicalTestEngine.java:51) ~[junit-platform-engine-1.7.1.jar:1.7.1]
	at org.junit.platform.launcher.core.EngineExecutionOrchestrator.execute(EngineExecutionOrchestrator.java:108) ~[na:na]
	at org.junit.platform.launcher.core.EngineExecutionOrchestrator.execute(EngineExecutionOrchestrator.java:88) ~[na:na]
	at org.junit.platform.launcher.core.EngineExecutionOrchestrator.lambda$execute$0(EngineExecutionOrchestrator.java:54) ~[na:na]
	at org.junit.platform.launcher.core.EngineExecutionOrchestrator.withInterceptedStreams(EngineExecutionOrchestrator.java:67) ~[na:na]
	at org.junit.platform.launcher.core.EngineExecutionOrchestrator.execute(EngineExecutionOrchestrator.java:52) ~[na:na]
	at org.junit.platform.launcher.core.DefaultLauncher.execute(DefaultLauncher.java:96) ~[na:na]
	at org.junit.platform.launcher.core.DefaultLauncher.execute(DefaultLauncher.java:75) ~[na:na]
	at org.gradle.api.internal.tasks.testing.junitplatform.JUnitPlatformTestClassProcessor$CollectAllTestClassesExecutor.processAllTestClasses(JUnitPlatformTestClassProcessor.java:99) ~[na:na]
	at org.gradle.api.internal.tasks.testing.junitplatform.JUnitPlatformTestClassProcessor$CollectAllTestClassesExecutor.access$000(JUnitPlatformTestClassProcessor.java:79) ~[na:na]
	at org.gradle.api.internal.tasks.testing.junitplatform.JUnitPlatformTestClassProcessor.stop(JUnitPlatformTestClassProcessor.java:75) ~[na:na]
	at org.gradle.api.internal.tasks.testing.SuiteTestClassProcessor.stop(SuiteTestClassProcessor.java:61) ~[na:na]
	at java.base/jdk.internal.reflect.NativeMethodAccessorImpl.invoke0(Native Method) ~[na:na]
	at java.base/jdk.internal.reflect.NativeMethodAccessorImpl.invoke(NativeMethodAccessorImpl.java:64) ~[na:na]
	at java.base/jdk.internal.reflect.DelegatingMethodAccessorImpl.invoke(DelegatingMethodAccessorImpl.java:43) ~[na:na]
	at java.base/java.lang.reflect.Method.invoke(Method.java:564) ~[na:na]
	at org.gradle.internal.dispatch.ReflectionDispatch.dispatch(ReflectionDispatch.java:36) ~[na:na]
	at org.gradle.internal.dispatch.ReflectionDispatch.dispatch(ReflectionDispatch.java:24) ~[na:na]
	at org.gradle.internal.dispatch.ContextClassLoaderDispatch.dispatch(ContextClassLoaderDispatch.java:33) ~[na:na]
	at org.gradle.internal.dispatch.ProxyDispatchAdapter$DispatchingInvocationHandler.invoke(ProxyDispatchAdapter.java:94) ~[na:na]
	at com.sun.proxy.$Proxy2.stop(Unknown Source) ~[na:na]
	at org.gradle.api.internal.tasks.testing.worker.TestWorker.stop(TestWorker.java:133) ~[na:na]
	at java.base/jdk.internal.reflect.NativeMethodAccessorImpl.invoke0(Native Method) ~[na:na]
	at java.base/jdk.internal.reflect.NativeMethodAccessorImpl.invoke(NativeMethodAccessorImpl.java:64) ~[na:na]
	at java.base/jdk.internal.reflect.DelegatingMethodAccessorImpl.invoke(DelegatingMethodAccessorImpl.java:43) ~[na:na]
	at java.base/java.lang.reflect.Method.invoke(Method.java:564) ~[na:na]
	at org.gradle.internal.dispatch.ReflectionDispatch.dispatch(ReflectionDispatch.java:36) ~[na:na]
	at org.gradle.internal.dispatch.ReflectionDispatch.dispatch(ReflectionDispatch.java:24) ~[na:na]
	at org.gradle.internal.remote.internal.hub.MessageHubBackedObjectConnection$DispatchWrapper.dispatch(MessageHubBackedObjectConnection.java:182) ~[na:na]
	at org.gradle.internal.remote.internal.hub.MessageHubBackedObjectConnection$DispatchWrapper.dispatch(MessageHubBackedObjectConnection.java:164) ~[na:na]
	at org.gradle.internal.remote.internal.hub.MessageHub$Handler.run(MessageHub.java:414) ~[na:na]
	at org.gradle.internal.concurrent.ExecutorPolicy$CatchAndRecordFailures.onExecute(ExecutorPolicy.java:64) ~[na:na]
	at org.gradle.internal.concurrent.ManagedExecutorImpl$1.run(ManagedExecutorImpl.java:48) ~[na:na]
	at java.base/java.util.concurrent.ThreadPoolExecutor.runWorker(ThreadPoolExecutor.java:1130) ~[na:na]
	at java.base/java.util.concurrent.ThreadPoolExecutor$Worker.run(ThreadPoolExecutor.java:630) ~[na:na]
	at org.gradle.internal.concurrent.ThreadFactoryImpl$ManagedThreadRunnable.run(ThreadFactoryImpl.java:56) ~[na:na]
	at java.base/java.lang.Thread.run(Thread.java:832) ~[na:na]

2021-03-05 13:20:27.173 DEBUG 21816 --- [    Test worker] o.s.b.f.s.DefaultListableBeanFactory     : Creating shared instance of singleton bean 'servletWebServerFactoryCustomizer'
2021-03-05 13:20:27.174 DEBUG 21816 --- [    Test worker] o.s.b.f.s.DefaultListableBeanFactory     : Creating shared instance of singleton bean 'org.springframework.boot.autoconfigure.web.servlet.ServletWebServerFactoryAutoConfiguration'
2021-03-05 13:20:27.176 DEBUG 21816 --- [    Test worker] o.s.b.f.s.DefaultListableBeanFactory     : Creating shared instance of singleton bean 'server-org.springframework.boot.autoconfigure.web.ServerProperties'
2021-03-05 13:20:27.183 DEBUG 21816 --- [    Test worker] o.s.b.f.s.DefaultListableBeanFactory     : Autowiring by type from bean name 'servletWebServerFactoryCustomizer' via factory method to bean named 'server-org.springframework.boot.autoconfigure.web.ServerProperties'
2021-03-05 13:20:27.186 DEBUG 21816 --- [    Test worker] o.s.b.f.s.DefaultListableBeanFactory     : Creating shared instance of singleton bean 'tomcatServletWebServerFactoryCustomizer'
2021-03-05 13:20:27.186 DEBUG 21816 --- [    Test worker] o.s.b.f.s.DefaultListableBeanFactory     : Autowiring by type from bean name 'tomcatServletWebServerFactoryCustomizer' via factory method to bean named 'server-org.springframework.boot.autoconfigure.web.ServerProperties'
2021-03-05 13:20:27.188 DEBUG 21816 --- [    Test worker] o.s.b.f.s.DefaultListableBeanFactory     : Creating shared instance of singleton bean 'tomcatWebServerFactoryCustomizer'
2021-03-05 13:20:27.188 DEBUG 21816 --- [    Test worker] o.s.b.f.s.DefaultListableBeanFactory     : Creating shared instance of singleton bean 'org.springframework.boot.autoconfigure.web.embedded.EmbeddedWebServerFactoryCustomizerAutoConfiguration$TomcatWebServerFactoryCustomizerConfiguration'
2021-03-05 13:20:27.189 DEBUG 21816 --- [    Test worker] o.s.b.f.s.DefaultListableBeanFactory     : Autowiring by type from bean name 'tomcatWebServerFactoryCustomizer' via factory method to bean named 'environment'
2021-03-05 13:20:27.189 DEBUG 21816 --- [    Test worker] o.s.b.f.s.DefaultListableBeanFactory     : Autowiring by type from bean name 'tomcatWebServerFactoryCustomizer' via factory method to bean named 'server-org.springframework.boot.autoconfigure.web.ServerProperties'
2021-03-05 13:20:27.192 DEBUG 21816 --- [    Test worker] o.s.b.f.s.DefaultListableBeanFactory     : Creating shared instance of singleton bean 'localeCharsetMappingsCustomizer'
2021-03-05 13:20:27.193 DEBUG 21816 --- [    Test worker] o.s.b.f.s.DefaultListableBeanFactory     : Creating shared instance of singleton bean 'org.springframework.boot.autoconfigure.web.servlet.HttpEncodingAutoConfiguration'
2021-03-05 13:20:27.193 DEBUG 21816 --- [    Test worker] o.s.b.f.s.DefaultListableBeanFactory     : Autowiring by type from bean name 'org.springframework.boot.autoconfigure.web.servlet.HttpEncodingAutoConfiguration' via constructor to bean named 'server-org.springframework.boot.autoconfigure.web.ServerProperties'
2021-03-05 13:20:27.213 DEBUG 21816 --- [    Test worker] o.s.b.f.s.DefaultListableBeanFactory     : Creating shared instance of singleton bean 'errorPageCustomizer'
2021-03-05 13:20:27.214 DEBUG 21816 --- [    Test worker] o.s.b.f.s.DefaultListableBeanFactory     : Creating shared instance of singleton bean 'org.springframework.boot.autoconfigure.web.servlet.error.ErrorMvcAutoConfiguration'
2021-03-05 13:20:27.214 DEBUG 21816 --- [    Test worker] o.s.b.f.s.DefaultListableBeanFactory     : Autowiring by type from bean name 'org.springframework.boot.autoconfigure.web.servlet.error.ErrorMvcAutoConfiguration' via constructor to bean named 'server-org.springframework.boot.autoconfigure.web.ServerProperties'
2021-03-05 13:20:27.216 DEBUG 21816 --- [    Test worker] o.s.b.f.s.DefaultListableBeanFactory     : Creating shared instance of singleton bean 'dispatcherServletRegistration'
2021-03-05 13:20:27.216 DEBUG 21816 --- [    Test worker] o.s.b.f.s.DefaultListableBeanFactory     : Creating shared instance of singleton bean 'org.springframework.boot.autoconfigure.web.servlet.DispatcherServletAutoConfiguration$DispatcherServletRegistrationConfiguration'
2021-03-05 13:20:27.218 DEBUG 21816 --- [    Test worker] o.s.b.f.s.DefaultListableBeanFactory     : Creating shared instance of singleton bean 'dispatcherServlet'
2021-03-05 13:20:27.218 DEBUG 21816 --- [    Test worker] o.s.b.f.s.DefaultListableBeanFactory     : Creating shared instance of singleton bean 'org.springframework.boot.autoconfigure.web.servlet.DispatcherServletAutoConfiguration$DispatcherServletConfiguration'
2021-03-05 13:20:27.220 DEBUG 21816 --- [    Test worker] o.s.b.f.s.DefaultListableBeanFactory     : Autowiring by type from bean name 'dispatcherServlet' via factory method to bean named 'spring.mvc-org.springframework.boot.autoconfigure.web.servlet.WebMvcProperties'
2021-03-05 13:20:27.237 DEBUG 21816 --- [    Test worker] o.s.b.f.s.DefaultListableBeanFactory     : Autowiring by type from bean name 'dispatcherServletRegistration' via factory method to bean named 'dispatcherServlet'
2021-03-05 13:20:27.237 DEBUG 21816 --- [    Test worker] o.s.b.f.s.DefaultListableBeanFactory     : Autowiring by type from bean name 'dispatcherServletRegistration' via factory method to bean named 'spring.mvc-org.springframework.boot.autoconfigure.web.servlet.WebMvcProperties'
2021-03-05 13:20:27.239 DEBUG 21816 --- [    Test worker] o.s.b.f.s.DefaultListableBeanFactory     : Creating shared instance of singleton bean 'multipartConfigElement'
2021-03-05 13:20:27.239 DEBUG 21816 --- [    Test worker] o.s.b.f.s.DefaultListableBeanFactory     : Creating shared instance of singleton bean 'org.springframework.boot.autoconfigure.web.servlet.MultipartAutoConfiguration'
2021-03-05 13:20:27.240 DEBUG 21816 --- [    Test worker] o.s.b.f.s.DefaultListableBeanFactory     : Creating shared instance of singleton bean 'spring.servlet.multipart-org.springframework.boot.autoconfigure.web.servlet.MultipartProperties'
2021-03-05 13:20:27.243 DEBUG 21816 --- [    Test worker] o.s.b.f.s.DefaultListableBeanFactory     : Autowiring by type from bean name 'org.springframework.boot.autoconfigure.web.servlet.MultipartAutoConfiguration' via constructor to bean named 'spring.servlet.multipart-org.springframework.boot.autoconfigure.web.servlet.MultipartProperties'
2021-03-05 13:20:27.255 DEBUG 21816 --- [    Test worker] o.s.b.f.s.DefaultListableBeanFactory     : Autowiring by type from bean name 'errorPageCustomizer' via factory method to bean named 'dispatcherServletRegistration'
2021-03-05 13:20:27.258 DEBUG 21816 --- [    Test worker] o.s.b.f.s.DefaultListableBeanFactory     : Creating shared instance of singleton bean 'org.springframework.boot.context.properties.EnableConfigurationPropertiesRegistrar.methodValidationExcludeFilter'
2021-03-05 13:20:27.261 DEBUG 21816 --- [    Test worker] o.s.b.f.s.DefaultListableBeanFactory     : Creating shared instance of singleton bean 'org.springframework.boot.autoconfigure.web.servlet.DispatcherServletAutoConfiguration'
2021-03-05 13:20:27.262 DEBUG 21816 --- [    Test worker] o.s.b.f.s.DefaultListableBeanFactory     : Creating shared instance of singleton bean 'org.springframework.boot.autoconfigure.task.TaskExecutionAutoConfiguration'
2021-03-05 13:20:27.264 DEBUG 21816 --- [    Test worker] o.s.b.f.s.DefaultListableBeanFactory     : Creating shared instance of singleton bean 'taskExecutorBuilder'
2021-03-05 13:20:27.264 DEBUG 21816 --- [    Test worker] o.s.b.f.s.DefaultListableBeanFactory     : Creating shared instance of singleton bean 'spring.task.execution-org.springframework.boot.autoconfigure.task.TaskExecutionProperties'
2021-03-05 13:20:27.267 DEBUG 21816 --- [    Test worker] o.s.b.f.s.DefaultListableBeanFactory     : Autowiring by type from bean name 'taskExecutorBuilder' via factory method to bean named 'spring.task.execution-org.springframework.boot.autoconfigure.task.TaskExecutionProperties'
2021-03-05 13:20:27.270 DEBUG 21816 --- [    Test worker] o.s.b.f.s.DefaultListableBeanFactory     : Creating shared instance of singleton bean 'org.springframework.boot.autoconfigure.web.servlet.error.ErrorMvcAutoConfiguration$WhitelabelErrorViewConfiguration'
2021-03-05 13:20:27.272 DEBUG 21816 --- [    Test worker] o.s.b.f.s.DefaultListableBeanFactory     : Creating shared instance of singleton bean 'error'
2021-03-05 13:20:27.273 DEBUG 21816 --- [    Test worker] o.s.b.f.s.DefaultListableBeanFactory     : Creating shared instance of singleton bean 'beanNameViewResolver'
2021-03-05 13:20:27.279 DEBUG 21816 --- [    Test worker] o.s.b.f.s.DefaultListableBeanFactory     : Creating shared instance of singleton bean 'org.springframework.boot.autoconfigure.web.servlet.error.ErrorMvcAutoConfiguration$DefaultErrorViewResolverConfiguration'
2021-03-05 13:20:27.279 DEBUG 21816 --- [    Test worker] o.s.b.f.s.DefaultListableBeanFactory     : Autowiring by type from bean name 'org.springframework.boot.autoconfigure.web.servlet.error.ErrorMvcAutoConfiguration$DefaultErrorViewResolverConfiguration' via constructor to bean named 'org.springframework.web.context.support.GenericWebApplicationContext@57c0baab'
2021-03-05 13:20:27.279 DEBUG 21816 --- [    Test worker] o.s.b.f.s.DefaultListableBeanFactory     : Autowiring by type from bean name 'org.springframework.boot.autoconfigure.web.servlet.error.ErrorMvcAutoConfiguration$DefaultErrorViewResolverConfiguration' via constructor to bean named 'spring.resources-org.springframework.boot.autoconfigure.web.ResourceProperties'
2021-03-05 13:20:27.279 DEBUG 21816 --- [    Test worker] o.s.b.f.s.DefaultListableBeanFactory     : Autowiring by type from bean name 'org.springframework.boot.autoconfigure.web.servlet.error.ErrorMvcAutoConfiguration$DefaultErrorViewResolverConfiguration' via constructor to bean named 'spring.web-org.springframework.boot.autoconfigure.web.WebProperties'
2021-03-05 13:20:27.280 DEBUG 21816 --- [    Test worker] o.s.b.f.s.DefaultListableBeanFactory     : Creating shared instance of singleton bean 'conventionErrorViewResolver'
2021-03-05 13:20:27.284 DEBUG 21816 --- [    Test worker] o.s.b.f.s.DefaultListableBeanFactory     : Creating shared instance of singleton bean 'errorAttributes'
2021-03-05 13:20:27.287 DEBUG 21816 --- [    Test worker] o.s.b.f.s.DefaultListableBeanFactory     : Creating shared instance of singleton bean 'basicErrorController'
2021-03-05 13:20:27.288 DEBUG 21816 --- [    Test worker] o.s.b.f.s.DefaultListableBeanFactory     : Autowiring by type from bean name 'basicErrorController' via factory method to bean named 'errorAttributes'
2021-03-05 13:20:27.292 DEBUG 21816 --- [    Test worker] o.s.b.f.s.DefaultListableBeanFactory     : Creating shared instance of singleton bean 'requestMappingHandlerAdapter'
2021-03-05 13:20:27.293 DEBUG 21816 --- [    Test worker] o.s.b.f.s.DefaultListableBeanFactory     : Creating shared instance of singleton bean 'mvcConversionService'
2021-03-05 13:20:27.305 DEBUG 21816 --- [    Test worker] o.s.b.f.s.DefaultListableBeanFactory     : Creating shared instance of singleton bean 'mvcValidator'
2021-03-05 13:20:27.307 DEBUG 21816 --- [    Test worker] o.s.b.f.s.DefaultListableBeanFactory     : Autowiring by type from bean name 'requestMappingHandlerAdapter' via factory method to bean named 'mvcContentNegotiationManager'
2021-03-05 13:20:27.307 DEBUG 21816 --- [    Test worker] o.s.b.f.s.DefaultListableBeanFactory     : Autowiring by type from bean name 'requestMappingHandlerAdapter' via factory method to bean named 'mvcConversionService'
2021-03-05 13:20:27.307 DEBUG 21816 --- [    Test worker] o.s.b.f.s.DefaultListableBeanFactory     : Autowiring by type from bean name 'requestMappingHandlerAdapter' via factory method to bean named 'mvcValidator'
2021-03-05 13:20:27.310 DEBUG 21816 --- [    Test worker] o.s.b.f.s.DefaultListableBeanFactory     : Autowiring by type from bean name 'requestMappingHandlerAdapter' via factory method to bean named 'mvcContentNegotiationManager'
2021-03-05 13:20:27.310 DEBUG 21816 --- [    Test worker] o.s.b.f.s.DefaultListableBeanFactory     : Autowiring by type from bean name 'requestMappingHandlerAdapter' via factory method to bean named 'mvcConversionService'
2021-03-05 13:20:27.310 DEBUG 21816 --- [    Test worker] o.s.b.f.s.DefaultListableBeanFactory     : Autowiring by type from bean name 'requestMappingHandlerAdapter' via factory method to bean named 'mvcValidator'
2021-03-05 13:20:27.319 DEBUG 21816 --- [    Test worker] o.s.b.f.s.DefaultListableBeanFactory     : Creating shared instance of singleton bean 'messageConverters'
2021-03-05 13:20:27.319 DEBUG 21816 --- [    Test worker] o.s.b.f.s.DefaultListableBeanFactory     : Creating shared instance of singleton bean 'org.springframework.boot.autoconfigure.http.HttpMessageConvertersAutoConfiguration'
2021-03-05 13:20:27.323 DEBUG 21816 --- [    Test worker] o.s.b.f.s.DefaultListableBeanFactory     : Creating shared instance of singleton bean 'stringHttpMessageConverter'
2021-03-05 13:20:27.323 DEBUG 21816 --- [    Test worker] o.s.b.f.s.DefaultListableBeanFactory     : Creating shared instance of singleton bean 'org.springframework.boot.autoconfigure.http.HttpMessageConvertersAutoConfiguration$StringHttpMessageConverterConfiguration'
2021-03-05 13:20:27.324 DEBUG 21816 --- [    Test worker] o.s.b.f.s.DefaultListableBeanFactory     : Autowiring by type from bean name 'stringHttpMessageConverter' via factory method to bean named 'environment'
2021-03-05 13:20:27.332 DEBUG 21816 --- [    Test worker] o.s.b.f.s.DefaultListableBeanFactory     : Creating shared instance of singleton bean 'mappingJackson2HttpMessageConverter'
2021-03-05 13:20:27.332 DEBUG 21816 --- [    Test worker] o.s.b.f.s.DefaultListableBeanFactory     : Creating shared instance of singleton bean 'org.springframework.boot.autoconfigure.http.JacksonHttpMessageConvertersConfiguration$MappingJackson2HttpMessageConverterConfiguration'
2021-03-05 13:20:27.334 DEBUG 21816 --- [    Test worker] o.s.b.f.s.DefaultListableBeanFactory     : Creating shared instance of singleton bean 'jacksonObjectMapper'
2021-03-05 13:20:27.334 DEBUG 21816 --- [    Test worker] o.s.b.f.s.DefaultListableBeanFactory     : Creating shared instance of singleton bean 'org.springframework.boot.autoconfigure.jackson.JacksonAutoConfiguration$JacksonObjectMapperConfiguration'
2021-03-05 13:20:27.336 DEBUG 21816 --- [    Test worker] o.s.b.f.s.DefaultListableBeanFactory     : Creating shared instance of singleton bean 'org.springframework.boot.autoconfigure.jackson.JacksonAutoConfiguration$JacksonObjectMapperBuilderConfiguration'
2021-03-05 13:20:27.338 DEBUG 21816 --- [    Test worker] o.s.b.f.s.DefaultListableBeanFactory     : Creating shared instance of singleton bean 'standardJacksonObjectMapperBuilderCustomizer'
2021-03-05 13:20:27.338 DEBUG 21816 --- [    Test worker] o.s.b.f.s.DefaultListableBeanFactory     : Creating shared instance of singleton bean 'org.springframework.boot.autoconfigure.jackson.JacksonAutoConfiguration$Jackson2ObjectMapperBuilderCustomizerConfiguration'
2021-03-05 13:20:27.339 DEBUG 21816 --- [    Test worker] o.s.b.f.s.DefaultListableBeanFactory     : Creating shared instance of singleton bean 'spring.jackson-org.springframework.boot.autoconfigure.jackson.JacksonProperties'
2021-03-05 13:20:27.345 DEBUG 21816 --- [    Test worker] o.s.b.f.s.DefaultListableBeanFactory     : Autowiring by type from bean name 'standardJacksonObjectMapperBuilderCustomizer' via factory method to bean named 'org.springframework.web.context.support.GenericWebApplicationContext@57c0baab'
2021-03-05 13:20:27.345 DEBUG 21816 --- [    Test worker] o.s.b.f.s.DefaultListableBeanFactory     : Autowiring by type from bean name 'standardJacksonObjectMapperBuilderCustomizer' via factory method to bean named 'spring.jackson-org.springframework.boot.autoconfigure.jackson.JacksonProperties'
2021-03-05 13:20:27.348 DEBUG 21816 --- [    Test worker] o.s.b.f.s.DefaultListableBeanFactory     : Autowiring by type from bean name 'jacksonObjectMapperBuilder' via factory method to bean named 'org.springframework.web.context.support.GenericWebApplicationContext@57c0baab'
2021-03-05 13:20:27.348 DEBUG 21816 --- [    Test worker] o.s.b.f.s.DefaultListableBeanFactory     : Autowiring by type from bean name 'jacksonObjectMapperBuilder' via factory method to bean named 'standardJacksonObjectMapperBuilderCustomizer'
2021-03-05 13:20:27.349 DEBUG 21816 --- [    Test worker] o.s.b.f.s.DefaultListableBeanFactory     : Creating shared instance of singleton bean 'parameterNamesModule'
2021-03-05 13:20:27.350 DEBUG 21816 --- [    Test worker] o.s.b.f.s.DefaultListableBeanFactory     : Creating shared instance of singleton bean 'org.springframework.boot.autoconfigure.jackson.JacksonAutoConfiguration$ParameterNamesModuleConfiguration'
2021-03-05 13:20:27.367 DEBUG 21816 --- [    Test worker] o.s.b.f.s.DefaultListableBeanFactory     : Creating shared instance of singleton bean 'jsonComponentModule'
2021-03-05 13:20:27.367 DEBUG 21816 --- [    Test worker] o.s.b.f.s.DefaultListableBeanFactory     : Creating shared instance of singleton bean 'org.springframework.boot.autoconfigure.jackson.JacksonAutoConfiguration'
2021-03-05 13:20:27.377 DEBUG 21816 --- [    Test worker] o.s.b.f.s.DefaultListableBeanFactory     : Creating shared instance of singleton bean 'jacksonGeoModule'
2021-03-05 13:20:27.377 DEBUG 21816 --- [    Test worker] o.s.b.f.s.DefaultListableBeanFactory     : Creating shared instance of singleton bean 'org.springframework.data.web.config.SpringDataJacksonConfiguration'
2021-03-05 13:20:27.385 DEBUG 21816 --- [    Test worker] o.s.b.f.s.DefaultListableBeanFactory     : Autowiring by type from bean name 'jacksonObjectMapper' via factory method to bean named 'jacksonObjectMapperBuilder'
2021-03-05 13:20:27.408 DEBUG 21816 --- [    Test worker] o.s.b.f.s.DefaultListableBeanFactory     : Autowiring by type from bean name 'mappingJackson2HttpMessageConverter' via factory method to bean named 'jacksonObjectMapper'
2021-03-05 13:20:27.444 DEBUG 21816 --- [    Test worker] o.s.b.f.s.DefaultListableBeanFactory     : Creating shared instance of singleton bean 'sortResolver'
2021-03-05 13:20:27.450 DEBUG 21816 --- [    Test worker] o.s.b.f.s.DefaultListableBeanFactory     : Creating shared instance of singleton bean 'pageableResolver'
2021-03-05 13:20:27.457 DEBUG 21816 --- [    Test worker] o.s.b.f.s.DefaultListableBeanFactory     : Creating shared instance of singleton bean 'applicationTaskExecutor'
2021-03-05 13:20:27.458 DEBUG 21816 --- [    Test worker] o.s.b.f.s.DefaultListableBeanFactory     : Autowiring by type from bean name 'applicationTaskExecutor' via factory method to bean named 'taskExecutorBuilder'
2021-03-05 13:20:27.468  INFO 21816 --- [    Test worker] o.s.s.concurrent.ThreadPoolTaskExecutor  : Initializing ExecutorService 'applicationTaskExecutor'
2021-03-05 13:20:27.481 DEBUG 21816 --- [    Test worker] s.w.s.m.m.a.RequestMappingHandlerAdapter : ControllerAdvice beans: 0 @ModelAttribute, 0 @InitBinder, 1 RequestBodyAdvice, 1 ResponseBodyAdvice
2021-03-05 13:20:27.509 DEBUG 21816 --- [    Test worker] o.s.b.f.s.DefaultListableBeanFactory     : Creating shared instance of singleton bean 'requestMappingHandlerMapping'
2021-03-05 13:20:27.510 DEBUG 21816 --- [    Test worker] o.s.b.f.s.DefaultListableBeanFactory     : Creating shared instance of singleton bean 'mvcResourceUrlProvider'
2021-03-05 13:20:27.519 DEBUG 21816 --- [    Test worker] o.s.b.f.s.DefaultListableBeanFactory     : Autowiring by type from bean name 'requestMappingHandlerMapping' via factory method to bean named 'mvcContentNegotiationManager'
2021-03-05 13:20:27.519 DEBUG 21816 --- [    Test worker] o.s.b.f.s.DefaultListableBeanFactory     : Autowiring by type from bean name 'requestMappingHandlerMapping' via factory method to bean named 'mvcConversionService'
2021-03-05 13:20:27.519 DEBUG 21816 --- [    Test worker] o.s.b.f.s.DefaultListableBeanFactory     : Autowiring by type from bean name 'requestMappingHandlerMapping' via factory method to bean named 'mvcResourceUrlProvider'
2021-03-05 13:20:27.519 DEBUG 21816 --- [    Test worker] o.s.b.f.s.DefaultListableBeanFactory     : Autowiring by type from bean name 'requestMappingHandlerMapping' via factory method to bean named 'mvcContentNegotiationManager'
2021-03-05 13:20:27.519 DEBUG 21816 --- [    Test worker] o.s.b.f.s.DefaultListableBeanFactory     : Autowiring by type from bean name 'requestMappingHandlerMapping' via factory method to bean named 'mvcConversionService'
2021-03-05 13:20:27.519 DEBUG 21816 --- [    Test worker] o.s.b.f.s.DefaultListableBeanFactory     : Autowiring by type from bean name 'requestMappingHandlerMapping' via factory method to bean named 'mvcResourceUrlProvider'
2021-03-05 13:20:27.558 DEBUG 21816 --- [    Test worker] s.w.s.m.m.a.RequestMappingHandlerMapping : 11 mappings in 'requestMappingHandlerMapping'
2021-03-05 13:20:27.560 DEBUG 21816 --- [    Test worker] o.s.b.f.s.DefaultListableBeanFactory     : Creating shared instance of singleton bean 'welcomePageHandlerMapping'
2021-03-05 13:20:27.560 DEBUG 21816 --- [    Test worker] o.s.b.f.s.DefaultListableBeanFactory     : Autowiring by type from bean name 'welcomePageHandlerMapping' via factory method to bean named 'org.springframework.web.context.support.GenericWebApplicationContext@57c0baab'
2021-03-05 13:20:27.560 DEBUG 21816 --- [    Test worker] o.s.b.f.s.DefaultListableBeanFactory     : Autowiring by type from bean name 'welcomePageHandlerMapping' via factory method to bean named 'mvcConversionService'
2021-03-05 13:20:27.560 DEBUG 21816 --- [    Test worker] o.s.b.f.s.DefaultListableBeanFactory     : Autowiring by type from bean name 'welcomePageHandlerMapping' via factory method to bean named 'mvcResourceUrlProvider'
2021-03-05 13:20:27.573 DEBUG 21816 --- [    Test worker] o.s.b.f.s.DefaultListableBeanFactory     : Creating shared instance of singleton bean 'localeResolver'
2021-03-05 13:20:27.576 DEBUG 21816 --- [    Test worker] o.s.b.f.s.DefaultListableBeanFactory     : Creating shared instance of singleton bean 'themeResolver'
2021-03-05 13:20:27.578 DEBUG 21816 --- [    Test worker] o.s.b.f.s.DefaultListableBeanFactory     : Creating shared instance of singleton bean 'flashMapManager'
2021-03-05 13:20:27.582 DEBUG 21816 --- [    Test worker] o.s.b.f.s.DefaultListableBeanFactory     : Creating shared instance of singleton bean 'mvcPatternParser'
2021-03-05 13:20:27.583 DEBUG 21816 --- [    Test worker] o.s.b.f.s.DefaultListableBeanFactory     : Creating shared instance of singleton bean 'mvcUrlPathHelper'
2021-03-05 13:20:27.585 DEBUG 21816 --- [    Test worker] o.s.b.f.s.DefaultListableBeanFactory     : Creating shared instance of singleton bean 'mvcPathMatcher'
2021-03-05 13:20:27.587 DEBUG 21816 --- [    Test worker] o.s.b.f.s.DefaultListableBeanFactory     : Creating shared instance of singleton bean 'viewControllerHandlerMapping'
2021-03-05 13:20:27.588 DEBUG 21816 --- [    Test worker] o.s.b.f.s.DefaultListableBeanFactory     : Autowiring by type from bean name 'viewControllerHandlerMapping' via factory method to bean named 'mvcConversionService'
2021-03-05 13:20:27.588 DEBUG 21816 --- [    Test worker] o.s.b.f.s.DefaultListableBeanFactory     : Autowiring by type from bean name 'viewControllerHandlerMapping' via factory method to bean named 'mvcResourceUrlProvider'
2021-03-05 13:20:27.589 DEBUG 21816 --- [    Test worker] o.s.b.f.s.DefaultListableBeanFactory     : Creating shared instance of singleton bean 'beanNameHandlerMapping'
2021-03-05 13:20:27.590 DEBUG 21816 --- [    Test worker] o.s.b.f.s.DefaultListableBeanFactory     : Autowiring by type from bean name 'beanNameHandlerMapping' via factory method to bean named 'mvcConversionService'
2021-03-05 13:20:27.590 DEBUG 21816 --- [    Test worker] o.s.b.f.s.DefaultListableBeanFactory     : Autowiring by type from bean name 'beanNameHandlerMapping' via factory method to bean named 'mvcResourceUrlProvider'
2021-03-05 13:20:27.601 DEBUG 21816 --- [    Test worker] o.s.b.f.s.DefaultListableBeanFactory     : Creating shared instance of singleton bean 'routerFunctionMapping'
2021-03-05 13:20:27.602 DEBUG 21816 --- [    Test worker] o.s.b.f.s.DefaultListableBeanFactory     : Autowiring by type from bean name 'routerFunctionMapping' via factory method to bean named 'mvcConversionService'
2021-03-05 13:20:27.602 DEBUG 21816 --- [    Test worker] o.s.b.f.s.DefaultListableBeanFactory     : Autowiring by type from bean name 'routerFunctionMapping' via factory method to bean named 'mvcResourceUrlProvider'
2021-03-05 13:20:27.610 DEBUG 21816 --- [    Test worker] o.s.b.f.s.DefaultListableBeanFactory     : Creating shared instance of singleton bean 'resourceHandlerMapping'
2021-03-05 13:20:27.611 DEBUG 21816 --- [    Test worker] o.s.b.f.s.DefaultListableBeanFactory     : Autowiring by type from bean name 'resourceHandlerMapping' via factory method to bean named 'mvcContentNegotiationManager'
2021-03-05 13:20:27.611 DEBUG 21816 --- [    Test worker] o.s.b.f.s.DefaultListableBeanFactory     : Autowiring by type from bean name 'resourceHandlerMapping' via factory method to bean named 'mvcConversionService'
2021-03-05 13:20:27.611 DEBUG 21816 --- [    Test worker] o.s.b.f.s.DefaultListableBeanFactory     : Autowiring by type from bean name 'resourceHandlerMapping' via factory method to bean named 'mvcResourceUrlProvider'
2021-03-05 13:20:27.622 DEBUG 21816 --- [    Test worker] o.s.w.s.handler.SimpleUrlHandlerMapping  : Patterns [/webjars/**, /**] in 'resourceHandlerMapping'
2021-03-05 13:20:27.623 DEBUG 21816 --- [    Test worker] o.s.b.f.s.DefaultListableBeanFactory     : Creating shared instance of singleton bean 'defaultServletHandlerMapping'
2021-03-05 13:20:27.623 DEBUG 21816 --- [    Test worker] o.s.b.f.s.DefaultListableBeanFactory     : Creating shared instance of singleton bean 'handlerFunctionAdapter'
2021-03-05 13:20:27.626 DEBUG 21816 --- [    Test worker] o.s.b.f.s.DefaultListableBeanFactory     : Creating shared instance of singleton bean 'mvcUriComponentsContributor'
2021-03-05 13:20:27.628 DEBUG 21816 --- [    Test worker] o.s.b.f.s.DefaultListableBeanFactory     : Autowiring by type from bean name 'mvcUriComponentsContributor' via factory method to bean named 'mvcConversionService'
2021-03-05 13:20:27.628 DEBUG 21816 --- [    Test worker] o.s.b.f.s.DefaultListableBeanFactory     : Autowiring by type from bean name 'mvcUriComponentsContributor' via factory method to bean named 'requestMappingHandlerAdapter'
2021-03-05 13:20:27.632 DEBUG 21816 --- [    Test worker] o.s.b.f.s.DefaultListableBeanFactory     : Creating shared instance of singleton bean 'httpRequestHandlerAdapter'
2021-03-05 13:20:27.634 DEBUG 21816 --- [    Test worker] o.s.b.f.s.DefaultListableBeanFactory     : Creating shared instance of singleton bean 'simpleControllerHandlerAdapter'
2021-03-05 13:20:27.636 DEBUG 21816 --- [    Test worker] o.s.b.f.s.DefaultListableBeanFactory     : Creating shared instance of singleton bean 'handlerExceptionResolver'
2021-03-05 13:20:27.637 DEBUG 21816 --- [    Test worker] o.s.b.f.s.DefaultListableBeanFactory     : Autowiring by type from bean name 'handlerExceptionResolver' via factory method to bean named 'mvcContentNegotiationManager'
2021-03-05 13:20:27.640 DEBUG 21816 --- [    Test worker] .m.m.a.ExceptionHandlerExceptionResolver : ControllerAdvice beans: 0 @ExceptionHandler, 1 ResponseBodyAdvice
2021-03-05 13:20:27.643 DEBUG 21816 --- [    Test worker] o.s.b.f.s.DefaultListableBeanFactory     : Creating shared instance of singleton bean 'mvcViewResolver'
2021-03-05 13:20:27.644 DEBUG 21816 --- [    Test worker] o.s.b.f.s.DefaultListableBeanFactory     : Autowiring by type from bean name 'mvcViewResolver' via factory method to bean named 'mvcContentNegotiationManager'
2021-03-05 13:20:27.649 DEBUG 21816 --- [    Test worker] o.s.b.f.s.DefaultListableBeanFactory     : Creating shared instance of singleton bean 'viewNameTranslator'
2021-03-05 13:20:27.653 DEBUG 21816 --- [    Test worker] o.s.b.f.s.DefaultListableBeanFactory     : Creating shared instance of singleton bean 'defaultViewResolver'
2021-03-05 13:20:27.661 DEBUG 21816 --- [    Test worker] o.s.b.f.s.DefaultListableBeanFactory     : Creating shared instance of singleton bean 'viewResolver'
2021-03-05 13:20:27.663 DEBUG 21816 --- [    Test worker] o.s.b.f.s.DefaultListableBeanFactory     : Autowiring by type from bean name 'viewResolver' via factory method to bean named 'org.springframework.beans.factory.support.DefaultListableBeanFactory@741405dd'
2021-03-05 13:20:27.668 DEBUG 21816 --- [    Test worker] o.s.b.f.s.DefaultListableBeanFactory     : Creating shared instance of singleton bean 'thymeleafViewResolver'
2021-03-05 13:20:27.668 DEBUG 21816 --- [    Test worker] o.s.b.f.s.DefaultListableBeanFactory     : Creating shared instance of singleton bean 'org.springframework.boot.autoconfigure.thymeleaf.ThymeleafAutoConfiguration$ThymeleafWebMvcConfiguration$ThymeleafViewResolverConfiguration'
2021-03-05 13:20:27.669 DEBUG 21816 --- [    Test worker] o.s.b.f.s.DefaultListableBeanFactory     : Creating shared instance of singleton bean 'spring.thymeleaf-org.springframework.boot.autoconfigure.thymeleaf.ThymeleafProperties'
2021-03-05 13:20:27.674 DEBUG 21816 --- [    Test worker] o.s.b.f.s.DefaultListableBeanFactory     : Creating shared instance of singleton bean 'templateEngine'
2021-03-05 13:20:27.674 DEBUG 21816 --- [    Test worker] o.s.b.f.s.DefaultListableBeanFactory     : Creating shared instance of singleton bean 'org.springframework.boot.autoconfigure.thymeleaf.ThymeleafAutoConfiguration$ThymeleafDefaultConfiguration'
2021-03-05 13:20:27.675 DEBUG 21816 --- [    Test worker] o.s.b.f.s.DefaultListableBeanFactory     : Autowiring by type from bean name 'templateEngine' via factory method to bean named 'spring.thymeleaf-org.springframework.boot.autoconfigure.thymeleaf.ThymeleafProperties'
2021-03-05 13:20:27.684 DEBUG 21816 --- [    Test worker] o.s.b.f.s.DefaultListableBeanFactory     : Creating shared instance of singleton bean 'defaultTemplateResolver'
2021-03-05 13:20:27.685 DEBUG 21816 --- [    Test worker] o.s.b.f.s.DefaultListableBeanFactory     : Creating shared instance of singleton bean 'org.springframework.boot.autoconfigure.thymeleaf.ThymeleafAutoConfiguration$DefaultTemplateResolverConfiguration'
2021-03-05 13:20:27.685 DEBUG 21816 --- [    Test worker] o.s.b.f.s.DefaultListableBeanFactory     : Autowiring by type from bean name 'org.springframework.boot.autoconfigure.thymeleaf.ThymeleafAutoConfiguration$DefaultTemplateResolverConfiguration' via constructor to bean named 'spring.thymeleaf-org.springframework.boot.autoconfigure.thymeleaf.ThymeleafProperties'
2021-03-05 13:20:27.685 DEBUG 21816 --- [    Test worker] o.s.b.f.s.DefaultListableBeanFactory     : Autowiring by type from bean name 'org.springframework.boot.autoconfigure.thymeleaf.ThymeleafAutoConfiguration$DefaultTemplateResolverConfiguration' via constructor to bean named 'org.springframework.web.context.support.GenericWebApplicationContext@57c0baab'
2021-03-05 13:20:27.693 DEBUG 21816 --- [    Test worker] o.s.b.f.s.DefaultListableBeanFactory     : Creating shared instance of singleton bean 'java8TimeDialect'
2021-03-05 13:20:27.693 DEBUG 21816 --- [    Test worker] o.s.b.f.s.DefaultListableBeanFactory     : Creating shared instance of singleton bean 'org.springframework.boot.autoconfigure.thymeleaf.ThymeleafAutoConfiguration$ThymeleafJava8TimeDialect'
2021-03-05 13:20:27.697 DEBUG 21816 --- [    Test worker] o.s.b.f.s.DefaultListableBeanFactory     : Creating shared instance of singleton bean 'securityDialect'
2021-03-05 13:20:27.697 DEBUG 21816 --- [    Test worker] o.s.b.f.s.DefaultListableBeanFactory     : Creating shared instance of singleton bean 'org.springframework.boot.autoconfigure.thymeleaf.ThymeleafAutoConfiguration$ThymeleafSecurityDialectConfiguration'
2021-03-05 13:20:27.709 DEBUG 21816 --- [    Test worker] o.s.b.f.s.DefaultListableBeanFactory     : Autowiring by type from bean name 'thymeleafViewResolver' via factory method to bean named 'spring.thymeleaf-org.springframework.boot.autoconfigure.thymeleaf.ThymeleafProperties'
2021-03-05 13:20:27.709 DEBUG 21816 --- [    Test worker] o.s.b.f.s.DefaultListableBeanFactory     : Autowiring by type from bean name 'thymeleafViewResolver' via factory method to bean named 'templateEngine'
2021-03-05 13:20:27.716 DEBUG 21816 --- [    Test worker] o.s.b.f.s.DefaultListableBeanFactory     : Creating shared instance of singleton bean 'requestContextFilter'
2021-03-05 13:20:27.723 DEBUG 21816 --- [    Test worker] o.s.b.f.s.DefaultListableBeanFactory     : Creating shared instance of singleton bean 'org.springframework.boot.autoconfigure.web.servlet.WebMvcAutoConfiguration'
2021-03-05 13:20:27.724 DEBUG 21816 --- [    Test worker] o.s.b.f.s.DefaultListableBeanFactory     : Creating shared instance of singleton bean 'formContentFilter'
2021-03-05 13:20:27.732 DEBUG 21816 --- [    Test worker] o.s.b.f.s.DefaultListableBeanFactory     : Creating shared instance of singleton bean 'org.springframework.boot.autoconfigure.aop.AopAutoConfiguration$AspectJAutoProxyingConfiguration$CglibAutoProxyConfiguration'
2021-03-05 13:20:27.733 DEBUG 21816 --- [    Test worker] o.s.b.f.s.DefaultListableBeanFactory     : Creating shared instance of singleton bean 'org.springframework.boot.autoconfigure.aop.AopAutoConfiguration$AspectJAutoProxyingConfiguration'
2021-03-05 13:20:27.734 DEBUG 21816 --- [    Test worker] o.s.b.f.s.DefaultListableBeanFactory     : Creating shared instance of singleton bean 'org.springframework.boot.autoconfigure.aop.AopAutoConfiguration'
2021-03-05 13:20:27.735 DEBUG 21816 --- [    Test worker] o.s.b.f.s.DefaultListableBeanFactory     : Creating shared instance of singleton bean 'org.springframework.boot.autoconfigure.availability.ApplicationAvailabilityAutoConfiguration'
2021-03-05 13:20:27.736 DEBUG 21816 --- [    Test worker] o.s.b.f.s.DefaultListableBeanFactory     : Creating shared instance of singleton bean 'applicationAvailability'
2021-03-05 13:20:27.740 DEBUG 21816 --- [    Test worker] o.s.b.f.s.DefaultListableBeanFactory     : Creating shared instance of singleton bean 'org.springframework.boot.autoconfigure.transaction.jta.JtaAutoConfiguration'
2021-03-05 13:20:27.741 DEBUG 21816 --- [    Test worker] o.s.b.f.s.DefaultListableBeanFactory     : Creating shared instance of singleton bean 'org.springframework.boot.autoconfigure.jdbc.DataSourceAutoConfiguration$PooledDataSourceConfiguration'
2021-03-05 13:20:27.743 DEBUG 21816 --- [    Test worker] o.s.b.f.s.DefaultListableBeanFactory     : Creating shared instance of singleton bean 'org.springframework.boot.autoconfigure.jdbc.metadata.DataSourcePoolMetadataProvidersConfiguration'
2021-03-05 13:20:27.744 DEBUG 21816 --- [    Test worker] o.s.b.f.s.DefaultListableBeanFactory     : Creating shared instance of singleton bean 'org.springframework.boot.autoconfigure.jdbc.DataSourceInitializationConfiguration'
2021-03-05 13:20:27.745 DEBUG 21816 --- [    Test worker] o.s.b.f.s.DefaultListableBeanFactory     : Creating shared instance of singleton bean 'org.springframework.boot.autoconfigure.jdbc.DataSourceAutoConfiguration'
2021-03-05 13:20:27.745 DEBUG 21816 --- [    Test worker] o.s.b.f.s.DefaultListableBeanFactory     : Creating shared instance of singleton bean 'transactionManager'
2021-03-05 13:20:27.748 DEBUG 21816 --- [    Test worker] o.s.b.f.s.DefaultListableBeanFactory     : Creating shared instance of singleton bean 'platformTransactionManagerCustomizers'
2021-03-05 13:20:27.748 DEBUG 21816 --- [    Test worker] o.s.b.f.s.DefaultListableBeanFactory     : Creating shared instance of singleton bean 'org.springframework.boot.autoconfigure.transaction.TransactionAutoConfiguration'
2021-03-05 13:20:27.751 DEBUG 21816 --- [    Test worker] o.s.b.f.s.DefaultListableBeanFactory     : Creating shared instance of singleton bean 'spring.transaction-org.springframework.boot.autoconfigure.transaction.TransactionProperties'
2021-03-05 13:20:27.761 DEBUG 21816 --- [    Test worker] o.s.b.f.s.DefaultListableBeanFactory     : Creating shared instance of singleton bean 'org.springframework.boot.autoconfigure.orm.jpa.DataSourceInitializedPublisher$DataSourceInitializationCompletionListener'
2021-03-05 13:20:27.764 DEBUG 21816 --- [    Test worker] o.s.b.f.s.DefaultListableBeanFactory     : Creating shared instance of singleton bean 'org.springframework.boot.autoconfigure.orm.jpa.HibernateJpaAutoConfiguration'
2021-03-05 13:20:27.765 DEBUG 21816 --- [    Test worker] o.s.b.f.s.DefaultListableBeanFactory     : Creating shared instance of singleton bean 'org.springframework.boot.autoconfigure.context.ConfigurationPropertiesAutoConfiguration'
2021-03-05 13:20:27.766 DEBUG 21816 --- [    Test worker] o.s.b.f.s.DefaultListableBeanFactory     : Creating shared instance of singleton bean 'org.springframework.boot.autoconfigure.context.LifecycleAutoConfiguration'
2021-03-05 13:20:27.767 DEBUG 21816 --- [    Test worker] o.s.b.f.s.DefaultListableBeanFactory     : Creating shared instance of singleton bean 'lifecycleProcessor'
2021-03-05 13:20:27.768 DEBUG 21816 --- [    Test worker] o.s.b.f.s.DefaultListableBeanFactory     : Creating shared instance of singleton bean 'spring.lifecycle-org.springframework.boot.autoconfigure.context.LifecycleProperties'
2021-03-05 13:20:27.770 DEBUG 21816 --- [    Test worker] o.s.b.f.s.DefaultListableBeanFactory     : Autowiring by type from bean name 'lifecycleProcessor' via factory method to bean named 'spring.lifecycle-org.springframework.boot.autoconfigure.context.LifecycleProperties'
2021-03-05 13:20:27.773 DEBUG 21816 --- [    Test worker] o.s.b.f.s.DefaultListableBeanFactory     : Creating shared instance of singleton bean 'org.springframework.boot.autoconfigure.dao.PersistenceExceptionTranslationAutoConfiguration'
2021-03-05 13:20:27.774 DEBUG 21816 --- [    Test worker] o.s.b.f.s.DefaultListableBeanFactory     : Creating shared instance of singleton bean 'org.springframework.boot.autoconfigure.data.jpa.JpaRepositoriesAutoConfiguration'
2021-03-05 13:20:27.774 DEBUG 21816 --- [    Test worker] o.s.b.f.s.DefaultListableBeanFactory     : Creating shared instance of singleton bean 'org.springframework.data.jpa.util.JpaMetamodelCacheCleanup'
2021-03-05 13:20:27.778 DEBUG 21816 --- [    Test worker] o.s.b.f.s.DefaultListableBeanFactory     : Creating shared instance of singleton bean 'org.springframework.data.jpa.repository.support.JpaEvaluationContextExtension'
2021-03-05 13:20:27.782 DEBUG 21816 --- [    Test worker] o.s.b.f.s.DefaultListableBeanFactory     : Creating shared instance of singleton bean 'org.springframework.boot.autoconfigure.http.JacksonHttpMessageConvertersConfiguration'
2021-03-05 13:20:27.783 DEBUG 21816 --- [    Test worker] o.s.b.f.s.DefaultListableBeanFactory     : Creating shared instance of singleton bean 'org.springframework.data.web.config.ProjectingArgumentResolverRegistrar'
2021-03-05 13:20:27.784 DEBUG 21816 --- [    Test worker] o.s.b.f.s.DefaultListableBeanFactory     : Creating shared instance of singleton bean 'org.springframework.boot.autoconfigure.info.ProjectInfoAutoConfiguration'
2021-03-05 13:20:27.786 DEBUG 21816 --- [    Test worker] o.s.b.f.s.DefaultListableBeanFactory     : Creating shared instance of singleton bean 'spring.info-org.springframework.boot.autoconfigure.info.ProjectInfoProperties'
2021-03-05 13:20:27.787 DEBUG 21816 --- [    Test worker] o.s.b.f.s.DefaultListableBeanFactory     : Autowiring by type from bean name 'org.springframework.boot.autoconfigure.info.ProjectInfoAutoConfiguration' via constructor to bean named 'spring.info-org.springframework.boot.autoconfigure.info.ProjectInfoProperties'
2021-03-05 13:20:27.788 DEBUG 21816 --- [    Test worker] o.s.b.f.s.DefaultListableBeanFactory     : Creating shared instance of singleton bean 'org.springframework.boot.autoconfigure.jdbc.JdbcTemplateConfiguration'
2021-03-05 13:20:27.789 DEBUG 21816 --- [    Test worker] o.s.b.f.s.DefaultListableBeanFactory     : Creating shared instance of singleton bean 'jdbcTemplate'
2021-03-05 13:20:27.790 DEBUG 21816 --- [    Test worker] o.s.b.f.s.DefaultListableBeanFactory     : Creating shared instance of singleton bean 'spring.jdbc-org.springframework.boot.autoconfigure.jdbc.JdbcProperties'
2021-03-05 13:20:27.792 DEBUG 21816 --- [    Test worker] o.s.b.f.s.DefaultListableBeanFactory     : Autowiring by type from bean name 'jdbcTemplate' via factory method to bean named 'dataSource'
2021-03-05 13:20:27.792 DEBUG 21816 --- [    Test worker] o.s.b.f.s.DefaultListableBeanFactory     : Autowiring by type from bean name 'jdbcTemplate' via factory method to bean named 'spring.jdbc-org.springframework.boot.autoconfigure.jdbc.JdbcProperties'
2021-03-05 13:20:27.807 DEBUG 21816 --- [    Test worker] o.s.b.f.s.DefaultListableBeanFactory     : Creating shared instance of singleton bean 'org.springframework.boot.autoconfigure.jdbc.NamedParameterJdbcTemplateConfiguration'
2021-03-05 13:20:27.809 DEBUG 21816 --- [    Test worker] o.s.b.f.s.DefaultListableBeanFactory     : Creating shared instance of singleton bean 'namedParameterJdbcTemplate'
2021-03-05 13:20:27.810 DEBUG 21816 --- [    Test worker] o.s.b.f.s.DefaultListableBeanFactory     : Autowiring by type from bean name 'namedParameterJdbcTemplate' via factory method to bean named 'jdbcTemplate'
2021-03-05 13:20:27.817 DEBUG 21816 --- [    Test worker] o.s.b.f.s.DefaultListableBeanFactory     : Creating shared instance of singleton bean 'org.springframework.boot.autoconfigure.jdbc.JdbcTemplateAutoConfiguration'
2021-03-05 13:20:27.818 DEBUG 21816 --- [    Test worker] o.s.b.f.s.DefaultListableBeanFactory     : Creating shared instance of singleton bean 'authenticationManagerBuilder'
2021-03-05 13:20:27.819 DEBUG 21816 --- [    Test worker] o.s.b.f.s.DefaultListableBeanFactory     : Autowiring by type from bean name 'authenticationManagerBuilder' via factory method to bean named 'objectPostProcessor'
2021-03-05 13:20:27.819 DEBUG 21816 --- [    Test worker] o.s.b.f.s.DefaultListableBeanFactory     : Autowiring by type from bean name 'authenticationManagerBuilder' via factory method to bean named 'org.springframework.web.context.support.GenericWebApplicationContext@57c0baab'
2021-03-05 13:20:27.820 DEBUG 21816 --- [    Test worker] o.s.b.f.s.DefaultListableBeanFactory     : Creating shared instance of singleton bean 'authenticationEventPublisher'
2021-03-05 13:20:27.820 DEBUG 21816 --- [    Test worker] o.s.b.f.s.DefaultListableBeanFactory     : Creating shared instance of singleton bean 'org.springframework.boot.autoconfigure.security.servlet.SecurityAutoConfiguration'
2021-03-05 13:20:27.821 DEBUG 21816 --- [    Test worker] o.s.b.f.s.DefaultListableBeanFactory     : Autowiring by type from bean name 'authenticationEventPublisher' via factory method to bean named 'org.springframework.web.context.support.GenericWebApplicationContext@57c0baab'
2021-03-05 13:20:27.831 DEBUG 21816 --- [    Test worker] o.s.b.f.s.DefaultListableBeanFactory     : Creating shared instance of singleton bean 'org.springframework.security.config.annotation.web.configuration.WebSecurityConfiguration'
2021-03-05 13:20:27.849 DEBUG 21816 --- [    Test worker] o.s.b.f.s.DefaultListableBeanFactory     : Creating shared instance of singleton bean 'autowiredWebSecurityConfigurersIgnoreParents'
2021-03-05 13:20:27.851 DEBUG 21816 --- [    Test worker] o.s.b.f.s.DefaultListableBeanFactory     : Autowiring by type from bean name 'autowiredWebSecurityConfigurersIgnoreParents' via factory method to bean named 'org.springframework.beans.factory.support.DefaultListableBeanFactory@741405dd'
2021-03-05 13:20:27.862 DEBUG 21816 --- [    Test worker] o.s.b.f.s.DefaultListableBeanFactory     : Creating shared instance of singleton bean 'springSecurityFilterChain'
2021-03-05 13:20:27.910  INFO 21816 --- [    Test worker] o.s.s.web.DefaultSecurityFilterChain     : Will secure Ant [pattern='css/**'] with []
2021-03-05 13:20:27.911  INFO 21816 --- [    Test worker] o.s.s.web.DefaultSecurityFilterChain     : Will secure Ant [pattern='dist/css/**'] with []
2021-03-05 13:20:27.911  INFO 21816 --- [    Test worker] o.s.s.web.DefaultSecurityFilterChain     : Will secure Ant [pattern='js/**'] with []
2021-03-05 13:20:27.975 DEBUG 21816 --- [    Test worker] edFilterInvocationSecurityMetadataSource : Adding web access control expression [permitAll] for ExactUrl [processUrl='/?error']
2021-03-05 13:20:27.977 DEBUG 21816 --- [    Test worker] edFilterInvocationSecurityMetadataSource : Adding web access control expression [permitAll] for ExactUrl [processUrl='/loginDone']
2021-03-05 13:20:27.977 DEBUG 21816 --- [    Test worker] edFilterInvocationSecurityMetadataSource : Adding web access control expression [permitAll] for ExactUrl [processUrl='/']
2021-03-05 13:20:27.977 DEBUG 21816 --- [    Test worker] edFilterInvocationSecurityMetadataSource : Adding web access control expression [permitAll] for Ant [pattern='/css/**']
2021-03-05 13:20:27.977 DEBUG 21816 --- [    Test worker] edFilterInvocationSecurityMetadataSource : Adding web access control expression [permitAll] for Ant [pattern='/dist/**']
2021-03-05 13:20:27.977 DEBUG 21816 --- [    Test worker] edFilterInvocationSecurityMetadataSource : Adding web access control expression [permitAll] for Ant [pattern='/img/**']
2021-03-05 13:20:27.977 DEBUG 21816 --- [    Test worker] edFilterInvocationSecurityMetadataSource : Adding web access control expression [permitAll] for Ant [pattern='/plugins/**']
2021-03-05 13:20:27.977 DEBUG 21816 --- [    Test worker] edFilterInvocationSecurityMetadataSource : Adding web access control expression [permitAll] for Ant [pattern='/signIn']
2021-03-05 13:20:27.977 DEBUG 21816 --- [    Test worker] edFilterInvocationSecurityMetadataSource : Adding web access control expression [permitAll] for Ant [pattern='/signInDone']
2021-03-05 13:20:27.977 DEBUG 21816 --- [    Test worker] edFilterInvocationSecurityMetadataSource : Adding web access control expression [authenticated] for any request
2021-03-05 13:20:27.995  INFO 21816 --- [    Test worker] o.s.s.web.DefaultSecurityFilterChain     : Will secure any request with [org.springframework.security.web.context.request.async.WebAsyncManagerIntegrationFilter@1a2219c4, org.springframework.security.web.context.SecurityContextPersistenceFilter@231432b5, org.springframework.security.web.header.HeaderWriterFilter@3a761bc6, org.springframework.security.web.csrf.CsrfFilter@2aa87e4a, org.springframework.security.web.authentication.logout.LogoutFilter@284d7e9e, org.springframework.security.web.authentication.UsernamePasswordAuthenticationFilter@7e205757, org.springframework.security.web.savedrequest.RequestCacheAwareFilter@3f888ae1, org.springframework.security.web.servletapi.SecurityContextHolderAwareRequestFilter@3f5b4676, org.springframework.security.web.authentication.AnonymousAuthenticationFilter@125e1895, org.springframework.security.web.session.SessionManagementFilter@1cc4e9e4, org.springframework.security.web.access.ExceptionTranslationFilter@55f0932c, org.springframework.security.web.access.intercept.FilterSecurityInterceptor@47f5a136]
2021-03-05 13:20:28.002 DEBUG 21816 --- [    Test worker] o.s.b.f.s.DefaultListableBeanFactory     : Creating shared instance of singleton bean 'webSecurityExpressionHandler'
2021-03-05 13:20:28.003 DEBUG 21816 --- [    Test worker] o.s.b.f.s.DefaultListableBeanFactory     : Creating shared instance of singleton bean 'privilegeEvaluator'
2021-03-05 13:20:28.005 DEBUG 21816 --- [    Test worker] o.s.b.f.s.DefaultListableBeanFactory     : Creating shared instance of singleton bean 'requestDataValueProcessor'
2021-03-05 13:20:28.006 DEBUG 21816 --- [    Test worker] o.s.b.f.s.DefaultListableBeanFactory     : Creating shared instance of singleton bean 'org.springframework.security.config.annotation.web.configuration.HttpSecurityConfiguration'
2021-03-05 13:20:28.008 DEBUG 21816 --- [    Test worker] o.s.b.f.s.DefaultListableBeanFactory     : Creating shared instance of singleton bean 'org.springframework.boot.autoconfigure.security.servlet.WebSecurityEnablerConfiguration'
2021-03-05 13:20:28.008 DEBUG 21816 --- [    Test worker] o.s.b.f.s.DefaultListableBeanFactory     : Creating shared instance of singleton bean 'spring.security-org.springframework.boot.autoconfigure.security.SecurityProperties'
2021-03-05 13:20:28.010 DEBUG 21816 --- [    Test worker] o.s.b.f.s.DefaultListableBeanFactory     : Creating shared instance of singleton bean 'org.springframework.boot.autoconfigure.security.servlet.SecurityFilterAutoConfiguration'
2021-03-05 13:20:28.011 DEBUG 21816 --- [    Test worker] o.s.b.f.s.DefaultListableBeanFactory     : Creating shared instance of singleton bean 'securityFilterChainRegistration'
2021-03-05 13:20:28.011 DEBUG 21816 --- [    Test worker] o.s.b.f.s.DefaultListableBeanFactory     : Autowiring by type from bean name 'securityFilterChainRegistration' via factory method to bean named 'spring.security-org.springframework.boot.autoconfigure.security.SecurityProperties'
2021-03-05 13:20:28.020 DEBUG 21816 --- [    Test worker] o.s.b.f.s.DefaultListableBeanFactory     : Creating shared instance of singleton bean 'org.springframework.boot.autoconfigure.task.TaskSchedulingAutoConfiguration'
2021-03-05 13:20:28.022 DEBUG 21816 --- [    Test worker] o.s.b.f.s.DefaultListableBeanFactory     : Creating shared instance of singleton bean 'taskSchedulerBuilder'
2021-03-05 13:20:28.022 DEBUG 21816 --- [    Test worker] o.s.b.f.s.DefaultListableBeanFactory     : Creating shared instance of singleton bean 'spring.task.scheduling-org.springframework.boot.autoconfigure.task.TaskSchedulingProperties'
2021-03-05 13:20:28.024 DEBUG 21816 --- [    Test worker] o.s.b.f.s.DefaultListableBeanFactory     : Autowiring by type from bean name 'taskSchedulerBuilder' via factory method to bean named 'spring.task.scheduling-org.springframework.boot.autoconfigure.task.TaskSchedulingProperties'
2021-03-05 13:20:28.026 DEBUG 21816 --- [    Test worker] o.s.b.f.s.DefaultListableBeanFactory     : Creating shared instance of singleton bean 'org.springframework.boot.autoconfigure.thymeleaf.ThymeleafAutoConfiguration$ThymeleafWebMvcConfiguration'
2021-03-05 13:20:28.029 DEBUG 21816 --- [    Test worker] o.s.b.f.s.DefaultListableBeanFactory     : Creating shared instance of singleton bean 'org.springframework.boot.autoconfigure.thymeleaf.ThymeleafAutoConfiguration'
2021-03-05 13:20:28.030 DEBUG 21816 --- [    Test worker] o.s.b.f.s.DefaultListableBeanFactory     : Creating shared instance of singleton bean 'org.springframework.boot.autoconfigure.jdbc.DataSourceTransactionManagerAutoConfiguration$JdbcTransactionManagerConfiguration'
2021-03-05 13:20:28.031 DEBUG 21816 --- [    Test worker] o.s.b.f.s.DefaultListableBeanFactory     : Creating shared instance of singleton bean 'org.springframework.boot.autoconfigure.jdbc.DataSourceTransactionManagerAutoConfiguration'
2021-03-05 13:20:28.032 DEBUG 21816 --- [    Test worker] o.s.b.f.s.DefaultListableBeanFactory     : Creating shared instance of singleton bean 'org.springframework.boot.autoconfigure.transaction.TransactionAutoConfiguration$EnableTransactionManagementConfiguration$CglibAutoProxyConfiguration'
2021-03-05 13:20:28.034 DEBUG 21816 --- [    Test worker] o.s.b.f.s.DefaultListableBeanFactory     : Creating shared instance of singleton bean 'org.springframework.boot.autoconfigure.transaction.TransactionAutoConfiguration$EnableTransactionManagementConfiguration'
2021-03-05 13:20:28.034 DEBUG 21816 --- [    Test worker] o.s.b.f.s.DefaultListableBeanFactory     : Creating shared instance of singleton bean 'org.springframework.boot.autoconfigure.transaction.TransactionAutoConfiguration$TransactionTemplateConfiguration'
2021-03-05 13:20:28.035 DEBUG 21816 --- [    Test worker] o.s.b.f.s.DefaultListableBeanFactory     : Creating shared instance of singleton bean 'transactionTemplate'
2021-03-05 13:20:28.036 DEBUG 21816 --- [    Test worker] o.s.b.f.s.DefaultListableBeanFactory     : Autowiring by type from bean name 'transactionTemplate' via factory method to bean named 'transactionManager'
2021-03-05 13:20:28.040 DEBUG 21816 --- [    Test worker] o.s.b.f.s.DefaultListableBeanFactory     : Creating shared instance of singleton bean 'org.springframework.boot.autoconfigure.web.client.RestTemplateAutoConfiguration'
2021-03-05 13:20:28.042 DEBUG 21816 --- [    Test worker] o.s.b.f.s.DefaultListableBeanFactory     : Creating shared instance of singleton bean 'org.springframework.boot.autoconfigure.web.embedded.EmbeddedWebServerFactoryCustomizerAutoConfiguration'
2021-03-05 13:20:28.043 DEBUG 21816 --- [    Test worker] o.s.b.f.s.DefaultListableBeanFactory     : Creating shared instance of singleton bean 'characterEncodingFilter'
2021-03-05 13:20:28.049 DEBUG 21816 --- [    Test worker] o.s.b.f.s.DefaultListableBeanFactory     : Creating shared instance of singleton bean 'multipartResolver'
2021-03-05 13:20:28.063  INFO 21816 --- [    Test worker] c.e.Schedulle.SchedulleApplicationTests  : Started SchedulleApplicationTests in 3.394 seconds (JVM running for 4.148)
2021-03-05 13:20:28.065 DEBUG 21816 --- [    Test worker] c.DefaultCacheAwareContextLoaderDelegate : Storing ApplicationContext [1472248491] in cache under key [[WebMergedContextConfiguration@46a25ddf testClass = SchedulleApplicationTests, locations = '{}', classes = '{class com.example.Schedulle.SchedulleApplication}', contextInitializerClasses = '[]', activeProfiles = '{}', propertySourceLocations = '{}', propertySourceProperties = '{org.springframework.boot.test.context.SpringBootTestContextBootstrapper=true}', contextCustomizers = set[org.springframework.boot.test.autoconfigure.actuate.metrics.MetricsExportContextCustomizerFactory$DisableMetricExportContextCustomizer@1d9d76af, org.springframework.boot.test.autoconfigure.properties.PropertyMappingContextCustomizer@0, org.springframework.boot.test.autoconfigure.web.servlet.WebDriverContextCustomizerFactory$Customizer@260e1381, org.springframework.boot.test.context.filter.ExcludeFilterContextCustomizer@7c86f69, org.springframework.boot.test.json.DuplicateJsonObjectContextCustomizerFactory$DuplicateJsonObjectContextCustomizer@cde4049, org.springframework.boot.test.mock.mockito.MockitoContextCustomizer@0, org.springframework.boot.test.web.client.TestRestTemplateContextCustomizer@43dae147, org.springframework.boot.test.context.SpringBootTestArgs@1, org.springframework.boot.test.context.SpringBootTestWebEnvironment@1f4456ac], resourceBasePath = 'src/main/webapp', contextLoader = 'org.springframework.boot.test.context.SpringBootContextLoader', parent = [null]]]
2021-03-05 13:20:28.065 DEBUG 21816 --- [    Test worker] org.springframework.test.context.cache   : Spring test ApplicationContext cache statistics: [DefaultContextCache@1b0efee6 size = 1, maxSize = 32, parentContextCount = 0, hitCount = 0, missCount = 1]
2021-03-05 13:20:28.066 DEBUG 21816 --- [    Test worker] o.s.t.c.w.ServletTestExecutionListener   : Setting up MockHttpServletRequest, MockHttpServletResponse, ServletWebRequest, and RequestContextHolder for test context [DefaultTestContext@20e9477f testClass = SchedulleApplicationTests, testInstance = com.example.Schedulle.SchedulleApplicationTests@637bf8da, testMethod = [null], testException = [null], mergedContextConfiguration = [WebMergedContextConfiguration@46a25ddf testClass = SchedulleApplicationTests, locations = '{}', classes = '{class com.example.Schedulle.SchedulleApplication}', contextInitializerClasses = '[]', activeProfiles = '{}', propertySourceLocations = '{}', propertySourceProperties = '{org.springframework.boot.test.context.SpringBootTestContextBootstrapper=true}', contextCustomizers = set[org.springframework.boot.test.autoconfigure.actuate.metrics.MetricsExportContextCustomizerFactory$DisableMetricExportContextCustomizer@1d9d76af, org.springframework.boot.test.autoconfigure.properties.PropertyMappingContextCustomizer@0, org.springframework.boot.test.autoconfigure.web.servlet.WebDriverContextCustomizerFactory$Customizer@260e1381, org.springframework.boot.test.context.filter.ExcludeFilterContextCustomizer@7c86f69, org.springframework.boot.test.json.DuplicateJsonObjectContextCustomizerFactory$DuplicateJsonObjectContextCustomizer@cde4049, org.springframework.boot.test.mock.mockito.MockitoContextCustomizer@0, org.springframework.boot.test.web.client.TestRestTemplateContextCustomizer@43dae147, org.springframework.boot.test.context.SpringBootTestArgs@1, org.springframework.boot.test.context.SpringBootTestWebEnvironment@1f4456ac], resourceBasePath = 'src/main/webapp', contextLoader = 'org.springframework.boot.test.context.SpringBootContextLoader', parent = [null]], attributes = map['org.springframework.test.context.web.ServletTestExecutionListener.activateListener' -> true]].
2021-03-05 13:20:28.077 DEBUG 21816 --- [    Test worker] DependencyInjectionTestExecutionListener : Performing dependency injection for test context [[DefaultTestContext@20e9477f testClass = SchedulleApplicationTests, testInstance = com.example.Schedulle.SchedulleApplicationTests@637bf8da, testMethod = [null], testException = [null], mergedContextConfiguration = [WebMergedContextConfiguration@46a25ddf testClass = SchedulleApplicationTests, locations = '{}', classes = '{class com.example.Schedulle.SchedulleApplication}', contextInitializerClasses = '[]', activeProfiles = '{}', propertySourceLocations = '{}', propertySourceProperties = '{org.springframework.boot.test.context.SpringBootTestContextBootstrapper=true}', contextCustomizers = set[org.springframework.boot.test.autoconfigure.actuate.metrics.MetricsExportContextCustomizerFactory$DisableMetricExportContextCustomizer@1d9d76af, org.springframework.boot.test.autoconfigure.properties.PropertyMappingContextCustomizer@0, org.springframework.boot.test.autoconfigure.web.servlet.WebDriverContextCustomizerFactory$Customizer@260e1381, org.springframework.boot.test.context.filter.ExcludeFilterContextCustomizer@7c86f69, org.springframework.boot.test.json.DuplicateJsonObjectContextCustomizerFactory$DuplicateJsonObjectContextCustomizer@cde4049, org.springframework.boot.test.mock.mockito.MockitoContextCustomizer@0, org.springframework.boot.test.web.client.TestRestTemplateContextCustomizer@43dae147, org.springframework.boot.test.context.SpringBootTestArgs@1, org.springframework.boot.test.context.SpringBootTestWebEnvironment@1f4456ac], resourceBasePath = 'src/main/webapp', contextLoader = 'org.springframework.boot.test.context.SpringBootContextLoader', parent = [null]], attributes = map['org.springframework.test.context.web.ServletTestExecutionListener.activateListener' -> true, 'org.springframework.test.context.web.ServletTestExecutionListener.populatedRequestContextHolder' -> true, 'org.springframework.test.context.web.ServletTestExecutionListener.resetRequestContextHolder' -> true, 'org.springframework.test.context.event.ApplicationEventsTestExecutionListener.recordApplicationEvents' -> false]]].
2021-03-05 13:20:28.078 DEBUG 21816 --- [    Test worker] c.DefaultCacheAwareContextLoaderDelegate : Retrieved ApplicationContext [1472248491] from cache with key [[WebMergedContextConfiguration@46a25ddf testClass = SchedulleApplicationTests, locations = '{}', classes = '{class com.example.Schedulle.SchedulleApplication}', contextInitializerClasses = '[]', activeProfiles = '{}', propertySourceLocations = '{}', propertySourceProperties = '{org.springframework.boot.test.context.SpringBootTestContextBootstrapper=true}', contextCustomizers = set[org.springframework.boot.test.autoconfigure.actuate.metrics.MetricsExportContextCustomizerFactory$DisableMetricExportContextCustomizer@1d9d76af, org.springframework.boot.test.autoconfigure.properties.PropertyMappingContextCustomizer@0, org.springframework.boot.test.autoconfigure.web.servlet.WebDriverContextCustomizerFactory$Customizer@260e1381, org.springframework.boot.test.context.filter.ExcludeFilterContextCustomizer@7c86f69, org.springframework.boot.test.json.DuplicateJsonObjectContextCustomizerFactory$DuplicateJsonObjectContextCustomizer@cde4049, org.springframework.boot.test.mock.mockito.MockitoContextCustomizer@0, org.springframework.boot.test.web.client.TestRestTemplateContextCustomizer@43dae147, org.springframework.boot.test.context.SpringBootTestArgs@1, org.springframework.boot.test.context.SpringBootTestWebEnvironment@1f4456ac], resourceBasePath = 'src/main/webapp', contextLoader = 'org.springframework.boot.test.context.SpringBootContextLoader', parent = [null]]]
2021-03-05 13:20:28.078 DEBUG 21816 --- [    Test worker] org.springframework.test.context.cache   : Spring test ApplicationContext cache statistics: [DefaultContextCache@1b0efee6 size = 1, maxSize = 32, parentContextCount = 0, hitCount = 1, missCount = 1]
2021-03-05 13:20:28.080 DEBUG 21816 --- [    Test worker] c.DefaultCacheAwareContextLoaderDelegate : Retrieved ApplicationContext [1472248491] from cache with key [[WebMergedContextConfiguration@46a25ddf testClass = SchedulleApplicationTests, locations = '{}', classes = '{class com.example.Schedulle.SchedulleApplication}', contextInitializerClasses = '[]', activeProfiles = '{}', propertySourceLocations = '{}', propertySourceProperties = '{org.springframework.boot.test.context.SpringBootTestContextBootstrapper=true}', contextCustomizers = set[org.springframework.boot.test.autoconfigure.actuate.metrics.MetricsExportContextCustomizerFactory$DisableMetricExportContextCustomizer@1d9d76af, org.springframework.boot.test.autoconfigure.properties.PropertyMappingContextCustomizer@0, org.springframework.boot.test.autoconfigure.web.servlet.WebDriverContextCustomizerFactory$Customizer@260e1381, org.springframework.boot.test.context.filter.ExcludeFilterContextCustomizer@7c86f69, org.springframework.boot.test.json.DuplicateJsonObjectContextCustomizerFactory$DuplicateJsonObjectContextCustomizer@cde4049, org.springframework.boot.test.mock.mockito.MockitoContextCustomizer@0, org.springframework.boot.test.web.client.TestRestTemplateContextCustomizer@43dae147, org.springframework.boot.test.context.SpringBootTestArgs@1, org.springframework.boot.test.context.SpringBootTestWebEnvironment@1f4456ac], resourceBasePath = 'src/main/webapp', contextLoader = 'org.springframework.boot.test.context.SpringBootContextLoader', parent = [null]]]
2021-03-05 13:20:28.081 DEBUG 21816 --- [    Test worker] org.springframework.test.context.cache   : Spring test ApplicationContext cache statistics: [DefaultContextCache@1b0efee6 size = 1, maxSize = 32, parentContextCount = 0, hitCount = 2, missCount = 1]
2021-03-05 13:20:28.084 DEBUG 21816 --- [    Test worker] tractDirtiesContextTestExecutionListener : Before test method: context [DefaultTestContext@20e9477f testClass = SchedulleApplicationTests, testInstance = com.example.Schedulle.SchedulleApplicationTests@637bf8da, testMethod = contextLoads@SchedulleApplicationTests, testException = [null], mergedContextConfiguration = [WebMergedContextConfiguration@46a25ddf testClass = SchedulleApplicationTests, locations = '{}', classes = '{class com.example.Schedulle.SchedulleApplication}', contextInitializerClasses = '[]', activeProfiles = '{}', propertySourceLocations = '{}', propertySourceProperties = '{org.springframework.boot.test.context.SpringBootTestContextBootstrapper=true}', contextCustomizers = set[org.springframework.boot.test.autoconfigure.actuate.metrics.MetricsExportContextCustomizerFactory$DisableMetricExportContextCustomizer@1d9d76af, org.springframework.boot.test.autoconfigure.properties.PropertyMappingContextCustomizer@0, org.springframework.boot.test.autoconfigure.web.servlet.WebDriverContextCustomizerFactory$Customizer@260e1381, org.springframework.boot.test.context.filter.ExcludeFilterContextCustomizer@7c86f69, org.springframework.boot.test.json.DuplicateJsonObjectContextCustomizerFactory$DuplicateJsonObjectContextCustomizer@cde4049, org.springframework.boot.test.mock.mockito.MockitoContextCustomizer@0, org.springframework.boot.test.web.client.TestRestTemplateContextCustomizer@43dae147, org.springframework.boot.test.context.SpringBootTestArgs@1, org.springframework.boot.test.context.SpringBootTestWebEnvironment@1f4456ac], resourceBasePath = 'src/main/webapp', contextLoader = 'org.springframework.boot.test.context.SpringBootContextLoader', parent = [null]], attributes = map['org.springframework.test.context.web.ServletTestExecutionListener.activateListener' -> true, 'org.springframework.test.context.web.ServletTestExecutionListener.populatedRequestContextHolder' -> true, 'org.springframework.test.context.web.ServletTestExecutionListener.resetRequestContextHolder' -> true, 'org.springframework.test.context.event.ApplicationEventsTestExecutionListener.recordApplicationEvents' -> false]], class annotated with @DirtiesContext [false] with mode [null], method annotated with @DirtiesContext [false] with mode [null].
2021-03-05 13:20:28.088 DEBUG 21816 --- [    Test worker] c.DefaultCacheAwareContextLoaderDelegate : Retrieved ApplicationContext [1472248491] from cache with key [[WebMergedContextConfiguration@46a25ddf testClass = SchedulleApplicationTests, locations = '{}', classes = '{class com.example.Schedulle.SchedulleApplication}', contextInitializerClasses = '[]', activeProfiles = '{}', propertySourceLocations = '{}', propertySourceProperties = '{org.springframework.boot.test.context.SpringBootTestContextBootstrapper=true}', contextCustomizers = set[org.springframework.boot.test.autoconfigure.actuate.metrics.MetricsExportContextCustomizerFactory$DisableMetricExportContextCustomizer@1d9d76af, org.springframework.boot.test.autoconfigure.properties.PropertyMappingContextCustomizer@0, org.springframework.boot.test.autoconfigure.web.servlet.WebDriverContextCustomizerFactory$Customizer@260e1381, org.springframework.boot.test.context.filter.ExcludeFilterContextCustomizer@7c86f69, org.springframework.boot.test.json.DuplicateJsonObjectContextCustomizerFactory$DuplicateJsonObjectContextCustomizer@cde4049, org.springframework.boot.test.mock.mockito.MockitoContextCustomizer@0, org.springframework.boot.test.web.client.TestRestTemplateContextCustomizer@43dae147, org.springframework.boot.test.context.SpringBootTestArgs@1, org.springframework.boot.test.context.SpringBootTestWebEnvironment@1f4456ac], resourceBasePath = 'src/main/webapp', contextLoader = 'org.springframework.boot.test.context.SpringBootContextLoader', parent = [null]]]
2021-03-05 13:20:28.089 DEBUG 21816 --- [    Test worker] org.springframework.test.context.cache   : Spring test ApplicationContext cache statistics: [DefaultContextCache@1b0efee6 size = 1, maxSize = 32, parentContextCount = 0, hitCount = 3, missCount = 1]
2021-03-05 13:20:28.089 DEBUG 21816 --- [    Test worker] c.DefaultCacheAwareContextLoaderDelegate : Retrieved ApplicationContext [1472248491] from cache with key [[WebMergedContextConfiguration@46a25ddf testClass = SchedulleApplicationTests, locations = '{}', classes = '{class com.example.Schedulle.SchedulleApplication}', contextInitializerClasses = '[]', activeProfiles = '{}', propertySourceLocations = '{}', propertySourceProperties = '{org.springframework.boot.test.context.SpringBootTestContextBootstrapper=true}', contextCustomizers = set[org.springframework.boot.test.autoconfigure.actuate.metrics.MetricsExportContextCustomizerFactory$DisableMetricExportContextCustomizer@1d9d76af, org.springframework.boot.test.autoconfigure.properties.PropertyMappingContextCustomizer@0, org.springframework.boot.test.autoconfigure.web.servlet.WebDriverContextCustomizerFactory$Customizer@260e1381, org.springframework.boot.test.context.filter.ExcludeFilterContextCustomizer@7c86f69, org.springframework.boot.test.json.DuplicateJsonObjectContextCustomizerFactory$DuplicateJsonObjectContextCustomizer@cde4049, org.springframework.boot.test.mock.mockito.MockitoContextCustomizer@0, org.springframework.boot.test.web.client.TestRestTemplateContextCustomizer@43dae147, org.springframework.boot.test.context.SpringBootTestArgs@1, org.springframework.boot.test.context.SpringBootTestWebEnvironment@1f4456ac], resourceBasePath = 'src/main/webapp', contextLoader = 'org.springframework.boot.test.context.SpringBootContextLoader', parent = [null]]]
2021-03-05 13:20:28.090 DEBUG 21816 --- [    Test worker] org.springframework.test.context.cache   : Spring test ApplicationContext cache statistics: [DefaultContextCache@1b0efee6 size = 1, maxSize = 32, parentContextCount = 0, hitCount = 4, missCount = 1]
2021-03-05 13:20:28.190 DEBUG 21816 --- [    Test worker] c.DefaultCacheAwareContextLoaderDelegate : Retrieved ApplicationContext [1472248491] from cache with key [[WebMergedContextConfiguration@46a25ddf testClass = SchedulleApplicationTests, locations = '{}', classes = '{class com.example.Schedulle.SchedulleApplication}', contextInitializerClasses = '[]', activeProfiles = '{}', propertySourceLocations = '{}', propertySourceProperties = '{org.springframework.boot.test.context.SpringBootTestContextBootstrapper=true}', contextCustomizers = set[org.springframework.boot.test.autoconfigure.actuate.metrics.MetricsExportContextCustomizerFactory$DisableMetricExportContextCustomizer@1d9d76af, org.springframework.boot.test.autoconfigure.properties.PropertyMappingContextCustomizer@0, org.springframework.boot.test.autoconfigure.web.servlet.WebDriverContextCustomizerFactory$Customizer@260e1381, org.springframework.boot.test.context.filter.ExcludeFilterContextCustomizer@7c86f69, org.springframework.boot.test.json.DuplicateJsonObjectContextCustomizerFactory$DuplicateJsonObjectContextCustomizer@cde4049, org.springframework.boot.test.mock.mockito.MockitoContextCustomizer@0, org.springframework.boot.test.web.client.TestRestTemplateContextCustomizer@43dae147, org.springframework.boot.test.context.SpringBootTestArgs@1, org.springframework.boot.test.context.SpringBootTestWebEnvironment@1f4456ac], resourceBasePath = 'src/main/webapp', contextLoader = 'org.springframework.boot.test.context.SpringBootContextLoader', parent = [null]]]
2021-03-05 13:20:28.190 DEBUG 21816 --- [    Test worker] org.springframework.test.context.cache   : Spring test ApplicationContext cache statistics: [DefaultContextCache@1b0efee6 size = 1, maxSize = 32, parentContextCount = 0, hitCount = 5, missCount = 1]
2021-03-05 13:20:28.196 DEBUG 21816 --- [    Test worker] c.DefaultCacheAwareContextLoaderDelegate : Retrieved ApplicationContext [1472248491] from cache with key [[WebMergedContextConfiguration@46a25ddf testClass = SchedulleApplicationTests, locations = '{}', classes = '{class com.example.Schedulle.SchedulleApplication}', contextInitializerClasses = '[]', activeProfiles = '{}', propertySourceLocations = '{}', propertySourceProperties = '{org.springframework.boot.test.context.SpringBootTestContextBootstrapper=true}', contextCustomizers = set[org.springframework.boot.test.autoconfigure.actuate.metrics.MetricsExportContextCustomizerFactory$DisableMetricExportContextCustomizer@1d9d76af, org.springframework.boot.test.autoconfigure.properties.PropertyMappingContextCustomizer@0, org.springframework.boot.test.autoconfigure.web.servlet.WebDriverContextCustomizerFactory$Customizer@260e1381, org.springframework.boot.test.context.filter.ExcludeFilterContextCustomizer@7c86f69, org.springframework.boot.test.json.DuplicateJsonObjectContextCustomizerFactory$DuplicateJsonObjectContextCustomizer@cde4049, org.springframework.boot.test.mock.mockito.MockitoContextCustomizer@0, org.springframework.boot.test.web.client.TestRestTemplateContextCustomizer@43dae147, org.springframework.boot.test.context.SpringBootTestArgs@1, org.springframework.boot.test.context.SpringBootTestWebEnvironment@1f4456ac], resourceBasePath = 'src/main/webapp', contextLoader = 'org.springframework.boot.test.context.SpringBootContextLoader', parent = [null]]]
2021-03-05 13:20:28.196 DEBUG 21816 --- [    Test worker] org.springframework.test.context.cache   : Spring test ApplicationContext cache statistics: [DefaultContextCache@1b0efee6 size = 1, maxSize = 32, parentContextCount = 0, hitCount = 6, missCount = 1]
2021-03-05 13:20:28.197 DEBUG 21816 --- [    Test worker] c.DefaultCacheAwareContextLoaderDelegate : Retrieved ApplicationContext [1472248491] from cache with key [[WebMergedContextConfiguration@46a25ddf testClass = SchedulleApplicationTests, locations = '{}', classes = '{class com.example.Schedulle.SchedulleApplication}', contextInitializerClasses = '[]', activeProfiles = '{}', propertySourceLocations = '{}', propertySourceProperties = '{org.springframework.boot.test.context.SpringBootTestContextBootstrapper=true}', contextCustomizers = set[org.springframework.boot.test.autoconfigure.actuate.metrics.MetricsExportContextCustomizerFactory$DisableMetricExportContextCustomizer@1d9d76af, org.springframework.boot.test.autoconfigure.properties.PropertyMappingContextCustomizer@0, org.springframework.boot.test.autoconfigure.web.servlet.WebDriverContextCustomizerFactory$Customizer@260e1381, org.springframework.boot.test.context.filter.ExcludeFilterContextCustomizer@7c86f69, org.springframework.boot.test.json.DuplicateJsonObjectContextCustomizerFactory$DuplicateJsonObjectContextCustomizer@cde4049, org.springframework.boot.test.mock.mockito.MockitoContextCustomizer@0, org.springframework.boot.test.web.client.TestRestTemplateContextCustomizer@43dae147, org.springframework.boot.test.context.SpringBootTestArgs@1, org.springframework.boot.test.context.SpringBootTestWebEnvironment@1f4456ac], resourceBasePath = 'src/main/webapp', contextLoader = 'org.springframework.boot.test.context.SpringBootContextLoader', parent = [null]]]
2021-03-05 13:20:28.197 DEBUG 21816 --- [    Test worker] org.springframework.test.context.cache   : Spring test ApplicationContext cache statistics: [DefaultContextCache@1b0efee6 size = 1, maxSize = 32, parentContextCount = 0, hitCount = 7, missCount = 1]
2021-03-05 13:20:28.198 DEBUG 21816 --- [    Test worker] c.DefaultCacheAwareContextLoaderDelegate : Retrieved ApplicationContext [1472248491] from cache with key [[WebMergedContextConfiguration@46a25ddf testClass = SchedulleApplicationTests, locations = '{}', classes = '{class com.example.Schedulle.SchedulleApplication}', contextInitializerClasses = '[]', activeProfiles = '{}', propertySourceLocations = '{}', propertySourceProperties = '{org.springframework.boot.test.context.SpringBootTestContextBootstrapper=true}', contextCustomizers = set[org.springframework.boot.test.autoconfigure.actuate.metrics.MetricsExportContextCustomizerFactory$DisableMetricExportContextCustomizer@1d9d76af, org.springframework.boot.test.autoconfigure.properties.PropertyMappingContextCustomizer@0, org.springframework.boot.test.autoconfigure.web.servlet.WebDriverContextCustomizerFactory$Customizer@260e1381, org.springframework.boot.test.context.filter.ExcludeFilterContextCustomizer@7c86f69, org.springframework.boot.test.json.DuplicateJsonObjectContextCustomizerFactory$DuplicateJsonObjectContextCustomizer@cde4049, org.springframework.boot.test.mock.mockito.MockitoContextCustomizer@0, org.springframework.boot.test.web.client.TestRestTemplateContextCustomizer@43dae147, org.springframework.boot.test.context.SpringBootTestArgs@1, org.springframework.boot.test.context.SpringBootTestWebEnvironment@1f4456ac], resourceBasePath = 'src/main/webapp', contextLoader = 'org.springframework.boot.test.context.SpringBootContextLoader', parent = [null]]]
2021-03-05 13:20:28.198 DEBUG 21816 --- [    Test worker] org.springframework.test.context.cache   : Spring test ApplicationContext cache statistics: [DefaultContextCache@1b0efee6 size = 1, maxSize = 32, parentContextCount = 0, hitCount = 8, missCount = 1]
2021-03-05 13:20:28.198 DEBUG 21816 --- [    Test worker] c.DefaultCacheAwareContextLoaderDelegate : Retrieved ApplicationContext [1472248491] from cache with key [[WebMergedContextConfiguration@46a25ddf testClass = SchedulleApplicationTests, locations = '{}', classes = '{class com.example.Schedulle.SchedulleApplication}', contextInitializerClasses = '[]', activeProfiles = '{}', propertySourceLocations = '{}', propertySourceProperties = '{org.springframework.boot.test.context.SpringBootTestContextBootstrapper=true}', contextCustomizers = set[org.springframework.boot.test.autoconfigure.actuate.metrics.MetricsExportContextCustomizerFactory$DisableMetricExportContextCustomizer@1d9d76af, org.springframework.boot.test.autoconfigure.properties.PropertyMappingContextCustomizer@0, org.springframework.boot.test.autoconfigure.web.servlet.WebDriverContextCustomizerFactory$Customizer@260e1381, org.springframework.boot.test.context.filter.ExcludeFilterContextCustomizer@7c86f69, org.springframework.boot.test.json.DuplicateJsonObjectContextCustomizerFactory$DuplicateJsonObjectContextCustomizer@cde4049, org.springframework.boot.test.mock.mockito.MockitoContextCustomizer@0, org.springframework.boot.test.web.client.TestRestTemplateContextCustomizer@43dae147, org.springframework.boot.test.context.SpringBootTestArgs@1, org.springframework.boot.test.context.SpringBootTestWebEnvironment@1f4456ac], resourceBasePath = 'src/main/webapp', contextLoader = 'org.springframework.boot.test.context.SpringBootContextLoader', parent = [null]]]
2021-03-05 13:20:28.198 DEBUG 21816 --- [    Test worker] org.springframework.test.context.cache   : Spring test ApplicationContext cache statistics: [DefaultContextCache@1b0efee6 size = 1, maxSize = 32, parentContextCount = 0, hitCount = 9, missCount = 1]
2021-03-05 13:20:28.199 DEBUG 21816 --- [    Test worker] c.DefaultCacheAwareContextLoaderDelegate : Retrieved ApplicationContext [1472248491] from cache with key [[WebMergedContextConfiguration@46a25ddf testClass = SchedulleApplicationTests, locations = '{}', classes = '{class com.example.Schedulle.SchedulleApplication}', contextInitializerClasses = '[]', activeProfiles = '{}', propertySourceLocations = '{}', propertySourceProperties = '{org.springframework.boot.test.context.SpringBootTestContextBootstrapper=true}', contextCustomizers = set[org.springframework.boot.test.autoconfigure.actuate.metrics.MetricsExportContextCustomizerFactory$DisableMetricExportContextCustomizer@1d9d76af, org.springframework.boot.test.autoconfigure.properties.PropertyMappingContextCustomizer@0, org.springframework.boot.test.autoconfigure.web.servlet.WebDriverContextCustomizerFactory$Customizer@260e1381, org.springframework.boot.test.context.filter.ExcludeFilterContextCustomizer@7c86f69, org.springframework.boot.test.json.DuplicateJsonObjectContextCustomizerFactory$DuplicateJsonObjectContextCustomizer@cde4049, org.springframework.boot.test.mock.mockito.MockitoContextCustomizer@0, org.springframework.boot.test.web.client.TestRestTemplateContextCustomizer@43dae147, org.springframework.boot.test.context.SpringBootTestArgs@1, org.springframework.boot.test.context.SpringBootTestWebEnvironment@1f4456ac], resourceBasePath = 'src/main/webapp', contextLoader = 'org.springframework.boot.test.context.SpringBootContextLoader', parent = [null]]]
2021-03-05 13:20:28.199 DEBUG 21816 --- [    Test worker] org.springframework.test.context.cache   : Spring test ApplicationContext cache statistics: [DefaultContextCache@1b0efee6 size = 1, maxSize = 32, parentContextCount = 0, hitCount = 10, missCount = 1]
2021-03-05 13:20:28.200 DEBUG 21816 --- [    Test worker] c.DefaultCacheAwareContextLoaderDelegate : Retrieved ApplicationContext [1472248491] from cache with key [[WebMergedContextConfiguration@46a25ddf testClass = SchedulleApplicationTests, locations = '{}', classes = '{class com.example.Schedulle.SchedulleApplication}', contextInitializerClasses = '[]', activeProfiles = '{}', propertySourceLocations = '{}', propertySourceProperties = '{org.springframework.boot.test.context.SpringBootTestContextBootstrapper=true}', contextCustomizers = set[org.springframework.boot.test.autoconfigure.actuate.metrics.MetricsExportContextCustomizerFactory$DisableMetricExportContextCustomizer@1d9d76af, org.springframework.boot.test.autoconfigure.properties.PropertyMappingContextCustomizer@0, org.springframework.boot.test.autoconfigure.web.servlet.WebDriverContextCustomizerFactory$Customizer@260e1381, org.springframework.boot.test.context.filter.ExcludeFilterContextCustomizer@7c86f69, org.springframework.boot.test.json.DuplicateJsonObjectContextCustomizerFactory$DuplicateJsonObjectContextCustomizer@cde4049, org.springframework.boot.test.mock.mockito.MockitoContextCustomizer@0, org.springframework.boot.test.web.client.TestRestTemplateContextCustomizer@43dae147, org.springframework.boot.test.context.SpringBootTestArgs@1, org.springframework.boot.test.context.SpringBootTestWebEnvironment@1f4456ac], resourceBasePath = 'src/main/webapp', contextLoader = 'org.springframework.boot.test.context.SpringBootContextLoader', parent = [null]]]
2021-03-05 13:20:28.200 DEBUG 21816 --- [    Test worker] org.springframework.test.context.cache   : Spring test ApplicationContext cache statistics: [DefaultContextCache@1b0efee6 size = 1, maxSize = 32, parentContextCount = 0, hitCount = 11, missCount = 1]
2021-03-05 13:20:28.201 DEBUG 21816 --- [    Test worker] tractDirtiesContextTestExecutionListener : After test method: context [DefaultTestContext@20e9477f testClass = SchedulleApplicationTests, testInstance = com.example.Schedulle.SchedulleApplicationTests@637bf8da, testMethod = contextLoads@SchedulleApplicationTests, testException = [null], mergedContextConfiguration = [WebMergedContextConfiguration@46a25ddf testClass = SchedulleApplicationTests, locations = '{}', classes = '{class com.example.Schedulle.SchedulleApplication}', contextInitializerClasses = '[]', activeProfiles = '{}', propertySourceLocations = '{}', propertySourceProperties = '{org.springframework.boot.test.context.SpringBootTestContextBootstrapper=true}', contextCustomizers = set[org.springframework.boot.test.autoconfigure.actuate.metrics.MetricsExportContextCustomizerFactory$DisableMetricExportContextCustomizer@1d9d76af, org.springframework.boot.test.autoconfigure.properties.PropertyMappingContextCustomizer@0, org.springframework.boot.test.autoconfigure.web.servlet.WebDriverContextCustomizerFactory$Customizer@260e1381, org.springframework.boot.test.context.filter.ExcludeFilterContextCustomizer@7c86f69, org.springframework.boot.test.json.DuplicateJsonObjectContextCustomizerFactory$DuplicateJsonObjectContextCustomizer@cde4049, org.springframework.boot.test.mock.mockito.MockitoContextCustomizer@0, org.springframework.boot.test.web.client.TestRestTemplateContextCustomizer@43dae147, org.springframework.boot.test.context.SpringBootTestArgs@1, org.springframework.boot.test.context.SpringBootTestWebEnvironment@1f4456ac], resourceBasePath = 'src/main/webapp', contextLoader = 'org.springframework.boot.test.context.SpringBootContextLoader', parent = [null]], attributes = map['org.springframework.test.context.web.ServletTestExecutionListener.activateListener' -> true, 'org.springframework.test.context.web.ServletTestExecutionListener.populatedRequestContextHolder' -> true, 'org.springframework.test.context.web.ServletTestExecutionListener.resetRequestContextHolder' -> true, 'org.springframework.test.context.event.ApplicationEventsTestExecutionListener.recordApplicationEvents' -> false]], class annotated with @DirtiesContext [false] with mode [null], method annotated with @DirtiesContext [false] with mode [null].
2021-03-05 13:20:28.201 DEBUG 21816 --- [    Test worker] o.s.t.c.w.ServletTestExecutionListener   : Resetting RequestContextHolder for test context [DefaultTestContext@20e9477f testClass = SchedulleApplicationTests, testInstance = com.example.Schedulle.SchedulleApplicationTests@637bf8da, testMethod = contextLoads@SchedulleApplicationTests, testException = [null], mergedContextConfiguration = [WebMergedContextConfiguration@46a25ddf testClass = SchedulleApplicationTests, locations = '{}', classes = '{class com.example.Schedulle.SchedulleApplication}', contextInitializerClasses = '[]', activeProfiles = '{}', propertySourceLocations = '{}', propertySourceProperties = '{org.springframework.boot.test.context.SpringBootTestContextBootstrapper=true}', contextCustomizers = set[org.springframework.boot.test.autoconfigure.actuate.metrics.MetricsExportContextCustomizerFactory$DisableMetricExportContextCustomizer@1d9d76af, org.springframework.boot.test.autoconfigure.properties.PropertyMappingContextCustomizer@0, org.springframework.boot.test.autoconfigure.web.servlet.WebDriverContextCustomizerFactory$Customizer@260e1381, org.springframework.boot.test.context.filter.ExcludeFilterContextCustomizer@7c86f69, org.springframework.boot.test.json.DuplicateJsonObjectContextCustomizerFactory$DuplicateJsonObjectContextCustomizer@cde4049, org.springframework.boot.test.mock.mockito.MockitoContextCustomizer@0, org.springframework.boot.test.web.client.TestRestTemplateContextCustomizer@43dae147, org.springframework.boot.test.context.SpringBootTestArgs@1, org.springframework.boot.test.context.SpringBootTestWebEnvironment@1f4456ac], resourceBasePath = 'src/main/webapp', contextLoader = 'org.springframework.boot.test.context.SpringBootContextLoader', parent = [null]], attributes = map['org.springframework.test.context.web.ServletTestExecutionListener.activateListener' -> true, 'org.springframework.test.context.web.ServletTestExecutionListener.populatedRequestContextHolder' -> true, 'org.springframework.test.context.web.ServletTestExecutionListener.resetRequestContextHolder' -> true, 'org.springframework.test.context.event.ApplicationEventsTestExecutionListener.recordApplicationEvents' -> false]].
2021-03-05 13:20:28.207 DEBUG 21816 --- [    Test worker] c.DefaultCacheAwareContextLoaderDelegate : Retrieved ApplicationContext [1472248491] from cache with key [[WebMergedContextConfiguration@46a25ddf testClass = SchedulleApplicationTests, locations = '{}', classes = '{class com.example.Schedulle.SchedulleApplication}', contextInitializerClasses = '[]', activeProfiles = '{}', propertySourceLocations = '{}', propertySourceProperties = '{org.springframework.boot.test.context.SpringBootTestContextBootstrapper=true}', contextCustomizers = set[org.springframework.boot.test.autoconfigure.actuate.metrics.MetricsExportContextCustomizerFactory$DisableMetricExportContextCustomizer@1d9d76af, org.springframework.boot.test.autoconfigure.properties.PropertyMappingContextCustomizer@0, org.springframework.boot.test.autoconfigure.web.servlet.WebDriverContextCustomizerFactory$Customizer@260e1381, org.springframework.boot.test.context.filter.ExcludeFilterContextCustomizer@7c86f69, org.springframework.boot.test.json.DuplicateJsonObjectContextCustomizerFactory$DuplicateJsonObjectContextCustomizer@cde4049, org.springframework.boot.test.mock.mockito.MockitoContextCustomizer@0, org.springframework.boot.test.web.client.TestRestTemplateContextCustomizer@43dae147, org.springframework.boot.test.context.SpringBootTestArgs@1, org.springframework.boot.test.context.SpringBootTestWebEnvironment@1f4456ac], resourceBasePath = 'src/main/webapp', contextLoader = 'org.springframework.boot.test.context.SpringBootContextLoader', parent = [null]]]
2021-03-05 13:20:28.207 DEBUG 21816 --- [    Test worker] org.springframework.test.context.cache   : Spring test ApplicationContext cache statistics: [DefaultContextCache@1b0efee6 size = 1, maxSize = 32, parentContextCount = 0, hitCount = 12, missCount = 1]
2021-03-05 13:20:28.208 DEBUG 21816 --- [    Test worker] tractDirtiesContextTestExecutionListener : After test class: context [DefaultTestContext@20e9477f testClass = SchedulleApplicationTests, testInstance = [null], testMethod = [null], testException = [null], mergedContextConfiguration = [WebMergedContextConfiguration@46a25ddf testClass = SchedulleApplicationTests, locations = '{}', classes = '{class com.example.Schedulle.SchedulleApplication}', contextInitializerClasses = '[]', activeProfiles = '{}', propertySourceLocations = '{}', propertySourceProperties = '{org.springframework.boot.test.context.SpringBootTestContextBootstrapper=true}', contextCustomizers = set[org.springframework.boot.test.autoconfigure.actuate.metrics.MetricsExportContextCustomizerFactory$DisableMetricExportContextCustomizer@1d9d76af, org.springframework.boot.test.autoconfigure.properties.PropertyMappingContextCustomizer@0, org.springframework.boot.test.autoconfigure.web.servlet.WebDriverContextCustomizerFactory$Customizer@260e1381, org.springframework.boot.test.context.filter.ExcludeFilterContextCustomizer@7c86f69, org.springframework.boot.test.json.DuplicateJsonObjectContextCustomizerFactory$DuplicateJsonObjectContextCustomizer@cde4049, org.springframework.boot.test.mock.mockito.MockitoContextCustomizer@0, org.springframework.boot.test.web.client.TestRestTemplateContextCustomizer@43dae147, org.springframework.boot.test.context.SpringBootTestArgs@1, org.springframework.boot.test.context.SpringBootTestWebEnvironment@1f4456ac], resourceBasePath = 'src/main/webapp', contextLoader = 'org.springframework.boot.test.context.SpringBootContextLoader', parent = [null]], attributes = map['org.springframework.test.context.web.ServletTestExecutionListener.activateListener' -> true, 'org.springframework.test.context.event.ApplicationEventsTestExecutionListener.recordApplicationEvents' -> false, 'org.springframework.test.context.support.DependencyInjectionTestExecutionListener.reinjectDependencies' -> true]], class annotated with @DirtiesContext [false] with mode [null].
]]></system-out>
  <system-err><![CDATA[]]></system-err>
</testsuite>
